Warning: non-uniform metadata in attribute:  "experiment"
	First found: "rcp85" in hurs.rcp85.MPI-ESM-MR.CRCM5-UQAM.yseas.NAM-22.raw.nc
	Then found: "simulation future membre #1" in hurs.rcp85.CNRM-CM5.CRCM5-OUR.yseas.NAM-22.raw.nc
	Then found: "simulation rcp85 membre #1" in hurs.rcp85.GFDL-ESM2M.CRCM5-OUR.yseas.NAM-22.raw.nc
	Then found: "simulation future membre 1" in hurs.rcp85.MPI-ESM-LR.CRCM5-OUR.yseas.NAM-22.raw.nc
	Then found: "simulation future membre #1" in hurs.rcp85.CanESM2.CRCM5-OUR.yseas.NAM-22.raw.nc
	Then found: "Scenario experiment using HadGEM2-ES as driving model" in hurs.rcp85.HadGEM2-ES.RegCM4.yseas.NAM-22.raw.nc
	Then found: "Scenario experiment using GFDL-ESM2M as driving model" in hurs.rcp85.GFDL-ESM2M.RegCM4.yseas.NAM-22.raw.nc
	Then found: "Scenario experiment using MPI-ESM-LR as driving model" in hurs.rcp85.MPI-ESM-LR.RegCM4.yseas.NAM-22.raw.nc
	Then found: "RCP8.5 run driven by CCCma-CanESM2 " in hurs.rcp85.CanESM2.CanRCM4.yseas.NAM-22.raw.nc
	Then found: "Scenario experiment using HadGEM2-ES as driving model" in hurs.rcp85.HadGEM2-ES.WRF.yseas.NAM-22.raw.nc
	Then found: "Scenario experiment using GFDL-ESM2M as driving model" in hurs.rcp85.GFDL-ESM2M.WRF.yseas.NAM-22.raw.nc
	Then found: "Scenario experiment using MPI-ESM-LR as driving model" in hurs.rcp85.MPI-ESM-LR.WRF.yseas.NAM-22.raw.nc

Warning: non-uniform metadata in attribute:  "driving_experiment_name"
	First found: "rcp85" in hurs.rcp85.MPI-ESM-MR.CRCM5-UQAM.yseas.NAM-22.raw.nc
	Then found: "r1i1p1" in hurs.rcp85.CNRM-CM5.CRCM5-OUR.yseas.NAM-22.raw.nc
	Then found: "r1i1p1" in hurs.rcp85.GFDL-ESM2M.CRCM5-OUR.yseas.NAM-22.raw.nc
	Then found: "r1i1p1" in hurs.rcp85.MPI-ESM-LR.CRCM5-OUR.yseas.NAM-22.raw.nc
	Then found: "r1i1p1" in hurs.rcp85.CanESM2.CRCM5-OUR.yseas.NAM-22.raw.nc
	Then found: "HadGEM2-ES" in hurs.rcp85.HadGEM2-ES.RegCM4.yseas.NAM-22.raw.nc
	Then found: "GFDL-ESM2M" in hurs.rcp85.GFDL-ESM2M.RegCM4.yseas.NAM-22.raw.nc
	Then found: "MPI-ESM-LR" in hurs.rcp85.MPI-ESM-LR.RegCM4.yseas.NAM-22.raw.nc

Warning: missing attribute:  "driving_model_id"
	Missing from:  hurs.rcp85.MPI-ESM-LR.CRCM5-OUR.yseas.NAM-22.raw.nc

