{'CORDEX_domain': 'NAM-22',
 'contact': {'CanESM2.CRCM5-UQAM': 'Seth McGinnis, mcginnis@ucar.edu',
             'CanESM2.CanRCM4': 'Seth McGinnis, mcginnis@ucar.edu',
             'GEMatm-Can.CRCM5-UQAM': 'Seth McGinnis, mcginnis@ucar.edu',
             'GEMatm-MPI.CRCM5-UQAM': 'Seth McGinnis, mcginnis@ucar.edu',
             'GFDL-ESM2M.RegCM4': 'Daryl Herzmann, akrherz@iastate.edu',
             'GFDL-ESM2M.WRF': 'Seth McGinnis, mcginnis@ucar.edu',
             'HadGEM2-ES.RegCM4': 'Daryl Herzmann, akrherz@iastate.edu',
             'HadGEM2-ES.WRF': 'Seth McGinnis, mcginnis@ucar.edu',
             'MPI-ESM-LR.CRCM5-UQAM': 'Seth McGinnis, mcginnis@ucar.edu',
             'MPI-ESM-LR.RegCM4': 'Melissa Bukovsky, bukovsky@ucar.edu',
             'MPI-ESM-LR.WRF': 'Seth McGinnis, mcginnis@ucar.edu',
             'MPI-ESM-MR.CRCM5-UQAM': 'Seth McGinnis, mcginnis@ucar.edu'},
 'contact_note': {'GFDL-ESM2M.RegCM4': 'Simulations by Ray Arritt (deceased)', 'HadGEM2-ES.RegCM4': 'Simulations by Ray Arritt (deceased)'},
 'creation_date': {'CanESM2.CRCM5-UQAM': '2020-03-13',
                   'CanESM2.CanRCM4': '2020-03-13',
                   'GEMatm-Can.CRCM5-UQAM': '2020-03-13',
                   'GEMatm-MPI.CRCM5-UQAM': '2020-03-13',
                   'GFDL-ESM2M.RegCM4': '2020-03-13',
                   'GFDL-ESM2M.WRF': '2020-03-13',
                   'HadGEM2-ES.RegCM4': '2020-05-11',
                   'HadGEM2-ES.WRF': '2020-03-13',
                   'MPI-ESM-LR.CRCM5-UQAM': '2020-03-13',
                   'MPI-ESM-LR.RegCM4': '2020-03-13',
                   'MPI-ESM-LR.WRF': '2020-03-13',
                   'MPI-ESM-MR.CRCM5-UQAM': '2020-03-13'},
 'driving_experiment': {'CanESM2.CRCM5-UQAM': 'CCCma-CanESM2, rcp85, r1i1p1',
                        'CanESM2.CanRCM4': 'CCCma-CanESM2, rcp85, r1i1p1',
                        'GEMatm-Can.CRCM5-UQAM': 'UQAM-GEMatm-Can-ESMsea, rcp85, r1i1p1',
                        'GEMatm-MPI.CRCM5-UQAM': 'UQAM-GEMatm-MPI-ESMsea, rcp85, r1i1p1',
                        'GFDL-ESM2M.RegCM4': 'GFDL-ESM2M,rcp85,r1i1p1',
                        'GFDL-ESM2M.WRF': 'GFDL-ESM2M,rcp85,r1i1p1',
                        'HadGEM2-ES.RegCM4': 'HadGEM2-ES,historical,r1i1p1',
                        'HadGEM2-ES.WRF': 'HadGEM2-ES,rcp85,r1i1p1',
                        'MPI-ESM-LR.CRCM5-UQAM': 'MPI-M-MPI-ESM-LR, rcp85, r1i1p1',
                        'MPI-ESM-LR.RegCM4': 'MPI-ESM-LR,rcp85,r1i1p1',
                        'MPI-ESM-LR.WRF': 'MPI-ESM-LR,rcp85,r1i1p1',
                        'MPI-ESM-MR.CRCM5-UQAM': 'MPI-M-MPI-ESM-MR, rcp85, r1i1p1'},
 'driving_experiment_name': 'rcp85',
 'driving_model_ensemble_member': {'CanESM2.CRCM5-UQAM': 'r1i1p1',
                                   'CanESM2.CanRCM4': 'r1i1p1',
                                   'GEMatm-Can.CRCM5-UQAM': 'r1i1p1',
                                   'GEMatm-MPI.CRCM5-UQAM': 'r1i1p1',
                                   'GFDL-ESM2M.RegCM4': 'r1i1p1',
                                   'GFDL-ESM2M.WRF': 'r1i1p1',
                                   'HadGEM2-ES.RegCM4': 'r1i1p1',
                                   'HadGEM2-ES.WRF': 'r1i1p1',
                                   'MPI-ESM-LR.CRCM5-UQAM': 'r1i1p1',
                                   'MPI-ESM-LR.RegCM4': 'r1i1p1',
                                   'MPI-ESM-LR.WRF': 'r1i1p1',
                                   'MPI-ESM-MR.CRCM5-UQAM': 'r1i1p1'},
 'driving_model_id': {'CanESM2.CRCM5-UQAM': 'CCCma-CanESM2',
                      'CanESM2.CanRCM4': 'CCCma-CanESM2',
                      'GEMatm-Can.CRCM5-UQAM': 'UQAM-GEMatm-Can-ESMsea',
                      'GEMatm-MPI.CRCM5-UQAM': 'UQAM-GEMatm-MPI-ESMsea',
                      'GFDL-ESM2M.RegCM4': 'GFDL-ESM2M',
                      'GFDL-ESM2M.WRF': 'GFDL-ESM2M',
                      'HadGEM2-ES.RegCM4': 'HadGEM2-ES',
                      'HadGEM2-ES.WRF': 'HadGEM2-ES',
                      'MPI-ESM-LR.CRCM5-UQAM': 'MPI-M-MPI-ESM-LR',
                      'MPI-ESM-LR.RegCM4': 'MPI-ESM-LR',
                      'MPI-ESM-LR.WRF': 'MPI-ESM-LR',
                      'MPI-ESM-MR.CRCM5-UQAM': 'MPI-M-MPI-ESM-MR'},
 'experiment': 'rcp85',
 'experiment_id': 'rcp85',
 'frequency': 'yseas',
 'id': 'doi:10.5065/D6SJ1JCH',
 'institute_id': {'GFDL-ESM2M.RegCM4': 'ISU',
                  'GFDL-ESM2M.WRF': 'NCAR',
                  'HadGEM2-ES.RegCM4': 'ISU',
                  'HadGEM2-ES.WRF': 'NCAR',
                  'MPI-ESM-LR.RegCM4': 'NCAR',
                  'MPI-ESM-LR.WRF': 'UA'},
 'institution': {'CanESM2.CRCM5-UQAM': 'National Center for Atmospheric Research',
                 'CanESM2.CanRCM4': 'National Center for Atmospheric Research',
                 'GEMatm-Can.CRCM5-UQAM': 'National Center for Atmospheric Research',
                 'GEMatm-MPI.CRCM5-UQAM': 'National Center for Atmospheric Research',
                 'GFDL-ESM2M.RegCM4': 'Iowa State University',
                 'GFDL-ESM2M.WRF': 'National Center for Atmospheric Research',
                 'HadGEM2-ES.RegCM4': 'Iowa State University',
                 'HadGEM2-ES.WRF': 'National Center for Atmospheric Research',
                 'MPI-ESM-LR.CRCM5-UQAM': 'National Center for Atmospheric Research',
                 'MPI-ESM-LR.RegCM4': 'National Center for Atmospheric Research',
                 'MPI-ESM-LR.WRF': 'University of Arizona',
                 'MPI-ESM-MR.CRCM5-UQAM': 'National Center for Atmospheric Research'},
 'model_id': {'CanESM2.CRCM5-UQAM': 'UQAM-CRCM5',
              'CanESM2.CanRCM4': 'CCCma-CanRCM4',
              'GEMatm-Can.CRCM5-UQAM': 'UQAM-CRCM5',
              'GEMatm-MPI.CRCM5-UQAM': 'UQAM-CRCM5',
              'GFDL-ESM2M.RegCM4': 'ISU-RegCM4',
              'GFDL-ESM2M.WRF': 'NCAR-WRF',
              'HadGEM2-ES.RegCM4': 'ISU-RegCM4',
              'HadGEM2-ES.WRF': 'NCAR-WRF',
              'MPI-ESM-LR.CRCM5-UQAM': 'UQAM-CRCM5',
              'MPI-ESM-LR.RegCM4': 'NCAR-RegCM4',
              'MPI-ESM-LR.WRF': 'UA-WRF',
              'MPI-ESM-MR.CRCM5-UQAM': 'UQAM-CRCM5'},
 'product': 'bias-adjusted-output',
 'project_id': 'CORDEX-Adjust',
 'rcm_version_id': {'CanESM2.CRCM5-UQAM': 'v1',
                    'CanESM2.CanRCM4': 'r2',
                    'GEMatm-Can.CRCM5-UQAM': 'v1',
                    'GEMatm-MPI.CRCM5-UQAM': 'v1',
                    'GFDL-ESM2M.RegCM4': 'v4.4-rc8',
                    'GFDL-ESM2M.WRF': 'v3.5.1',
                    'HadGEM2-ES.RegCM4': 'v4.4-rc8',
                    'HadGEM2-ES.WRF': 'v3.5.1',
                    'MPI-ESM-LR.CRCM5-UQAM': 'v1',
                    'MPI-ESM-LR.RegCM4': 'v4.4-rc8',
                    'MPI-ESM-LR.WRF': 'v3.5.1',
                    'MPI-ESM-MR.CRCM5-UQAM': 'v1'},
 'references': {'CanESM2.CRCM5-UQAM': 'http://www.mrcc.uqam.ca',
                'CanESM2.CanRCM4': 'http://www.cccma.ec.gc.ca/models',
                'GEMatm-Can.CRCM5-UQAM': 'http://www.mrcc.uqam.ca',
                'GEMatm-MPI.CRCM5-UQAM': 'http://www.mrcc.uqam.ca',
                'GFDL-ESM2M.RegCM4': 'Elguindi, et al. Regional climate model RegCM user manual version 4.4. The Abdus Salam International Centre '
                                     'for Theoretical Physics, Strada Costiera, Trieste, Italy. (2013).',
                'GFDL-ESM2M.WRF': "Skamarock, et al., 2005. 'A description of the Advanced Research WRF version 2.' NCAR Tech. Note NCAR/TN-468+STR",
                'HadGEM2-ES.RegCM4': 'Elguindi, et al. Regional climate model RegCM user manual version 4.4. The Abdus Salam International Centre '
                                     'for Theoretical Physics, Strada Costiera, Trieste, Italy. (2013).',
                'HadGEM2-ES.WRF': "Skamarock, et al., 2005. 'A description of the Advanced Research WRF version 2.' NCAR Tech. Note NCAR/TN-468+STR",
                'MPI-ESM-LR.CRCM5-UQAM': 'http://www.mrcc.uqam.ca',
                'MPI-ESM-LR.RegCM4': 'Elguindi, et al. Regional climate model RegCM user manual version 4.4. The Abdus Salam International Centre '
                                     'for Theoretical Physics, Strada Costiera, Trieste, Italy. (2013).',
                'MPI-ESM-LR.WRF': "Skamarock, et al., 2005. 'A description of the Advanced Research WRF version 2.' NCAR Tech. Note NCAR/TN-468+STR",
                'MPI-ESM-MR.CRCM5-UQAM': 'http://www.mrcc.uqam.ca'},
 'title': {'CanESM2.CRCM5-UQAM': 'NA-CORDEX MBCn NAM-22i CRCM5-UQAM CanESM2 RCP8.5 Daily Average 2m Relative Humidity',
           'CanESM2.CanRCM4': 'NA-CORDEX MBCn NAM-22i CanRCM4 CanESM2 RCP8.5 Daily Average 2m Relative Humidity',
           'GEMatm-Can.CRCM5-UQAM': 'NA-CORDEX MBCn NAM-22i CRCM5-UQAM GEMatm-Can RCP8.5 Daily Average 2m Relative Humidity',
           'GEMatm-MPI.CRCM5-UQAM': 'NA-CORDEX MBCn NAM-22i CRCM5-UQAM GEMatm-MPI RCP8.5 Daily Average 2m Relative Humidity',
           'GFDL-ESM2M.RegCM4': 'NA-CORDEX MBCn NAM-22i RegCM4 GFDL-ESM2M RCP8.5 Daily Average 2m Relative Humidity',
           'GFDL-ESM2M.WRF': 'NA-CORDEX MBCn NAM-22i WRF GFDL-ESM2M RCP8.5 Daily Average 2m Relative Humidity',
           'HadGEM2-ES.RegCM4': 'NA-CORDEX MBCn NAM-22i RegCM4 HadGEM2-ES RCP8.5 Daily Average 2m Relative Humidity',
           'HadGEM2-ES.WRF': 'NA-CORDEX MBCn NAM-22i WRF HadGEM2-ES RCP8.5 Daily Average 2m Relative Humidity',
           'MPI-ESM-LR.CRCM5-UQAM': 'NA-CORDEX MBCn NAM-22i CRCM5-UQAM MPI-ESM-LR RCP8.5 Daily Average 2m Relative Humidity',
           'MPI-ESM-LR.RegCM4': 'NA-CORDEX MBCn NAM-22i RegCM4 MPI-ESM-LR RCP8.5 Daily Average 2m Relative Humidity',
           'MPI-ESM-LR.WRF': 'NA-CORDEX MBCn NAM-22i WRF MPI-ESM-LR RCP8.5 Daily Average 2m Relative Humidity',
           'MPI-ESM-MR.CRCM5-UQAM': 'NA-CORDEX MBCn NAM-22i CRCM5-UQAM MPI-ESM-MR RCP8.5 Daily Average 2m Relative Humidity'},
 'tracking_id': {'CanESM2.CRCM5-UQAM': 'fa0947ea-cf4f-4efe-9a4a-df05966f65e4',
                 'CanESM2.CanRCM4': '60136131-a8f0-4cc3-a081-a0bf0bb7bfdc',
                 'GEMatm-Can.CRCM5-UQAM': '6e8c6e16-5dc6-4a26-91d4-4d4af02e9f77',
                 'GEMatm-MPI.CRCM5-UQAM': 'f7f9c3ad-614b-46ed-91e0-ac3b016516ab',
                 'GFDL-ESM2M.RegCM4': 'd437a5b4-45fa-4815-bf94-060af9c4581c',
                 'GFDL-ESM2M.WRF': 'f6f3f883-d648-462e-a3d5-2b9a79abd626',
                 'HadGEM2-ES.RegCM4': 'da5bd1fe-cac3-44b7-88c8-969c8ef3066d',
                 'HadGEM2-ES.WRF': '778f0f2e-2124-415e-89f2-7d186835588a',
                 'MPI-ESM-LR.CRCM5-UQAM': 'd1bbf67f-b991-40a1-9453-e0cd61bd6ce9',
                 'MPI-ESM-LR.RegCM4': '36d78222-4f60-4f62-ad14-a5c883258383',
                 'MPI-ESM-LR.WRF': '5a8df11f-3d40-4d1c-a7f0-42b9d636b03e',
                 'MPI-ESM-MR.CRCM5-UQAM': '56232c7b-4bb7-4974-b3dd-abce38aa566b'},
 'version': {'CanESM2.CRCM5-UQAM': '1.1',
             'CanESM2.CanRCM4': '1.2',
             'GEMatm-Can.CRCM5-UQAM': '1.1',
             'GEMatm-MPI.CRCM5-UQAM': '1.1',
             'GFDL-ESM2M.RegCM4': '2.0',
             'GFDL-ESM2M.WRF': '1.3',
             'HadGEM2-ES.RegCM4': '2.0',
             'HadGEM2-ES.WRF': '1.3',
             'MPI-ESM-LR.CRCM5-UQAM': '1.1',
             'MPI-ESM-LR.RegCM4': '1.3',
             'MPI-ESM-LR.WRF': '2.3',
             'MPI-ESM-MR.CRCM5-UQAM': '3.0'}}
