Warning: non-uniform metadata in attribute:  "experiment"
	First found: "historical" in hurs.hist.MPI-ESM-MR.CRCM5-UQAM.yseas.NAM-22i.mbcn-Daymet.nc
	Then found: "Historical run driven by HadGEM2-ES" in hurs.hist.HadGEM2-ES.RegCM4.yseas.NAM-22i.mbcn-Daymet.nc
	Then found: "Historical run driven by GFDL-ESM2M" in hurs.hist.GFDL-ESM2M.RegCM4.yseas.NAM-22i.mbcn-Daymet.nc
	Then found: "Historical run driven by MPI-ESM-LR" in hurs.hist.MPI-ESM-LR.RegCM4.yseas.NAM-22i.mbcn-Daymet.nc
	Then found: "Historical run driven by CCCma-CanESM2" in hurs.hist.CanESM2.CanRCM4.yseas.NAM-22i.mbcn-Daymet.nc
	Then found: "Historical run driven by HadGEM2-ES" in hurs.hist.HadGEM2-ES.WRF.yseas.NAM-22i.mbcn-Daymet.nc
	Then found: "Historical run driven by GFDL-ESM2M" in hurs.hist.GFDL-ESM2M.WRF.yseas.NAM-22i.mbcn-Daymet.nc
	Then found: "Historical run driven by MPI-ESM-LR" in hurs.hist.MPI-ESM-LR.WRF.yseas.NAM-22i.mbcn-Daymet.nc

Warning: non-uniform metadata in attribute:  "driving_experiment_name"
	First found: "historical" in hurs.hist.MPI-ESM-MR.CRCM5-UQAM.yseas.NAM-22i.mbcn-Daymet.nc
	Then found: "HadGEM2-ES" in hurs.hist.HadGEM2-ES.RegCM4.yseas.NAM-22i.mbcn-Daymet.nc
	Then found: "GFDL-ESM2M" in hurs.hist.GFDL-ESM2M.RegCM4.yseas.NAM-22i.mbcn-Daymet.nc
	Then found: "MPI-ESM-LR" in hurs.hist.MPI-ESM-LR.RegCM4.yseas.NAM-22i.mbcn-Daymet.nc

Warning: missing attribute:  "institute_id"
	Missing from:  hurs.hist.MPI-ESM-MR.CRCM5-UQAM.yseas.NAM-22i.mbcn-Daymet.nc
	Missing from:  hurs.hist.GEMatm-Can.CRCM5-UQAM.yseas.NAM-22i.mbcn-Daymet.nc
	Missing from:  hurs.hist.MPI-ESM-LR.CRCM5-UQAM.yseas.NAM-22i.mbcn-Daymet.nc
	Missing from:  hurs.hist.CanESM2.CRCM5-UQAM.yseas.NAM-22i.mbcn-Daymet.nc
	Missing from:  hurs.hist.GEMatm-MPI.CRCM5-UQAM.yseas.NAM-22i.mbcn-Daymet.nc
	Missing from:  hurs.hist.CanESM2.CanRCM4.yseas.NAM-22i.mbcn-Daymet.nc

