Warning: non-uniform metadata in attribute:  "experiment"
	First found: "rcp85" in hurs.rcp85.MPI-ESM-MR.CRCM5-UQAM.day.NAM-22i.mbcn-gridMET.nc
	Then found: "Scenario experiment using HadGEM2-ES as driving model" in hurs.rcp85.HadGEM2-ES.RegCM4.day.NAM-22i.mbcn-gridMET.nc
	Then found: "Scenario experiment using GFDL-ESM2M as driving model" in hurs.rcp85.GFDL-ESM2M.RegCM4.day.NAM-22i.mbcn-gridMET.nc
	Then found: "Scenario experiment using MPI-ESM-LR as driving model" in hurs.rcp85.MPI-ESM-LR.RegCM4.day.NAM-22i.mbcn-gridMET.nc
	Then found: "RCP8.5 run driven by CCCma-CanESM2 " in hurs.rcp85.CanESM2.CanRCM4.day.NAM-22i.mbcn-gridMET.nc
	Then found: "Scenario experiment using HadGEM2-ES as driving model" in hurs.rcp85.HadGEM2-ES.WRF.day.NAM-22i.mbcn-gridMET.nc
	Then found: "Scenario experiment using GFDL-ESM2M as driving model" in hurs.rcp85.GFDL-ESM2M.WRF.day.NAM-22i.mbcn-gridMET.nc
	Then found: "Scenario experiment using MPI-ESM-LR as driving model" in hurs.rcp85.MPI-ESM-LR.WRF.day.NAM-22i.mbcn-gridMET.nc

Warning: non-uniform metadata in attribute:  "driving_experiment_name"
	First found: "rcp85" in hurs.rcp85.MPI-ESM-MR.CRCM5-UQAM.day.NAM-22i.mbcn-gridMET.nc
	Then found: "HadGEM2-ES" in hurs.rcp85.HadGEM2-ES.RegCM4.day.NAM-22i.mbcn-gridMET.nc
	Then found: "GFDL-ESM2M" in hurs.rcp85.GFDL-ESM2M.RegCM4.day.NAM-22i.mbcn-gridMET.nc
	Then found: "MPI-ESM-LR" in hurs.rcp85.MPI-ESM-LR.RegCM4.day.NAM-22i.mbcn-gridMET.nc

Warning: missing attribute:  "institute_id"
	Missing from:  hurs.rcp85.MPI-ESM-MR.CRCM5-UQAM.day.NAM-22i.mbcn-gridMET.nc
	Missing from:  hurs.rcp85.GEMatm-Can.CRCM5-UQAM.day.NAM-22i.mbcn-gridMET.nc
	Missing from:  hurs.rcp85.MPI-ESM-LR.CRCM5-UQAM.day.NAM-22i.mbcn-gridMET.nc
	Missing from:  hurs.rcp85.CanESM2.CRCM5-UQAM.day.NAM-22i.mbcn-gridMET.nc
	Missing from:  hurs.rcp85.GEMatm-MPI.CRCM5-UQAM.day.NAM-22i.mbcn-gridMET.nc
	Missing from:  hurs.rcp85.CanESM2.CanRCM4.day.NAM-22i.mbcn-gridMET.nc

