{'CORDEX_domain': 'NAM-22',
 'contact': {'CanESM2.CanRCM4': 'Seth McGinnis, mcginnis@ucar.edu'},
 'creation_date': {'CanESM2.CanRCM4': '2020-03-16'},
 'driving_experiment': {'CanESM2.CanRCM4': 'CCCma-CanESM2, rcp45, r1i1p1'},
 'driving_experiment_name': 'rcp45',
 'driving_model_ensemble_member': {'CanESM2.CanRCM4': 'r1i1p1'},
 'driving_model_id': {'CanESM2.CanRCM4': 'CCCma-CanESM2'},
 'experiment': 'RCP4.5 run driven by CCCma-CanESM2 ',
 'experiment_id': 'rcp45',
 'frequency': 'ann',
 'id': 'doi:10.5065/D6SJ1JCH',
 'institution': {'CanESM2.CanRCM4': 'National Center for Atmospheric Research'},
 'model_id': {'CanESM2.CanRCM4': 'CCCma-CanRCM4'},
 'product': 'bias-adjusted-output',
 'project_id': 'CORDEX-Adjust',
 'rcm_version_id': {'CanESM2.CanRCM4': 'r2'},
 'references': {'CanESM2.CanRCM4': 'http://www.cccma.ec.gc.ca/models'},
 'title': {'CanESM2.CanRCM4': 'NA-CORDEX MBCn NAM-22i CanRCM4 CanESM2 RCP4.5 Daily Average 2m Relative Humidity'},
 'tracking_id': {'CanESM2.CanRCM4': 'ee5a0b9f-a69b-419d-a469-231ece848b42'},
 'version': {'CanESM2.CanRCM4': '1.2'}}
