{'CORDEX_domain': 'NAM-44',
 'contact': {'CanESM2.CRCM5-UQAM': 'Seth McGinnis, mcginnis@ucar.edu',
             'CanESM2.CanRCM4': 'Seth McGinnis, mcginnis@ucar.edu',
             'CanESM2.RCA4': 'Seth McGinnis, mcginnis@ucar.edu',
             'EC-EARTH.HIRHAM5': 'Seth McGinnis, mcginnis@ucar.edu',
             'EC-EARTH.RCA4': 'Seth McGinnis, mcginnis@ucar.edu',
             'GEMatm-Can.CRCM5-UQAM': 'Seth McGinnis, mcginnis@ucar.edu',
             'GEMatm-MPI.CRCM5-UQAM': 'Seth McGinnis, mcginnis@ucar.edu',
             'GFDL-ESM2M.RegCM4': 'Daryl Herzmann, akrherz@iastate.edu',
             'GFDL-ESM2M.WRF': 'Seth McGinnis, mcginnis@ucar.edu',
             'HadGEM2-ES.RegCM4': 'Daryl Herzmann, akrherz@iastate.edu',
             'HadGEM2-ES.WRF': 'Seth McGinnis, mcginnis@ucar.edu',
             'MPI-ESM-LR.CRCM5-UQAM': 'Seth McGinnis, mcginnis@ucar.edu',
             'MPI-ESM-LR.RegCM4': 'Melissa Bukovsky, bukovsky@ucar.edu',
             'MPI-ESM-LR.WRF': 'Seth McGinnis, mcginnis@ucar.edu',
             'MPI-ESM-MR.CRCM5-UQAM': 'Seth McGinnis, mcginnis@ucar.edu'},
 'contact_note': {'GFDL-ESM2M.RegCM4': 'Simulations by Ray Arritt (deceased)', 'HadGEM2-ES.RegCM4': 'Simulations by Ray Arritt (deceased)'},
 'creation_date': {'CanESM2.CRCM5-UQAM': '2020-03-13',
                   'CanESM2.CanRCM4': '2020-03-13',
                   'CanESM2.RCA4': '2020-03-13',
                   'EC-EARTH.HIRHAM5': '2020-03-13',
                   'EC-EARTH.RCA4': '2020-03-13',
                   'GEMatm-Can.CRCM5-UQAM': '2020-03-13',
                   'GEMatm-MPI.CRCM5-UQAM': '2020-03-13',
                   'GFDL-ESM2M.RegCM4': '2020-03-13',
                   'GFDL-ESM2M.WRF': '2020-03-13',
                   'HadGEM2-ES.RegCM4': '2020-03-13',
                   'HadGEM2-ES.WRF': '2020-03-13',
                   'MPI-ESM-LR.CRCM5-UQAM': '2020-03-13',
                   'MPI-ESM-LR.RegCM4': '2020-03-13',
                   'MPI-ESM-LR.WRF': '2020-03-13',
                   'MPI-ESM-MR.CRCM5-UQAM': '2020-03-13'},
 'driving_experiment': {'CanESM2.CRCM5-UQAM': 'CCCma-CanESM2, rcp85, r1i1p1',
                        'CanESM2.CanRCM4': 'CCCma-CanESM2, rcp85, r1i1p1',
                        'CanESM2.RCA4': 'CCCma-CanESM2, rcp85, r1i1p1',
                        'EC-EARTH.HIRHAM5': 'ICHEC-EC-EARTH,rcp85,r3i1p1',
                        'EC-EARTH.RCA4': 'ICHEC-EC-EARTH, rcp85, r12i1p1',
                        'GEMatm-Can.CRCM5-UQAM': 'UQAM-GEMatm-Can-ESMsea, rcp85, r1i1p1',
                        'GEMatm-MPI.CRCM5-UQAM': 'UQAM-GEMatm-MPI-ESMsea, rcp85, r1i1p1',
                        'GFDL-ESM2M.RegCM4': 'GFDL-ESM2M,rcp85,r1i1p1',
                        'GFDL-ESM2M.WRF': 'GFDL-ESM2M,rcp85,r1i1p1',
                        'HadGEM2-ES.RegCM4': 'HadGEM2-ES,rcp85,r1i1p1',
                        'HadGEM2-ES.WRF': 'HadGEM2-ES,rcp85,r1i1p1',
                        'MPI-ESM-LR.CRCM5-UQAM': 'MPI-M-MPI-ESM-LR, rcp85, r1i1p1',
                        'MPI-ESM-LR.RegCM4': 'MPI-ESM-LR,rcp85,r1i1p1',
                        'MPI-ESM-LR.WRF': 'MPI-ESM-LR,rcp85,r1i1p1',
                        'MPI-ESM-MR.CRCM5-UQAM': 'MPI-M-MPI-ESM-MR, rcp85, r1i1p1'},
 'driving_experiment_name': 'rcp85',
 'driving_model_ensemble_member': {'CanESM2.CRCM5-UQAM': 'r1i1p1',
                                   'CanESM2.CanRCM4': 'r1i1p1',
                                   'CanESM2.RCA4': 'r1i1p1',
                                   'EC-EARTH.HIRHAM5': 'r3i1p1',
                                   'EC-EARTH.RCA4': 'r12i1p1',
                                   'GEMatm-Can.CRCM5-UQAM': 'r1i1p1',
                                   'GEMatm-MPI.CRCM5-UQAM': 'r1i1p1',
                                   'GFDL-ESM2M.RegCM4': 'r1i1p1',
                                   'GFDL-ESM2M.WRF': 'r1i1p1',
                                   'HadGEM2-ES.RegCM4': 'r1i1p1',
                                   'HadGEM2-ES.WRF': 'r1i1p1',
                                   'MPI-ESM-LR.CRCM5-UQAM': 'r1i1p1',
                                   'MPI-ESM-LR.RegCM4': 'r1i1p1',
                                   'MPI-ESM-LR.WRF': 'r1i1p1',
                                   'MPI-ESM-MR.CRCM5-UQAM': 'r1i1p1'},
 'driving_model_id': {'CanESM2.CRCM5-UQAM': 'CCCma-CanESM2',
                      'CanESM2.CanRCM4': 'CCCma-CanESM2',
                      'CanESM2.RCA4': 'CCCma-CanESM2',
                      'EC-EARTH.HIRHAM5': 'ICHEC-EC-EARTH',
                      'EC-EARTH.RCA4': 'ICHEC-EC-EARTH',
                      'GEMatm-Can.CRCM5-UQAM': 'UQAM-GEMatm-Can-ESMsea',
                      'GEMatm-MPI.CRCM5-UQAM': 'UQAM-GEMatm-MPI-ESMsea',
                      'GFDL-ESM2M.RegCM4': 'GFDL-ESM2M',
                      'GFDL-ESM2M.WRF': 'GFDL-ESM2M',
                      'HadGEM2-ES.RegCM4': 'HadGEM2-ES',
                      'HadGEM2-ES.WRF': 'HadGEM2-ES',
                      'MPI-ESM-LR.CRCM5-UQAM': 'MPI-M-MPI-ESM-LR',
                      'MPI-ESM-LR.RegCM4': 'MPI-ESM-LR',
                      'MPI-ESM-LR.WRF': 'MPI-ESM-LR',
                      'MPI-ESM-MR.CRCM5-UQAM': 'MPI-M-MPI-ESM-MR'},
 'experiment': 'rcp85',
 'experiment_id': 'rcp85',
 'frequency': 'ann',
 'id': 'doi:10.5065/D6SJ1JCH',
 'institute_id': {'GFDL-ESM2M.RegCM4': 'ISU',
                  'GFDL-ESM2M.WRF': 'NCAR',
                  'HadGEM2-ES.RegCM4': 'ISU',
                  'HadGEM2-ES.WRF': 'NCAR',
                  'MPI-ESM-LR.RegCM4': 'NCAR',
                  'MPI-ESM-LR.WRF': 'UA'},
 'institution': {'CanESM2.CRCM5-UQAM': 'National Center for Atmospheric Research',
                 'CanESM2.CanRCM4': 'National Center for Atmospheric Research',
                 'CanESM2.RCA4': 'National Center for Atmospheric Research',
                 'EC-EARTH.HIRHAM5': 'National Center for Atmospheric Research',
                 'EC-EARTH.RCA4': 'National Center for Atmospheric Research',
                 'GEMatm-Can.CRCM5-UQAM': 'National Center for Atmospheric Research',
                 'GEMatm-MPI.CRCM5-UQAM': 'National Center for Atmospheric Research',
                 'GFDL-ESM2M.RegCM4': 'Iowa State University',
                 'GFDL-ESM2M.WRF': 'National Center for Atmospheric Research',
                 'HadGEM2-ES.RegCM4': 'Iowa State University',
                 'HadGEM2-ES.WRF': 'National Center for Atmospheric Research',
                 'MPI-ESM-LR.CRCM5-UQAM': 'National Center for Atmospheric Research',
                 'MPI-ESM-LR.RegCM4': 'National Center for Atmospheric Research',
                 'MPI-ESM-LR.WRF': 'University of Arizona',
                 'MPI-ESM-MR.CRCM5-UQAM': 'National Center for Atmospheric Research'},
 'model_id': {'CanESM2.CRCM5-UQAM': 'UQAM-CRCM5',
              'CanESM2.CanRCM4': 'CCCma-CanRCM4',
              'CanESM2.RCA4': 'SMHI-RCA4',
              'EC-EARTH.HIRHAM5': 'DMI-HIRHAM5',
              'EC-EARTH.RCA4': 'SMHI-RCA4',
              'GEMatm-Can.CRCM5-UQAM': 'UQAM-CRCM5',
              'GEMatm-MPI.CRCM5-UQAM': 'UQAM-CRCM5',
              'GFDL-ESM2M.RegCM4': 'ISU-RegCM4',
              'GFDL-ESM2M.WRF': 'NCAR-WRF',
              'HadGEM2-ES.RegCM4': 'ISU-RegCM4',
              'HadGEM2-ES.WRF': 'NCAR-WRF',
              'MPI-ESM-LR.CRCM5-UQAM': 'UQAM-CRCM5',
              'MPI-ESM-LR.RegCM4': 'NCAR-RegCM4',
              'MPI-ESM-LR.WRF': 'UA-WRF',
              'MPI-ESM-MR.CRCM5-UQAM': 'UQAM-CRCM5'},
 'product': 'bias-adjusted-output',
 'project_id': 'CORDEX-Adjust',
 'rcm_version_id': {'CanESM2.CRCM5-UQAM': 'v1',
                    'CanESM2.CanRCM4': 'r2',
                    'CanESM2.RCA4': 'v1',
                    'EC-EARTH.HIRHAM5': 'v1',
                    'EC-EARTH.RCA4': 'v1',
                    'GEMatm-Can.CRCM5-UQAM': 'v1',
                    'GEMatm-MPI.CRCM5-UQAM': 'v1',
                    'GFDL-ESM2M.RegCM4': 'v4.4-rc8',
                    'GFDL-ESM2M.WRF': 'v3.5.1',
                    'HadGEM2-ES.RegCM4': 'v4.4-rc8',
                    'HadGEM2-ES.WRF': 'v3.5.1',
                    'MPI-ESM-LR.CRCM5-UQAM': 'v1',
                    'MPI-ESM-LR.RegCM4': 'v4.4-rc8',
                    'MPI-ESM-LR.WRF': 'v3.5.1',
                    'MPI-ESM-MR.CRCM5-UQAM': 'v1'},
 'references': {'CanESM2.CRCM5-UQAM': 'http://www.mrcc.uqam.ca',
                'CanESM2.CanRCM4': 'http://www.cccma.ec.gc.ca/models',
                'CanESM2.RCA4': 'http://www.smhi.se/en/Research/Research-departments/climate-research-rossby-centre',
                'EC-EARTH.RCA4': 'http://www.smhi.se/en/Research/Research-departments/climate-research-rossby-centre',
                'GEMatm-Can.CRCM5-UQAM': 'http://www.mrcc.uqam.ca',
                'GEMatm-MPI.CRCM5-UQAM': 'http://www.mrcc.uqam.ca',
                'GFDL-ESM2M.RegCM4': 'Elguindi, et al. Regional climate model RegCM user manual version 4.4. The Abdus Salam International Centre '
                                     'for Theoretical Physics, Strada Costiera, Trieste, Italy. (2013).',
                'GFDL-ESM2M.WRF': "Skamarock, et al., 2005. 'A description of the Advanced Research WRF version 2.' NCAR Tech. Note NCAR/TN-468+STR",
                'HadGEM2-ES.RegCM4': 'Elguindi, et al. Regional climate model RegCM user manual version 4.4. The Abdus Salam International Centre '
                                     'for Theoretical Physics, Strada Costiera, Trieste, Italy. (2013).',
                'HadGEM2-ES.WRF': "Skamarock, et al., 2005. 'A description of the Advanced Research WRF version 2.' NCAR Tech. Note NCAR/TN-468+STR",
                'MPI-ESM-LR.CRCM5-UQAM': 'http://www.mrcc.uqam.ca',
                'MPI-ESM-LR.RegCM4': 'Elguindi, et al. Regional climate model RegCM user manual version 4.4. The Abdus Salam International Centre '
                                     'for Theoretical Physics, Strada Costiera, Trieste, Italy. (2013).',
                'MPI-ESM-LR.WRF': "Skamarock, et al., 2005. 'A description of the Advanced Research WRF version 2.' NCAR Tech. Note NCAR/TN-468+STR",
                'MPI-ESM-MR.CRCM5-UQAM': 'http://www.mrcc.uqam.ca'},
 'title': {'CanESM2.CRCM5-UQAM': 'NA-CORDEX MBCn NAM-44i CRCM5-UQAM CanESM2 RCP8.5 Daily Average 2m Relative Humidity',
           'CanESM2.CanRCM4': 'NA-CORDEX MBCn NAM-44i CanRCM4 CanESM2 RCP8.5 Daily Average 2m Relative Humidity',
           'CanESM2.RCA4': 'NA-CORDEX MBCn NAM-44i RCA4 CanESM2 RCP8.5 Daily Average 2m Relative Humidity',
           'EC-EARTH.HIRHAM5': 'NA-CORDEX MBCn NAM-44i HIRHAM5 EC-EARTH RCP8.5 Daily Average 2m Relative Humidity',
           'EC-EARTH.RCA4': 'NA-CORDEX MBCn NAM-44i RCA4 EC-EARTH RCP8.5 Daily Average 2m Relative Humidity',
           'GEMatm-Can.CRCM5-UQAM': 'NA-CORDEX MBCn NAM-44i CRCM5-UQAM GEMatm-Can RCP8.5 Daily Average 2m Relative Humidity',
           'GEMatm-MPI.CRCM5-UQAM': 'NA-CORDEX MBCn NAM-44i CRCM5-UQAM GEMatm-MPI RCP8.5 Daily Average 2m Relative Humidity',
           'GFDL-ESM2M.RegCM4': 'NA-CORDEX MBCn NAM-44i RegCM4 GFDL-ESM2M RCP8.5 Daily Average 2m Relative Humidity',
           'GFDL-ESM2M.WRF': 'NA-CORDEX MBCn NAM-44i WRF GFDL-ESM2M RCP8.5 Daily Average 2m Relative Humidity',
           'HadGEM2-ES.RegCM4': 'NA-CORDEX MBCn NAM-44i RegCM4 HadGEM2-ES RCP8.5 Daily Average 2m Relative Humidity',
           'HadGEM2-ES.WRF': 'NA-CORDEX MBCn NAM-44i WRF HadGEM2-ES RCP8.5 Daily Average 2m Relative Humidity',
           'MPI-ESM-LR.CRCM5-UQAM': 'NA-CORDEX MBCn NAM-44i CRCM5-UQAM MPI-ESM-LR RCP8.5 Daily Average 2m Relative Humidity',
           'MPI-ESM-LR.RegCM4': 'NA-CORDEX MBCn NAM-44i RegCM4 MPI-ESM-LR RCP8.5 Daily Average 2m Relative Humidity',
           'MPI-ESM-LR.WRF': 'NA-CORDEX MBCn NAM-44i WRF MPI-ESM-LR RCP8.5 Daily Average 2m Relative Humidity',
           'MPI-ESM-MR.CRCM5-UQAM': 'NA-CORDEX MBCn NAM-44i CRCM5-UQAM MPI-ESM-MR RCP8.5 Daily Average 2m Relative Humidity'},
 'tracking_id': {'CanESM2.CRCM5-UQAM': 'a5084e48-fd01-4154-a1c2-6b7f169fee5b',
                 'CanESM2.CanRCM4': '532e547f-cc02-429d-bbcc-b38af521a2f0',
                 'CanESM2.RCA4': 'cc7cd6bc-9ca7-4045-b84b-03647cf1beb5',
                 'EC-EARTH.HIRHAM5': '3a1a6a94-474e-4f2e-b98e-84773fc600bd',
                 'EC-EARTH.RCA4': '2659c5df-2a59-4ba7-86cd-cf5ede3d45aa',
                 'GEMatm-Can.CRCM5-UQAM': '97b3e386-0b6b-423a-bdb5-3d370e4b75ff',
                 'GEMatm-MPI.CRCM5-UQAM': 'be162e45-b78c-4e42-823a-6832e81fc6f4',
                 'GFDL-ESM2M.RegCM4': '2af53210-b078-48df-b047-f937bb7ba7a5',
                 'GFDL-ESM2M.WRF': '1f35905b-64ab-419e-87dc-65fb922044b1',
                 'HadGEM2-ES.RegCM4': '88eba602-c6f6-40bf-8b7f-351c645e7ad2',
                 'HadGEM2-ES.WRF': '91947d47-502f-4138-ab1b-529e6424dd34',
                 'MPI-ESM-LR.CRCM5-UQAM': 'c58789d2-bfe3-4302-b094-5b76fd562faa',
                 'MPI-ESM-LR.RegCM4': '04d8065b-f4cd-469f-a8c5-318b94d01c58',
                 'MPI-ESM-LR.WRF': '71950529-7a1e-419f-9370-108f9cd02d3a',
                 'MPI-ESM-MR.CRCM5-UQAM': '4c88d18f-5b8f-441e-a903-ee20068d4c9c'},
 'version': {'CanESM2.CRCM5-UQAM': '1.1',
             'CanESM2.CanRCM4': '1.2',
             'CanESM2.RCA4': '1.1',
             'EC-EARTH.HIRHAM5': '1.1',
             'EC-EARTH.RCA4': '1.1',
             'GEMatm-Can.CRCM5-UQAM': '1.1',
             'GEMatm-MPI.CRCM5-UQAM': '1.1',
             'GFDL-ESM2M.RegCM4': '1.3',
             'GFDL-ESM2M.WRF': '1.3',
             'HadGEM2-ES.RegCM4': '1.3',
             'HadGEM2-ES.WRF': '1.3',
             'MPI-ESM-LR.CRCM5-UQAM': '1.1',
             'MPI-ESM-LR.RegCM4': '1.3',
             'MPI-ESM-LR.WRF': '2.3',
             'MPI-ESM-MR.CRCM5-UQAM': '3.0'}}
