Warning: non-uniform metadata in attribute:  "experiment"
	First found: "historical" in huss.hist.MPI-ESM-MR.CRCM5-UQAM.ann.NAM-22i.raw.nc
	Then found: "simulation historique membre #1" in huss.hist.CNRM-CM5.CRCM5-OUR.ann.NAM-22i.raw.nc
	Then found: "simulation historique membre #1" in huss.hist.GFDL-ESM2M.CRCM5-OUR.ann.NAM-22i.raw.nc
	Then found: "simulation historique membre 1" in huss.hist.MPI-ESM-LR.CRCM5-OUR.ann.NAM-22i.raw.nc
	Then found: "simulation historique membre #1" in huss.hist.CanESM2.CRCM5-OUR.ann.NAM-22i.raw.nc
	Then found: "Historical run driven by HadGEM2-ES" in huss.hist.HadGEM2-ES.RegCM4.ann.NAM-22i.raw.nc
	Then found: "Historical run driven by GFDL-ESM2M" in huss.hist.GFDL-ESM2M.RegCM4.ann.NAM-22i.raw.nc
	Then found: "Historical run driven by MPI-ESM-LR" in huss.hist.MPI-ESM-LR.RegCM4.ann.NAM-22i.raw.nc
	Then found: "Historical run driven by CCCma-CanESM2" in huss.hist.CanESM2.CanRCM4.ann.NAM-22i.raw.nc
	Then found: "Historical run driven by HadGEM2-ES" in huss.hist.HadGEM2-ES.WRF.ann.NAM-22i.raw.nc
	Then found: "Historical run driven by GFDL-ESM2M" in huss.hist.GFDL-ESM2M.WRF.ann.NAM-22i.raw.nc
	Then found: "Historical run driven by MPI-ESM-LR" in huss.hist.MPI-ESM-LR.WRF.ann.NAM-22i.raw.nc

Warning: non-uniform metadata in attribute:  "driving_experiment_name"
	First found: "historical" in huss.hist.MPI-ESM-MR.CRCM5-UQAM.ann.NAM-22i.raw.nc
	Then found: "r1i1p1" in huss.hist.CNRM-CM5.CRCM5-OUR.ann.NAM-22i.raw.nc
	Then found: "r1i1p1" in huss.hist.GFDL-ESM2M.CRCM5-OUR.ann.NAM-22i.raw.nc
	Then found: "r1i1p1" in huss.hist.MPI-ESM-LR.CRCM5-OUR.ann.NAM-22i.raw.nc
	Then found: "r1i1p1" in huss.hist.CanESM2.CRCM5-OUR.ann.NAM-22i.raw.nc
	Then found: "HadGEM2-ES" in huss.hist.HadGEM2-ES.RegCM4.ann.NAM-22i.raw.nc
	Then found: "GFDL-ESM2M" in huss.hist.GFDL-ESM2M.RegCM4.ann.NAM-22i.raw.nc
	Then found: "MPI-ESM-LR" in huss.hist.MPI-ESM-LR.RegCM4.ann.NAM-22i.raw.nc

Warning: missing attribute:  "driving_model_id"
	Missing from:  huss.hist.MPI-ESM-LR.CRCM5-OUR.ann.NAM-22i.raw.nc

