driving_experiment_name	"rcp85"	huss.rcp85.MPI-ESM-MR.CRCM5-UQAM.day.NAM-22i.mbcn-Daymet.nc
driving_experiment_name	"rcp85"	huss.rcp85.GEMatm-Can.CRCM5-UQAM.day.NAM-22i.mbcn-Daymet.nc
driving_experiment_name	"rcp85"	huss.rcp85.MPI-ESM-LR.CRCM5-UQAM.day.NAM-22i.mbcn-Daymet.nc
driving_experiment_name	"rcp85"	huss.rcp85.CanESM2.CRCM5-UQAM.day.NAM-22i.mbcn-Daymet.nc
driving_experiment_name	"rcp85"	huss.rcp85.GEMatm-MPI.CRCM5-UQAM.day.NAM-22i.mbcn-Daymet.nc
driving_experiment_name	"HadGEM2-ES"	huss.rcp85.HadGEM2-ES.RegCM4.day.NAM-22i.mbcn-Daymet.nc
driving_experiment_name	"GFDL-ESM2M"	huss.rcp85.GFDL-ESM2M.RegCM4.day.NAM-22i.mbcn-Daymet.nc
driving_experiment_name	"MPI-ESM-LR"	huss.rcp85.MPI-ESM-LR.RegCM4.day.NAM-22i.mbcn-Daymet.nc
driving_experiment_name	"rcp85"	huss.rcp85.CanESM2.CanRCM4.day.NAM-22i.mbcn-Daymet.nc
driving_experiment_name	"rcp85"	huss.rcp85.HadGEM2-ES.WRF.day.NAM-22i.mbcn-Daymet.nc
driving_experiment_name	"rcp85"	huss.rcp85.GFDL-ESM2M.WRF.day.NAM-22i.mbcn-Daymet.nc
driving_experiment_name	"rcp85"	huss.rcp85.MPI-ESM-LR.WRF.day.NAM-22i.mbcn-Daymet.nc
units	"1"	huss.rcp85.MPI-ESM-MR.CRCM5-UQAM.day.NAM-22i.mbcn-Daymet.nc
units	"1"	huss.rcp85.GEMatm-Can.CRCM5-UQAM.day.NAM-22i.mbcn-Daymet.nc
units	"1"	huss.rcp85.MPI-ESM-LR.CRCM5-UQAM.day.NAM-22i.mbcn-Daymet.nc
units	"1"	huss.rcp85.CanESM2.CRCM5-UQAM.day.NAM-22i.mbcn-Daymet.nc
units	"1"	huss.rcp85.GEMatm-MPI.CRCM5-UQAM.day.NAM-22i.mbcn-Daymet.nc
units	"kg kg-1"	huss.rcp85.HadGEM2-ES.RegCM4.day.NAM-22i.mbcn-Daymet.nc
units	"kg kg-1"	huss.rcp85.GFDL-ESM2M.RegCM4.day.NAM-22i.mbcn-Daymet.nc
units	"kg kg-1"	huss.rcp85.MPI-ESM-LR.RegCM4.day.NAM-22i.mbcn-Daymet.nc
units	"kg kg-1"	huss.rcp85.CanESM2.CanRCM4.day.NAM-22i.mbcn-Daymet.nc
units	"kg kg-1"	huss.rcp85.HadGEM2-ES.WRF.day.NAM-22i.mbcn-Daymet.nc
units	"kg kg-1"	huss.rcp85.GFDL-ESM2M.WRF.day.NAM-22i.mbcn-Daymet.nc
units	"kg kg-1"	huss.rcp85.MPI-ESM-LR.WRF.day.NAM-22i.mbcn-Daymet.nc
cell_methods	"time: mean"	huss.rcp85.MPI-ESM-MR.CRCM5-UQAM.day.NAM-22i.mbcn-Daymet.nc
cell_methods	"time: mean"	huss.rcp85.GEMatm-Can.CRCM5-UQAM.day.NAM-22i.mbcn-Daymet.nc
cell_methods	"time: mean"	huss.rcp85.MPI-ESM-LR.CRCM5-UQAM.day.NAM-22i.mbcn-Daymet.nc
cell_methods	"time: mean"	huss.rcp85.CanESM2.CRCM5-UQAM.day.NAM-22i.mbcn-Daymet.nc
cell_methods	"time: mean"	huss.rcp85.GEMatm-MPI.CRCM5-UQAM.day.NAM-22i.mbcn-Daymet.nc
cell_methods	"time: point m2: mean time: mean"	huss.rcp85.HadGEM2-ES.RegCM4.day.NAM-22i.mbcn-Daymet.nc
cell_methods	"time: point m2: mean time: mean"	huss.rcp85.GFDL-ESM2M.RegCM4.day.NAM-22i.mbcn-Daymet.nc
cell_methods	"time: point m2: mean time: mean (interval: 1 3hrs) time: mean (interval: 1 days)"	huss.rcp85.MPI-ESM-LR.RegCM4.day.NAM-22i.mbcn-Daymet.nc
cell_methods	"time:mean (interval:600 seconds)"	huss.rcp85.CanESM2.CanRCM4.day.NAM-22i.mbcn-Daymet.nc
cell_methods	"time: mean"	huss.rcp85.HadGEM2-ES.WRF.day.NAM-22i.mbcn-Daymet.nc
cell_methods	"time: mean"	huss.rcp85.GFDL-ESM2M.WRF.day.NAM-22i.mbcn-Daymet.nc
cell_methods	"time: mean"	huss.rcp85.MPI-ESM-LR.WRF.day.NAM-22i.mbcn-Daymet.nc
bias_correction	"MBCN using Daymet obs"	huss.rcp85.MPI-ESM-MR.CRCM5-UQAM.day.NAM-22i.mbcn-Daymet.nc
bias_correction	"MBCN using Daymet obs"	huss.rcp85.GEMatm-Can.CRCM5-UQAM.day.NAM-22i.mbcn-Daymet.nc
bias_correction	"MBCN using Daymet obs"	huss.rcp85.MPI-ESM-LR.CRCM5-UQAM.day.NAM-22i.mbcn-Daymet.nc
bias_correction	"MBCN using Daymet obs"	huss.rcp85.CanESM2.CRCM5-UQAM.day.NAM-22i.mbcn-Daymet.nc
bias_correction	"MBCN using Daymet obs"	huss.rcp85.GEMatm-MPI.CRCM5-UQAM.day.NAM-22i.mbcn-Daymet.nc
bias_correction	"MBCn using Daymet obs"	huss.rcp85.HadGEM2-ES.RegCM4.day.NAM-22i.mbcn-Daymet.nc
bias_correction	"MBCN using Daymet obs"	huss.rcp85.GFDL-ESM2M.RegCM4.day.NAM-22i.mbcn-Daymet.nc
bias_correction	"MBCN using Daymet obs"	huss.rcp85.MPI-ESM-LR.RegCM4.day.NAM-22i.mbcn-Daymet.nc
bias_correction	"MBCN using Daymet obs"	huss.rcp85.CanESM2.CanRCM4.day.NAM-22i.mbcn-Daymet.nc
bias_correction	"MBCN using Daymet obs"	huss.rcp85.HadGEM2-ES.WRF.day.NAM-22i.mbcn-Daymet.nc
bias_correction	"MBCN using Daymet obs"	huss.rcp85.GFDL-ESM2M.WRF.day.NAM-22i.mbcn-Daymet.nc
bias_correction	"MBCN using Daymet obs"	huss.rcp85.MPI-ESM-LR.WRF.day.NAM-22i.mbcn-Daymet.nc
