driving_experiment_name	"historical"	huss.hist.MPI-ESM-MR.CRCM5-UQAM.day.NAM-22i.mbcn-gridMET.nc
driving_experiment_name	"historical"	huss.hist.GEMatm-Can.CRCM5-UQAM.day.NAM-22i.mbcn-gridMET.nc
driving_experiment_name	"historical"	huss.hist.MPI-ESM-LR.CRCM5-UQAM.day.NAM-22i.mbcn-gridMET.nc
driving_experiment_name	"historical"	huss.hist.CanESM2.CRCM5-UQAM.day.NAM-22i.mbcn-gridMET.nc
driving_experiment_name	"historical"	huss.hist.GEMatm-MPI.CRCM5-UQAM.day.NAM-22i.mbcn-gridMET.nc
driving_experiment_name	"HadGEM2-ES"	huss.hist.HadGEM2-ES.RegCM4.day.NAM-22i.mbcn-gridMET.nc
driving_experiment_name	"GFDL-ESM2M"	huss.hist.GFDL-ESM2M.RegCM4.day.NAM-22i.mbcn-gridMET.nc
driving_experiment_name	"MPI-ESM-LR"	huss.hist.MPI-ESM-LR.RegCM4.day.NAM-22i.mbcn-gridMET.nc
driving_experiment_name	"historical"	huss.hist.CanESM2.CanRCM4.day.NAM-22i.mbcn-gridMET.nc
driving_experiment_name	"historical"	huss.hist.HadGEM2-ES.WRF.day.NAM-22i.mbcn-gridMET.nc
driving_experiment_name	"historical"	huss.hist.GFDL-ESM2M.WRF.day.NAM-22i.mbcn-gridMET.nc
driving_experiment_name	"historical"	huss.hist.MPI-ESM-LR.WRF.day.NAM-22i.mbcn-gridMET.nc
units	"1"	huss.hist.MPI-ESM-MR.CRCM5-UQAM.day.NAM-22i.mbcn-gridMET.nc
units	"1"	huss.hist.GEMatm-Can.CRCM5-UQAM.day.NAM-22i.mbcn-gridMET.nc
units	"1"	huss.hist.MPI-ESM-LR.CRCM5-UQAM.day.NAM-22i.mbcn-gridMET.nc
units	"1"	huss.hist.CanESM2.CRCM5-UQAM.day.NAM-22i.mbcn-gridMET.nc
units	"1"	huss.hist.GEMatm-MPI.CRCM5-UQAM.day.NAM-22i.mbcn-gridMET.nc
units	"kg kg-1"	huss.hist.HadGEM2-ES.RegCM4.day.NAM-22i.mbcn-gridMET.nc
units	"kg kg-1"	huss.hist.GFDL-ESM2M.RegCM4.day.NAM-22i.mbcn-gridMET.nc
units	"kg kg-1"	huss.hist.MPI-ESM-LR.RegCM4.day.NAM-22i.mbcn-gridMET.nc
units	"kg kg-1"	huss.hist.CanESM2.CanRCM4.day.NAM-22i.mbcn-gridMET.nc
units	"kg kg-1"	huss.hist.HadGEM2-ES.WRF.day.NAM-22i.mbcn-gridMET.nc
units	"kg kg-1"	huss.hist.GFDL-ESM2M.WRF.day.NAM-22i.mbcn-gridMET.nc
units	"kg kg-1"	huss.hist.MPI-ESM-LR.WRF.day.NAM-22i.mbcn-gridMET.nc
cell_methods	"time: mean"	huss.hist.MPI-ESM-MR.CRCM5-UQAM.day.NAM-22i.mbcn-gridMET.nc
cell_methods	"time: mean"	huss.hist.GEMatm-Can.CRCM5-UQAM.day.NAM-22i.mbcn-gridMET.nc
cell_methods	"time: mean"	huss.hist.MPI-ESM-LR.CRCM5-UQAM.day.NAM-22i.mbcn-gridMET.nc
cell_methods	"time: mean"	huss.hist.CanESM2.CRCM5-UQAM.day.NAM-22i.mbcn-gridMET.nc
cell_methods	"time: mean"	huss.hist.GEMatm-MPI.CRCM5-UQAM.day.NAM-22i.mbcn-gridMET.nc
cell_methods	"time: point m2: mean time: mean"	huss.hist.HadGEM2-ES.RegCM4.day.NAM-22i.mbcn-gridMET.nc
cell_methods	"time: point m2: mean time: mean"	huss.hist.GFDL-ESM2M.RegCM4.day.NAM-22i.mbcn-gridMET.nc
cell_methods	"time: point m2: mean time: mean"	huss.hist.MPI-ESM-LR.RegCM4.day.NAM-22i.mbcn-gridMET.nc
cell_methods	"time:mean (interval:600 seconds)"	huss.hist.CanESM2.CanRCM4.day.NAM-22i.mbcn-gridMET.nc
cell_methods	"time: mean"	huss.hist.HadGEM2-ES.WRF.day.NAM-22i.mbcn-gridMET.nc
cell_methods	"time: mean"	huss.hist.GFDL-ESM2M.WRF.day.NAM-22i.mbcn-gridMET.nc
cell_methods	"time: mean"	huss.hist.MPI-ESM-LR.WRF.day.NAM-22i.mbcn-gridMET.nc
