{'CORDEX_domain': 'NAM-22',
 'contact': {'CNRM-CM5.CRCM5-OUR': 'paquin.dominique@ouranos.ca',
             'CanESM2.CRCM5-OUR': 'giguere.michel@ouranos.ca',
             'CanESM2.CRCM5-UQAM': 'Winger.Katja@uqam.ca',
             'CanESM2.CanRCM4': 'cccma_info@ec.gc.ca',
             'GEMatm-Can.CRCM5-UQAM': 'Winger.Katja@uqam.ca',
             'GEMatm-MPI.CRCM5-UQAM': 'Winger.Katja@uqam.ca',
             'GFDL-ESM2M.CRCM5-OUR': 'biner.sebastien@ouranos.ca',
             'GFDL-ESM2M.RegCM4': 'Daryl Herzmann, akrherz@iastate.edu',
             'GFDL-ESM2M.WRF': 'Melissa Bukovsky, bukovsky@ucar.edu',
             'HadGEM2-ES.RegCM4': 'Daryl Herzmann, akrherz@iastate.edu',
             'HadGEM2-ES.WRF': 'Melissa Bukovsky, bukovsky@ucar.edu',
             'MPI-ESM-LR.CRCM5-OUR': 'paquin.dominique@ouranos.ca',
             'MPI-ESM-LR.CRCM5-UQAM': 'Winger.Katja@uqam.ca',
             'MPI-ESM-LR.RegCM4': 'Melissa Bukovsky, bukovsky@ucar.edu',
             'MPI-ESM-LR.WRF': 'Melissa Bukovsky, bukovsky@ucar.edu',
             'MPI-ESM-MR.CRCM5-UQAM': 'Winger.Katja@uqam.ca'},
 'contact_note': {'GFDL-ESM2M.RegCM4': 'Simulations by Ray Arritt (deceased)',
                  'HadGEM2-ES.RegCM4': 'Simulations by Ray Arritt (deceased)',
                  'MPI-ESM-LR.WRF': 'Simulations by Hsin-I Chang, hchang@atmo.arizona.edu'},
 'creation_date': {'CNRM-CM5.CRCM5-OUR': '2018-11-06 14:41',
                   'CanESM2.CRCM5-OUR': '2018-01-17 21:43',
                   'CanESM2.CRCM5-UQAM': '2017-10-31T00:04:23Z',
                   'CanESM2.CanRCM4': '2012-10-17 16:25:28',
                   'GEMatm-Can.CRCM5-UQAM': '2017-11-10T00:18:57Z',
                   'GEMatm-MPI.CRCM5-UQAM': '2017-11-11T06:37:24Z',
                   'GFDL-ESM2M.CRCM5-OUR': '2018-05-01 13:56',
                   'GFDL-ESM2M.RegCM4': '2017-01-01T00:00:00Z',
                   'GFDL-ESM2M.WRF': '2016-09-23T06:59:00Z',
                   'HadGEM2-ES.RegCM4': '2017-01-01T00:00:00Z',
                   'HadGEM2-ES.WRF': '2017-02-08T13:18:00Z',
                   'MPI-ESM-LR.CRCM5-OUR': '2018-10-05 13:45',
                   'MPI-ESM-LR.CRCM5-UQAM': '2017-11-08T05:08:16Z',
                   'MPI-ESM-LR.RegCM4': '2015-09-21T16:28:24Z',
                   'MPI-ESM-LR.WRF': '2017-10-30T00:00:00Z',
                   'MPI-ESM-MR.CRCM5-UQAM': '2017-11-06T19:51:15Z'},
 'driving_experiment': {'CNRM-CM5.CRCM5-OUR': 'CNRM-CM5 r1i1p1 historical,r1i1p1,r1i1p1',
                        'CanESM2.CRCM5-OUR': 'CanESM2 r1i1p1 historical,r1i1p1,r1i1p1',
                        'CanESM2.CRCM5-UQAM': 'CCCma-CanESM2, historical, r1i1p1',
                        'CanESM2.CanRCM4': 'CCCma-CanESM2, historical, r1i1p1',
                        'GEMatm-Can.CRCM5-UQAM': 'UQAM-GEMatm-Can-ESMsea, historical, r1i1p1',
                        'GEMatm-MPI.CRCM5-UQAM': 'UQAM-GEMatm-MPI-ESMsea, historical, r1i1p1',
                        'GFDL-ESM2M.CRCM5-OUR': 'GFDL-ESM2M r1i1p1 historical,r1i1p1,r1i1p1',
                        'GFDL-ESM2M.RegCM4': 'GFDL-ESM2M,historical,r1i1p1',
                        'GFDL-ESM2M.WRF': 'GFDL-ESM2M,historical,r1i1p1',
                        'HadGEM2-ES.RegCM4': 'HadGEM2-ES,historical,r1i1p1',
                        'HadGEM2-ES.WRF': 'HadGEM2-ES,rcp85,r1i1p1',
                        'MPI-ESM-LR.CRCM5-OUR': 'MPI-ESM-LR T63/L47  r1i1p1 historique,r1i1p1,r1i1p1',
                        'MPI-ESM-LR.CRCM5-UQAM': 'MPI-M-MPI-ESM-LR, historical, r1i1p1',
                        'MPI-ESM-LR.RegCM4': 'MPI-ESM-LR,historical,r1i1p1',
                        'MPI-ESM-LR.WRF': 'MPI-ESM-LR,historical,r1i1p1',
                        'MPI-ESM-MR.CRCM5-UQAM': 'MPI-M-MPI-ESM-MR, historical, r1i1p1'},
 'driving_experiment_name': 'historical',
 'driving_model_ensemble_member': {'CNRM-CM5.CRCM5-OUR': 'r1i1p1',
                                   'CanESM2.CRCM5-OUR': 'r1i1p1',
                                   'CanESM2.CRCM5-UQAM': 'r1i1p1',
                                   'CanESM2.CanRCM4': 'r1i1p1',
                                   'GEMatm-Can.CRCM5-UQAM': 'r1i1p1',
                                   'GEMatm-MPI.CRCM5-UQAM': 'r1i1p1',
                                   'GFDL-ESM2M.CRCM5-OUR': 'r1i1p1',
                                   'GFDL-ESM2M.RegCM4': 'r1i1p1',
                                   'GFDL-ESM2M.WRF': 'r1i1p1',
                                   'HadGEM2-ES.RegCM4': 'r1i1p1',
                                   'HadGEM2-ES.WRF': 'r1i1p1',
                                   'MPI-ESM-LR.CRCM5-OUR': 'r1i1p1',
                                   'MPI-ESM-LR.CRCM5-UQAM': 'r1i1p1',
                                   'MPI-ESM-LR.RegCM4': 'r1i1p1',
                                   'MPI-ESM-LR.WRF': 'r1i1p1',
                                   'MPI-ESM-MR.CRCM5-UQAM': 'r1i1p1'},
 'driving_model_id': {'CNRM-CM5.CRCM5-OUR': 'CNRM-CM5',
                      'CanESM2.CRCM5-OUR': 'CCCma-CanESM2',
                      'CanESM2.CRCM5-UQAM': 'CCCma-CanESM2',
                      'CanESM2.CanRCM4': 'CCCma-CanESM2',
                      'GEMatm-Can.CRCM5-UQAM': 'UQAM-GEMatm-Can-ESMsea',
                      'GEMatm-MPI.CRCM5-UQAM': 'UQAM-GEMatm-MPI-ESMsea',
                      'GFDL-ESM2M.CRCM5-OUR': 'GFDL-ESM2M',
                      'GFDL-ESM2M.RegCM4': 'GFDL-ESM2M',
                      'GFDL-ESM2M.WRF': 'GFDL-ESM2M',
                      'HadGEM2-ES.RegCM4': 'HadGEM2-ES',
                      'HadGEM2-ES.WRF': 'HadGEM2-ES',
                      'MPI-ESM-LR.CRCM5-UQAM': 'MPI-M-MPI-ESM-LR',
                      'MPI-ESM-LR.RegCM4': 'MPI-ESM-LR',
                      'MPI-ESM-LR.WRF': 'MPI-ESM-LR',
                      'MPI-ESM-MR.CRCM5-UQAM': 'MPI-M-MPI-ESM-MR'},
 'experiment': 'historical',
 'experiment_id': 'historical',
 'frequency': 'ann',
 'id': 'doi:10.5065/D6SJ1JCH',
 'institute_id': {'CNRM-CM5.CRCM5-OUR': 'OURANOS',
                  'CanESM2.CRCM5-OUR': 'OURANOS',
                  'CanESM2.CRCM5-UQAM': 'UQAM',
                  'CanESM2.CanRCM4': 'CCCma',
                  'GEMatm-Can.CRCM5-UQAM': 'UQAM',
                  'GEMatm-MPI.CRCM5-UQAM': 'UQAM',
                  'GFDL-ESM2M.CRCM5-OUR': 'OURANOS',
                  'GFDL-ESM2M.RegCM4': 'ISU',
                  'GFDL-ESM2M.WRF': 'NCAR',
                  'HadGEM2-ES.RegCM4': 'ISU',
                  'HadGEM2-ES.WRF': 'NCAR',
                  'MPI-ESM-LR.CRCM5-OUR': 'OURANOS',
                  'MPI-ESM-LR.CRCM5-UQAM': 'UQAM',
                  'MPI-ESM-LR.RegCM4': 'NCAR',
                  'MPI-ESM-LR.WRF': 'UA',
                  'MPI-ESM-MR.CRCM5-UQAM': 'UQAM'},
 'institution': {'CNRM-CM5.CRCM5-OUR': 'Ouranos',
                 'CanESM2.CRCM5-OUR': 'Ouranos',
                 'CanESM2.CRCM5-UQAM': 'Universite du Quebec a Montreal',
                 'CanESM2.CanRCM4': 'CCCma (Canadian Centre for Climate Modelling and Analysis, Victoria, BC, Canada)',
                 'GEMatm-Can.CRCM5-UQAM': 'Universite du Quebec a Montreal',
                 'GEMatm-MPI.CRCM5-UQAM': 'Universite du Quebec a Montreal',
                 'GFDL-ESM2M.CRCM5-OUR': 'Ouranos',
                 'GFDL-ESM2M.RegCM4': 'Iowa State University',
                 'GFDL-ESM2M.WRF': 'National Center for Atmospheric Research',
                 'HadGEM2-ES.RegCM4': 'Iowa State University',
                 'HadGEM2-ES.WRF': 'National Center for Atmospheric Research',
                 'MPI-ESM-LR.CRCM5-OUR': 'Ouranos',
                 'MPI-ESM-LR.CRCM5-UQAM': 'Universite du Quebec a Montreal',
                 'MPI-ESM-LR.RegCM4': 'National Center for Atmospheric Research',
                 'MPI-ESM-LR.WRF': 'University of Arizona',
                 'MPI-ESM-MR.CRCM5-UQAM': 'Universite du Quebec a Montreal'},
 'model_id': {'CNRM-CM5.CRCM5-OUR': 'OURANOS-CRCM5',
              'CanESM2.CRCM5-OUR': 'OURANOS-CRCM5',
              'CanESM2.CRCM5-UQAM': 'UQAM-CRCM5',
              'CanESM2.CanRCM4': 'CCCma-CanRCM4',
              'GEMatm-Can.CRCM5-UQAM': 'UQAM-CRCM5',
              'GEMatm-MPI.CRCM5-UQAM': 'UQAM-CRCM5',
              'GFDL-ESM2M.CRCM5-OUR': 'OURANOS-CRCM5',
              'GFDL-ESM2M.RegCM4': 'ISU-RegCM4',
              'GFDL-ESM2M.WRF': 'NCAR-WRF',
              'HadGEM2-ES.RegCM4': 'ISU-RegCM4',
              'HadGEM2-ES.WRF': 'NCAR-WRF',
              'MPI-ESM-LR.CRCM5-OUR': 'OURANOS-CRCM5',
              'MPI-ESM-LR.CRCM5-UQAM': 'UQAM-CRCM5',
              'MPI-ESM-LR.RegCM4': 'NCAR-RegCM4',
              'MPI-ESM-LR.WRF': 'UA-WRF',
              'MPI-ESM-MR.CRCM5-UQAM': 'UQAM-CRCM5'},
 'product': 'output',
 'project_id': 'CORDEX',
 'rcm_version_id': {'CNRM-CM5.CRCM5-OUR': 'v1',
                    'CanESM2.CRCM5-OUR': 'v1',
                    'CanESM2.CRCM5-UQAM': 'v1',
                    'CanESM2.CanRCM4': 'r2',
                    'GEMatm-Can.CRCM5-UQAM': 'v1',
                    'GEMatm-MPI.CRCM5-UQAM': 'v1',
                    'GFDL-ESM2M.CRCM5-OUR': 'v1',
                    'GFDL-ESM2M.RegCM4': 'v4.4-rc8',
                    'GFDL-ESM2M.WRF': 'v3.5.1',
                    'HadGEM2-ES.RegCM4': 'v4.4-rc8',
                    'HadGEM2-ES.WRF': 'v3.5.1',
                    'MPI-ESM-LR.CRCM5-OUR': 'v1',
                    'MPI-ESM-LR.CRCM5-UQAM': 'v1',
                    'MPI-ESM-LR.RegCM4': 'v4.4-rc8',
                    'MPI-ESM-LR.WRF': 'v3.5.1',
                    'MPI-ESM-MR.CRCM5-UQAM': 'v1'},
 'references': {'CNRM-CM5.CRCM5-OUR': 'http://www.ouranos.ca',
                'CanESM2.CRCM5-OUR': 'http://www.ouranos.ca',
                'CanESM2.CRCM5-UQAM': 'http://www.mrcc.uqam.ca',
                'CanESM2.CanRCM4': 'http://www.cccma.ec.gc.ca/models',
                'GEMatm-Can.CRCM5-UQAM': 'http://www.mrcc.uqam.ca',
                'GEMatm-MPI.CRCM5-UQAM': 'http://www.mrcc.uqam.ca',
                'GFDL-ESM2M.CRCM5-OUR': 'http://www.ouranos.ca',
                'GFDL-ESM2M.RegCM4': 'Elguindi, et al. Regional climate model RegCM user manual version 4.4. The Abdus Salam International Centre '
                                     'for Theoretical Physics, Strada Costiera, Trieste, Italy. (2013).',
                'GFDL-ESM2M.WRF': "Skamarock, et al., 2005. 'A description of the Advanced Research WRF version 2.' NCAR Tech. Note NCAR/TN-468+STR",
                'HadGEM2-ES.RegCM4': 'Elguindi, et al. Regional climate model RegCM user manual version 4.4. The Abdus Salam International Centre '
                                     'for Theoretical Physics, Strada Costiera, Trieste, Italy. (2013).',
                'HadGEM2-ES.WRF': "Skamarock, et al., 2005. 'A description of the Advanced Research WRF version 2.' NCAR Tech. Note NCAR/TN-468+STR",
                'MPI-ESM-LR.CRCM5-OUR': 'http://www.ouranos.ca',
                'MPI-ESM-LR.CRCM5-UQAM': 'http://www.mrcc.uqam.ca',
                'MPI-ESM-LR.RegCM4': 'Elguindi, et al. Regional climate model RegCM user manual version 4.4. The Abdus Salam International Centre '
                                     'for Theoretical Physics, Strada Costiera, Trieste, Italy. (2013).',
                'MPI-ESM-LR.WRF': "Skamarock, et al., 2005. 'A description of the Advanced Research WRF version 2.' NCAR Tech. Note NCAR/TN-468+STR",
                'MPI-ESM-MR.CRCM5-UQAM': 'http://www.mrcc.uqam.ca'},
 'title': {'CNRM-CM5.CRCM5-OUR': 'NA-CORDEX Raw NAM-22 CRCM5-OUR CNRM-CM5 Hist Annual Mean 2m Specific Humidity',
           'CanESM2.CRCM5-OUR': 'NA-CORDEX Raw NAM-22 CRCM5-OUR CanESM2 Hist Annual Mean 2m Specific Humidity',
           'CanESM2.CRCM5-UQAM': 'NA-CORDEX Raw NAM-22 CRCM5-UQAM CanESM2 Hist Annual Mean 2m Specific Humidity',
           'CanESM2.CanRCM4': 'NA-CORDEX Raw NAM-22 CanRCM4 CanESM2 Hist Annual Mean 2m Specific Humidity',
           'GEMatm-Can.CRCM5-UQAM': 'NA-CORDEX Raw NAM-22 CRCM5-UQAM GEMatm-Can Hist Annual Mean 2m Specific Humidity',
           'GEMatm-MPI.CRCM5-UQAM': 'NA-CORDEX Raw NAM-22 CRCM5-UQAM GEMatm-MPI Hist Annual Mean 2m Specific Humidity',
           'GFDL-ESM2M.CRCM5-OUR': 'NA-CORDEX Raw NAM-22 CRCM5-OUR GFDL-ESM2M Hist Annual Mean 2m Specific Humidity',
           'GFDL-ESM2M.RegCM4': 'NA-CORDEX Raw NAM-22 RegCM4 GFDL-ESM2M Hist Annual Mean 2m Specific Humidity',
           'GFDL-ESM2M.WRF': 'NA-CORDEX Raw NAM-22 WRF GFDL-ESM2M Hist Annual Mean 2m Specific Humidity',
           'HadGEM2-ES.RegCM4': 'NA-CORDEX Raw NAM-22 RegCM4 HadGEM2-ES Hist Annual Mean 2m Specific Humidity',
           'HadGEM2-ES.WRF': 'NA-CORDEX Raw NAM-22 WRF HadGEM2-ES Hist Annual Mean 2m Specific Humidity',
           'MPI-ESM-LR.CRCM5-OUR': 'NA-CORDEX Raw NAM-22 CRCM5-OUR MPI-ESM-LR Hist Annual Mean 2m Specific Humidity',
           'MPI-ESM-LR.CRCM5-UQAM': 'NA-CORDEX Raw NAM-22 CRCM5-UQAM MPI-ESM-LR Hist Annual Mean 2m Specific Humidity',
           'MPI-ESM-LR.RegCM4': 'NA-CORDEX Raw NAM-22 RegCM4 MPI-ESM-LR Hist Annual Mean 2m Specific Humidity',
           'MPI-ESM-LR.WRF': 'NA-CORDEX Raw NAM-22 WRF MPI-ESM-LR Hist Annual Mean 2m Specific Humidity',
           'MPI-ESM-MR.CRCM5-UQAM': 'NA-CORDEX Raw NAM-22 CRCM5-UQAM MPI-ESM-MR Hist Annual Mean 2m Specific Humidity'},
 'tracking_id': {'CNRM-CM5.CRCM5-OUR': '60d923c5-e596-415f-bcc7-e21f53176f37',
                 'CanESM2.CRCM5-OUR': '79f91c93-d324-454b-b265-caeaad4b336a',
                 'CanESM2.CRCM5-UQAM': 'e5b1cb31-2846-44d1-bae8-63278349e2fe',
                 'CanESM2.CanRCM4': 'f0b65800-1235-43fe-a9a6-12065e4b9508',
                 'GEMatm-Can.CRCM5-UQAM': '729f7403-90f1-4821-ba27-e3c0e32a4e75',
                 'GEMatm-MPI.CRCM5-UQAM': 'dc87f4b9-109c-485f-b1f1-24dc5ca22b27',
                 'GFDL-ESM2M.CRCM5-OUR': '35c22a00-318d-48fa-b449-eade7b945f80',
                 'GFDL-ESM2M.RegCM4': '23b8eaf4-877d-4156-b4ae-43681ffc77d2',
                 'GFDL-ESM2M.WRF': 'f586ad93-ce38-43e5-8dc8-96ab725ee4c1',
                 'HadGEM2-ES.RegCM4': '78423f9d-212d-4769-bf84-c1557b0a12c2',
                 'HadGEM2-ES.WRF': '4d5bc5e8-c46d-4259-b229-17b94fc0835d',
                 'MPI-ESM-LR.CRCM5-OUR': '8333d24e-97c9-473e-929d-decb93ec93cc',
                 'MPI-ESM-LR.CRCM5-UQAM': 'ec725a55-44c8-4995-9075-9c8ea0644166',
                 'MPI-ESM-LR.RegCM4': '01c6ed73-5f90-46c6-8cdd-e788430c57e4',
                 'MPI-ESM-LR.WRF': '8cd96f58-dd99-4f68-8572-26d444170697',
                 'MPI-ESM-MR.CRCM5-UQAM': '743674e6-11f4-4dfa-b59e-1f6dc66c3e40'},
 'version': {'CNRM-CM5.CRCM5-OUR': '1.0',
             'CanESM2.CRCM5-OUR': '1.0',
             'CanESM2.CRCM5-UQAM': '1.1',
             'CanESM2.CanRCM4': '1.2',
             'GEMatm-Can.CRCM5-UQAM': '1.1',
             'GEMatm-MPI.CRCM5-UQAM': '1.1',
             'GFDL-ESM2M.CRCM5-OUR': '1.0',
             'GFDL-ESM2M.RegCM4': '1.4',
             'GFDL-ESM2M.WRF': '1.2',
             'HadGEM2-ES.RegCM4': '1.4',
             'HadGEM2-ES.WRF': '1.2',
             'MPI-ESM-LR.CRCM5-OUR': '1.0',
             'MPI-ESM-LR.CRCM5-UQAM': '1.1',
             'MPI-ESM-LR.RegCM4': '1.4',
             'MPI-ESM-LR.WRF': '2.2',
             'MPI-ESM-MR.CRCM5-UQAM': '3.1'}}
