{'CORDEX_domain': 'NAM-22',
 'contact': {'CanESM2.CRCM5-UQAM': 'Seth McGinnis, mcginnis@ucar.edu',
             'CanESM2.CanRCM4': 'Seth McGinnis, mcginnis@ucar.edu',
             'GEMatm-Can.CRCM5-UQAM': 'Seth McGinnis, mcginnis@ucar.edu',
             'GEMatm-MPI.CRCM5-UQAM': 'Seth McGinnis, mcginnis@ucar.edu',
             'GFDL-ESM2M.RegCM4': 'Daryl Herzmann, akrherz@iastate.edu',
             'GFDL-ESM2M.WRF': 'Seth McGinnis, mcginnis@ucar.edu',
             'HadGEM2-ES.RegCM4': 'Daryl Herzmann, akrherz@iastate.edu',
             'HadGEM2-ES.WRF': 'Seth McGinnis, mcginnis@ucar.edu',
             'MPI-ESM-LR.CRCM5-UQAM': 'Seth McGinnis, mcginnis@ucar.edu',
             'MPI-ESM-LR.RegCM4': 'Melissa Bukovsky, bukovsky@ucar.edu',
             'MPI-ESM-LR.WRF': 'Seth McGinnis, mcginnis@ucar.edu',
             'MPI-ESM-MR.CRCM5-UQAM': 'Seth McGinnis, mcginnis@ucar.edu'},
 'contact_note': {'GFDL-ESM2M.RegCM4': 'Simulations by Ray Arritt (deceased)', 'HadGEM2-ES.RegCM4': 'Simulations by Ray Arritt (deceased)'},
 'creation_date': {'CanESM2.CRCM5-UQAM': '2020-03-13',
                   'CanESM2.CanRCM4': '2020-03-13',
                   'GEMatm-Can.CRCM5-UQAM': '2020-03-13',
                   'GEMatm-MPI.CRCM5-UQAM': '2020-03-13',
                   'GFDL-ESM2M.RegCM4': '2020-03-13',
                   'GFDL-ESM2M.WRF': '2020-03-13',
                   'HadGEM2-ES.RegCM4': '2020-05-11',
                   'HadGEM2-ES.WRF': '2020-03-13',
                   'MPI-ESM-LR.CRCM5-UQAM': '2020-03-13',
                   'MPI-ESM-LR.RegCM4': '2020-03-13',
                   'MPI-ESM-LR.WRF': '2020-03-13',
                   'MPI-ESM-MR.CRCM5-UQAM': '2020-03-13'},
 'driving_experiment': {'CanESM2.CRCM5-UQAM': 'CCCma-CanESM2, historical, r1i1p1',
                        'CanESM2.CanRCM4': 'CCCma-CanESM2, historical, r1i1p1',
                        'GEMatm-Can.CRCM5-UQAM': 'UQAM-GEMatm-Can-ESMsea, historical, r1i1p1',
                        'GEMatm-MPI.CRCM5-UQAM': 'UQAM-GEMatm-MPI-ESMsea, historical, r1i1p1',
                        'GFDL-ESM2M.RegCM4': 'GFDL-ESM2M,historical,r1i1p1',
                        'GFDL-ESM2M.WRF': 'GFDL-ESM2M,historical,r1i1p1',
                        'HadGEM2-ES.RegCM4': 'HadGEM2-ES,historical,r1i1p1',
                        'HadGEM2-ES.WRF': 'HadGEM2-ES,rcp85,r1i1p1',
                        'MPI-ESM-LR.CRCM5-UQAM': 'MPI-M-MPI-ESM-LR, historical, r1i1p1',
                        'MPI-ESM-LR.RegCM4': 'MPI-ESM-LR,historical,r1i1p1',
                        'MPI-ESM-LR.WRF': 'MPI-ESM-LR,historical,r1i1p1',
                        'MPI-ESM-MR.CRCM5-UQAM': 'MPI-M-MPI-ESM-MR, historical, r1i1p1'},
 'driving_experiment_name': 'historical',
 'driving_model_ensemble_member': {'CanESM2.CRCM5-UQAM': 'r1i1p1',
                                   'CanESM2.CanRCM4': 'r1i1p1',
                                   'GEMatm-Can.CRCM5-UQAM': 'r1i1p1',
                                   'GEMatm-MPI.CRCM5-UQAM': 'r1i1p1',
                                   'GFDL-ESM2M.RegCM4': 'r1i1p1',
                                   'GFDL-ESM2M.WRF': 'r1i1p1',
                                   'HadGEM2-ES.RegCM4': 'r1i1p1',
                                   'HadGEM2-ES.WRF': 'r1i1p1',
                                   'MPI-ESM-LR.CRCM5-UQAM': 'r1i1p1',
                                   'MPI-ESM-LR.RegCM4': 'r1i1p1',
                                   'MPI-ESM-LR.WRF': 'r1i1p1',
                                   'MPI-ESM-MR.CRCM5-UQAM': 'r1i1p1'},
 'driving_model_id': {'CanESM2.CRCM5-UQAM': 'CCCma-CanESM2',
                      'CanESM2.CanRCM4': 'CCCma-CanESM2',
                      'GEMatm-Can.CRCM5-UQAM': 'UQAM-GEMatm-Can-ESMsea',
                      'GEMatm-MPI.CRCM5-UQAM': 'UQAM-GEMatm-MPI-ESMsea',
                      'GFDL-ESM2M.RegCM4': 'GFDL-ESM2M',
                      'GFDL-ESM2M.WRF': 'GFDL-ESM2M',
                      'HadGEM2-ES.RegCM4': 'HadGEM2-ES',
                      'HadGEM2-ES.WRF': 'HadGEM2-ES',
                      'MPI-ESM-LR.CRCM5-UQAM': 'MPI-M-MPI-ESM-LR',
                      'MPI-ESM-LR.RegCM4': 'MPI-ESM-LR',
                      'MPI-ESM-LR.WRF': 'MPI-ESM-LR',
                      'MPI-ESM-MR.CRCM5-UQAM': 'MPI-M-MPI-ESM-MR'},
 'experiment': 'historical',
 'experiment_id': 'historical',
 'frequency': 'day',
 'id': 'doi:10.5065/D6SJ1JCH',
 'institute_id': {'GFDL-ESM2M.RegCM4': 'ISU',
                  'GFDL-ESM2M.WRF': 'NCAR',
                  'HadGEM2-ES.RegCM4': 'ISU',
                  'HadGEM2-ES.WRF': 'NCAR',
                  'MPI-ESM-LR.RegCM4': 'NCAR',
                  'MPI-ESM-LR.WRF': 'UA'},
 'institution': {'CanESM2.CRCM5-UQAM': 'National Center for Atmospheric Research',
                 'CanESM2.CanRCM4': 'National Center for Atmospheric Research',
                 'GEMatm-Can.CRCM5-UQAM': 'National Center for Atmospheric Research',
                 'GEMatm-MPI.CRCM5-UQAM': 'National Center for Atmospheric Research',
                 'GFDL-ESM2M.RegCM4': 'Iowa State University',
                 'GFDL-ESM2M.WRF': 'National Center for Atmospheric Research',
                 'HadGEM2-ES.RegCM4': 'Iowa State University',
                 'HadGEM2-ES.WRF': 'National Center for Atmospheric Research',
                 'MPI-ESM-LR.CRCM5-UQAM': 'National Center for Atmospheric Research',
                 'MPI-ESM-LR.RegCM4': 'National Center for Atmospheric Research',
                 'MPI-ESM-LR.WRF': 'University of Arizona',
                 'MPI-ESM-MR.CRCM5-UQAM': 'National Center for Atmospheric Research'},
 'model_id': {'CanESM2.CRCM5-UQAM': 'UQAM-CRCM5',
              'CanESM2.CanRCM4': 'CCCma-CanRCM4',
              'GEMatm-Can.CRCM5-UQAM': 'UQAM-CRCM5',
              'GEMatm-MPI.CRCM5-UQAM': 'UQAM-CRCM5',
              'GFDL-ESM2M.RegCM4': 'ISU-RegCM4',
              'GFDL-ESM2M.WRF': 'NCAR-WRF',
              'HadGEM2-ES.RegCM4': 'ISU-RegCM4',
              'HadGEM2-ES.WRF': 'NCAR-WRF',
              'MPI-ESM-LR.CRCM5-UQAM': 'UQAM-CRCM5',
              'MPI-ESM-LR.RegCM4': 'NCAR-RegCM4',
              'MPI-ESM-LR.WRF': 'UA-WRF',
              'MPI-ESM-MR.CRCM5-UQAM': 'UQAM-CRCM5'},
 'product': 'bias-adjusted-output',
 'project_id': 'CORDEX-Adjust',
 'rcm_version_id': {'CanESM2.CRCM5-UQAM': 'v1',
                    'CanESM2.CanRCM4': 'r2',
                    'GEMatm-Can.CRCM5-UQAM': 'v1',
                    'GEMatm-MPI.CRCM5-UQAM': 'v1',
                    'GFDL-ESM2M.RegCM4': 'v4.4-rc8',
                    'GFDL-ESM2M.WRF': 'v3.5.1',
                    'HadGEM2-ES.RegCM4': 'v4.4-rc8',
                    'HadGEM2-ES.WRF': 'v3.5.1',
                    'MPI-ESM-LR.CRCM5-UQAM': 'v1',
                    'MPI-ESM-LR.RegCM4': 'v4.4-rc8',
                    'MPI-ESM-LR.WRF': 'v3.5.1',
                    'MPI-ESM-MR.CRCM5-UQAM': 'v1'},
 'references': {'CanESM2.CRCM5-UQAM': 'http://www.mrcc.uqam.ca',
                'CanESM2.CanRCM4': 'http://www.cccma.ec.gc.ca/models',
                'GEMatm-Can.CRCM5-UQAM': 'http://www.mrcc.uqam.ca',
                'GEMatm-MPI.CRCM5-UQAM': 'http://www.mrcc.uqam.ca',
                'GFDL-ESM2M.RegCM4': 'Elguindi, et al. Regional climate model RegCM user manual version 4.4. The Abdus Salam International Centre '
                                     'for Theoretical Physics, Strada Costiera, Trieste, Italy. (2013).',
                'GFDL-ESM2M.WRF': "Skamarock, et al., 2005. 'A description of the Advanced Research WRF version 2.' NCAR Tech. Note NCAR/TN-468+STR",
                'HadGEM2-ES.RegCM4': 'Elguindi, et al. Regional climate model RegCM user manual version 4.4. The Abdus Salam International Centre '
                                     'for Theoretical Physics, Strada Costiera, Trieste, Italy. (2013).',
                'HadGEM2-ES.WRF': "Skamarock, et al., 2005. 'A description of the Advanced Research WRF version 2.' NCAR Tech. Note NCAR/TN-468+STR",
                'MPI-ESM-LR.CRCM5-UQAM': 'http://www.mrcc.uqam.ca',
                'MPI-ESM-LR.RegCM4': 'Elguindi, et al. Regional climate model RegCM user manual version 4.4. The Abdus Salam International Centre '
                                     'for Theoretical Physics, Strada Costiera, Trieste, Italy. (2013).',
                'MPI-ESM-LR.WRF': "Skamarock, et al., 2005. 'A description of the Advanced Research WRF version 2.' NCAR Tech. Note NCAR/TN-468+STR",
                'MPI-ESM-MR.CRCM5-UQAM': 'http://www.mrcc.uqam.ca'},
 'title': {'CanESM2.CRCM5-UQAM': 'NA-CORDEX MBCn NAM-22i CRCM5-UQAM CanESM2 Hist Daily Mean 2m Specific Humidity',
           'CanESM2.CanRCM4': 'NA-CORDEX MBCn NAM-22i CanRCM4 CanESM2 Hist Daily Mean 2m Specific Humidity',
           'GEMatm-Can.CRCM5-UQAM': 'NA-CORDEX MBCn NAM-22i CRCM5-UQAM GEMatm-Can Hist Daily Mean 2m Specific Humidity',
           'GEMatm-MPI.CRCM5-UQAM': 'NA-CORDEX MBCn NAM-22i CRCM5-UQAM GEMatm-MPI Hist Daily Mean 2m Specific Humidity',
           'GFDL-ESM2M.RegCM4': 'NA-CORDEX MBCn NAM-22i RegCM4 GFDL-ESM2M Hist Daily Mean 2m Specific Humidity',
           'GFDL-ESM2M.WRF': 'NA-CORDEX MBCn NAM-22i WRF GFDL-ESM2M Hist Daily Mean 2m Specific Humidity',
           'HadGEM2-ES.RegCM4': 'NA-CORDEX MBCn NAM-22i RegCM4 HadGEM2-ES Hist Daily Mean 2m Specific Humidity',
           'HadGEM2-ES.WRF': 'NA-CORDEX MBCn NAM-22i WRF HadGEM2-ES Hist Daily Mean 2m Specific Humidity',
           'MPI-ESM-LR.CRCM5-UQAM': 'NA-CORDEX MBCn NAM-22i CRCM5-UQAM MPI-ESM-LR Hist Daily Mean 2m Specific Humidity',
           'MPI-ESM-LR.RegCM4': 'NA-CORDEX MBCn NAM-22i RegCM4 MPI-ESM-LR Hist Daily Mean 2m Specific Humidity',
           'MPI-ESM-LR.WRF': 'NA-CORDEX MBCn NAM-22i WRF MPI-ESM-LR Hist Daily Mean 2m Specific Humidity',
           'MPI-ESM-MR.CRCM5-UQAM': 'NA-CORDEX MBCn NAM-22i CRCM5-UQAM MPI-ESM-MR Hist Daily Mean 2m Specific Humidity'},
 'tracking_id': {'CanESM2.CRCM5-UQAM': 'eef9b61b-ba7f-41ea-9865-c570959d0b6a',
                 'CanESM2.CanRCM4': 'd8a40a48-f546-45be-a986-71c06e7d0bce',
                 'GEMatm-Can.CRCM5-UQAM': '8ce03954-451a-4bae-854e-284c6da40806',
                 'GEMatm-MPI.CRCM5-UQAM': 'b495dbeb-c58e-45f0-a9e8-1965ee985b0c',
                 'GFDL-ESM2M.RegCM4': 'e2fb76a2-302c-435c-b5c7-34dfbdf5e6f2',
                 'GFDL-ESM2M.WRF': 'fc4a351a-0915-4a07-87dc-f0ab78165431',
                 'HadGEM2-ES.RegCM4': '21e11026-9258-416d-8231-ee2839135f19',
                 'HadGEM2-ES.WRF': '9543c46b-02d6-43a7-bd25-4507eaa3277b',
                 'MPI-ESM-LR.CRCM5-UQAM': 'b2704bed-937f-4702-90ca-86a702a82b96',
                 'MPI-ESM-LR.RegCM4': '895bf6a9-616f-4401-8a6e-e510bad1aa24',
                 'MPI-ESM-LR.WRF': '5785ef51-3e8b-419f-942f-488f05069f6f',
                 'MPI-ESM-MR.CRCM5-UQAM': 'd62dc9e3-6edd-4be1-a219-8e45b3451940'},
 'version': {'CanESM2.CRCM5-UQAM': '1.0',
             'CanESM2.CanRCM4': '1.2',
             'GEMatm-Can.CRCM5-UQAM': '1.0',
             'GEMatm-MPI.CRCM5-UQAM': '1.0',
             'GFDL-ESM2M.RegCM4': '2.0',
             'GFDL-ESM2M.WRF': '1.2',
             'HadGEM2-ES.RegCM4': '2.0',
             'HadGEM2-ES.WRF': '1.2',
             'MPI-ESM-LR.CRCM5-UQAM': '1.0',
             'MPI-ESM-LR.RegCM4': '1.3',
             'MPI-ESM-LR.WRF': '2.2',
             'MPI-ESM-MR.CRCM5-UQAM': '3.0'}}
