experiment	"rcp85"	pr.rcp85.MPI-ESM-MR.CRCM5-UQAM.day.NAM-22i.raw.nc
experiment	"rcp85"	pr.rcp85.GEMatm-Can.CRCM5-UQAM.day.NAM-22i.raw.nc
experiment	"rcp85"	pr.rcp85.MPI-ESM-LR.CRCM5-UQAM.day.NAM-22i.raw.nc
experiment	"rcp85"	pr.rcp85.CanESM2.CRCM5-UQAM.day.NAM-22i.raw.nc
experiment	"rcp85"	pr.rcp85.GEMatm-MPI.CRCM5-UQAM.day.NAM-22i.raw.nc
experiment	"simulation future membre #1"	pr.rcp85.CNRM-CM5.CRCM5-OUR.day.NAM-22i.raw.nc
experiment	"simulation rcp85 membre #1"	pr.rcp85.GFDL-ESM2M.CRCM5-OUR.day.NAM-22i.raw.nc
experiment	"simulation future membre 1"	pr.rcp85.MPI-ESM-LR.CRCM5-OUR.day.NAM-22i.raw.nc
experiment	"simulation future membre #1"	pr.rcp85.CanESM2.CRCM5-OUR.day.NAM-22i.raw.nc
experiment	"Scenario experiment using HadGEM2-ES as driving model"	pr.rcp85.HadGEM2-ES.RegCM4.day.NAM-22i.raw.nc
experiment	"Scenario experiment using GFDL-ESM2M as driving model"	pr.rcp85.GFDL-ESM2M.RegCM4.day.NAM-22i.raw.nc
experiment	"Scenario experiment using MPI-ESM-LR as driving model"	pr.rcp85.MPI-ESM-LR.RegCM4.day.NAM-22i.raw.nc
experiment	"RCP8.5 run driven by CCCma-CanESM2 "	pr.rcp85.CanESM2.CanRCM4.day.NAM-22i.raw.nc
experiment	"Scenario experiment using HadGEM2-ES as driving model"	pr.rcp85.HadGEM2-ES.WRF.day.NAM-22i.raw.nc
experiment	"Scenario experiment using GFDL-ESM2M as driving model"	pr.rcp85.GFDL-ESM2M.WRF.day.NAM-22i.raw.nc
experiment	"Scenario experiment using MPI-ESM-LR as driving model"	pr.rcp85.MPI-ESM-LR.WRF.day.NAM-22i.raw.nc
driving_experiment_name	"rcp85"	pr.rcp85.MPI-ESM-MR.CRCM5-UQAM.day.NAM-22i.raw.nc
driving_experiment_name	"rcp85"	pr.rcp85.GEMatm-Can.CRCM5-UQAM.day.NAM-22i.raw.nc
driving_experiment_name	"rcp85"	pr.rcp85.MPI-ESM-LR.CRCM5-UQAM.day.NAM-22i.raw.nc
driving_experiment_name	"rcp85"	pr.rcp85.CanESM2.CRCM5-UQAM.day.NAM-22i.raw.nc
driving_experiment_name	"rcp85"	pr.rcp85.GEMatm-MPI.CRCM5-UQAM.day.NAM-22i.raw.nc
driving_experiment_name	"r1i1p1"	pr.rcp85.CNRM-CM5.CRCM5-OUR.day.NAM-22i.raw.nc
driving_experiment_name	"r1i1p1"	pr.rcp85.GFDL-ESM2M.CRCM5-OUR.day.NAM-22i.raw.nc
driving_experiment_name	"r1i1p1"	pr.rcp85.MPI-ESM-LR.CRCM5-OUR.day.NAM-22i.raw.nc
driving_experiment_name	"r1i1p1"	pr.rcp85.CanESM2.CRCM5-OUR.day.NAM-22i.raw.nc
driving_experiment_name	"HadGEM2-ES"	pr.rcp85.HadGEM2-ES.RegCM4.day.NAM-22i.raw.nc
driving_experiment_name	"GFDL-ESM2M"	pr.rcp85.GFDL-ESM2M.RegCM4.day.NAM-22i.raw.nc
driving_experiment_name	"MPI-ESM-LR"	pr.rcp85.MPI-ESM-LR.RegCM4.day.NAM-22i.raw.nc
driving_experiment_name	"rcp85"	pr.rcp85.CanESM2.CanRCM4.day.NAM-22i.raw.nc
driving_experiment_name	"rcp85"	pr.rcp85.HadGEM2-ES.WRF.day.NAM-22i.raw.nc
driving_experiment_name	"rcp85"	pr.rcp85.GFDL-ESM2M.WRF.day.NAM-22i.raw.nc
driving_experiment_name	"rcp85"	pr.rcp85.MPI-ESM-LR.WRF.day.NAM-22i.raw.nc
