{'CORDEX_domain': 'NAM-44',
 'contact': {'CanESM2.CRCM5-UQAM': 'Winger.Katja@uqam.ca',
             'CanESM2.CanRCM4': 'cccma_info@ec.gc.ca',
             'CanESM2.RCA4': 'rossby.cordex@smhi.se',
             'EC-EARTH.HIRHAM5': 'obc@dmi.dk',
             'EC-EARTH.RCA4': 'rossby.cordex@smhi.se',
             'GEMatm-Can.CRCM5-UQAM': 'Winger.Katja@uqam.ca',
             'GEMatm-MPI.CRCM5-UQAM': 'Winger.Katja@uqam.ca',
             'GFDL-ESM2M.RegCM4': 'Daryl Herzmann, akrherz@iastate.edu',
             'GFDL-ESM2M.WRF': 'Melissa Bukovsky, bukovsky@ucar.edu',
             'HadGEM2-ES.RegCM4': 'Daryl Herzmann, akrherz@iastate.edu',
             'HadGEM2-ES.WRF': 'Melissa Bukovsky, bukovsky@ucar.edu',
             'MPI-ESM-LR.CRCM5-UQAM': 'Winger.Katja@uqam.ca',
             'MPI-ESM-LR.RegCM4': 'Melissa Bukovsky, bukovsky@ucar.edu',
             'MPI-ESM-LR.WRF': 'Melissa Bukovsky, bukovsky@ucar.edu',
             'MPI-ESM-MR.CRCM5-UQAM': 'Winger.Katja@uqam.ca'},
 'contact_note': {'GFDL-ESM2M.RegCM4': 'Simulations by Ray Arritt (deceased)',
                  'HadGEM2-ES.RegCM4': 'Simulations by Ray Arritt (deceased)',
                  'MPI-ESM-LR.WRF': 'Simulations by Hsin-I Chang, hchang@atmo.arizona.edu'},
 'creation_date': {'CanESM2.CRCM5-UQAM': '2016-06-27T15:47:25Z',
                   'CanESM2.CanRCM4': '2012-06-29 23:47:31',
                   'CanESM2.RCA4': '2014-02-07-T15:51:17Z',
                   'EC-EARTH.HIRHAM5': '2012-11-25 22:32:26',
                   'EC-EARTH.RCA4': '2014-02-07-T15:46:52Z',
                   'GEMatm-Can.CRCM5-UQAM': '2018-01-16T16:53:09Z',
                   'GEMatm-MPI.CRCM5-UQAM': '2018-01-16T16:03:37Z',
                   'GFDL-ESM2M.RegCM4': '2014-04-08T11:34:49Z',
                   'GFDL-ESM2M.WRF': '2016-11-17T16:48:10Z',
                   'HadGEM2-ES.RegCM4': '2016-07-17T11:56:45Z',
                   'HadGEM2-ES.WRF': '2017-02-22T02:27:00Z',
                   'MPI-ESM-LR.CRCM5-UQAM': '2018-01-16T16:40:14Z',
                   'MPI-ESM-LR.RegCM4': '2017-10-10T00:00:00Z',
                   'MPI-ESM-LR.WRF': '2017-10-10T00:00:00Z',
                   'MPI-ESM-MR.CRCM5-UQAM': '2018-01-11T19:46:04Z'},
 'driving_experiment': {'CanESM2.CRCM5-UQAM': 'CCCma-CanESM2, rcp85, r1i1p1',
                        'CanESM2.CanRCM4': 'CCCma-CanESM2, rcp85, r1i1p1',
                        'CanESM2.RCA4': 'CCCma-CanESM2, rcp85, r1i1p1',
                        'EC-EARTH.HIRHAM5': 'ICHEC-EC-EARTH,rcp85,r3i1p1',
                        'EC-EARTH.RCA4': 'ICHEC-EC-EARTH, rcp85, r12i1p1',
                        'GEMatm-Can.CRCM5-UQAM': 'UQAM-GEMatm-Can-ESMsea, rcp85, r1i1p1',
                        'GEMatm-MPI.CRCM5-UQAM': 'UQAM-GEMatm-MPI-ESMsea, rcp85, r1i1p1',
                        'GFDL-ESM2M.RegCM4': 'GFDL-ESM2M,rcp85,r1i1p1',
                        'GFDL-ESM2M.WRF': 'GFDL-ESM2M,rcp85,r1i1p1',
                        'HadGEM2-ES.RegCM4': 'HadGEM2-ES,rcp85,r1i1p1',
                        'HadGEM2-ES.WRF': 'HadGEM2-ES,rcp85,r1i1p1',
                        'MPI-ESM-LR.CRCM5-UQAM': 'MPI-M-MPI-ESM-LR, rcp85, r1i1p1',
                        'MPI-ESM-LR.RegCM4': 'MPI-ESM-LR,rcp85,r1i1p1',
                        'MPI-ESM-LR.WRF': 'MPI-ESM-LR,rcp85,r1i1p1',
                        'MPI-ESM-MR.CRCM5-UQAM': 'MPI-M-MPI-ESM-MR, rcp85, r1i1p1'},
 'driving_experiment_name': 'rcp85',
 'driving_model_ensemble_member': {'CanESM2.CRCM5-UQAM': 'r1i1p1',
                                   'CanESM2.CanRCM4': 'r1i1p1',
                                   'CanESM2.RCA4': 'r1i1p1',
                                   'EC-EARTH.HIRHAM5': 'r3i1p1',
                                   'EC-EARTH.RCA4': 'r12i1p1',
                                   'GEMatm-Can.CRCM5-UQAM': 'r1i1p1',
                                   'GEMatm-MPI.CRCM5-UQAM': 'r1i1p1',
                                   'GFDL-ESM2M.RegCM4': 'r1i1p1',
                                   'GFDL-ESM2M.WRF': 'r1i1p1',
                                   'HadGEM2-ES.RegCM4': 'r1i1p1',
                                   'HadGEM2-ES.WRF': 'r1i1p1',
                                   'MPI-ESM-LR.CRCM5-UQAM': 'r1i1p1',
                                   'MPI-ESM-LR.RegCM4': 'r1i1p1',
                                   'MPI-ESM-LR.WRF': 'r1i1p1',
                                   'MPI-ESM-MR.CRCM5-UQAM': 'r1i1p1'},
 'driving_model_id': {'CanESM2.CRCM5-UQAM': 'CCCma-CanESM2',
                      'CanESM2.CanRCM4': 'CCCma-CanESM2',
                      'CanESM2.RCA4': 'CCCma-CanESM2',
                      'EC-EARTH.HIRHAM5': 'ICHEC-EC-EARTH',
                      'EC-EARTH.RCA4': 'ICHEC-EC-EARTH',
                      'GEMatm-Can.CRCM5-UQAM': 'UQAM-GEMatm-Can-ESMsea',
                      'GEMatm-MPI.CRCM5-UQAM': 'UQAM-GEMatm-MPI-ESMsea',
                      'GFDL-ESM2M.RegCM4': 'GFDL-ESM2M',
                      'GFDL-ESM2M.WRF': 'GFDL-ESM2M',
                      'HadGEM2-ES.RegCM4': 'HadGEM2-ES',
                      'HadGEM2-ES.WRF': 'HadGEM2-ES',
                      'MPI-ESM-LR.CRCM5-UQAM': 'MPI-M-MPI-ESM-LR',
                      'MPI-ESM-LR.RegCM4': 'MPI-ESM-LR',
                      'MPI-ESM-LR.WRF': 'MPI-ESM-LR',
                      'MPI-ESM-MR.CRCM5-UQAM': 'MPI-M-MPI-ESM-MR'},
 'experiment_id': 'rcp85',
 'frequency': 'day',
 'id': 'doi:10.5065/D6SJ1JCH',
 'institute_id': {'CanESM2.CRCM5-UQAM': 'UQAM',
                  'CanESM2.CanRCM4': 'CCCma',
                  'CanESM2.RCA4': 'SMHI',
                  'EC-EARTH.HIRHAM5': 'DMI',
                  'EC-EARTH.RCA4': 'SMHI',
                  'GEMatm-Can.CRCM5-UQAM': 'UQAM',
                  'GEMatm-MPI.CRCM5-UQAM': 'UQAM',
                  'GFDL-ESM2M.RegCM4': 'ISU',
                  'GFDL-ESM2M.WRF': 'NCAR',
                  'HadGEM2-ES.RegCM4': 'ISU',
                  'HadGEM2-ES.WRF': 'NCAR',
                  'MPI-ESM-LR.CRCM5-UQAM': 'UQAM',
                  'MPI-ESM-LR.RegCM4': 'NCAR',
                  'MPI-ESM-LR.WRF': 'UA',
                  'MPI-ESM-MR.CRCM5-UQAM': 'UQAM'},
 'institution': {'CanESM2.CRCM5-UQAM': 'Universite du Quebec a Montreal',
                 'CanESM2.CanRCM4': 'CCCma (Canadian Centre for Climate Modelling and Analysis, Victoria, BC, Canada)',
                 'CanESM2.RCA4': 'Swedish Meteorological and Hydrological Institute, Rossby Centre',
                 'EC-EARTH.HIRHAM5': 'Danish Meteorological Institute',
                 'EC-EARTH.RCA4': 'Swedish Meteorological and Hydrological Institute, Rossby Centre',
                 'GEMatm-Can.CRCM5-UQAM': 'Universite du Quebec a Montreal',
                 'GEMatm-MPI.CRCM5-UQAM': 'Universite du Quebec a Montreal',
                 'GFDL-ESM2M.RegCM4': 'Iowa State University',
                 'GFDL-ESM2M.WRF': 'National Center for Atmospheric Research',
                 'HadGEM2-ES.RegCM4': 'Iowa State University',
                 'HadGEM2-ES.WRF': 'National Center for Atmospheric Research',
                 'MPI-ESM-LR.CRCM5-UQAM': 'Universite du Quebec a Montreal',
                 'MPI-ESM-LR.RegCM4': 'National Center for Atmospheric Research',
                 'MPI-ESM-LR.WRF': 'University of Arizona',
                 'MPI-ESM-MR.CRCM5-UQAM': 'Universite du Quebec a Montreal'},
 'model_id': {'CanESM2.CRCM5-UQAM': 'UQAM-CRCM5',
              'CanESM2.CanRCM4': 'CCCma-CanRCM4',
              'CanESM2.RCA4': 'SMHI-RCA4',
              'EC-EARTH.HIRHAM5': 'DMI-HIRHAM5',
              'EC-EARTH.RCA4': 'SMHI-RCA4',
              'GEMatm-Can.CRCM5-UQAM': 'UQAM-CRCM5',
              'GEMatm-MPI.CRCM5-UQAM': 'UQAM-CRCM5',
              'GFDL-ESM2M.RegCM4': 'ISU-RegCM4',
              'GFDL-ESM2M.WRF': 'NCAR-WRF',
              'HadGEM2-ES.RegCM4': 'ISU-RegCM4',
              'HadGEM2-ES.WRF': 'NCAR-WRF',
              'MPI-ESM-LR.CRCM5-UQAM': 'UQAM-CRCM5',
              'MPI-ESM-LR.RegCM4': 'NCAR-RegCM4',
              'MPI-ESM-LR.WRF': 'UA-WRF',
              'MPI-ESM-MR.CRCM5-UQAM': 'UQAM-CRCM5'},
 'product': 'output',
 'project_id': 'CORDEX',
 'rcm_version_id': {'CanESM2.CRCM5-UQAM': 'v1',
                    'CanESM2.CanRCM4': 'r2',
                    'CanESM2.RCA4': 'v1',
                    'EC-EARTH.HIRHAM5': 'v1',
                    'EC-EARTH.RCA4': 'v1',
                    'GEMatm-Can.CRCM5-UQAM': 'v1',
                    'GEMatm-MPI.CRCM5-UQAM': 'v1',
                    'GFDL-ESM2M.RegCM4': 'v4.4-rc8',
                    'GFDL-ESM2M.WRF': 'v3.5.1',
                    'HadGEM2-ES.RegCM4': 'v4.4-rc8',
                    'HadGEM2-ES.WRF': 'v3.5.1',
                    'MPI-ESM-LR.CRCM5-UQAM': 'v1',
                    'MPI-ESM-LR.RegCM4': 'v4.4-rc8',
                    'MPI-ESM-LR.WRF': 'v3.5.1',
                    'MPI-ESM-MR.CRCM5-UQAM': 'v1'},
 'references': {'CanESM2.CRCM5-UQAM': 'http://www.mrcc.uqam.ca',
                'CanESM2.CanRCM4': 'http://www.cccma.ec.gc.ca/models',
                'CanESM2.RCA4': 'http://www.smhi.se/en/Research/Research-departments/climate-research-rossby-centre',
                'EC-EARTH.HIRHAM5': 'Christensen, et al. "The HIRHAM regional climate model. Version 5 (beta)." (2007).',
                'EC-EARTH.RCA4': 'http://www.smhi.se/en/Research/Research-departments/climate-research-rossby-centre',
                'GEMatm-Can.CRCM5-UQAM': 'http://www.mrcc.uqam.ca',
                'GEMatm-MPI.CRCM5-UQAM': 'http://www.mrcc.uqam.ca',
                'GFDL-ESM2M.RegCM4': 'Elguindi, et al. Regional climate model RegCM user manual version 4.4. The Abdus Salam International Centre '
                                     'for Theoretical Physics, Strada Costiera, Trieste, Italy. (2013).',
                'GFDL-ESM2M.WRF': "Skamarock, et al., 2005. 'A description of the Advanced Research WRF version 2.' NCAR Tech. Note NCAR/TN-468+STR",
                'HadGEM2-ES.RegCM4': 'Elguindi, et al. Regional climate model RegCM user manual version 4.4. The Abdus Salam International Centre '
                                     'for Theoretical Physics, Strada Costiera, Trieste, Italy. (2013).',
                'HadGEM2-ES.WRF': "Skamarock, et al., 2005. 'A description of the Advanced Research WRF version 2.' NCAR Tech. Note NCAR/TN-468+STR",
                'MPI-ESM-LR.CRCM5-UQAM': 'http://www.mrcc.uqam.ca',
                'MPI-ESM-LR.RegCM4': 'Elguindi, et al. Regional climate model RegCM user manual version 4.4. The Abdus Salam International Centre '
                                     'for Theoretical Physics, Strada Costiera, Trieste, Italy. (2013).',
                'MPI-ESM-LR.WRF': "Skamarock, et al., 2005. 'A description of the Advanced Research WRF version 2.' NCAR Tech. Note NCAR/TN-468+STR",
                'MPI-ESM-MR.CRCM5-UQAM': 'http://www.mrcc.uqam.ca'},
 'title': {'CanESM2.CRCM5-UQAM': 'NA-CORDEX Raw NAM-44i CRCM5-UQAM CanESM2 RCP8.5 Daily Mean Precipitation',
           'CanESM2.CanRCM4': 'NA-CORDEX Raw NAM-44i CanRCM4 CanESM2 RCP8.5 Daily Mean Precipitation',
           'CanESM2.RCA4': 'NA-CORDEX Raw NAM-44i RCA4 CanESM2 RCP8.5 Daily Mean Precipitation',
           'EC-EARTH.HIRHAM5': 'NA-CORDEX Raw NAM-44i HIRHAM5 EC-EARTH RCP8.5 Daily Mean Precipitation',
           'EC-EARTH.RCA4': 'NA-CORDEX Raw NAM-44i RCA4 EC-EARTH RCP8.5 Daily Mean Precipitation',
           'GEMatm-Can.CRCM5-UQAM': 'NA-CORDEX Raw NAM-44i CRCM5-UQAM GEMatm-Can RCP8.5 Daily Mean Precipitation',
           'GEMatm-MPI.CRCM5-UQAM': 'NA-CORDEX Raw NAM-44i CRCM5-UQAM GEMatm-MPI RCP8.5 Daily Mean Precipitation',
           'GFDL-ESM2M.RegCM4': 'NA-CORDEX Raw NAM-44i RegCM4 GFDL-ESM2M RCP8.5 Daily Mean Precipitation',
           'GFDL-ESM2M.WRF': 'NA-CORDEX Raw NAM-44i WRF GFDL-ESM2M RCP8.5 Daily Mean Precipitation',
           'HadGEM2-ES.RegCM4': 'NA-CORDEX Raw NAM-44i RegCM4 HadGEM2-ES RCP8.5 Daily Mean Precipitation',
           'HadGEM2-ES.WRF': 'NA-CORDEX Raw NAM-44i WRF HadGEM2-ES RCP8.5 Daily Mean Precipitation',
           'MPI-ESM-LR.CRCM5-UQAM': 'NA-CORDEX Raw NAM-44i CRCM5-UQAM MPI-ESM-LR RCP8.5 Daily Mean Precipitation',
           'MPI-ESM-LR.RegCM4': 'NA-CORDEX Raw NAM-44i RegCM4 MPI-ESM-LR RCP8.5 Daily Mean Precipitation',
           'MPI-ESM-LR.WRF': 'NA-CORDEX Raw NAM-44i WRF MPI-ESM-LR RCP8.5 Daily Mean Precipitation',
           'MPI-ESM-MR.CRCM5-UQAM': 'NA-CORDEX Raw NAM-44i CRCM5-UQAM MPI-ESM-MR RCP8.5 Daily Mean Precipitation'},
 'tracking_id': {'CanESM2.CRCM5-UQAM': '1880dbee-9451-4d5b-b61c-1856ca5e9720',
                 'CanESM2.CanRCM4': 'e3254730-5c45-439d-8a97-42a8b1a79d15',
                 'CanESM2.RCA4': 'ed9b4858-454c-48f1-9a69-f25c4f5b50ab',
                 'EC-EARTH.HIRHAM5': '097f3e52-8702-4a63-a784-b022881ee7b8',
                 'EC-EARTH.RCA4': '958dfbf3-f13f-426d-b766-59602af366ac',
                 'GEMatm-Can.CRCM5-UQAM': 'a1ace03c-e6be-430d-bcfb-b424b7de1729',
                 'GEMatm-MPI.CRCM5-UQAM': 'd9b086f6-560c-4d95-88f5-ec493bfbfae2',
                 'GFDL-ESM2M.RegCM4': '61698000-c60e-4291-9b5b-fdefa92c4eb8',
                 'GFDL-ESM2M.WRF': '8c8ef2ff-e384-4c1b-8871-395e46993cf0',
                 'HadGEM2-ES.RegCM4': '497cf3ec-7694-4443-9198-2d15f8c84958',
                 'HadGEM2-ES.WRF': 'a574bb3d-6f74-4d78-b126-86529696c68d',
                 'MPI-ESM-LR.CRCM5-UQAM': '2ee38f26-9893-41f1-8544-411be31ae9d4',
                 'MPI-ESM-LR.RegCM4': '0535f894-6771-4ae7-acc3-1ffaf4078601',
                 'MPI-ESM-LR.WRF': '1c10acc0-5b23-4070-acf9-9fc96b428ce0',
                 'MPI-ESM-MR.CRCM5-UQAM': 'b30708f9-cdec-4bc6-aa95-8058913e46cf'},
 'version': {'CanESM2.CRCM5-UQAM': '1.2',
             'CanESM2.CanRCM4': '1.2',
             'CanESM2.RCA4': '1.1',
             'EC-EARTH.HIRHAM5': '1.2',
             'EC-EARTH.RCA4': '1.1',
             'GEMatm-Can.CRCM5-UQAM': '1.2',
             'GEMatm-MPI.CRCM5-UQAM': '1.2',
             'GFDL-ESM2M.RegCM4': '1.4',
             'GFDL-ESM2M.WRF': '1.2',
             'HadGEM2-ES.RegCM4': '1.4',
             'HadGEM2-ES.WRF': '1.2',
             'MPI-ESM-LR.CRCM5-UQAM': '1.2',
             'MPI-ESM-LR.RegCM4': '1.4',
             'MPI-ESM-LR.WRF': '2.2',
             'MPI-ESM-MR.CRCM5-UQAM': '3.1'}}
