{'CORDEX_domain': 'NAM-22',
 'contact': {'CNRM-CM5.CRCM5-OUR': 'paquin.dominique@ouranos.ca',
             'CanESM2.CRCM5-OUR': 'giguere.michel@ouranos.ca',
             'CanESM2.CRCM5-UQAM': 'Winger.Katja@uqam.ca',
             'CanESM2.CanRCM4': 'cccma_info@ec.gc.ca',
             'GEMatm-Can.CRCM5-UQAM': 'Winger.Katja@uqam.ca',
             'GEMatm-MPI.CRCM5-UQAM': 'Winger.Katja@uqam.ca',
             'GFDL-ESM2M.CRCM5-OUR': 'biner.sebastien@ouranos.ca',
             'GFDL-ESM2M.RegCM4': 'Daryl Herzmann, akrherz@iastate.edu',
             'GFDL-ESM2M.WRF': 'Melissa Bukovsky, bukovsky@ucar.edu',
             'HadGEM2-ES.RegCM4': 'Daryl Herzmann, akrherz@iastate.edu',
             'HadGEM2-ES.WRF': 'Melissa Bukovsky, bukovsky@ucar.edu',
             'MPI-ESM-LR.CRCM5-OUR': 'paquin.dominique@ouranos.ca',
             'MPI-ESM-LR.CRCM5-UQAM': 'Winger.Katja@uqam.ca',
             'MPI-ESM-LR.RegCM4': 'Melissa Bukovsky, bukovsky@ucar.edu',
             'MPI-ESM-LR.WRF': 'Melissa Bukovsky, bukovsky@ucar.edu',
             'MPI-ESM-MR.CRCM5-UQAM': 'Winger.Katja@uqam.ca'},
 'contact_note': {'GFDL-ESM2M.RegCM4': 'Simulations by Ray Arritt (deceased)',
                  'HadGEM2-ES.RegCM4': 'Simulations by Ray Arritt (deceased)',
                  'MPI-ESM-LR.WRF': 'Simulations by Hsin-I Chang, hchang@atmo.arizona.edu'},
 'creation_date': {'CNRM-CM5.CRCM5-OUR': '2018-11-06 14:26',
                   'CanESM2.CRCM5-OUR': '2018-01-17 14:10',
                   'CanESM2.CRCM5-UQAM': '2017-10-30T19:15:55Z',
                   'CanESM2.CanRCM4': '2012-10-17 16:25:28',
                   'GEMatm-Can.CRCM5-UQAM': '2017-11-09T18:50:04Z',
                   'GEMatm-MPI.CRCM5-UQAM': '2017-11-10T23:23:00Z',
                   'GFDL-ESM2M.CRCM5-OUR': '2018-04-17 15:12',
                   'GFDL-ESM2M.RegCM4': '2017-01-01T00:00:00Z',
                   'GFDL-ESM2M.WRF': '2016-09-23T06:59:00Z',
                   'HadGEM2-ES.RegCM4': '2017-01-01T00:00:00Z',
                   'HadGEM2-ES.WRF': '2017-02-08T13:18:00Z',
                   'MPI-ESM-LR.CRCM5-OUR': '2018-10-05 13:30',
                   'MPI-ESM-LR.CRCM5-UQAM': '2017-11-07T21:23:22Z',
                   'MPI-ESM-LR.RegCM4': '2015-09-21T16:28:24Z',
                   'MPI-ESM-LR.WRF': '2017-10-30T00:00:00Z',
                   'MPI-ESM-MR.CRCM5-UQAM': '2017-11-06T15:07:18Z'},
 'driving_experiment': {'CNRM-CM5.CRCM5-OUR': 'CNRM-CM5 r1i1p1 historical,r1i1p1,r1i1p1',
                        'CanESM2.CRCM5-OUR': 'CanESM2 r1i1p1 historical,r1i1p1,r1i1p1',
                        'CanESM2.CRCM5-UQAM': 'CCCma-CanESM2, historical, r1i1p1',
                        'CanESM2.CanRCM4': 'CCCma-CanESM2, historical, r1i1p1',
                        'GEMatm-Can.CRCM5-UQAM': 'UQAM-GEMatm-Can-ESMsea, historical, r1i1p1',
                        'GEMatm-MPI.CRCM5-UQAM': 'UQAM-GEMatm-MPI-ESMsea, historical, r1i1p1',
                        'GFDL-ESM2M.CRCM5-OUR': 'GFDL-ESM2M r1i1p1 historical,r1i1p1,r1i1p1',
                        'GFDL-ESM2M.RegCM4': 'GFDL-ESM2M,historical,r1i1p1',
                        'GFDL-ESM2M.WRF': 'GFDL-ESM2M,historical,r1i1p1',
                        'HadGEM2-ES.RegCM4': 'HadGEM2-ES,historical,r1i1p1',
                        'HadGEM2-ES.WRF': 'HadGEM2-ES,rcp85,r1i1p1',
                        'MPI-ESM-LR.CRCM5-OUR': 'MPI-ESM-LR T63/L47  r1i1p1 historique,r1i1p1,r1i1p1',
                        'MPI-ESM-LR.CRCM5-UQAM': 'MPI-M-MPI-ESM-LR, historical, r1i1p1',
                        'MPI-ESM-LR.RegCM4': 'MPI-ESM-LR,historical,r1i1p1',
                        'MPI-ESM-LR.WRF': 'MPI-ESM-LR,historical,r1i1p1',
                        'MPI-ESM-MR.CRCM5-UQAM': 'MPI-M-MPI-ESM-MR, historical, r1i1p1'},
 'driving_experiment_name': 'historical',
 'driving_model_ensemble_member': {'CNRM-CM5.CRCM5-OUR': 'r1i1p1',
                                   'CanESM2.CRCM5-OUR': 'r1i1p1',
                                   'CanESM2.CRCM5-UQAM': 'r1i1p1',
                                   'CanESM2.CanRCM4': 'r1i1p1',
                                   'GEMatm-Can.CRCM5-UQAM': 'r1i1p1',
                                   'GEMatm-MPI.CRCM5-UQAM': 'r1i1p1',
                                   'GFDL-ESM2M.CRCM5-OUR': 'r1i1p1',
                                   'GFDL-ESM2M.RegCM4': 'r1i1p1',
                                   'GFDL-ESM2M.WRF': 'r1i1p1',
                                   'HadGEM2-ES.RegCM4': 'r1i1p1',
                                   'HadGEM2-ES.WRF': 'r1i1p1',
                                   'MPI-ESM-LR.CRCM5-OUR': 'r1i1p1',
                                   'MPI-ESM-LR.CRCM5-UQAM': 'r1i1p1',
                                   'MPI-ESM-LR.RegCM4': 'r1i1p1',
                                   'MPI-ESM-LR.WRF': 'r1i1p1',
                                   'MPI-ESM-MR.CRCM5-UQAM': 'r1i1p1'},
 'driving_model_id': {'CNRM-CM5.CRCM5-OUR': 'CNRM-CM5',
                      'CanESM2.CRCM5-OUR': 'CCCma-CanESM2',
                      'CanESM2.CRCM5-UQAM': 'CCCma-CanESM2',
                      'CanESM2.CanRCM4': 'CCCma-CanESM2',
                      'GEMatm-Can.CRCM5-UQAM': 'UQAM-GEMatm-Can-ESMsea',
                      'GEMatm-MPI.CRCM5-UQAM': 'UQAM-GEMatm-MPI-ESMsea',
                      'GFDL-ESM2M.CRCM5-OUR': 'GFDL-ESM2M',
                      'GFDL-ESM2M.RegCM4': 'GFDL-ESM2M',
                      'GFDL-ESM2M.WRF': 'GFDL-ESM2M',
                      'HadGEM2-ES.RegCM4': 'HadGEM2-ES',
                      'HadGEM2-ES.WRF': 'HadGEM2-ES',
                      'MPI-ESM-LR.CRCM5-UQAM': 'MPI-M-MPI-ESM-LR',
                      'MPI-ESM-LR.RegCM4': 'MPI-ESM-LR',
                      'MPI-ESM-LR.WRF': 'MPI-ESM-LR',
                      'MPI-ESM-MR.CRCM5-UQAM': 'MPI-M-MPI-ESM-MR'},
 'experiment': 'historical',
 'experiment_id': 'historical',
 'frequency': 'mon',
 'id': 'doi:10.5065/D6SJ1JCH',
 'institute_id': {'CNRM-CM5.CRCM5-OUR': 'OURANOS',
                  'CanESM2.CRCM5-OUR': 'OURANOS',
                  'CanESM2.CRCM5-UQAM': 'UQAM',
                  'CanESM2.CanRCM4': 'CCCma',
                  'GEMatm-Can.CRCM5-UQAM': 'UQAM',
                  'GEMatm-MPI.CRCM5-UQAM': 'UQAM',
                  'GFDL-ESM2M.CRCM5-OUR': 'OURANOS',
                  'GFDL-ESM2M.RegCM4': 'ISU',
                  'GFDL-ESM2M.WRF': 'NCAR',
                  'HadGEM2-ES.RegCM4': 'ISU',
                  'HadGEM2-ES.WRF': 'NCAR',
                  'MPI-ESM-LR.CRCM5-OUR': 'OURANOS',
                  'MPI-ESM-LR.CRCM5-UQAM': 'UQAM',
                  'MPI-ESM-LR.RegCM4': 'NCAR',
                  'MPI-ESM-LR.WRF': 'UA',
                  'MPI-ESM-MR.CRCM5-UQAM': 'UQAM'},
 'institution': {'CNRM-CM5.CRCM5-OUR': 'Ouranos',
                 'CanESM2.CRCM5-OUR': 'Ouranos',
                 'CanESM2.CRCM5-UQAM': 'Universite du Quebec a Montreal',
                 'CanESM2.CanRCM4': 'CCCma (Canadian Centre for Climate Modelling and Analysis, Victoria, BC, Canada)',
                 'GEMatm-Can.CRCM5-UQAM': 'Universite du Quebec a Montreal',
                 'GEMatm-MPI.CRCM5-UQAM': 'Universite du Quebec a Montreal',
                 'GFDL-ESM2M.CRCM5-OUR': 'Ouranos',
                 'GFDL-ESM2M.RegCM4': 'Iowa State University',
                 'GFDL-ESM2M.WRF': 'National Center for Atmospheric Research',
                 'HadGEM2-ES.RegCM4': 'Iowa State University',
                 'HadGEM2-ES.WRF': 'National Center for Atmospheric Research',
                 'MPI-ESM-LR.CRCM5-OUR': 'Ouranos',
                 'MPI-ESM-LR.CRCM5-UQAM': 'Universite du Quebec a Montreal',
                 'MPI-ESM-LR.RegCM4': 'National Center for Atmospheric Research',
                 'MPI-ESM-LR.WRF': 'University of Arizona',
                 'MPI-ESM-MR.CRCM5-UQAM': 'Universite du Quebec a Montreal'},
 'model_id': {'CNRM-CM5.CRCM5-OUR': 'OURANOS-CRCM5',
              'CanESM2.CRCM5-OUR': 'OURANOS-CRCM5',
              'CanESM2.CRCM5-UQAM': 'UQAM-CRCM5',
              'CanESM2.CanRCM4': 'CCCma-CanRCM4',
              'GEMatm-Can.CRCM5-UQAM': 'UQAM-CRCM5',
              'GEMatm-MPI.CRCM5-UQAM': 'UQAM-CRCM5',
              'GFDL-ESM2M.CRCM5-OUR': 'OURANOS-CRCM5',
              'GFDL-ESM2M.RegCM4': 'ISU-RegCM4',
              'GFDL-ESM2M.WRF': 'NCAR-WRF',
              'HadGEM2-ES.RegCM4': 'ISU-RegCM4',
              'HadGEM2-ES.WRF': 'NCAR-WRF',
              'MPI-ESM-LR.CRCM5-OUR': 'OURANOS-CRCM5',
              'MPI-ESM-LR.CRCM5-UQAM': 'UQAM-CRCM5',
              'MPI-ESM-LR.RegCM4': 'NCAR-RegCM4',
              'MPI-ESM-LR.WRF': 'UA-WRF',
              'MPI-ESM-MR.CRCM5-UQAM': 'UQAM-CRCM5'},
 'product': 'output',
 'project_id': 'CORDEX',
 'rcm_version_id': {'CNRM-CM5.CRCM5-OUR': 'v1',
                    'CanESM2.CRCM5-OUR': 'v1',
                    'CanESM2.CRCM5-UQAM': 'v1',
                    'CanESM2.CanRCM4': 'r2',
                    'GEMatm-Can.CRCM5-UQAM': 'v1',
                    'GEMatm-MPI.CRCM5-UQAM': 'v1',
                    'GFDL-ESM2M.CRCM5-OUR': 'v1',
                    'GFDL-ESM2M.RegCM4': 'v4.4-rc8',
                    'GFDL-ESM2M.WRF': 'v3.5.1',
                    'HadGEM2-ES.RegCM4': 'v4.4-rc8',
                    'HadGEM2-ES.WRF': 'v3.5.1',
                    'MPI-ESM-LR.CRCM5-OUR': 'v1',
                    'MPI-ESM-LR.CRCM5-UQAM': 'v1',
                    'MPI-ESM-LR.RegCM4': 'v4.4-rc8',
                    'MPI-ESM-LR.WRF': 'v3.5.1',
                    'MPI-ESM-MR.CRCM5-UQAM': 'v1'},
 'references': {'CNRM-CM5.CRCM5-OUR': 'http://www.ouranos.ca',
                'CanESM2.CRCM5-OUR': 'http://www.ouranos.ca',
                'CanESM2.CRCM5-UQAM': 'http://www.mrcc.uqam.ca',
                'CanESM2.CanRCM4': 'http://www.cccma.ec.gc.ca/models',
                'GEMatm-Can.CRCM5-UQAM': 'http://www.mrcc.uqam.ca',
                'GEMatm-MPI.CRCM5-UQAM': 'http://www.mrcc.uqam.ca',
                'GFDL-ESM2M.CRCM5-OUR': 'http://www.ouranos.ca',
                'GFDL-ESM2M.RegCM4': 'Elguindi, et al. Regional climate model RegCM user manual version 4.4. The Abdus Salam International Centre '
                                     'for Theoretical Physics, Strada Costiera, Trieste, Italy. (2013).',
                'GFDL-ESM2M.WRF': "Skamarock, et al., 2005. 'A description of the Advanced Research WRF version 2.' NCAR Tech. Note NCAR/TN-468+STR",
                'HadGEM2-ES.RegCM4': 'Elguindi, et al. Regional climate model RegCM user manual version 4.4. The Abdus Salam International Centre '
                                     'for Theoretical Physics, Strada Costiera, Trieste, Italy. (2013).',
                'HadGEM2-ES.WRF': "Skamarock, et al., 2005. 'A description of the Advanced Research WRF version 2.' NCAR Tech. Note NCAR/TN-468+STR",
                'MPI-ESM-LR.CRCM5-OUR': 'http://www.ouranos.ca',
                'MPI-ESM-LR.CRCM5-UQAM': 'http://www.mrcc.uqam.ca',
                'MPI-ESM-LR.RegCM4': 'Elguindi, et al. Regional climate model RegCM user manual version 4.4. The Abdus Salam International Centre '
                                     'for Theoretical Physics, Strada Costiera, Trieste, Italy. (2013).',
                'MPI-ESM-LR.WRF': "Skamarock, et al., 2005. 'A description of the Advanced Research WRF version 2.' NCAR Tech. Note NCAR/TN-468+STR",
                'MPI-ESM-MR.CRCM5-UQAM': 'http://www.mrcc.uqam.ca'},
 'title': {'CNRM-CM5.CRCM5-OUR': 'NA-CORDEX Raw NAM-22i CRCM5-OUR CNRM-CM5 Hist Monthly Mean Precipitation',
           'CanESM2.CRCM5-OUR': 'NA-CORDEX Raw NAM-22i CRCM5-OUR CanESM2 Hist Monthly Mean Precipitation',
           'CanESM2.CRCM5-UQAM': 'NA-CORDEX Raw NAM-22i CRCM5-UQAM CanESM2 Hist Monthly Mean Precipitation',
           'CanESM2.CanRCM4': 'NA-CORDEX Raw NAM-22i CanRCM4 CanESM2 Hist Monthly Mean Precipitation',
           'GEMatm-Can.CRCM5-UQAM': 'NA-CORDEX Raw NAM-22i CRCM5-UQAM GEMatm-Can Hist Monthly Mean Precipitation',
           'GEMatm-MPI.CRCM5-UQAM': 'NA-CORDEX Raw NAM-22i CRCM5-UQAM GEMatm-MPI Hist Monthly Mean Precipitation',
           'GFDL-ESM2M.CRCM5-OUR': 'NA-CORDEX Raw NAM-22i CRCM5-OUR GFDL-ESM2M Hist Monthly Mean Precipitation',
           'GFDL-ESM2M.RegCM4': 'NA-CORDEX Raw NAM-22i RegCM4 GFDL-ESM2M Hist Monthly Mean Precipitation',
           'GFDL-ESM2M.WRF': 'NA-CORDEX Raw NAM-22i WRF GFDL-ESM2M Hist Monthly Mean Precipitation',
           'HadGEM2-ES.RegCM4': 'NA-CORDEX Raw NAM-22i RegCM4 HadGEM2-ES Hist Monthly Mean Precipitation',
           'HadGEM2-ES.WRF': 'NA-CORDEX Raw NAM-22i WRF HadGEM2-ES Hist Monthly Mean Precipitation',
           'MPI-ESM-LR.CRCM5-OUR': 'NA-CORDEX Raw NAM-22i CRCM5-OUR MPI-ESM-LR Hist Monthly Mean Precipitation',
           'MPI-ESM-LR.CRCM5-UQAM': 'NA-CORDEX Raw NAM-22i CRCM5-UQAM MPI-ESM-LR Hist Monthly Mean Precipitation',
           'MPI-ESM-LR.RegCM4': 'NA-CORDEX Raw NAM-22i RegCM4 MPI-ESM-LR Hist Monthly Mean Precipitation',
           'MPI-ESM-LR.WRF': 'NA-CORDEX Raw NAM-22i WRF MPI-ESM-LR Hist Monthly Mean Precipitation',
           'MPI-ESM-MR.CRCM5-UQAM': 'NA-CORDEX Raw NAM-22i CRCM5-UQAM MPI-ESM-MR Hist Monthly Mean Precipitation'},
 'tracking_id': {'CNRM-CM5.CRCM5-OUR': '82c29c40-519b-4737-a526-c8a8e4466e4c',
                 'CanESM2.CRCM5-OUR': 'f3e0db79-83f7-4e09-b99c-e1063ed1d68b',
                 'CanESM2.CRCM5-UQAM': 'd9e6d5c8-665d-4aaf-a3ec-170407e72e94',
                 'CanESM2.CanRCM4': '254448c8-fd31-4c73-acb3-995a9ec53d84',
                 'GEMatm-Can.CRCM5-UQAM': 'af2b52dc-4930-4a5c-b9af-69c0812ddb2d',
                 'GEMatm-MPI.CRCM5-UQAM': '38675338-f5ca-4199-9868-ecc723d2a1d0',
                 'GFDL-ESM2M.CRCM5-OUR': 'f92f88b4-f19a-44e4-bb90-52146d714436',
                 'GFDL-ESM2M.RegCM4': '1f721362-5232-4fd7-aa29-e7fa46a785ef',
                 'GFDL-ESM2M.WRF': 'cd348720-30d8-4719-80c0-cdbb55ffc9c2',
                 'HadGEM2-ES.RegCM4': '849c27cf-8c14-4c18-8a3a-d337fff9f239',
                 'HadGEM2-ES.WRF': '32088fbb-1133-4a7a-b596-1add17076730',
                 'MPI-ESM-LR.CRCM5-OUR': '4b78262c-991c-4626-be92-ff600ea2d6ab',
                 'MPI-ESM-LR.CRCM5-UQAM': '47f48568-3407-4a14-bdf4-6efd84add939',
                 'MPI-ESM-LR.RegCM4': '70b1b49c-522b-48f8-8e00-518c1ce5ac5c',
                 'MPI-ESM-LR.WRF': '44ea0f79-d7e2-451d-814a-6350d1aa3394',
                 'MPI-ESM-MR.CRCM5-UQAM': '00810ac9-18ed-4de0-9396-e2cd62226c5d'},
 'version': {'CNRM-CM5.CRCM5-OUR': '1.1',
             'CanESM2.CRCM5-OUR': '1.3',
             'CanESM2.CRCM5-UQAM': '1.2',
             'CanESM2.CanRCM4': '1.2',
             'GEMatm-Can.CRCM5-UQAM': '1.2',
             'GEMatm-MPI.CRCM5-UQAM': '1.2',
             'GFDL-ESM2M.CRCM5-OUR': '1.3',
             'GFDL-ESM2M.RegCM4': '2.0',
             'GFDL-ESM2M.WRF': '1.2',
             'HadGEM2-ES.RegCM4': '2.0',
             'HadGEM2-ES.WRF': '1.2',
             'MPI-ESM-LR.CRCM5-OUR': '1.1',
             'MPI-ESM-LR.CRCM5-UQAM': '1.2',
             'MPI-ESM-LR.RegCM4': '1.3',
             'MPI-ESM-LR.WRF': '2.2',
             'MPI-ESM-MR.CRCM5-UQAM': '3.1'}}
