{'CORDEX_domain': 'NAM-22',
 'contact': {'CNRM-CM5.CRCM5-OUR': 'paquin.dominique@ouranos.ca',
             'CanESM2.CRCM5-OUR': 'giguere.michel@ouranos.ca',
             'CanESM2.CRCM5-UQAM': 'Winger.Katja@uqam.ca',
             'CanESM2.CanRCM4': 'cccma_info@ec.gc.ca',
             'GEMatm-Can.CRCM5-UQAM': 'Winger.Katja@uqam.ca',
             'GEMatm-MPI.CRCM5-UQAM': 'Winger.Katja@uqam.ca',
             'GFDL-ESM2M.CRCM5-OUR': 'biner.sebastien@ouranos.ca',
             'GFDL-ESM2M.RegCM4': 'Daryl Herzmann, akrherz@iastate.edu',
             'GFDL-ESM2M.WRF': 'Melissa Bukovsky, bukovsky@ucar.edu',
             'HadGEM2-ES.RegCM4': 'Daryl Herzmann, akrherz@iastate.edu',
             'HadGEM2-ES.WRF': 'Melissa Bukovsky, bukovsky@ucar.edu',
             'MPI-ESM-LR.CRCM5-OUR': 'paquin.dominique@ouranos.ca',
             'MPI-ESM-LR.CRCM5-UQAM': 'Winger.Katja@uqam.ca',
             'MPI-ESM-LR.RegCM4': 'Melissa Bukovsky, bukovsky@ucar.edu',
             'MPI-ESM-LR.WRF': 'Melissa Bukovsky, bukovsky@ucar.edu',
             'MPI-ESM-MR.CRCM5-UQAM': 'Winger.Katja@uqam.ca'},
 'contact_note': {'GFDL-ESM2M.RegCM4': 'Simulations by Ray Arritt (deceased)',
                  'HadGEM2-ES.RegCM4': 'Simulations by Ray Arritt (deceased)',
                  'MPI-ESM-LR.WRF': 'Simulations by Hsin-I Chang, hchang@atmo.arizona.edu'},
 'creation_date': {'CNRM-CM5.CRCM5-OUR': '2018-11-06 14:26',
                   'CanESM2.CRCM5-OUR': '2018-01-17 14:10',
                   'CanESM2.CRCM5-UQAM': '2017-10-30T19:15:55Z',
                   'CanESM2.CanRCM4': '2012-10-17 16:25:28',
                   'GEMatm-Can.CRCM5-UQAM': '2017-11-09T18:50:04Z',
                   'GEMatm-MPI.CRCM5-UQAM': '2017-11-10T23:23:00Z',
                   'GFDL-ESM2M.CRCM5-OUR': '2018-04-17 15:12',
                   'GFDL-ESM2M.RegCM4': '2017-01-01T00:00:00Z',
                   'GFDL-ESM2M.WRF': '2016-09-23T06:59:00Z',
                   'HadGEM2-ES.RegCM4': '2017-01-01T00:00:00Z',
                   'HadGEM2-ES.WRF': '2017-02-08T13:18:00Z',
                   'MPI-ESM-LR.CRCM5-OUR': '2018-10-05 13:30',
                   'MPI-ESM-LR.CRCM5-UQAM': '2017-11-07T21:23:22Z',
                   'MPI-ESM-LR.RegCM4': '2015-09-21T16:28:24Z',
                   'MPI-ESM-LR.WRF': '2017-10-30T00:00:00Z',
                   'MPI-ESM-MR.CRCM5-UQAM': '2017-11-06T15:07:18Z'},
 'driving_experiment': {'CNRM-CM5.CRCM5-OUR': 'CNRM-CM5 r1i1p1 historical,r1i1p1,r1i1p1',
                        'CanESM2.CRCM5-OUR': 'CanESM2 r1i1p1 historical,r1i1p1,r1i1p1',
                        'CanESM2.CRCM5-UQAM': 'CCCma-CanESM2, historical, r1i1p1',
                        'CanESM2.CanRCM4': 'CCCma-CanESM2, historical, r1i1p1',
                        'GEMatm-Can.CRCM5-UQAM': 'UQAM-GEMatm-Can-ESMsea, historical, r1i1p1',
                        'GEMatm-MPI.CRCM5-UQAM': 'UQAM-GEMatm-MPI-ESMsea, historical, r1i1p1',
                        'GFDL-ESM2M.CRCM5-OUR': 'GFDL-ESM2M r1i1p1 historical,r1i1p1,r1i1p1',
                        'GFDL-ESM2M.RegCM4': 'GFDL-ESM2M,historical,r1i1p1',
                        'GFDL-ESM2M.WRF': 'GFDL-ESM2M,historical,r1i1p1',
                        'HadGEM2-ES.RegCM4': 'HadGEM2-ES,historical,r1i1p1',
                        'HadGEM2-ES.WRF': 'HadGEM2-ES,rcp85,r1i1p1',
                        'MPI-ESM-LR.CRCM5-OUR': 'MPI-ESM-LR T63/L47  r1i1p1 historique,r1i1p1,r1i1p1',
                        'MPI-ESM-LR.CRCM5-UQAM': 'MPI-M-MPI-ESM-LR, historical, r1i1p1',
                        'MPI-ESM-LR.RegCM4': 'MPI-ESM-LR,historical,r1i1p1',
                        'MPI-ESM-LR.WRF': 'MPI-ESM-LR,historical,r1i1p1',
                        'MPI-ESM-MR.CRCM5-UQAM': 'MPI-M-MPI-ESM-MR, historical, r1i1p1'},
 'driving_experiment_name': 'historical',
 'driving_model_ensemble_member': {'CNRM-CM5.CRCM5-OUR': 'r1i1p1',
                                   'CanESM2.CRCM5-OUR': 'r1i1p1',
                                   'CanESM2.CRCM5-UQAM': 'r1i1p1',
                                   'CanESM2.CanRCM4': 'r1i1p1',
                                   'GEMatm-Can.CRCM5-UQAM': 'r1i1p1',
                                   'GEMatm-MPI.CRCM5-UQAM': 'r1i1p1',
                                   'GFDL-ESM2M.CRCM5-OUR': 'r1i1p1',
                                   'GFDL-ESM2M.RegCM4': 'r1i1p1',
                                   'GFDL-ESM2M.WRF': 'r1i1p1',
                                   'HadGEM2-ES.RegCM4': 'r1i1p1',
                                   'HadGEM2-ES.WRF': 'r1i1p1',
                                   'MPI-ESM-LR.CRCM5-OUR': 'r1i1p1',
                                   'MPI-ESM-LR.CRCM5-UQAM': 'r1i1p1',
                                   'MPI-ESM-LR.RegCM4': 'r1i1p1',
                                   'MPI-ESM-LR.WRF': 'r1i1p1',
                                   'MPI-ESM-MR.CRCM5-UQAM': 'r1i1p1'},
 'driving_model_id': {'CNRM-CM5.CRCM5-OUR': 'CNRM-CM5',
                      'CanESM2.CRCM5-OUR': 'CCCma-CanESM2',
                      'CanESM2.CRCM5-UQAM': 'CCCma-CanESM2',
                      'CanESM2.CanRCM4': 'CCCma-CanESM2',
                      'GEMatm-Can.CRCM5-UQAM': 'UQAM-GEMatm-Can-ESMsea',
                      'GEMatm-MPI.CRCM5-UQAM': 'UQAM-GEMatm-MPI-ESMsea',
                      'GFDL-ESM2M.CRCM5-OUR': 'GFDL-ESM2M',
                      'GFDL-ESM2M.RegCM4': 'GFDL-ESM2M',
                      'GFDL-ESM2M.WRF': 'GFDL-ESM2M',
                      'HadGEM2-ES.RegCM4': 'HadGEM2-ES',
                      'HadGEM2-ES.WRF': 'HadGEM2-ES',
                      'MPI-ESM-LR.CRCM5-UQAM': 'MPI-M-MPI-ESM-LR',
                      'MPI-ESM-LR.RegCM4': 'MPI-ESM-LR',
                      'MPI-ESM-LR.WRF': 'MPI-ESM-LR',
                      'MPI-ESM-MR.CRCM5-UQAM': 'MPI-M-MPI-ESM-MR'},
 'experiment': 'historical',
 'experiment_id': 'historical',
 'frequency': 'yseas',
 'id': 'doi:10.5065/D6SJ1JCH',
 'institute_id': {'CNRM-CM5.CRCM5-OUR': 'OURANOS',
                  'CanESM2.CRCM5-OUR': 'OURANOS',
                  'CanESM2.CRCM5-UQAM': 'UQAM',
                  'CanESM2.CanRCM4': 'CCCma',
                  'GEMatm-Can.CRCM5-UQAM': 'UQAM',
                  'GEMatm-MPI.CRCM5-UQAM': 'UQAM',
                  'GFDL-ESM2M.CRCM5-OUR': 'OURANOS',
                  'GFDL-ESM2M.RegCM4': 'ISU',
                  'GFDL-ESM2M.WRF': 'NCAR',
                  'HadGEM2-ES.RegCM4': 'ISU',
                  'HadGEM2-ES.WRF': 'NCAR',
                  'MPI-ESM-LR.CRCM5-OUR': 'OURANOS',
                  'MPI-ESM-LR.CRCM5-UQAM': 'UQAM',
                  'MPI-ESM-LR.RegCM4': 'NCAR',
                  'MPI-ESM-LR.WRF': 'UA',
                  'MPI-ESM-MR.CRCM5-UQAM': 'UQAM'},
 'institution': {'CNRM-CM5.CRCM5-OUR': 'Ouranos',
                 'CanESM2.CRCM5-OUR': 'Ouranos',
                 'CanESM2.CRCM5-UQAM': 'Universite du Quebec a Montreal',
                 'CanESM2.CanRCM4': 'CCCma (Canadian Centre for Climate Modelling and Analysis, Victoria, BC, Canada)',
                 'GEMatm-Can.CRCM5-UQAM': 'Universite du Quebec a Montreal',
                 'GEMatm-MPI.CRCM5-UQAM': 'Universite du Quebec a Montreal',
                 'GFDL-ESM2M.CRCM5-OUR': 'Ouranos',
                 'GFDL-ESM2M.RegCM4': 'Iowa State University',
                 'GFDL-ESM2M.WRF': 'National Center for Atmospheric Research',
                 'HadGEM2-ES.RegCM4': 'Iowa State University',
                 'HadGEM2-ES.WRF': 'National Center for Atmospheric Research',
                 'MPI-ESM-LR.CRCM5-OUR': 'Ouranos',
                 'MPI-ESM-LR.CRCM5-UQAM': 'Universite du Quebec a Montreal',
                 'MPI-ESM-LR.RegCM4': 'National Center for Atmospheric Research',
                 'MPI-ESM-LR.WRF': 'University of Arizona',
                 'MPI-ESM-MR.CRCM5-UQAM': 'Universite du Quebec a Montreal'},
 'model_id': {'CNRM-CM5.CRCM5-OUR': 'OURANOS-CRCM5',
              'CanESM2.CRCM5-OUR': 'OURANOS-CRCM5',
              'CanESM2.CRCM5-UQAM': 'UQAM-CRCM5',
              'CanESM2.CanRCM4': 'CCCma-CanRCM4',
              'GEMatm-Can.CRCM5-UQAM': 'UQAM-CRCM5',
              'GEMatm-MPI.CRCM5-UQAM': 'UQAM-CRCM5',
              'GFDL-ESM2M.CRCM5-OUR': 'OURANOS-CRCM5',
              'GFDL-ESM2M.RegCM4': 'ISU-RegCM4',
              'GFDL-ESM2M.WRF': 'NCAR-WRF',
              'HadGEM2-ES.RegCM4': 'ISU-RegCM4',
              'HadGEM2-ES.WRF': 'NCAR-WRF',
              'MPI-ESM-LR.CRCM5-OUR': 'OURANOS-CRCM5',
              'MPI-ESM-LR.CRCM5-UQAM': 'UQAM-CRCM5',
              'MPI-ESM-LR.RegCM4': 'NCAR-RegCM4',
              'MPI-ESM-LR.WRF': 'UA-WRF',
              'MPI-ESM-MR.CRCM5-UQAM': 'UQAM-CRCM5'},
 'product': 'output',
 'project_id': 'CORDEX',
 'rcm_version_id': {'CNRM-CM5.CRCM5-OUR': 'v1',
                    'CanESM2.CRCM5-OUR': 'v1',
                    'CanESM2.CRCM5-UQAM': 'v1',
                    'CanESM2.CanRCM4': 'r2',
                    'GEMatm-Can.CRCM5-UQAM': 'v1',
                    'GEMatm-MPI.CRCM5-UQAM': 'v1',
                    'GFDL-ESM2M.CRCM5-OUR': 'v1',
                    'GFDL-ESM2M.RegCM4': 'v4.4-rc8',
                    'GFDL-ESM2M.WRF': 'v3.5.1',
                    'HadGEM2-ES.RegCM4': 'v4.4-rc8',
                    'HadGEM2-ES.WRF': 'v3.5.1',
                    'MPI-ESM-LR.CRCM5-OUR': 'v1',
                    'MPI-ESM-LR.CRCM5-UQAM': 'v1',
                    'MPI-ESM-LR.RegCM4': 'v4.4-rc8',
                    'MPI-ESM-LR.WRF': 'v3.5.1',
                    'MPI-ESM-MR.CRCM5-UQAM': 'v1'},
 'references': {'CNRM-CM5.CRCM5-OUR': 'http://www.ouranos.ca',
                'CanESM2.CRCM5-OUR': 'http://www.ouranos.ca',
                'CanESM2.CRCM5-UQAM': 'http://www.mrcc.uqam.ca',
                'CanESM2.CanRCM4': 'http://www.cccma.ec.gc.ca/models',
                'GEMatm-Can.CRCM5-UQAM': 'http://www.mrcc.uqam.ca',
                'GEMatm-MPI.CRCM5-UQAM': 'http://www.mrcc.uqam.ca',
                'GFDL-ESM2M.CRCM5-OUR': 'http://www.ouranos.ca',
                'GFDL-ESM2M.RegCM4': 'Elguindi, et al. Regional climate model RegCM user manual version 4.4. The Abdus Salam International Centre '
                                     'for Theoretical Physics, Strada Costiera, Trieste, Italy. (2013).',
                'GFDL-ESM2M.WRF': "Skamarock, et al., 2005. 'A description of the Advanced Research WRF version 2.' NCAR Tech. Note NCAR/TN-468+STR",
                'HadGEM2-ES.RegCM4': 'Elguindi, et al. Regional climate model RegCM user manual version 4.4. The Abdus Salam International Centre '
                                     'for Theoretical Physics, Strada Costiera, Trieste, Italy. (2013).',
                'HadGEM2-ES.WRF': "Skamarock, et al., 2005. 'A description of the Advanced Research WRF version 2.' NCAR Tech. Note NCAR/TN-468+STR",
                'MPI-ESM-LR.CRCM5-OUR': 'http://www.ouranos.ca',
                'MPI-ESM-LR.CRCM5-UQAM': 'http://www.mrcc.uqam.ca',
                'MPI-ESM-LR.RegCM4': 'Elguindi, et al. Regional climate model RegCM user manual version 4.4. The Abdus Salam International Centre '
                                     'for Theoretical Physics, Strada Costiera, Trieste, Italy. (2013).',
                'MPI-ESM-LR.WRF': "Skamarock, et al., 2005. 'A description of the Advanced Research WRF version 2.' NCAR Tech. Note NCAR/TN-468+STR",
                'MPI-ESM-MR.CRCM5-UQAM': 'http://www.mrcc.uqam.ca'},
 'title': {'CNRM-CM5.CRCM5-OUR': 'NA-CORDEX Raw NAM-22i CRCM5-OUR CNRM-CM5 Hist Seasonal Climatology of Precipitation',
           'CanESM2.CRCM5-OUR': 'NA-CORDEX Raw NAM-22i CRCM5-OUR CanESM2 Hist Seasonal Climatology of Precipitation',
           'CanESM2.CRCM5-UQAM': 'NA-CORDEX Raw NAM-22i CRCM5-UQAM CanESM2 Hist Seasonal Climatology of Precipitation',
           'CanESM2.CanRCM4': 'NA-CORDEX Raw NAM-22i CanRCM4 CanESM2 Hist Seasonal Climatology of Precipitation',
           'GEMatm-Can.CRCM5-UQAM': 'NA-CORDEX Raw NAM-22i CRCM5-UQAM GEMatm-Can Hist Seasonal Climatology of Precipitation',
           'GEMatm-MPI.CRCM5-UQAM': 'NA-CORDEX Raw NAM-22i CRCM5-UQAM GEMatm-MPI Hist Seasonal Climatology of Precipitation',
           'GFDL-ESM2M.CRCM5-OUR': 'NA-CORDEX Raw NAM-22i CRCM5-OUR GFDL-ESM2M Hist Seasonal Climatology of Precipitation',
           'GFDL-ESM2M.RegCM4': 'NA-CORDEX Raw NAM-22i RegCM4 GFDL-ESM2M Hist Seasonal Climatology of Precipitation',
           'GFDL-ESM2M.WRF': 'NA-CORDEX Raw NAM-22i WRF GFDL-ESM2M Hist Seasonal Climatology of Precipitation',
           'HadGEM2-ES.RegCM4': 'NA-CORDEX Raw NAM-22i RegCM4 HadGEM2-ES Hist Seasonal Climatology of Precipitation',
           'HadGEM2-ES.WRF': 'NA-CORDEX Raw NAM-22i WRF HadGEM2-ES Hist Seasonal Climatology of Precipitation',
           'MPI-ESM-LR.CRCM5-OUR': 'NA-CORDEX Raw NAM-22i CRCM5-OUR MPI-ESM-LR Hist Seasonal Climatology of Precipitation',
           'MPI-ESM-LR.CRCM5-UQAM': 'NA-CORDEX Raw NAM-22i CRCM5-UQAM MPI-ESM-LR Hist Seasonal Climatology of Precipitation',
           'MPI-ESM-LR.RegCM4': 'NA-CORDEX Raw NAM-22i RegCM4 MPI-ESM-LR Hist Seasonal Climatology of Precipitation',
           'MPI-ESM-LR.WRF': 'NA-CORDEX Raw NAM-22i WRF MPI-ESM-LR Hist Seasonal Climatology of Precipitation',
           'MPI-ESM-MR.CRCM5-UQAM': 'NA-CORDEX Raw NAM-22i CRCM5-UQAM MPI-ESM-MR Hist Seasonal Climatology of Precipitation'},
 'tracking_id': {'CNRM-CM5.CRCM5-OUR': 'b8db62b9-8608-4dee-a0fe-f07b9ebc2541',
                 'CanESM2.CRCM5-OUR': 'c120b596-c28c-429d-9396-e1d7eb2935f0',
                 'CanESM2.CRCM5-UQAM': 'a2b6ac19-aa22-4f9e-8d5f-dd8ccbe25c3a',
                 'CanESM2.CanRCM4': '2082adab-25fa-4d68-93b0-0cc522fdfa18',
                 'GEMatm-Can.CRCM5-UQAM': '9ad8f5b2-7238-4205-8d33-5c9790f9e3c1',
                 'GEMatm-MPI.CRCM5-UQAM': '44c98f6f-35b8-4382-8573-109b16605185',
                 'GFDL-ESM2M.CRCM5-OUR': 'bc961498-6525-4893-a889-ff6cad607d6d',
                 'GFDL-ESM2M.RegCM4': 'b93d8703-fb83-4340-968a-8f2c1991c6a9',
                 'GFDL-ESM2M.WRF': 'ce71ff51-b9f8-4a7f-bbb6-e27334545409',
                 'HadGEM2-ES.RegCM4': '40733b5d-eccf-470b-a886-806c3d9543af',
                 'HadGEM2-ES.WRF': 'df3258b4-d34e-4ff1-abf1-56c796cc4f7e',
                 'MPI-ESM-LR.CRCM5-OUR': '885c6f2a-d9eb-4933-aab9-16270e1b4ad1',
                 'MPI-ESM-LR.CRCM5-UQAM': '9211c9b9-af73-4f11-a54d-d79f09053294',
                 'MPI-ESM-LR.RegCM4': '3359b323-a699-46cc-bca1-5d875d7d9ad3',
                 'MPI-ESM-LR.WRF': 'be74e1c9-a645-4234-8d0a-48c1d9bb29c1',
                 'MPI-ESM-MR.CRCM5-UQAM': '1a35ebd8-1f0c-487b-938a-45b06bf81827'},
 'version': {'CNRM-CM5.CRCM5-OUR': '1.1',
             'CanESM2.CRCM5-OUR': '1.3',
             'CanESM2.CRCM5-UQAM': '1.2',
             'CanESM2.CanRCM4': '1.2',
             'GEMatm-Can.CRCM5-UQAM': '1.2',
             'GEMatm-MPI.CRCM5-UQAM': '1.2',
             'GFDL-ESM2M.CRCM5-OUR': '1.3',
             'GFDL-ESM2M.RegCM4': '2.0',
             'GFDL-ESM2M.WRF': '1.2',
             'HadGEM2-ES.RegCM4': '2.0',
             'HadGEM2-ES.WRF': '1.2',
             'MPI-ESM-LR.CRCM5-OUR': '1.1',
             'MPI-ESM-LR.CRCM5-UQAM': '1.2',
             'MPI-ESM-LR.RegCM4': '1.3',
             'MPI-ESM-LR.WRF': '2.2',
             'MPI-ESM-MR.CRCM5-UQAM': '3.1'}}
