{'CORDEX_domain': 'NAM-22',
 'contact': {'GFDL-ESM2M.RegCM4': 'Raymond Arritt, rwarritt@bruce.agron.iastate.edu',
             'HadGEM2-ES.RegCM4': 'Raymond Arritt, rwarritt@bruce.agron.iastate.edu'},
 'creation_date': {'GFDL-ESM2M.RegCM4': '2014-11-07T12:42:25Z', 'HadGEM2-ES.RegCM4': '2017-01-01T00:00:00Z'},
 'driving_experiment': {'GFDL-ESM2M.RegCM4': 'GFDL-ESM2M,historical,r1i1p1', 'HadGEM2-ES.RegCM4': 'HadGEM2-ES,historical,r1i1p1'},
 'driving_experiment_name': 'historical',
 'driving_model_ensemble_member': {'GFDL-ESM2M.RegCM4': 'r1i1p1', 'HadGEM2-ES.RegCM4': 'r1i1p1'},
 'driving_model_id': {'GFDL-ESM2M.RegCM4': 'GFDL-ESM2M', 'HadGEM2-ES.RegCM4': 'HadGEM2-ES'},
 'experiment': 'historical',
 'experiment_id': 'historical',
 'frequency': '3hr',
 'id': 'doi:10.5065/D6SJ1JCH',
 'institute_id': {'GFDL-ESM2M.RegCM4': 'ISU', 'HadGEM2-ES.RegCM4': 'ISU'},
 'institution': {'GFDL-ESM2M.RegCM4': 'Iowa State University', 'HadGEM2-ES.RegCM4': 'Iowa State University'},
 'model_id': {'GFDL-ESM2M.RegCM4': 'NCAR-RegCM4', 'HadGEM2-ES.RegCM4': 'NCAR-RegCM4'},
 'product': 'output',
 'project_id': 'CORDEX',
 'rcm_version_id': {'GFDL-ESM2M.RegCM4': 'v4', 'HadGEM2-ES.RegCM4': 'v4'},
 'references': {'GFDL-ESM2M.RegCM4': ' ', 'HadGEM2-ES.RegCM4': ' '},
 'title': {'GFDL-ESM2M.RegCM4': 'NA-CORDEX Raw NAM-22 RegCM4 GFDL-ESM2M Hist 1-Hourly Mean Precipitation',
           'HadGEM2-ES.RegCM4': 'NA-CORDEX Raw NAM-22 RegCM4 HadGEM2-ES Hist 1-Hourly Mean Precipitation'},
 'tracking_id': {'GFDL-ESM2M.RegCM4': 'e3568901-351c-4a9a-8eaa-69d9c7a940e8', 'HadGEM2-ES.RegCM4': '841c7cd9-9ac8-44d4-81f6-e3c1c7e79bd6'},
 'version': {'GFDL-ESM2M.RegCM4': '1.4', 'HadGEM2-ES.RegCM4': '1.4'}}
