{'CORDEX_domain': 'NAM-44',
 'contact': {'GFDL-ESM2M.RegCM4': 'Raymond Arritt, rwarritt@bruce.agron.iastate.edu',
             'HadGEM2-ES.RegCM4': 'Raymond Arritt, rwarritt@bruce.agron.iastate.edu'},
 'creation_date': {'GFDL-ESM2M.RegCM4': '2014-04-08T11:34:49Z', 'HadGEM2-ES.RegCM4': '2016-06-23T21:50:28Z'},
 'driving_experiment': {'GFDL-ESM2M.RegCM4': 'GFDL-ESM2M,historical,r1i1p1', 'HadGEM2-ES.RegCM4': 'HadGEM2-ES,historical,r1i1p1'},
 'driving_experiment_name': 'historical',
 'driving_model_ensemble_member': {'GFDL-ESM2M.RegCM4': 'r1i1p1', 'HadGEM2-ES.RegCM4': 'r1i1p1'},
 'driving_model_id': {'GFDL-ESM2M.RegCM4': 'GFDL-ESM2M', 'HadGEM2-ES.RegCM4': 'HadGEM2-ES'},
 'experiment': 'historical',
 'experiment_id': 'historical',
 'frequency': '3hr',
 'id': 'doi:10.5065/D6SJ1JCH',
 'institute_id': {'GFDL-ESM2M.RegCM4': 'ISU', 'HadGEM2-ES.RegCM4': 'ISU'},
 'institution': {'GFDL-ESM2M.RegCM4': 'Iowa State University', 'HadGEM2-ES.RegCM4': 'Iowa State University'},
 'model_id': {'GFDL-ESM2M.RegCM4': 'NCAR-RegCM4', 'HadGEM2-ES.RegCM4': 'NCAR-RegCM4'},
 'product': 'output',
 'project_id': 'CORDEX',
 'rcm_version_id': {'GFDL-ESM2M.RegCM4': 'v4', 'HadGEM2-ES.RegCM4': 'v4'},
 'references': {'GFDL-ESM2M.RegCM4': ' ', 'HadGEM2-ES.RegCM4': ' '},
 'title': {'GFDL-ESM2M.RegCM4': 'NA-CORDEX Raw NAM-44 RegCM4 GFDL-ESM2M Hist 1-Hourly Mean Precipitation',
           'HadGEM2-ES.RegCM4': 'NA-CORDEX Raw NAM-44 RegCM4 HadGEM2-ES Hist 1-Hourly Mean Precipitation'},
 'tracking_id': {'GFDL-ESM2M.RegCM4': '3806f7be-badb-4d2e-8e64-9b99da17ce43', 'HadGEM2-ES.RegCM4': '90bd8d08-e102-44c5-9669-7b68419eaa70'},
 'version': {'GFDL-ESM2M.RegCM4': '1.2', 'HadGEM2-ES.RegCM4': '1.2'}}
