{'CORDEX_domain': 'NAM-44',
 'contact': {'GFDL-ESM2M.RegCM4': 'Raymond Arritt, rwarritt@bruce.agron.iastate.edu',
             'HadGEM2-ES.RegCM4': 'Raymond Arritt, rwarritt@bruce.agron.iastate.edu'},
 'creation_date': {'GFDL-ESM2M.RegCM4': '2014-04-08T11:34:49Z', 'HadGEM2-ES.RegCM4': '2016-07-17T11:56:45Z'},
 'driving_experiment': {'GFDL-ESM2M.RegCM4': 'GFDL-ESM2M,rcp85,r1i1p1', 'HadGEM2-ES.RegCM4': 'HadGEM2-ES,rcp85,r1i1p1'},
 'driving_experiment_name': 'rcp85',
 'driving_model_ensemble_member': {'GFDL-ESM2M.RegCM4': 'r1i1p1', 'HadGEM2-ES.RegCM4': 'r1i1p1'},
 'driving_model_id': {'GFDL-ESM2M.RegCM4': 'GFDL-ESM2M', 'HadGEM2-ES.RegCM4': 'HadGEM2-ES'},
 'experiment': 'Scenario experiment using HadGEM2-ES as driving model',
 'experiment_id': 'rcp85',
 'frequency': '3hr',
 'id': 'doi:10.5065/D6SJ1JCH',
 'institute_id': {'GFDL-ESM2M.RegCM4': 'ISU', 'HadGEM2-ES.RegCM4': 'ISU'},
 'institution': {'GFDL-ESM2M.RegCM4': 'Iowa State University', 'HadGEM2-ES.RegCM4': 'Iowa State University'},
 'model_id': {'GFDL-ESM2M.RegCM4': 'NCAR-RegCM4', 'HadGEM2-ES.RegCM4': 'NCAR-RegCM4'},
 'product': 'output',
 'project_id': 'CORDEX',
 'rcm_version_id': {'GFDL-ESM2M.RegCM4': 'v4', 'HadGEM2-ES.RegCM4': 'v4'},
 'references': {'GFDL-ESM2M.RegCM4': ' ', 'HadGEM2-ES.RegCM4': ' '},
 'title': {'GFDL-ESM2M.RegCM4': 'NA-CORDEX Raw NAM-44 RegCM4 GFDL-ESM2M RCP8.5 1-Hourly Mean Precipitation',
           'HadGEM2-ES.RegCM4': 'NA-CORDEX Raw NAM-44 RegCM4 HadGEM2-ES RCP8.5 1-Hourly Mean Precipitation'},
 'tracking_id': {'GFDL-ESM2M.RegCM4': '09402198-f2a5-4740-a4a6-9c2fca393338', 'HadGEM2-ES.RegCM4': 'fa13ddfc-1038-4660-b6cd-f2f7c871a3af'},
 'version': {'GFDL-ESM2M.RegCM4': '1.2', 'HadGEM2-ES.RegCM4': '1.2'}}
