{'CORDEX_domain': 'NAM-22',
 'contact': {'CanESM2.CRCM5-OUR': 'paquin.dominique@ouranos.ca',
             'CanESM2.CanRCM4': 'cccma_info@ec.gc.ca',
             'GFDL-ESM2M.CRCM5-OUR': 'biner.sebastien@ouranos.ca'},
 'creation_date': {'CanESM2.CRCM5-OUR': '2019-01-11 16:16', 'CanESM2.CanRCM4': '2012-12-03 19:35:57', 'GFDL-ESM2M.CRCM5-OUR': '2019-02-12 15:27'},
 'driving_experiment': {'CanESM2.CRCM5-OUR': 'CCCma-CanESM2,rcp45.r1i1p1',
                        'CanESM2.CanRCM4': 'CCCma-CanESM2, rcp45, r1i1p1',
                        'GFDL-ESM2M.CRCM5-OUR': 'GFDL-ESM2M,rcp45,r1i1p1'},
 'driving_experiment_name': 'r1i1p1',
 'driving_model_ensemble_member': {'CanESM2.CRCM5-OUR': 'r1i1p1', 'CanESM2.CanRCM4': 'r1i1p1', 'GFDL-ESM2M.CRCM5-OUR': 'r1i1p1'},
 'driving_model_id': {'CanESM2.CRCM5-OUR': 'CCCma-CanESM2', 'CanESM2.CanRCM4': 'CCCma-CanESM2', 'GFDL-ESM2M.CRCM5-OUR': 'GFDL-ESM2M'},
 'experiment': 'simulation rcp45 membre #1',
 'experiment_id': 'rcp45',
 'frequency': 'day',
 'id': 'doi:10.5065/D6SJ1JCH',
 'institute_id': {'CanESM2.CRCM5-OUR': 'OURANOS', 'CanESM2.CanRCM4': 'CCCma', 'GFDL-ESM2M.CRCM5-OUR': 'OURANOS'},
 'institution': {'CanESM2.CRCM5-OUR': 'Ouranos',
                 'CanESM2.CanRCM4': 'CCCma (Canadian Centre for Climate Modelling and Analysis, Victoria, BC, Canada)',
                 'GFDL-ESM2M.CRCM5-OUR': 'Ouranos'},
 'model_id': {'CanESM2.CRCM5-OUR': 'OURANOS-CRCM5', 'CanESM2.CanRCM4': 'CCCma-CanRCM4', 'GFDL-ESM2M.CRCM5-OUR': 'OURANOS-CRCM5'},
 'product': 'output',
 'project_id': 'CORDEX',
 'rcm_version_id': {'CanESM2.CRCM5-OUR': 'v1', 'CanESM2.CanRCM4': 'r2', 'GFDL-ESM2M.CRCM5-OUR': 'v1'},
 'references': {'CanESM2.CRCM5-OUR': 'http://www.ouranos.ca',
                'CanESM2.CanRCM4': 'http://www.cccma.ec.gc.ca/models',
                'GFDL-ESM2M.CRCM5-OUR': 'http://www.ouranos.ca'},
 'title': {'CanESM2.CRCM5-OUR': 'NA-CORDEX Raw NAM-22i CRCM5-OUR CanESM2 RCP4.5 Daily Mean Precipitation',
           'CanESM2.CanRCM4': 'NA-CORDEX Raw NAM-22i CanRCM4 CanESM2 RCP4.5 Daily Mean Precipitation',
           'GFDL-ESM2M.CRCM5-OUR': 'NA-CORDEX Raw NAM-22i CRCM5-OUR GFDL-ESM2M RCP4.5 Daily Mean Precipitation'},
 'tracking_id': {'CanESM2.CRCM5-OUR': '5d716c44-418c-4262-940c-0074ef3b33fd',
                 'CanESM2.CanRCM4': '64553a0f-2018-45b8-9739-8989b0d41783',
                 'GFDL-ESM2M.CRCM5-OUR': '4c00176b-ff9c-4551-8a5d-a2365750803d'},
 'version': {'CanESM2.CRCM5-OUR': '1.1', 'CanESM2.CanRCM4': '1.2', 'GFDL-ESM2M.CRCM5-OUR': '1.1'}}
