{'CORDEX_domain': 'NAM-44',
 'contact': {'CanESM2.CRCM5-UQAM': 'Winger.Katja@uqam.ca',
             'CanESM2.CanRCM4': 'cccma_info@ec.gc.ca',
             'CanESM2.RCA4': 'rossby.cordex@smhi.se',
             'EC-EARTH.HIRHAM5': 'obc@dmi.dk',
             'EC-EARTH.RCA4': 'rossby.cordex@smhi.se',
             'MPI-ESM-LR.CRCM5-UQAM': 'Winger.Katja@uqam.ca'},
 'creation_date': {'CanESM2.CRCM5-UQAM': '2012-09-16',
                   'CanESM2.CanRCM4': '2012-06-29 23:48:29',
                   'CanESM2.RCA4': '2014-02-07-T15:48:27Z',
                   'EC-EARTH.HIRHAM5': '2012-11-26 19:06:48',
                   'EC-EARTH.RCA4': '2014-02-07-T15:48:21Z',
                   'MPI-ESM-LR.CRCM5-UQAM': '2012-09-19'},
 'driving_experiment': {'CanESM2.CRCM5-UQAM': 'CCCma-CanESM2,rcp45,r1i1p1',
                        'CanESM2.CanRCM4': 'CCCma-CanESM2, rcp45, r1i1p1',
                        'CanESM2.RCA4': 'CCCma-CanESM2, rcp45, r1i1p1',
                        'EC-EARTH.HIRHAM5': 'ICHEC-EC-EARTH,rcp45,r3i1p1',
                        'EC-EARTH.RCA4': 'ICHEC-EC-EARTH, rcp45, r12i1p1',
                        'MPI-ESM-LR.CRCM5-UQAM': 'MPI-M-MPI-ESM-LR,rcp45,r1i1p1'},
 'driving_experiment_name': 'rcp45',
 'driving_model_ensemble_member': {'CanESM2.CRCM5-UQAM': 'r1i1p1',
                                   'CanESM2.CanRCM4': 'r1i1p1',
                                   'CanESM2.RCA4': 'r1i1p1',
                                   'EC-EARTH.HIRHAM5': 'r3i1p1',
                                   'EC-EARTH.RCA4': 'r12i1p1',
                                   'MPI-ESM-LR.CRCM5-UQAM': 'r1i1p1'},
 'driving_model_id': {'CanESM2.CRCM5-UQAM': 'CCCma-CanESM2',
                      'CanESM2.CanRCM4': 'CCCma-CanESM2',
                      'CanESM2.RCA4': 'CCCma-CanESM2',
                      'EC-EARTH.HIRHAM5': 'ICHEC-EC-EARTH',
                      'EC-EARTH.RCA4': 'ICHEC-EC-EARTH',
                      'MPI-ESM-LR.CRCM5-UQAM': 'MPI-M-MPI-ESM-LR'},
 'experiment': 'rcp45',
 'experiment_id': 'rcp45',
 'frequency': 'ann',
 'id': 'doi:10.5065/D6SJ1JCH',
 'institute_id': {'CanESM2.CRCM5-UQAM': 'UQAM',
                  'CanESM2.CanRCM4': 'CCCma',
                  'CanESM2.RCA4': 'SMHI',
                  'EC-EARTH.HIRHAM5': 'DMI',
                  'EC-EARTH.RCA4': 'SMHI',
                  'MPI-ESM-LR.CRCM5-UQAM': 'UQAM'},
 'institution': {'CanESM2.CRCM5-UQAM': 'Universite du Quebec a Montreal',
                 'CanESM2.CanRCM4': 'CCCma (Canadian Centre for Climate Modelling and Analysis, Victoria, BC, Canada)',
                 'CanESM2.RCA4': 'Swedish Meteorological and Hydrological Institute, Rossby Centre',
                 'EC-EARTH.HIRHAM5': 'Danish Meteorological Institute',
                 'EC-EARTH.RCA4': 'Swedish Meteorological and Hydrological Institute, Rossby Centre',
                 'MPI-ESM-LR.CRCM5-UQAM': 'Universite du Quebec a Montreal'},
 'model_id': {'CanESM2.CRCM5-UQAM': 'UQAM-CRCM5',
              'CanESM2.CanRCM4': 'CCCma-CanRCM4',
              'CanESM2.RCA4': 'SMHI-RCA4',
              'EC-EARTH.HIRHAM5': 'DMI-HIRHAM5',
              'EC-EARTH.RCA4': 'SMHI-RCA4',
              'MPI-ESM-LR.CRCM5-UQAM': 'UQAM-CRCM5'},
 'product': 'output',
 'project_id': 'CORDEX',
 'rcm_version_id': {'CanESM2.CRCM5-UQAM': 'v1',
                    'CanESM2.CanRCM4': 'r2',
                    'CanESM2.RCA4': 'v1',
                    'EC-EARTH.HIRHAM5': 'v1',
                    'EC-EARTH.RCA4': 'v1',
                    'MPI-ESM-LR.CRCM5-UQAM': 'v1'},
 'references': {'CanESM2.CRCM5-UQAM': 'http://www.mrcc.uqam.ca',
                'CanESM2.CanRCM4': 'http://www.cccma.ec.gc.ca/models',
                'CanESM2.RCA4': 'http://www.smhi.se/en/Research/Research-departments/climate-research-rossby-centre',
                'EC-EARTH.RCA4': 'http://www.smhi.se/en/Research/Research-departments/climate-research-rossby-centre',
                'MPI-ESM-LR.CRCM5-UQAM': 'http://www.mrcc.uqam.ca'},
 'title': {'CanESM2.CRCM5-UQAM': 'NA-CORDEX Raw NAM-44i CRCM5-UQAM CanESM2 RCP4.5 Annual Mean Precipitation',
           'CanESM2.CanRCM4': 'NA-CORDEX Raw NAM-44i CanRCM4 CanESM2 RCP4.5 Annual Mean Precipitation',
           'CanESM2.RCA4': 'NA-CORDEX Raw NAM-44i RCA4 CanESM2 RCP4.5 Annual Mean Precipitation',
           'EC-EARTH.HIRHAM5': 'NA-CORDEX Raw NAM-44i HIRHAM5 EC-EARTH RCP4.5 Annual Mean Precipitation',
           'EC-EARTH.RCA4': 'NA-CORDEX Raw NAM-44i RCA4 EC-EARTH RCP4.5 Annual Mean Precipitation',
           'MPI-ESM-LR.CRCM5-UQAM': 'NA-CORDEX Raw NAM-44i CRCM5-UQAM MPI-ESM-LR RCP4.5 Annual Mean Precipitation'},
 'tracking_id': {'CanESM2.CRCM5-UQAM': '595c52bd-7322-407e-b931-044139400b2a',
                 'CanESM2.CanRCM4': '872ce413-0954-4e8a-909f-564d128205e2',
                 'CanESM2.RCA4': '6c073fdb-c893-4271-9669-e964fdf9771f',
                 'EC-EARTH.HIRHAM5': 'dcec2d83-9bac-4d79-b256-8b12ac0f84e7',
                 'EC-EARTH.RCA4': '8e08b59e-7c85-4e38-be7e-93d1c9fca356',
                 'MPI-ESM-LR.CRCM5-UQAM': '900a82ec-0f6c-4449-9a6b-3f0191fc64c1'},
 'version': {'CanESM2.CRCM5-UQAM': '2.1',
             'CanESM2.CanRCM4': '1.2',
             'CanESM2.RCA4': '1.1',
             'EC-EARTH.HIRHAM5': '1.1',
             'EC-EARTH.RCA4': '1.1',
             'MPI-ESM-LR.CRCM5-UQAM': '1.2'}}
