{'CORDEX_domain': 'NAM-44',
 'contact': {'CanESM2.CRCM5-UQAM': 'Winger.Katja@uqam.ca',
             'CanESM2.CanRCM4': 'cccma_info@ec.gc.ca',
             'CanESM2.RCA4': 'rossby.cordex@smhi.se',
             'EC-EARTH.HIRHAM5': 'obc@dmi.dk',
             'EC-EARTH.RCA4': 'rossby.cordex@smhi.se',
             'MPI-ESM-LR.CRCM5-UQAM': 'Winger.Katja@uqam.ca'},
 'creation_date': {'CanESM2.CRCM5-UQAM': '2012-09-16',
                   'CanESM2.CanRCM4': '2012-06-29 23:48:29',
                   'CanESM2.RCA4': '2014-02-07-T15:48:27Z',
                   'EC-EARTH.HIRHAM5': '2012-11-26 19:06:48',
                   'EC-EARTH.RCA4': '2014-02-07-T15:48:21Z',
                   'MPI-ESM-LR.CRCM5-UQAM': '2012-09-19'},
 'driving_experiment': {'CanESM2.CRCM5-UQAM': 'CCCma-CanESM2,rcp45,r1i1p1',
                        'CanESM2.CanRCM4': 'CCCma-CanESM2, rcp45, r1i1p1',
                        'CanESM2.RCA4': 'CCCma-CanESM2, rcp45, r1i1p1',
                        'EC-EARTH.HIRHAM5': 'ICHEC-EC-EARTH,rcp45,r3i1p1',
                        'EC-EARTH.RCA4': 'ICHEC-EC-EARTH, rcp45, r12i1p1',
                        'MPI-ESM-LR.CRCM5-UQAM': 'MPI-M-MPI-ESM-LR,rcp45,r1i1p1'},
 'driving_experiment_name': 'rcp45',
 'driving_model_ensemble_member': {'CanESM2.CRCM5-UQAM': 'r1i1p1',
                                   'CanESM2.CanRCM4': 'r1i1p1',
                                   'CanESM2.RCA4': 'r1i1p1',
                                   'EC-EARTH.HIRHAM5': 'r3i1p1',
                                   'EC-EARTH.RCA4': 'r12i1p1',
                                   'MPI-ESM-LR.CRCM5-UQAM': 'r1i1p1'},
 'driving_model_id': {'CanESM2.CRCM5-UQAM': 'CCCma-CanESM2',
                      'CanESM2.CanRCM4': 'CCCma-CanESM2',
                      'CanESM2.RCA4': 'CCCma-CanESM2',
                      'EC-EARTH.HIRHAM5': 'ICHEC-EC-EARTH',
                      'EC-EARTH.RCA4': 'ICHEC-EC-EARTH',
                      'MPI-ESM-LR.CRCM5-UQAM': 'MPI-M-MPI-ESM-LR'},
 'experiment': 'rcp45',
 'experiment_id': 'rcp45',
 'frequency': 'yseas',
 'id': 'doi:10.5065/D6SJ1JCH',
 'institute_id': {'CanESM2.CRCM5-UQAM': 'UQAM',
                  'CanESM2.CanRCM4': 'CCCma',
                  'CanESM2.RCA4': 'SMHI',
                  'EC-EARTH.HIRHAM5': 'DMI',
                  'EC-EARTH.RCA4': 'SMHI',
                  'MPI-ESM-LR.CRCM5-UQAM': 'UQAM'},
 'institution': {'CanESM2.CRCM5-UQAM': 'Universite du Quebec a Montreal',
                 'CanESM2.CanRCM4': 'CCCma (Canadian Centre for Climate Modelling and Analysis, Victoria, BC, Canada)',
                 'CanESM2.RCA4': 'Swedish Meteorological and Hydrological Institute, Rossby Centre',
                 'EC-EARTH.HIRHAM5': 'Danish Meteorological Institute',
                 'EC-EARTH.RCA4': 'Swedish Meteorological and Hydrological Institute, Rossby Centre',
                 'MPI-ESM-LR.CRCM5-UQAM': 'Universite du Quebec a Montreal'},
 'model_id': {'CanESM2.CRCM5-UQAM': 'UQAM-CRCM5',
              'CanESM2.CanRCM4': 'CCCma-CanRCM4',
              'CanESM2.RCA4': 'SMHI-RCA4',
              'EC-EARTH.HIRHAM5': 'DMI-HIRHAM5',
              'EC-EARTH.RCA4': 'SMHI-RCA4',
              'MPI-ESM-LR.CRCM5-UQAM': 'UQAM-CRCM5'},
 'product': 'output',
 'project_id': 'CORDEX',
 'rcm_version_id': {'CanESM2.CRCM5-UQAM': 'v1',
                    'CanESM2.CanRCM4': 'r2',
                    'CanESM2.RCA4': 'v1',
                    'EC-EARTH.HIRHAM5': 'v1',
                    'EC-EARTH.RCA4': 'v1',
                    'MPI-ESM-LR.CRCM5-UQAM': 'v1'},
 'references': {'CanESM2.CRCM5-UQAM': 'http://www.mrcc.uqam.ca',
                'CanESM2.CanRCM4': 'http://www.cccma.ec.gc.ca/models',
                'CanESM2.RCA4': 'http://www.smhi.se/en/Research/Research-departments/climate-research-rossby-centre',
                'EC-EARTH.RCA4': 'http://www.smhi.se/en/Research/Research-departments/climate-research-rossby-centre',
                'MPI-ESM-LR.CRCM5-UQAM': 'http://www.mrcc.uqam.ca'},
 'title': {'CanESM2.CRCM5-UQAM': 'NA-CORDEX Raw NAM-44 CRCM5-UQAM CanESM2 RCP4.5 Seasonal Climatology of Precipitation',
           'CanESM2.CanRCM4': 'NA-CORDEX Raw NAM-44 CanRCM4 CanESM2 RCP4.5 Seasonal Climatology of Precipitation',
           'CanESM2.RCA4': 'NA-CORDEX Raw NAM-44 RCA4 CanESM2 RCP4.5 Seasonal Climatology of Precipitation',
           'EC-EARTH.HIRHAM5': 'NA-CORDEX Raw NAM-44 HIRHAM5 EC-EARTH RCP4.5 Seasonal Climatology of Precipitation',
           'EC-EARTH.RCA4': 'NA-CORDEX Raw NAM-44 RCA4 EC-EARTH RCP4.5 Seasonal Climatology of Precipitation',
           'MPI-ESM-LR.CRCM5-UQAM': 'NA-CORDEX Raw NAM-44 CRCM5-UQAM MPI-ESM-LR RCP4.5 Seasonal Climatology of Precipitation'},
 'tracking_id': {'CanESM2.CRCM5-UQAM': 'e63ba2d4-a4dc-4188-9322-5341569f174d',
                 'CanESM2.CanRCM4': '6afc01ef-58cf-4303-b7bb-9ce9519768f6',
                 'CanESM2.RCA4': '9ce20882-290a-45e1-bbc8-c39f484ecbce',
                 'EC-EARTH.HIRHAM5': '15b15c99-4ec8-4c80-8a0b-85b10b713ce6',
                 'EC-EARTH.RCA4': '2606fd72-1cc9-438f-a985-41ea39a194ec',
                 'MPI-ESM-LR.CRCM5-UQAM': '0ed10396-1bb3-4963-9ec6-2868321a17bc'},
 'version': {'CanESM2.CRCM5-UQAM': '2.1',
             'CanESM2.CanRCM4': '1.2',
             'CanESM2.RCA4': '1.1',
             'EC-EARTH.HIRHAM5': '1.1',
             'EC-EARTH.RCA4': '1.1',
             'MPI-ESM-LR.CRCM5-UQAM': '1.2'}}
