{'CORDEX_domain': 'NAM-44',
 'contact': {'CanESM2.CanRCM4': 'cccma_info@ec.gc.ca',
             'GFDL-ESM2M.WRF': 'Hsin-I Chang, hchang@atmo.arizona.edu',
             'HadGEM2-ES.WRF': 'Hsin-I Chang, hchang@atmo.arizona.edu',
             'MPI-ESM-LR.RegCM4': 'Melissa Bukovsky, bukovsky@ucar.edu',
             'MPI-ESM-LR.WRF': 'Hsin-I Chang, hchang@atmo.arizona.edu'},
 'creation_date': {'CanESM2.CanRCM4': '2014-07-07-T22:44:58Z',
                   'GFDL-ESM2M.WRF': '2016-11-17T16:48:10Z',
                   'HadGEM2-ES.WRF': '2017-02-22T02:27:00Z',
                   'MPI-ESM-LR.RegCM4': '2013-11-16T21:18:29Z',
                   'MPI-ESM-LR.WRF': '2017-10-10T00:00:00Z'},
 'driving_experiment': {'CanESM2.CanRCM4': 'CCCma-CanESM2, rcp85, r1i1p1',
                        'GFDL-ESM2M.WRF': 'GFDL-ESM2M,rcp85,r1i1p1',
                        'HadGEM2-ES.WRF': 'HadGEM2-ES,rcp85,r1i1p1',
                        'MPI-ESM-LR.RegCM4': 'MPI-ESM-LR,rcp85,r1i1p1',
                        'MPI-ESM-LR.WRF': 'MPI-ESM-LR,rcp85,r1i1p1'},
 'driving_experiment_name': 'rcp85',
 'driving_model_ensemble_member': {'CanESM2.CanRCM4': 'r1i1p1',
                                   'GFDL-ESM2M.WRF': 'r1i1p1',
                                   'HadGEM2-ES.WRF': 'r1i1p1',
                                   'MPI-ESM-LR.RegCM4': 'r1i1p1',
                                   'MPI-ESM-LR.WRF': 'r1i1p1'},
 'driving_model_id': {'CanESM2.CanRCM4': 'CCCma-CanESM2',
                      'GFDL-ESM2M.WRF': 'GFDL-ESM2M',
                      'HadGEM2-ES.WRF': 'HadGEM2-ES',
                      'MPI-ESM-LR.RegCM4': 'MPI-ESM-LR',
                      'MPI-ESM-LR.WRF': 'MPI-ESM-LR'},
 'experiment': 'Scenario experiment using MPI-ESM-LR as driving model',
 'experiment_id': 'rcp85',
 'frequency': '1hr',
 'id': 'doi:10.5065/D6SJ1JCH',
 'institute_id': {'CanESM2.CanRCM4': 'CCCma', 'GFDL-ESM2M.WRF': 'UA', 'HadGEM2-ES.WRF': 'UA', 'MPI-ESM-LR.RegCM4': 'NCAR', 'MPI-ESM-LR.WRF': 'UA'},
 'institution': {'CanESM2.CanRCM4': 'CCCma (Canadian Centre for Climate Modelling and Analysis, Victoria, BC, Canada)',
                 'GFDL-ESM2M.WRF': 'University of Arizona',
                 'HadGEM2-ES.WRF': 'University of Arizona',
                 'MPI-ESM-LR.RegCM4': 'National Center for Atmospheric Research',
                 'MPI-ESM-LR.WRF': 'University of Arizona'},
 'model_id': {'CanESM2.CanRCM4': 'CCCma-CanRCM4',
              'GFDL-ESM2M.WRF': 'NCAR-WRF',
              'HadGEM2-ES.WRF': 'NCAR-WRF',
              'MPI-ESM-LR.RegCM4': 'NCAR-RegCM4',
              'MPI-ESM-LR.WRF': 'NCAR-WRF'},
 'product': 'output',
 'project_id': 'CORDEX',
 'rcm_version_id': {'CanESM2.CanRCM4': 'r2',
                    'GFDL-ESM2M.WRF': 'v3.5.1',
                    'HadGEM2-ES.WRF': 'v3.5.1',
                    'MPI-ESM-LR.RegCM4': 'v4.4-rc8',
                    'MPI-ESM-LR.WRF': 'v3.5.1'},
 'references': {'CanESM2.CanRCM4': 'http://www.cccma.ec.gc.ca/models',
                'GFDL-ESM2M.WRF': "Skamarock, et al., 2005. 'A description of the Advanced Research WRF version 2.' NCAR Tech. Note NCAR/TN-468+STR",
                'HadGEM2-ES.WRF': "Skamarock, et al., 2005. 'A description of the Advanced Research WRF version 2.' NCAR Tech. Note NCAR/TN-468+STR",
                'MPI-ESM-LR.RegCM4': ' ',
                'MPI-ESM-LR.WRF': "Skamarock, et al., 2005. 'A description of the Advanced Research WRF version 2.' NCAR Tech. Note NCAR/TN-468+STR"},
 'title': {'CanESM2.CanRCM4': 'NA-CORDEX Raw NAM-44 CanRCM4 CanESM2 RCP8.5 1-Hourly Mean Precipitation',
           'GFDL-ESM2M.WRF': 'NA-CORDEX Raw NAM-44 WRF GFDL-ESM2M RCP8.5 1-Hourly Mean Precipitation',
           'HadGEM2-ES.WRF': 'NA-CORDEX Raw NAM-44 WRF HadGEM2-ES RCP8.5 1-Hourly Mean Precipitation',
           'MPI-ESM-LR.RegCM4': 'NA-CORDEX Raw NAM-44 RegCM4 MPI-ESM-LR RCP8.5 3-Hourly Mean Precipitation',
           'MPI-ESM-LR.WRF': 'NA-CORDEX Raw NAM-44 WRF MPI-ESM-LR RCP8.5 1-Hourly Mean Precipitation'},
 'tracking_id': {'CanESM2.CanRCM4': '2f0ee40f-045a-413f-98d1-2be97501e7a9',
                 'GFDL-ESM2M.WRF': '802b0978-5931-4da0-9f49-3e1d40196c07',
                 'HadGEM2-ES.WRF': 'adf0207e-7307-43da-a3d9-66eca967ee46',
                 'MPI-ESM-LR.RegCM4': '98137b9a-ef90-458f-b346-bf1a34f571c1',
                 'MPI-ESM-LR.WRF': 'aed539c1-04b0-4a4d-a672-d296ee76144f'},
 'version': {'CanESM2.CanRCM4': '1.2', 'GFDL-ESM2M.WRF': '1.2', 'HadGEM2-ES.WRF': '1.2', 'MPI-ESM-LR.RegCM4': '1.3', 'MPI-ESM-LR.WRF': '2.2'}}
