{'CORDEX_domain': 'NAM-22',
 'contact': {'GFDL-ESM2M.RegCM4': 'Raymond Arritt, rwarritt@bruce.agron.iastate.edu',
             'HadGEM2-ES.RegCM4': 'Raymond Arritt, rwarritt@bruce.agron.iastate.edu'},
 'creation_date': {'GFDL-ESM2M.RegCM4': '2015-03-16T03:20:57Z', 'HadGEM2-ES.RegCM4': '2017-01-01T00:00:00Z'},
 'driving_experiment': {'GFDL-ESM2M.RegCM4': 'GFDL-ESM2M,rcp85,r1i1p1', 'HadGEM2-ES.RegCM4': 'HadGEM2-ES,historical,r1i1p1'},
 'driving_experiment_name': 'historical',
 'driving_model_ensemble_member': {'GFDL-ESM2M.RegCM4': 'r1i1p1', 'HadGEM2-ES.RegCM4': 'r1i1p1'},
 'driving_model_id': {'GFDL-ESM2M.RegCM4': 'GFDL-ESM2M', 'HadGEM2-ES.RegCM4': 'HadGEM2-ES'},
 'experiment': 'historical',
 'experiment_id': 'historical',
 'frequency': '3hr',
 'id': 'doi:10.5065/D6SJ1JCH',
 'institute_id': {'GFDL-ESM2M.RegCM4': 'ISU', 'HadGEM2-ES.RegCM4': 'ISU'},
 'institution': {'GFDL-ESM2M.RegCM4': 'Iowa State University', 'HadGEM2-ES.RegCM4': 'Iowa State University'},
 'model_id': {'GFDL-ESM2M.RegCM4': 'NCAR-RegCM4', 'HadGEM2-ES.RegCM4': 'NCAR-RegCM4'},
 'product': 'output',
 'project_id': 'CORDEX',
 'rcm_version_id': {'GFDL-ESM2M.RegCM4': 'v4', 'HadGEM2-ES.RegCM4': 'v4'},
 'references': {'GFDL-ESM2M.RegCM4': ' ', 'HadGEM2-ES.RegCM4': ' '},
 'title': {'GFDL-ESM2M.RegCM4': 'NA-CORDEX Raw NAM-22 RegCM4 GFDL-ESM2M RCP8.5 1-Hourly Mean Precipitation',
           'HadGEM2-ES.RegCM4': 'NA-CORDEX Raw NAM-22 RegCM4 HadGEM2-ES RCP8.5 1-Hourly Mean Precipitation'},
 'tracking_id': {'GFDL-ESM2M.RegCM4': '8c0da7a6-2154-4560-8edb-1983c5360f52', 'HadGEM2-ES.RegCM4': '7b4ab4f1-171d-4981-961d-0d36385e4eff'},
 'version': {'GFDL-ESM2M.RegCM4': '1.4', 'HadGEM2-ES.RegCM4': '1.4'}}
