{'CORDEX_domain': 'NAM-44',
 'contact': {'CanESM2.CRCM5-UQAM': 'Seth McGinnis, mcginnis@ucar.edu',
             'CanESM2.CanRCM4': 'Seth McGinnis, mcginnis@ucar.edu',
             'CanESM2.RCA4': 'Seth McGinnis, mcginnis@ucar.edu',
             'EC-EARTH.HIRHAM5': 'Seth McGinnis, mcginnis@ucar.edu',
             'EC-EARTH.RCA4': 'Seth McGinnis, mcginnis@ucar.edu',
             'MPI-ESM-LR.CRCM5-UQAM': 'Seth McGinnis, mcginnis@ucar.edu'},
 'creation_date': {'CanESM2.CRCM5-UQAM': '2020-02-20',
                   'CanESM2.CanRCM4': '2020-02-20',
                   'CanESM2.RCA4': '2020-02-20',
                   'EC-EARTH.HIRHAM5': '2020-02-20',
                   'EC-EARTH.RCA4': '2020-02-20',
                   'MPI-ESM-LR.CRCM5-UQAM': '2020-02-20'},
 'driving_experiment': {'CanESM2.CRCM5-UQAM': 'CCCma-CanESM2,rcp45,r1i1p1',
                        'CanESM2.CanRCM4': 'CCCma-CanESM2, rcp45, r1i1p1',
                        'CanESM2.RCA4': 'CCCma-CanESM2, rcp45, r1i1p1',
                        'EC-EARTH.HIRHAM5': 'ICHEC-EC-EARTH,rcp45,r3i1p1',
                        'EC-EARTH.RCA4': 'ICHEC-EC-EARTH, rcp45, r12i1p1',
                        'MPI-ESM-LR.CRCM5-UQAM': 'MPI-M-MPI-ESM-LR,rcp45,r1i1p1'},
 'driving_experiment_name': 'rcp45',
 'driving_model_ensemble_member': {'CanESM2.CRCM5-UQAM': 'r1i1p1',
                                   'CanESM2.CanRCM4': 'r1i1p1',
                                   'CanESM2.RCA4': 'r1i1p1',
                                   'EC-EARTH.HIRHAM5': 'r3i1p1',
                                   'EC-EARTH.RCA4': 'r12i1p1',
                                   'MPI-ESM-LR.CRCM5-UQAM': 'r1i1p1'},
 'driving_model_id': {'CanESM2.CRCM5-UQAM': 'CCCma-CanESM2',
                      'CanESM2.CanRCM4': 'CCCma-CanESM2',
                      'CanESM2.RCA4': 'CCCma-CanESM2',
                      'EC-EARTH.HIRHAM5': 'ICHEC-EC-EARTH',
                      'EC-EARTH.RCA4': 'ICHEC-EC-EARTH',
                      'MPI-ESM-LR.CRCM5-UQAM': 'MPI-M-MPI-ESM-LR'},
 'experiment': 'rcp45',
 'experiment_id': 'rcp45',
 'frequency': 'yseas',
 'id': 'doi:10.5065/D6SJ1JCH',
 'institution': {'CanESM2.CRCM5-UQAM': 'National Center for Atmospheric Research',
                 'CanESM2.CanRCM4': 'National Center for Atmospheric Research',
                 'CanESM2.RCA4': 'National Center for Atmospheric Research',
                 'EC-EARTH.HIRHAM5': 'National Center for Atmospheric Research',
                 'EC-EARTH.RCA4': 'National Center for Atmospheric Research',
                 'MPI-ESM-LR.CRCM5-UQAM': 'National Center for Atmospheric Research'},
 'model_id': {'CanESM2.CRCM5-UQAM': 'UQAM-CRCM5',
              'CanESM2.CanRCM4': 'CCCma-CanRCM4',
              'CanESM2.RCA4': 'SMHI-RCA4',
              'EC-EARTH.HIRHAM5': 'DMI-HIRHAM5',
              'EC-EARTH.RCA4': 'SMHI-RCA4',
              'MPI-ESM-LR.CRCM5-UQAM': 'UQAM-CRCM5'},
 'product': 'bias-adjusted-output',
 'project_id': 'CORDEX-Adjust',
 'rcm_version_id': {'CanESM2.CRCM5-UQAM': 'v1',
                    'CanESM2.CanRCM4': 'r2',
                    'CanESM2.RCA4': 'v1',
                    'EC-EARTH.HIRHAM5': 'v1',
                    'EC-EARTH.RCA4': 'v1',
                    'MPI-ESM-LR.CRCM5-UQAM': 'v1'},
 'references': {'CanESM2.CRCM5-UQAM': 'http://www.mrcc.uqam.ca',
                'CanESM2.CanRCM4': 'http://www.cccma.ec.gc.ca/models',
                'CanESM2.RCA4': 'http://www.smhi.se/en/Research/Research-departments/climate-research-rossby-centre',
                'EC-EARTH.RCA4': 'http://www.smhi.se/en/Research/Research-departments/climate-research-rossby-centre',
                'MPI-ESM-LR.CRCM5-UQAM': 'http://www.mrcc.uqam.ca'},
 'title': {'CanESM2.CRCM5-UQAM': 'NA-CORDEX MBCn NAM-44i CRCM5-UQAM CanESM2 RCP4.5 Daily Mean Precipitation',
           'CanESM2.CanRCM4': 'NA-CORDEX MBCn NAM-44i CanRCM4 CanESM2 RCP4.5 Daily Mean Precipitation',
           'CanESM2.RCA4': 'NA-CORDEX MBCn NAM-44i RCA4 CanESM2 RCP4.5 Daily Mean Precipitation',
           'EC-EARTH.HIRHAM5': 'NA-CORDEX MBCn NAM-44i HIRHAM5 EC-EARTH RCP4.5 Daily Mean Precipitation',
           'EC-EARTH.RCA4': 'NA-CORDEX MBCn NAM-44i RCA4 EC-EARTH RCP4.5 Daily Mean Precipitation',
           'MPI-ESM-LR.CRCM5-UQAM': 'NA-CORDEX MBCn NAM-44i CRCM5-UQAM MPI-ESM-LR RCP4.5 Daily Mean Precipitation'},
 'tracking_id': {'CanESM2.CRCM5-UQAM': '32a19033-d76e-401c-a665-aaeed86f18b7',
                 'CanESM2.CanRCM4': '3f848c94-645a-4f48-845a-c26389307a50',
                 'CanESM2.RCA4': 'e24d7f82-8245-41d8-9350-5ecfcf829b17',
                 'EC-EARTH.HIRHAM5': '70d07006-f52e-4dbb-a0c9-5730f4cf407d',
                 'EC-EARTH.RCA4': '65e71dee-6746-4721-8d95-dcd55e2f9f99',
                 'MPI-ESM-LR.CRCM5-UQAM': 'b051f41b-75c9-42d0-9aac-97db04df71b2'},
 'version': {'CanESM2.CRCM5-UQAM': '2.0',
             'CanESM2.CanRCM4': '1.2',
             'CanESM2.RCA4': '1.1',
             'EC-EARTH.HIRHAM5': '1.1',
             'EC-EARTH.RCA4': '1.1',
             'MPI-ESM-LR.CRCM5-UQAM': '1.1'}}
