Warning: non-uniform metadata in attribute:  "experiment"
	First found: "historical" in prec.hist.MPI-ESM-MR.CRCM5-UQAM.yseas.NAM-44i.mbcn-gridMET.nc
	Then found: "Historical run driven by HadGEM2-ES" in prec.hist.HadGEM2-ES.RegCM4.yseas.NAM-44i.mbcn-gridMET.nc
	Then found: "Historical run driven by GFDL-ESM2M" in prec.hist.GFDL-ESM2M.RegCM4.yseas.NAM-44i.mbcn-gridMET.nc
	Then found: "Historical run driven by MPI-ESM-LR" in prec.hist.MPI-ESM-LR.RegCM4.yseas.NAM-44i.mbcn-gridMET.nc
	Then found: "Historical run using ECEARTH as driving model" in prec.hist.EC-EARTH.HIRHAM5.yseas.NAM-44i.mbcn-gridMET.nc
	Then found: "Historical run driven by CCCma-CanESM2" in prec.hist.CanESM2.CanRCM4.yseas.NAM-44i.mbcn-gridMET.nc
	Then found: "Historical run driven by HadGEM2-ES" in prec.hist.HadGEM2-ES.WRF.yseas.NAM-44i.mbcn-gridMET.nc
	Then found: "Historical run driven by GFDL-ESM2M" in prec.hist.GFDL-ESM2M.WRF.yseas.NAM-44i.mbcn-gridMET.nc
	Then found: "Historical run driven by MPI-ESM-LR" in prec.hist.MPI-ESM-LR.WRF.yseas.NAM-44i.mbcn-gridMET.nc

Warning: non-uniform metadata in attribute:  "driving_experiment_name"
	First found: "historical" in prec.hist.MPI-ESM-MR.CRCM5-UQAM.yseas.NAM-44i.mbcn-gridMET.nc
	Then found: "HadGEM2-ES" in prec.hist.HadGEM2-ES.RegCM4.yseas.NAM-44i.mbcn-gridMET.nc
	Then found: "GFDL-ESM2M" in prec.hist.GFDL-ESM2M.RegCM4.yseas.NAM-44i.mbcn-gridMET.nc
	Then found: "MPI-ESM-LR" in prec.hist.MPI-ESM-LR.RegCM4.yseas.NAM-44i.mbcn-gridMET.nc

Warning: missing attribute:  "references"
	Missing from:  prec.hist.EC-EARTH.HIRHAM5.yseas.NAM-44i.mbcn-gridMET.nc

Warning: missing attribute:  "institute_id"
	Missing from:  prec.hist.MPI-ESM-MR.CRCM5-UQAM.yseas.NAM-44i.mbcn-gridMET.nc
	Missing from:  prec.hist.GEMatm-Can.CRCM5-UQAM.yseas.NAM-44i.mbcn-gridMET.nc
	Missing from:  prec.hist.MPI-ESM-LR.CRCM5-UQAM.yseas.NAM-44i.mbcn-gridMET.nc
	Missing from:  prec.hist.CanESM2.CRCM5-UQAM.yseas.NAM-44i.mbcn-gridMET.nc
	Missing from:  prec.hist.GEMatm-MPI.CRCM5-UQAM.yseas.NAM-44i.mbcn-gridMET.nc
	Missing from:  prec.hist.EC-EARTH.HIRHAM5.yseas.NAM-44i.mbcn-gridMET.nc
	Missing from:  prec.hist.EC-EARTH.RCA4.yseas.NAM-44i.mbcn-gridMET.nc
	Missing from:  prec.hist.CanESM2.RCA4.yseas.NAM-44i.mbcn-gridMET.nc
	Missing from:  prec.hist.CanESM2.CanRCM4.yseas.NAM-44i.mbcn-gridMET.nc

