{'CORDEX_domain': 'NAM-44',
 'contact': {'CanESM2.CRCM5-UQAM': 'Winger.Katja@uqam.ca', 'CanESM2.CanRCM4': 'cccma_info@ec.gc.ca'},
 'creation_date': {'CanESM2.CRCM5-UQAM': '2012-09-16', 'CanESM2.CanRCM4': '2012-06-29 23:48:29'},
 'driving_experiment': {'CanESM2.CRCM5-UQAM': 'CCCma-CanESM2,rcp45,r1i1p1', 'CanESM2.CanRCM4': 'CCCma-CanESM2, rcp45, r1i1p1'},
 'driving_experiment_name': 'rcp45',
 'driving_model_ensemble_member': {'CanESM2.CRCM5-UQAM': 'r1i1p1', 'CanESM2.CanRCM4': 'r1i1p1'},
 'driving_model_id': {'CanESM2.CRCM5-UQAM': 'CCCma-CanESM2', 'CanESM2.CanRCM4': 'CCCma-CanESM2'},
 'experiment': 'rcp45',
 'experiment_id': 'rcp45',
 'frequency': 'day',
 'id': 'doi:10.5065/D6SJ1JCH',
 'institute_id': {'CanESM2.CRCM5-UQAM': 'UQAM', 'CanESM2.CanRCM4': 'CCCma'},
 'institution': {'CanESM2.CRCM5-UQAM': 'Universite du Quebec a Montreal',
                 'CanESM2.CanRCM4': 'CCCma (Canadian Centre for Climate Modelling and Analysis, Victoria, BC, Canada)'},
 'model_id': {'CanESM2.CRCM5-UQAM': 'UQAM-CRCM5', 'CanESM2.CanRCM4': 'CCCma-CanRCM4'},
 'product': 'output',
 'project_id': 'CORDEX',
 'rcm_version_id': {'CanESM2.CRCM5-UQAM': 'v1', 'CanESM2.CanRCM4': 'r2'},
 'references': {'CanESM2.CRCM5-UQAM': 'http://www.mrcc.uqam.ca', 'CanESM2.CanRCM4': 'http://www.cccma.ec.gc.ca/models'},
 'title': {'CanESM2.CRCM5-UQAM': 'NA-CORDEX Raw NAM-44 CRCM5-UQAM CanESM2 RCP4.5 Daily Mean Precipitation',
           'CanESM2.CanRCM4': 'NA-CORDEX Raw NAM-44 CanRCM4 CanESM2 RCP4.5 Daily Mean Precipitation'},
 'tracking_id': {'CanESM2.CRCM5-UQAM': '7bb49cda-3473-4df8-8d20-8a750d1eccd5', 'CanESM2.CanRCM4': 'dd8228d6-08cd-4f64-8596-ce5d1ab62569'},
 'version': {'CanESM2.CRCM5-UQAM': '2.3', 'CanESM2.CanRCM4': '1.2'}}
