{'CORDEX_domain': 'NAM-22',
 'contact': {'CanESM2.CanRCM4': 'cccma_info@ec.gc.ca'},
 'creation_date': {'CanESM2.CanRCM4': '2012-12-03 21:23:37'},
 'driving_experiment': {'CanESM2.CanRCM4': 'CCCma-CanESM2, rcp85, r1i1p1'},
 'driving_experiment_name': 'rcp85',
 'driving_model_ensemble_member': {'CanESM2.CanRCM4': 'r1i1p1'},
 'driving_model_id': {'CanESM2.CanRCM4': 'CCCma-CanESM2'},
 'experiment': 'RCP8.5 run driven by CCCma-CanESM2 ',
 'experiment_id': 'rcp85',
 'frequency': 'day',
 'id': 'doi:10.5065/D6SJ1JCH',
 'institute_id': {'CanESM2.CanRCM4': 'CCCma'},
 'institution': {'CanESM2.CanRCM4': 'CCCma (Canadian Centre for Climate Modelling and Analysis, Victoria, BC, Canada)'},
 'model_id': {'CanESM2.CanRCM4': 'CCCma-CanRCM4'},
 'product': 'output',
 'project_id': 'CORDEX',
 'rcm_version_id': {'CanESM2.CanRCM4': 'r2'},
 'references': {'CanESM2.CanRCM4': 'http://www.cccma.ec.gc.ca/models'},
 'title': {'CanESM2.CanRCM4': 'NA-CORDEX Raw NAM-22 CanRCM4 CanESM2 RCP8.5 Daily Mean Precipitation'},
 'tracking_id': {'CanESM2.CanRCM4': '31ffcd0d-1098-41d6-9614-fb054576a0eb'},
 'version': {'CanESM2.CanRCM4': '1.2'}}
