{'CORDEX_domain': 'NAM-44',
 'contact': {'CanESM2.CRCM5-UQAM': 'Winger.Katja@uqam.ca', 'CanESM2.CanRCM4': 'cccma_info@ec.gc.ca'},
 'creation_date': {'CanESM2.CRCM5-UQAM': '2012-09-13', 'CanESM2.CanRCM4': '2012-06-29 23:46:47'},
 'driving_experiment': {'CanESM2.CRCM5-UQAM': 'CCCma-CanESM2,historical,r1i1p1', 'CanESM2.CanRCM4': 'CCCma-CanESM2, historical, r1i1p1'},
 'driving_experiment_name': 'historical',
 'driving_model_ensemble_member': {'CanESM2.CRCM5-UQAM': 'r1i1p1', 'CanESM2.CanRCM4': 'r1i1p1'},
 'driving_model_id': {'CanESM2.CRCM5-UQAM': 'CCCma-CanESM2', 'CanESM2.CanRCM4': 'CCCma-CanESM2'},
 'experiment': 'historical',
 'experiment_id': 'historical',
 'frequency': 'day',
 'id': 'doi:10.5065/D6SJ1JCH',
 'institute_id': {'CanESM2.CRCM5-UQAM': 'UQAM', 'CanESM2.CanRCM4': 'CCCma'},
 'institution': {'CanESM2.CRCM5-UQAM': 'Universite du Quebec a Montreal',
                 'CanESM2.CanRCM4': 'CCCma (Canadian Centre for Climate Modelling and Analysis, Victoria, BC, Canada)'},
 'model_id': {'CanESM2.CRCM5-UQAM': 'UQAM-CRCM5', 'CanESM2.CanRCM4': 'CCCma-CanRCM4'},
 'product': 'output',
 'project_id': 'CORDEX',
 'rcm_version_id': {'CanESM2.CRCM5-UQAM': 'v1', 'CanESM2.CanRCM4': 'r2'},
 'references': {'CanESM2.CRCM5-UQAM': 'http://www.mrcc.uqam.ca', 'CanESM2.CanRCM4': 'http://www.cccma.ec.gc.ca/models'},
 'title': {'CanESM2.CRCM5-UQAM': 'NA-CORDEX Raw NAM-44 CRCM5-UQAM CanESM2 Hist Daily Mean Precipitation',
           'CanESM2.CanRCM4': 'NA-CORDEX Raw NAM-44 CanRCM4 CanESM2 Hist Daily Mean Precipitation'},
 'tracking_id': {'CanESM2.CRCM5-UQAM': '359effb4-eb41-4e01-a07b-bbaf47a057b7', 'CanESM2.CanRCM4': 'd3fc7836-11eb-49c8-84ad-28accd3a09c1'},
 'version': {'CanESM2.CRCM5-UQAM': '1.4', 'CanESM2.CanRCM4': '1.2'}}
