driving_experiment_name	"historical"	prec.hist.MPI-ESM-MR.CRCM5-UQAM.day.NAM-44i.mbcn-Daymet.nc
driving_experiment_name	"historical"	prec.hist.GEMatm-Can.CRCM5-UQAM.day.NAM-44i.mbcn-Daymet.nc
driving_experiment_name	"historical"	prec.hist.MPI-ESM-LR.CRCM5-UQAM.day.NAM-44i.mbcn-Daymet.nc
driving_experiment_name	"historical"	prec.hist.CanESM2.CRCM5-UQAM.day.NAM-44i.mbcn-Daymet.nc
driving_experiment_name	"historical"	prec.hist.GEMatm-MPI.CRCM5-UQAM.day.NAM-44i.mbcn-Daymet.nc
driving_experiment_name	"HadGEM2-ES"	prec.hist.HadGEM2-ES.RegCM4.day.NAM-44i.mbcn-Daymet.nc
driving_experiment_name	"GFDL-ESM2M"	prec.hist.GFDL-ESM2M.RegCM4.day.NAM-44i.mbcn-Daymet.nc
driving_experiment_name	"MPI-ESM-LR"	prec.hist.MPI-ESM-LR.RegCM4.day.NAM-44i.mbcn-Daymet.nc
driving_experiment_name	"historical"	prec.hist.EC-EARTH.HIRHAM5.day.NAM-44i.mbcn-Daymet.nc
driving_experiment_name	"historical"	prec.hist.EC-EARTH.RCA4.day.NAM-44i.mbcn-Daymet.nc
driving_experiment_name	"historical"	prec.hist.CanESM2.RCA4.day.NAM-44i.mbcn-Daymet.nc
driving_experiment_name	"historical"	prec.hist.CanESM2.CanRCM4.day.NAM-44i.mbcn-Daymet.nc
driving_experiment_name	"historical"	prec.hist.HadGEM2-ES.WRF.day.NAM-44i.mbcn-Daymet.nc
driving_experiment_name	"historical"	prec.hist.GFDL-ESM2M.WRF.day.NAM-44i.mbcn-Daymet.nc
driving_experiment_name	"historical"	prec.hist.MPI-ESM-LR.WRF.day.NAM-44i.mbcn-Daymet.nc
cell_methods	"time: mean"	prec.hist.MPI-ESM-MR.CRCM5-UQAM.day.NAM-44i.mbcn-Daymet.nc
cell_methods	"time: mean"	prec.hist.GEMatm-Can.CRCM5-UQAM.day.NAM-44i.mbcn-Daymet.nc
cell_methods	"time: mean"	prec.hist.MPI-ESM-LR.CRCM5-UQAM.day.NAM-44i.mbcn-Daymet.nc
cell_methods	"time: mean"	prec.hist.CanESM2.CRCM5-UQAM.day.NAM-44i.mbcn-Daymet.nc
cell_methods	"time: mean"	prec.hist.GEMatm-MPI.CRCM5-UQAM.day.NAM-44i.mbcn-Daymet.nc
cell_methods	"time: mean"	prec.hist.HadGEM2-ES.RegCM4.day.NAM-44i.mbcn-Daymet.nc
cell_methods	"time: mean"	prec.hist.GFDL-ESM2M.RegCM4.day.NAM-44i.mbcn-Daymet.nc
cell_methods	"time: mean"	prec.hist.MPI-ESM-LR.RegCM4.day.NAM-44i.mbcn-Daymet.nc
cell_methods	"time: mean"	prec.hist.EC-EARTH.HIRHAM5.day.NAM-44i.mbcn-Daymet.nc
cell_methods	"time: mean"	prec.hist.EC-EARTH.RCA4.day.NAM-44i.mbcn-Daymet.nc
cell_methods	"time: mean"	prec.hist.CanESM2.RCA4.day.NAM-44i.mbcn-Daymet.nc
cell_methods	"time:mean (interval:1200 seconds)"	prec.hist.CanESM2.CanRCM4.day.NAM-44i.mbcn-Daymet.nc
cell_methods	"time: mean(interval: 1h) time: mean"	prec.hist.HadGEM2-ES.WRF.day.NAM-44i.mbcn-Daymet.nc
cell_methods	"time: mean(interval: 1h) time: mean"	prec.hist.GFDL-ESM2M.WRF.day.NAM-44i.mbcn-Daymet.nc
cell_methods	"time: mean(interval: 3 hours) time: mean"	prec.hist.MPI-ESM-LR.WRF.day.NAM-44i.mbcn-Daymet.nc
