driving_experiment_name	"rcp85"	prec.rcp85.MPI-ESM-MR.CRCM5-UQAM.day.NAM-22i.mbcn-gridMET.nc
driving_experiment_name	"rcp85"	prec.rcp85.GEMatm-Can.CRCM5-UQAM.day.NAM-22i.mbcn-gridMET.nc
driving_experiment_name	"rcp85"	prec.rcp85.MPI-ESM-LR.CRCM5-UQAM.day.NAM-22i.mbcn-gridMET.nc
driving_experiment_name	"rcp85"	prec.rcp85.CanESM2.CRCM5-UQAM.day.NAM-22i.mbcn-gridMET.nc
driving_experiment_name	"rcp85"	prec.rcp85.GEMatm-MPI.CRCM5-UQAM.day.NAM-22i.mbcn-gridMET.nc
driving_experiment_name	"HadGEM2-ES"	prec.rcp85.HadGEM2-ES.RegCM4.day.NAM-22i.mbcn-gridMET.nc
driving_experiment_name	"GFDL-ESM2M"	prec.rcp85.GFDL-ESM2M.RegCM4.day.NAM-22i.mbcn-gridMET.nc
driving_experiment_name	"MPI-ESM-LR"	prec.rcp85.MPI-ESM-LR.RegCM4.day.NAM-22i.mbcn-gridMET.nc
driving_experiment_name	"rcp85"	prec.rcp85.CanESM2.CanRCM4.day.NAM-22i.mbcn-gridMET.nc
driving_experiment_name	"rcp85"	prec.rcp85.HadGEM2-ES.WRF.day.NAM-22i.mbcn-gridMET.nc
driving_experiment_name	"rcp85"	prec.rcp85.GFDL-ESM2M.WRF.day.NAM-22i.mbcn-gridMET.nc
driving_experiment_name	"rcp85"	prec.rcp85.MPI-ESM-LR.WRF.day.NAM-22i.mbcn-gridMET.nc
cell_methods	"time: mean"	prec.rcp85.MPI-ESM-MR.CRCM5-UQAM.day.NAM-22i.mbcn-gridMET.nc
cell_methods	"time: mean"	prec.rcp85.GEMatm-Can.CRCM5-UQAM.day.NAM-22i.mbcn-gridMET.nc
cell_methods	"time: mean"	prec.rcp85.MPI-ESM-LR.CRCM5-UQAM.day.NAM-22i.mbcn-gridMET.nc
cell_methods	"time: mean"	prec.rcp85.CanESM2.CRCM5-UQAM.day.NAM-22i.mbcn-gridMET.nc
cell_methods	"time: mean"	prec.rcp85.GEMatm-MPI.CRCM5-UQAM.day.NAM-22i.mbcn-gridMET.nc
cell_methods	"time: mean"	prec.rcp85.HadGEM2-ES.RegCM4.day.NAM-22i.mbcn-gridMET.nc
cell_methods	"time: mean"	prec.rcp85.GFDL-ESM2M.RegCM4.day.NAM-22i.mbcn-gridMET.nc
cell_methods	"time: mean"	prec.rcp85.MPI-ESM-LR.RegCM4.day.NAM-22i.mbcn-gridMET.nc
cell_methods	"time:mean (interval:600 seconds)"	prec.rcp85.CanESM2.CanRCM4.day.NAM-22i.mbcn-gridMET.nc
cell_methods	"time: mean(interval: 1h) time: mean"	prec.rcp85.HadGEM2-ES.WRF.day.NAM-22i.mbcn-gridMET.nc
cell_methods	"time: mean(interval: 30min) time: mean"	prec.rcp85.GFDL-ESM2M.WRF.day.NAM-22i.mbcn-gridMET.nc
cell_methods	"time: mean(interval: 3 hours) time: mean"	prec.rcp85.MPI-ESM-LR.WRF.day.NAM-22i.mbcn-gridMET.nc
