{'CORDEX_domain': 'NAM-22',
 'contact': {'CNRM-CM5.CRCM5-OUR': 'paquin.dominique@ouranos.ca',
             'CanESM2.CRCM5-OUR': 'giguere.michel@ouranos.ca',
             'CanESM2.CRCM5-UQAM': 'Winger.Katja@uqam.ca',
             'CanESM2.CanRCM4': 'cccma_info@ec.gc.ca',
             'GEMatm-Can.CRCM5-UQAM': 'Winger.Katja@uqam.ca',
             'GEMatm-MPI.CRCM5-UQAM': 'Winger.Katja@uqam.ca',
             'GFDL-ESM2M.CRCM5-OUR': 'biner.sebastien@ouranos.ca',
             'GFDL-ESM2M.RegCM4': 'Daryl Herzmann, akrherz@iastate.edu',
             'GFDL-ESM2M.WRF': 'Melissa Bukovsky, bukovsky@ucar.edu',
             'HadGEM2-ES.RegCM4': 'Daryl Herzmann, akrherz@iastate.edu',
             'HadGEM2-ES.WRF': 'Melissa Bukovsky, bukovsky@ucar.edu',
             'MPI-ESM-LR.CRCM5-OUR': 'paquin.dominique@ouranos.ca',
             'MPI-ESM-LR.CRCM5-UQAM': 'Winger.Katja@uqam.ca',
             'MPI-ESM-LR.RegCM4': 'Melissa Bukovsky, bukovsky@ucar.edu',
             'MPI-ESM-LR.WRF': 'Melissa Bukovsky, bukovsky@ucar.edu',
             'MPI-ESM-MR.CRCM5-UQAM': 'Winger.Katja@uqam.ca'},
 'contact_note': {'GFDL-ESM2M.RegCM4': 'Simulations by Ray Arritt (deceased)',
                  'HadGEM2-ES.RegCM4': 'Simulations by Ray Arritt (deceased)',
                  'MPI-ESM-LR.WRF': 'Simulations by Hsin-I Chang, hchang@atmo.arizona.edu'},
 'creation_date': {'CNRM-CM5.CRCM5-OUR': '2018-11-21 13:52',
                   'CanESM2.CRCM5-OUR': '2018-01-30 16:13',
                   'CanESM2.CRCM5-UQAM': '2017-11-02T03:40:24Z',
                   'CanESM2.CanRCM4': '2012-12-03 21:23:37',
                   'GEMatm-Can.CRCM5-UQAM': '2017-11-10T02:56:36Z',
                   'GEMatm-MPI.CRCM5-UQAM': '2017-11-17T02:21:23Z',
                   'GFDL-ESM2M.CRCM5-OUR': '2018-06-28 14:24',
                   'GFDL-ESM2M.RegCM4': '2015-03-16T03:20:57Z',
                   'GFDL-ESM2M.WRF': '2016-11-13T03:41:00Z',
                   'HadGEM2-ES.RegCM4': '2017-01-01T00:00:00Z',
                   'HadGEM2-ES.WRF': '2017-02-16T19:39:00Z',
                   'MPI-ESM-LR.CRCM5-OUR': '2018-10-15 17:36',
                   'MPI-ESM-LR.CRCM5-UQAM': '2017-12-11T21:34:20Z',
                   'MPI-ESM-LR.RegCM4': '2017-12-06T00:00:00Z',
                   'MPI-ESM-LR.WRF': '2017-12-06T00:00:00Z',
                   'MPI-ESM-MR.CRCM5-UQAM': '2017-11-07T19:01:49Z'},
 'driving_experiment': {'CNRM-CM5.CRCM5-OUR': 'CNRM-CM5 r1i1p1 rcp85,r1i1p1,r1i1p1',
                        'CanESM2.CRCM5-OUR': 'CanESM2 r1i1p1 rcp85,r1i1p1,r1i1p1',
                        'CanESM2.CRCM5-UQAM': 'CCCma-CanESM2, rcp85, r1i1p1',
                        'CanESM2.CanRCM4': 'CCCma-CanESM2, rcp85, r1i1p1',
                        'GEMatm-Can.CRCM5-UQAM': 'UQAM-GEMatm-Can-ESMsea, rcp85, r1i1p1',
                        'GEMatm-MPI.CRCM5-UQAM': 'UQAM-GEMatm-MPI-ESMsea, rcp85, r1i1p1',
                        'GFDL-ESM2M.CRCM5-OUR': 'GFDL-ESM2M r1i1p1 rcp85,r1i1p1,r1i1p1',
                        'GFDL-ESM2M.RegCM4': 'GFDL-ESM2M,rcp85,r1i1p1',
                        'GFDL-ESM2M.WRF': 'GFDL-ESM2M,rcp85,r1i1p1',
                        'HadGEM2-ES.RegCM4': 'HadGEM2-ES,historical,r1i1p1',
                        'HadGEM2-ES.WRF': 'HadGEM2-ES,rcp85,r1i1p1',
                        'MPI-ESM-LR.CRCM5-OUR': 'MPI-ESM-LR T63/L47  r1i1p1 rcp85,r1i1p1,r1i1p1',
                        'MPI-ESM-LR.CRCM5-UQAM': 'MPI-M-MPI-ESM-LR, rcp85, r1i1p1',
                        'MPI-ESM-LR.RegCM4': 'MPI-ESM-LR,rcp85,r1i1p1',
                        'MPI-ESM-LR.WRF': 'MPI-ESM-LR,rcp85,r1i1p1',
                        'MPI-ESM-MR.CRCM5-UQAM': 'MPI-M-MPI-ESM-MR, rcp85, r1i1p1'},
 'driving_experiment_name': 'rcp85',
 'driving_model_ensemble_member': {'CNRM-CM5.CRCM5-OUR': 'r1i1p1',
                                   'CanESM2.CRCM5-OUR': 'r1i1p1',
                                   'CanESM2.CRCM5-UQAM': 'r1i1p1',
                                   'CanESM2.CanRCM4': 'r1i1p1',
                                   'GEMatm-Can.CRCM5-UQAM': 'r1i1p1',
                                   'GEMatm-MPI.CRCM5-UQAM': 'r1i1p1',
                                   'GFDL-ESM2M.CRCM5-OUR': 'r1i1p1',
                                   'GFDL-ESM2M.RegCM4': 'r1i1p1',
                                   'GFDL-ESM2M.WRF': 'r1i1p1',
                                   'HadGEM2-ES.RegCM4': 'r1i1p1',
                                   'HadGEM2-ES.WRF': 'r1i1p1',
                                   'MPI-ESM-LR.CRCM5-OUR': 'r1i1p1',
                                   'MPI-ESM-LR.CRCM5-UQAM': 'r1i1p1',
                                   'MPI-ESM-LR.RegCM4': 'r1i1p1',
                                   'MPI-ESM-LR.WRF': 'r1i1p1',
                                   'MPI-ESM-MR.CRCM5-UQAM': 'r1i1p1'},
 'driving_model_id': {'CNRM-CM5.CRCM5-OUR': 'CNRM-CM5',
                      'CanESM2.CRCM5-OUR': 'CCCma-CanESM2',
                      'CanESM2.CRCM5-UQAM': 'CCCma-CanESM2',
                      'CanESM2.CanRCM4': 'CCCma-CanESM2',
                      'GEMatm-Can.CRCM5-UQAM': 'UQAM-GEMatm-Can-ESMsea',
                      'GEMatm-MPI.CRCM5-UQAM': 'UQAM-GEMatm-MPI-ESMsea',
                      'GFDL-ESM2M.CRCM5-OUR': 'GFDL-ESM2M',
                      'GFDL-ESM2M.RegCM4': 'GFDL-ESM2M',
                      'GFDL-ESM2M.WRF': 'GFDL-ESM2M',
                      'HadGEM2-ES.RegCM4': 'HadGEM2-ES',
                      'HadGEM2-ES.WRF': 'HadGEM2-ES',
                      'MPI-ESM-LR.CRCM5-UQAM': 'MPI-M-MPI-ESM-LR',
                      'MPI-ESM-LR.RegCM4': 'MPI-ESM-LR',
                      'MPI-ESM-LR.WRF': 'MPI-ESM-LR',
                      'MPI-ESM-MR.CRCM5-UQAM': 'MPI-M-MPI-ESM-MR'},
 'experiment': 'rcp85',
 'experiment_id': 'rcp85',
 'frequency': 'ymon',
 'id': 'doi:10.5065/D6SJ1JCH',
 'institute_id': {'CNRM-CM5.CRCM5-OUR': 'OURANOS',
                  'CanESM2.CRCM5-OUR': 'OURANOS',
                  'CanESM2.CRCM5-UQAM': 'UQAM',
                  'CanESM2.CanRCM4': 'CCCma',
                  'GEMatm-Can.CRCM5-UQAM': 'UQAM',
                  'GEMatm-MPI.CRCM5-UQAM': 'UQAM',
                  'GFDL-ESM2M.CRCM5-OUR': 'OURANOS',
                  'GFDL-ESM2M.RegCM4': 'ISU',
                  'GFDL-ESM2M.WRF': 'NCAR',
                  'HadGEM2-ES.RegCM4': 'ISU',
                  'HadGEM2-ES.WRF': 'NCAR',
                  'MPI-ESM-LR.CRCM5-OUR': 'OURANOS',
                  'MPI-ESM-LR.CRCM5-UQAM': 'UQAM',
                  'MPI-ESM-LR.RegCM4': 'NCAR',
                  'MPI-ESM-LR.WRF': 'UA',
                  'MPI-ESM-MR.CRCM5-UQAM': 'UQAM'},
 'institution': {'CNRM-CM5.CRCM5-OUR': 'Ouranos',
                 'CanESM2.CRCM5-OUR': 'Ouranos',
                 'CanESM2.CRCM5-UQAM': 'Universite du Quebec a Montreal',
                 'CanESM2.CanRCM4': 'CCCma (Canadian Centre for Climate Modelling and Analysis, Victoria, BC, Canada)',
                 'GEMatm-Can.CRCM5-UQAM': 'Universite du Quebec a Montreal',
                 'GEMatm-MPI.CRCM5-UQAM': 'Universite du Quebec a Montreal',
                 'GFDL-ESM2M.CRCM5-OUR': 'Ouranos',
                 'GFDL-ESM2M.RegCM4': 'Iowa State University',
                 'GFDL-ESM2M.WRF': 'National Center for Atmospheric Research',
                 'HadGEM2-ES.RegCM4': 'Iowa State University',
                 'HadGEM2-ES.WRF': 'National Center for Atmospheric Research',
                 'MPI-ESM-LR.CRCM5-OUR': 'Ouranos',
                 'MPI-ESM-LR.CRCM5-UQAM': 'Universite du Quebec a Montreal',
                 'MPI-ESM-LR.RegCM4': 'National Center for Atmospheric Research',
                 'MPI-ESM-LR.WRF': 'University of Arizona',
                 'MPI-ESM-MR.CRCM5-UQAM': 'Universite du Quebec a Montreal'},
 'model_id': {'CNRM-CM5.CRCM5-OUR': 'OURANOS-CRCM5',
              'CanESM2.CRCM5-OUR': 'OURANOS-CRCM5',
              'CanESM2.CRCM5-UQAM': 'UQAM-CRCM5',
              'CanESM2.CanRCM4': 'CCCma-CanRCM4',
              'GEMatm-Can.CRCM5-UQAM': 'UQAM-CRCM5',
              'GEMatm-MPI.CRCM5-UQAM': 'UQAM-CRCM5',
              'GFDL-ESM2M.CRCM5-OUR': 'OURANOS-CRCM5',
              'GFDL-ESM2M.RegCM4': 'ISU-RegCM4',
              'GFDL-ESM2M.WRF': 'NCAR-WRF',
              'HadGEM2-ES.RegCM4': 'ISU-RegCM4',
              'HadGEM2-ES.WRF': 'NCAR-WRF',
              'MPI-ESM-LR.CRCM5-OUR': 'OURANOS-CRCM5',
              'MPI-ESM-LR.CRCM5-UQAM': 'UQAM-CRCM5',
              'MPI-ESM-LR.RegCM4': 'NCAR-RegCM4',
              'MPI-ESM-LR.WRF': 'UA-WRF',
              'MPI-ESM-MR.CRCM5-UQAM': 'UQAM-CRCM5'},
 'product': 'output',
 'project_id': 'CORDEX',
 'rcm_version_id': {'CNRM-CM5.CRCM5-OUR': 'v1',
                    'CanESM2.CRCM5-OUR': 'v1',
                    'CanESM2.CRCM5-UQAM': 'v1',
                    'CanESM2.CanRCM4': 'r2',
                    'GEMatm-Can.CRCM5-UQAM': 'v1',
                    'GEMatm-MPI.CRCM5-UQAM': 'v1',
                    'GFDL-ESM2M.CRCM5-OUR': 'v1',
                    'GFDL-ESM2M.RegCM4': 'v4.4-rc8',
                    'GFDL-ESM2M.WRF': 'v3.5.1',
                    'HadGEM2-ES.RegCM4': 'v4.4-rc8',
                    'HadGEM2-ES.WRF': 'v3.5.1',
                    'MPI-ESM-LR.CRCM5-OUR': 'v1',
                    'MPI-ESM-LR.CRCM5-UQAM': 'v1',
                    'MPI-ESM-LR.RegCM4': 'v4.4-rc8',
                    'MPI-ESM-LR.WRF': 'v3.5.1',
                    'MPI-ESM-MR.CRCM5-UQAM': 'v1'},
 'references': {'CNRM-CM5.CRCM5-OUR': 'http://www.ouranos.ca',
                'CanESM2.CRCM5-OUR': 'http://www.ouranos.ca',
                'CanESM2.CRCM5-UQAM': 'http://www.mrcc.uqam.ca',
                'CanESM2.CanRCM4': 'http://www.cccma.ec.gc.ca/models',
                'GEMatm-Can.CRCM5-UQAM': 'http://www.mrcc.uqam.ca',
                'GEMatm-MPI.CRCM5-UQAM': 'http://www.mrcc.uqam.ca',
                'GFDL-ESM2M.CRCM5-OUR': 'http://www.ouranos.ca',
                'GFDL-ESM2M.RegCM4': 'Elguindi, et al. Regional climate model RegCM user manual version 4.4. The Abdus Salam International Centre '
                                     'for Theoretical Physics, Strada Costiera, Trieste, Italy. (2013).',
                'GFDL-ESM2M.WRF': "Skamarock, et al., 2005. 'A description of the Advanced Research WRF version 2.' NCAR Tech. Note NCAR/TN-468+STR",
                'HadGEM2-ES.RegCM4': 'Elguindi, et al. Regional climate model RegCM user manual version 4.4. The Abdus Salam International Centre '
                                     'for Theoretical Physics, Strada Costiera, Trieste, Italy. (2013).',
                'HadGEM2-ES.WRF': "Skamarock, et al., 2005. 'A description of the Advanced Research WRF version 2.' NCAR Tech. Note NCAR/TN-468+STR",
                'MPI-ESM-LR.CRCM5-OUR': 'http://www.ouranos.ca',
                'MPI-ESM-LR.CRCM5-UQAM': 'http://www.mrcc.uqam.ca',
                'MPI-ESM-LR.RegCM4': 'Elguindi, et al. Regional climate model RegCM user manual version 4.4. The Abdus Salam International Centre '
                                     'for Theoretical Physics, Strada Costiera, Trieste, Italy. (2013).',
                'MPI-ESM-LR.WRF': "Skamarock, et al., 2005. 'A description of the Advanced Research WRF version 2.' NCAR Tech. Note NCAR/TN-468+STR",
                'MPI-ESM-MR.CRCM5-UQAM': 'http://www.mrcc.uqam.ca'},
 'title': {'CNRM-CM5.CRCM5-OUR': 'NA-CORDEX Raw NAM-22i CRCM5-OUR CNRM-CM5 RCP8.5 Monthly Climatology of Precipitation',
           'CanESM2.CRCM5-OUR': 'NA-CORDEX Raw NAM-22i CRCM5-OUR CanESM2 RCP8.5 Monthly Climatology of Precipitation',
           'CanESM2.CRCM5-UQAM': 'NA-CORDEX Raw NAM-22i CRCM5-UQAM CanESM2 RCP8.5 Monthly Climatology of Precipitation',
           'CanESM2.CanRCM4': 'NA-CORDEX Raw NAM-22i CanRCM4 CanESM2 RCP8.5 Monthly Climatology of Precipitation',
           'GEMatm-Can.CRCM5-UQAM': 'NA-CORDEX Raw NAM-22i CRCM5-UQAM GEMatm-Can RCP8.5 Monthly Climatology of Precipitation',
           'GEMatm-MPI.CRCM5-UQAM': 'NA-CORDEX Raw NAM-22i CRCM5-UQAM GEMatm-MPI RCP8.5 Monthly Climatology of Precipitation',
           'GFDL-ESM2M.CRCM5-OUR': 'NA-CORDEX Raw NAM-22i CRCM5-OUR GFDL-ESM2M RCP8.5 Monthly Climatology of Precipitation',
           'GFDL-ESM2M.RegCM4': 'NA-CORDEX Raw NAM-22i RegCM4 GFDL-ESM2M RCP8.5 Monthly Climatology of Precipitation',
           'GFDL-ESM2M.WRF': 'NA-CORDEX Raw NAM-22i WRF GFDL-ESM2M RCP8.5 Monthly Climatology of Precipitation',
           'HadGEM2-ES.RegCM4': 'NA-CORDEX Raw NAM-22i RegCM4 HadGEM2-ES RCP8.5 Monthly Climatology of Precipitation',
           'HadGEM2-ES.WRF': 'NA-CORDEX Raw NAM-22i WRF HadGEM2-ES RCP8.5 Monthly Climatology of Precipitation',
           'MPI-ESM-LR.CRCM5-OUR': 'NA-CORDEX Raw NAM-22i CRCM5-OUR MPI-ESM-LR RCP8.5 Monthly Climatology of Precipitation',
           'MPI-ESM-LR.CRCM5-UQAM': 'NA-CORDEX Raw NAM-22i CRCM5-UQAM MPI-ESM-LR RCP8.5 Monthly Climatology of Precipitation',
           'MPI-ESM-LR.RegCM4': 'NA-CORDEX Raw NAM-22i RegCM4 MPI-ESM-LR RCP8.5 Monthly Climatology of Precipitation',
           'MPI-ESM-LR.WRF': 'NA-CORDEX Raw NAM-22i WRF MPI-ESM-LR RCP8.5 Monthly Climatology of Precipitation',
           'MPI-ESM-MR.CRCM5-UQAM': 'NA-CORDEX Raw NAM-22i CRCM5-UQAM MPI-ESM-MR RCP8.5 Monthly Climatology of Precipitation'},
 'tracking_id': {'CNRM-CM5.CRCM5-OUR': 'e420b952-1bed-4f13-bc0a-f891af09fab7',
                 'CanESM2.CRCM5-OUR': '91e537c0-0daa-49bf-b6a2-1e419b895bb9',
                 'CanESM2.CRCM5-UQAM': '5bdd3ebb-6bcd-4c47-ae4a-57b8ca21d97b',
                 'CanESM2.CanRCM4': '20fb3b40-b2ad-4249-a53b-6c0e47e0347d',
                 'GEMatm-Can.CRCM5-UQAM': '8baf6f66-154f-4a14-8664-5dc3f63c3c1e',
                 'GEMatm-MPI.CRCM5-UQAM': '00d3fac7-8ddd-455d-b123-0b294b02c8e6',
                 'GFDL-ESM2M.CRCM5-OUR': '9a40f22a-9b25-4190-9e57-de35e1742f79',
                 'GFDL-ESM2M.RegCM4': '518e154a-4b4a-4b7f-91aa-d4ee2443fbfb',
                 'GFDL-ESM2M.WRF': '7bb1d99b-0767-4717-95f3-0ba599d4892c',
                 'HadGEM2-ES.RegCM4': '5ac34d51-41ec-4490-82b1-253f22da88d3',
                 'HadGEM2-ES.WRF': '09a899cb-7ef8-4911-9592-5749a18bdd74',
                 'MPI-ESM-LR.CRCM5-OUR': 'fe00a670-2f08-4d38-8df9-23537c5eb47f',
                 'MPI-ESM-LR.CRCM5-UQAM': '5d86fe25-ac2c-4b6a-90a5-4d1260ab0b91',
                 'MPI-ESM-LR.RegCM4': '77151a3d-8d8c-4926-b9d5-9964edb314bf',
                 'MPI-ESM-LR.WRF': '94e2e7f7-7ff1-43af-8574-d78a99e27ce2',
                 'MPI-ESM-MR.CRCM5-UQAM': '99af738e-cfd1-470b-8e4d-bbe461bec3a0'},
 'version': {'CNRM-CM5.CRCM5-OUR': '1.1',
             'CanESM2.CRCM5-OUR': '1.3',
             'CanESM2.CRCM5-UQAM': '1.2',
             'CanESM2.CanRCM4': '1.2',
             'GEMatm-Can.CRCM5-UQAM': '1.2',
             'GEMatm-MPI.CRCM5-UQAM': '1.2',
             'GFDL-ESM2M.CRCM5-OUR': '1.1',
             'GFDL-ESM2M.RegCM4': '2.0',
             'GFDL-ESM2M.WRF': '1.2',
             'HadGEM2-ES.RegCM4': '2.0',
             'HadGEM2-ES.WRF': '1.2',
             'MPI-ESM-LR.CRCM5-OUR': '1.1',
             'MPI-ESM-LR.CRCM5-UQAM': '1.2',
             'MPI-ESM-LR.RegCM4': '1.3',
             'MPI-ESM-LR.WRF': '2.2',
             'MPI-ESM-MR.CRCM5-UQAM': '3.1'}}
