Warning: non-uniform metadata in attribute:  "experiment"
	First found: "historical" in prec.hist.MPI-ESM-MR.CRCM5-UQAM.yseas.NAM-22i.raw.nc
	Then found: "simulation historique membre #1" in prec.hist.CNRM-CM5.CRCM5-OUR.yseas.NAM-22i.raw.nc
	Then found: "simulation historique membre #1" in prec.hist.GFDL-ESM2M.CRCM5-OUR.yseas.NAM-22i.raw.nc
	Then found: "simulation historique membre 1" in prec.hist.MPI-ESM-LR.CRCM5-OUR.yseas.NAM-22i.raw.nc
	Then found: "simulation historique membre #1" in prec.hist.CanESM2.CRCM5-OUR.yseas.NAM-22i.raw.nc
	Then found: "Historical run driven by HadGEM2-ES" in prec.hist.HadGEM2-ES.RegCM4.yseas.NAM-22i.raw.nc
	Then found: "Historical run driven by GFDL-ESM2M" in prec.hist.GFDL-ESM2M.RegCM4.yseas.NAM-22i.raw.nc
	Then found: "Historical run driven by MPI-ESM-LR" in prec.hist.MPI-ESM-LR.RegCM4.yseas.NAM-22i.raw.nc
	Then found: "Historical run driven by CCCma-CanESM2" in prec.hist.CanESM2.CanRCM4.yseas.NAM-22i.raw.nc
	Then found: "Historical run driven by HadGEM2-ES" in prec.hist.HadGEM2-ES.WRF.yseas.NAM-22i.raw.nc
	Then found: "Historical run driven by GFDL-ESM2M" in prec.hist.GFDL-ESM2M.WRF.yseas.NAM-22i.raw.nc
	Then found: "Historical run driven by MPI-ESM-LR" in prec.hist.MPI-ESM-LR.WRF.yseas.NAM-22i.raw.nc

Warning: non-uniform metadata in attribute:  "driving_experiment_name"
	First found: "historical" in prec.hist.MPI-ESM-MR.CRCM5-UQAM.yseas.NAM-22i.raw.nc
	Then found: "r1i1p1" in prec.hist.CNRM-CM5.CRCM5-OUR.yseas.NAM-22i.raw.nc
	Then found: "r1i1p1" in prec.hist.GFDL-ESM2M.CRCM5-OUR.yseas.NAM-22i.raw.nc
	Then found: "r1i1p1" in prec.hist.MPI-ESM-LR.CRCM5-OUR.yseas.NAM-22i.raw.nc
	Then found: "r1i1p1" in prec.hist.CanESM2.CRCM5-OUR.yseas.NAM-22i.raw.nc
	Then found: "HadGEM2-ES" in prec.hist.HadGEM2-ES.RegCM4.yseas.NAM-22i.raw.nc
	Then found: "GFDL-ESM2M" in prec.hist.GFDL-ESM2M.RegCM4.yseas.NAM-22i.raw.nc
	Then found: "MPI-ESM-LR" in prec.hist.MPI-ESM-LR.RegCM4.yseas.NAM-22i.raw.nc

Warning: missing attribute:  "driving_model_id"
	Missing from:  prec.hist.MPI-ESM-LR.CRCM5-OUR.yseas.NAM-22i.raw.nc

