{'CORDEX_domain': 'NAM-44',
 'contact': {'CanESM2.CRCM5-UQAM': 'Winger.Katja@uqam.ca', 'CanESM2.CanRCM4': 'cccma_info@ec.gc.ca'},
 'creation_date': {'CanESM2.CRCM5-UQAM': '2016-06-27T15:47:25Z', 'CanESM2.CanRCM4': '2012-06-29 23:47:31'},
 'driving_experiment': {'CanESM2.CRCM5-UQAM': 'CCCma-CanESM2, rcp85, r1i1p1', 'CanESM2.CanRCM4': 'CCCma-CanESM2, rcp85, r1i1p1'},
 'driving_experiment_name': 'rcp85',
 'driving_model_ensemble_member': {'CanESM2.CRCM5-UQAM': 'r1i1p1', 'CanESM2.CanRCM4': 'r1i1p1'},
 'driving_model_id': {'CanESM2.CRCM5-UQAM': 'CCCma-CanESM2', 'CanESM2.CanRCM4': 'CCCma-CanESM2'},
 'experiment': 'rcp85',
 'experiment_id': 'rcp85',
 'frequency': 'day',
 'id': 'doi:10.5065/D6SJ1JCH',
 'institute_id': {'CanESM2.CRCM5-UQAM': 'UQAM', 'CanESM2.CanRCM4': 'CCCma'},
 'institution': {'CanESM2.CRCM5-UQAM': 'Universite du Quebec a Montreal',
                 'CanESM2.CanRCM4': 'CCCma (Canadian Centre for Climate Modelling and Analysis, Victoria, BC, Canada)'},
 'model_id': {'CanESM2.CRCM5-UQAM': 'UQAM-CRCM5', 'CanESM2.CanRCM4': 'CCCma-CanRCM4'},
 'product': 'output',
 'project_id': 'CORDEX',
 'rcm_version_id': {'CanESM2.CRCM5-UQAM': 'v1', 'CanESM2.CanRCM4': 'r2'},
 'references': {'CanESM2.CRCM5-UQAM': 'http://www.mrcc.uqam.ca', 'CanESM2.CanRCM4': 'http://www.cccma.ec.gc.ca/models'},
 'title': {'CanESM2.CRCM5-UQAM': 'NA-CORDEX Raw NAM-44 CRCM5-UQAM CanESM2 RCP8.5 Daily Mean Precipitation',
           'CanESM2.CanRCM4': 'NA-CORDEX Raw NAM-44 CanRCM4 CanESM2 RCP8.5 Daily Mean Precipitation'},
 'tracking_id': {'CanESM2.CRCM5-UQAM': '8e1b6fd0-1245-4e6a-b9b0-93a85502f3bd', 'CanESM2.CanRCM4': '0fcd9224-984e-4b4f-b6d3-277ed80eb272'},
 'version': {'CanESM2.CRCM5-UQAM': '1.2', 'CanESM2.CanRCM4': '1.2'}}
