{'CORDEX_domain': 'NAM-22',
 'contact': {'GFDL-ESM2M.WRF': 'Melissa Bukovsky, bukovsky@ucar.edu',
             'HadGEM2-ES.WRF': 'Melissa Bukovsky, bukovsky@ucar.edu',
             'MPI-ESM-LR.RegCM4': 'Melissa Bukovsky, bukovsky@ucar.edu',
             'MPI-ESM-LR.WRF': 'Melissa Bukovsky, bukovsky@ucar.edu'},
 'contact_note': {'MPI-ESM-LR.WRF': 'Simulations by Hsin-I Chang, hchang@atmo.arizona.edu'},
 'creation_date': {'GFDL-ESM2M.WRF': '2016-09-23T06:59:00Z',
                   'HadGEM2-ES.WRF': '2017-02-02T21:45:00Z',
                   'MPI-ESM-LR.RegCM4': '2015-09-21T16:28:24Z',
                   'MPI-ESM-LR.WRF': '2017-10-30T00:00:00Z'},
 'driving_experiment': {'GFDL-ESM2M.WRF': 'GFDL-ESM2M,historical,r1i1p1',
                        'HadGEM2-ES.WRF': 'HadGEM2-ES,rcp85,r1i1p1',
                        'MPI-ESM-LR.RegCM4': 'MPI-ESM-LR,historical,r1i1p1',
                        'MPI-ESM-LR.WRF': 'MPI-ESM-LR,historical,r1i1p1'},
 'driving_experiment_name': 'MPI-ESM-LR',
 'driving_model_ensemble_member': {'GFDL-ESM2M.WRF': 'r1i1p1', 'HadGEM2-ES.WRF': 'r1i1p1', 'MPI-ESM-LR.RegCM4': 'r1i1p1', 'MPI-ESM-LR.WRF': 'r1i1p1'},
 'driving_model_id': {'GFDL-ESM2M.WRF': 'GFDL-ESM2M',
                      'HadGEM2-ES.WRF': 'HadGEM2-ES',
                      'MPI-ESM-LR.RegCM4': 'MPI-ESM-LR',
                      'MPI-ESM-LR.WRF': 'MPI-ESM-LR'},
 'experiment': 'Historical run driven by MPI-ESM-LR',
 'experiment_id': 'historical',
 'frequency': 'ann',
 'id': 'doi:10.5065/D6SJ1JCH',
 'institute_id': {'GFDL-ESM2M.WRF': 'NCAR', 'HadGEM2-ES.WRF': 'NCAR', 'MPI-ESM-LR.RegCM4': 'NCAR', 'MPI-ESM-LR.WRF': 'UA'},
 'institution': {'GFDL-ESM2M.WRF': 'National Center for Atmospheric Research',
                 'HadGEM2-ES.WRF': 'National Center for Atmospheric Research',
                 'MPI-ESM-LR.RegCM4': 'National Center for Atmospheric Research',
                 'MPI-ESM-LR.WRF': 'University of Arizona'},
 'model_id': {'GFDL-ESM2M.WRF': 'NCAR-WRF', 'HadGEM2-ES.WRF': 'NCAR-WRF', 'MPI-ESM-LR.RegCM4': 'NCAR-RegCM4', 'MPI-ESM-LR.WRF': 'UA-WRF'},
 'product': 'output',
 'project_id': 'CORDEX',
 'rcm_version_id': {'GFDL-ESM2M.WRF': 'v3.5.1', 'HadGEM2-ES.WRF': 'v3.5.1', 'MPI-ESM-LR.RegCM4': 'v4.4-rc8', 'MPI-ESM-LR.WRF': 'v3.5.1'},
 'references': {'GFDL-ESM2M.WRF': "Skamarock, et al., 2005. 'A description of the Advanced Research WRF version 2.' NCAR Tech. Note NCAR/TN-468+STR",
                'HadGEM2-ES.WRF': "Skamarock, et al., 2005. 'A description of the Advanced Research WRF version 2.' NCAR Tech. Note NCAR/TN-468+STR",
                'MPI-ESM-LR.RegCM4': 'Elguindi, et al. Regional climate model RegCM user manual version 4.4. The Abdus Salam International Centre '
                                     'for Theoretical Physics, Strada Costiera, Trieste, Italy. (2013).',
                'MPI-ESM-LR.WRF': "Skamarock, et al., 2005. 'A description of the Advanced Research WRF version 2.' NCAR Tech. Note NCAR/TN-468+STR"},
 'title': {'GFDL-ESM2M.WRF': 'NA-CORDEX Raw NAM-22i WRF GFDL-ESM2M Hist Annual Mean Daily Max Hourly Precip Rate',
           'HadGEM2-ES.WRF': 'NA-CORDEX Raw NAM-22i WRF HadGEM2-ES Hist Annual Mean Daily Max Hourly Precip Rate',
           'MPI-ESM-LR.RegCM4': 'NA-CORDEX Raw NAM-22i RegCM4 MPI-ESM-LR Hist Annual Mean Daily Max Hourly Precip Rate',
           'MPI-ESM-LR.WRF': 'NA-CORDEX Raw NAM-22i WRF MPI-ESM-LR Hist Annual Mean Daily Max Hourly Precip Rate'},
 'tracking_id': {'GFDL-ESM2M.WRF': 'cb7b5635-510d-4c10-8de0-e40a754e1c7a',
                 'HadGEM2-ES.WRF': '1ff0cd6b-a3d4-4472-9c5d-b6cc26b4b699',
                 'MPI-ESM-LR.RegCM4': 'f3728a30-3163-4e97-9510-f71b78878701',
                 'MPI-ESM-LR.WRF': '2b768f51-a0f1-49a9-adf2-96c23cdd0bd3'},
 'version': {'GFDL-ESM2M.WRF': '1.3', 'HadGEM2-ES.WRF': '1.3', 'MPI-ESM-LR.RegCM4': '1.4', 'MPI-ESM-LR.WRF': '2.3'}}
