{'CORDEX_domain': 'NAM-44',
 'contact': {'CanESM2.CanRCM4': 'cccma_info@ec.gc.ca',
             'CanESM2.RCA4': 'rossby.cordex@smhi.se',
             'EC-EARTH.HIRHAM5': 'obc@dmi.dk',
             'EC-EARTH.RCA4': 'rossby.cordex@smhi.se'},
 'creation_date': {'CanESM2.CanRCM4': '2014-07-07-T16:14:45Z',
                   'CanESM2.RCA4': '2014-02-08-T09:32:54Z',
                   'EC-EARTH.HIRHAM5': '2012-11-26 19:23:08',
                   'EC-EARTH.RCA4': '2014-02-08-T09:05:11Z'},
 'driving_experiment': {'CanESM2.CanRCM4': 'CCCma-CanESM2, rcp45, r1i1p1',
                        'CanESM2.RCA4': 'CCCma-CanESM2, rcp45, r1i1p1',
                        'EC-EARTH.HIRHAM5': 'ICHEC-EC-EARTH,rcp45,r3i1p1',
                        'EC-EARTH.RCA4': 'ICHEC-EC-EARTH, rcp45, r12i1p1'},
 'driving_experiment_name': 'rcp45',
 'driving_model_ensemble_member': {'CanESM2.CanRCM4': 'r1i1p1', 'CanESM2.RCA4': 'r1i1p1', 'EC-EARTH.HIRHAM5': 'r3i1p1', 'EC-EARTH.RCA4': 'r12i1p1'},
 'driving_model_id': {'CanESM2.CanRCM4': 'CCCma-CanESM2',
                      'CanESM2.RCA4': 'CCCma-CanESM2',
                      'EC-EARTH.HIRHAM5': 'ICHEC-EC-EARTH',
                      'EC-EARTH.RCA4': 'ICHEC-EC-EARTH'},
 'experiment': 'ICHEC-EC-EARTH,rcp45,r3i1p1',
 'experiment_id': 'rcp45',
 'frequency': 'ann',
 'id': 'doi:10.5065/D6SJ1JCH',
 'institute_id': {'CanESM2.CanRCM4': 'CCCma', 'CanESM2.RCA4': 'SMHI', 'EC-EARTH.HIRHAM5': 'DMI', 'EC-EARTH.RCA4': 'SMHI'},
 'institution': {'CanESM2.CanRCM4': 'CCCma (Canadian Centre for Climate Modelling and Analysis, Victoria, BC, Canada)',
                 'CanESM2.RCA4': 'Swedish Meteorological and Hydrological Institute, Rossby Centre',
                 'EC-EARTH.HIRHAM5': 'Danish Meteorological Institute',
                 'EC-EARTH.RCA4': 'Swedish Meteorological and Hydrological Institute, Rossby Centre'},
 'model_id': {'CanESM2.CanRCM4': 'CCCma-CanRCM4', 'CanESM2.RCA4': 'SMHI-RCA4', 'EC-EARTH.HIRHAM5': 'DMI-HIRHAM5', 'EC-EARTH.RCA4': 'SMHI-RCA4'},
 'product': 'output',
 'project_id': 'CORDEX',
 'rcm_version_id': {'CanESM2.CanRCM4': 'r2', 'CanESM2.RCA4': 'v1', 'EC-EARTH.HIRHAM5': 'v1', 'EC-EARTH.RCA4': 'v1'},
 'references': {'CanESM2.CanRCM4': 'http://www.cccma.ec.gc.ca/models',
                'CanESM2.RCA4': 'http://www.smhi.se/en/Research/Research-departments/climate-research-rossby-centre',
                'EC-EARTH.RCA4': 'http://www.smhi.se/en/Research/Research-departments/climate-research-rossby-centre'},
 'title': {'CanESM2.CanRCM4': 'NA-CORDEX Raw NAM-44 CanRCM4 CanESM2 RCP4.5 Annual Mean Daily Max Hourly Precip Rate',
           'CanESM2.RCA4': 'NA-CORDEX Raw NAM-44 RCA4 CanESM2 RCP4.5 Annual Mean Daily Max Hourly Precip Rate',
           'EC-EARTH.HIRHAM5': 'NA-CORDEX Raw NAM-44 HIRHAM5 EC-EARTH RCP4.5 Annual Mean Daily Max Hourly Precip Rate',
           'EC-EARTH.RCA4': 'NA-CORDEX Raw NAM-44 RCA4 EC-EARTH RCP4.5 Annual Mean Daily Max Hourly Precip Rate'},
 'tracking_id': {'CanESM2.CanRCM4': '4bd2f3c8-b892-4393-a5e6-babb075106b0',
                 'CanESM2.RCA4': '087d1122-6841-473f-a71d-76c0e62a631c',
                 'EC-EARTH.HIRHAM5': 'a07f9f42-9da4-4b76-a4c7-9514d088c57a',
                 'EC-EARTH.RCA4': '8d067978-4d7f-4c25-ae76-2b014bb9efe7'},
 'version': {'CanESM2.CanRCM4': '1.3', 'CanESM2.RCA4': '1.0', 'EC-EARTH.HIRHAM5': '1.0', 'EC-EARTH.RCA4': '1.0'}}
