{'CORDEX_domain': 'NAM-44',
 'contact': {'CanESM2.CanRCM4': 'cccma_info@ec.gc.ca',
             'CanESM2.RCA4': 'rossby.cordex@smhi.se',
             'EC-EARTH.HIRHAM5': 'obc@dmi.dk',
             'EC-EARTH.RCA4': 'rossby.cordex@smhi.se',
             'GFDL-ESM2M.WRF': 'Melissa Bukovsky, bukovsky@ucar.edu',
             'HadGEM2-ES.WRF': 'Melissa Bukovsky, bukovsky@ucar.edu',
             'MPI-ESM-LR.RegCM4': 'Melissa Bukovsky, bukovsky@ucar.edu',
             'MPI-ESM-LR.WRF': 'Melissa Bukovsky, bukovsky@ucar.edu'},
 'contact_note': {'MPI-ESM-LR.WRF': 'Simulations by Hsin-I Chang, hchang@atmo.arizona.edu'},
 'creation_date': {'CanESM2.CanRCM4': '2014-07-03-T22:46:38Z',
                   'CanESM2.RCA4': '2014-02-08-T01:18:47Z',
                   'EC-EARTH.HIRHAM5': '2012-11-16 19:58:27',
                   'EC-EARTH.RCA4': '2014-02-08-T01:02:34Z',
                   'GFDL-ESM2M.WRF': '2016-11-17T16:48:10Z',
                   'HadGEM2-ES.WRF': '2016-12-04T14:57:00Z',
                   'MPI-ESM-LR.RegCM4': '2015-09-13T08:11:17Z',
                   'MPI-ESM-LR.WRF': '2017-10-02T00:00:00Z'},
 'driving_experiment': {'CanESM2.CanRCM4': 'CCCma-CanESM2, historical, r1i1p1',
                        'CanESM2.RCA4': 'CCCma-CanESM2, historical, r1i1p1',
                        'EC-EARTH.HIRHAM5': 'ICHEC-EC-EARTH,historical,r3i1p1',
                        'EC-EARTH.RCA4': 'ICHEC-EC-EARTH, historical, r12i1p1',
                        'GFDL-ESM2M.WRF': 'GFDL-ESM2M,historical,r1i1p1',
                        'HadGEM2-ES.WRF': 'HadGEM2-ES,rcp85,r1i1p1',
                        'MPI-ESM-LR.RegCM4': 'MPI-ESM-LR,historical,r1i1p1',
                        'MPI-ESM-LR.WRF': 'MPI-ESM-LR,historical,r1i1p1'},
 'driving_experiment_name': 'MPI-ESM-LR',
 'driving_model_ensemble_member': {'CanESM2.CanRCM4': 'r1i1p1',
                                   'CanESM2.RCA4': 'r1i1p1',
                                   'EC-EARTH.HIRHAM5': 'r3i1p1',
                                   'EC-EARTH.RCA4': 'r12i1p1',
                                   'GFDL-ESM2M.WRF': 'r1i1p1',
                                   'HadGEM2-ES.WRF': 'r1i1p1',
                                   'MPI-ESM-LR.RegCM4': 'r1i1p1',
                                   'MPI-ESM-LR.WRF': 'r1i1p1'},
 'driving_model_id': {'CanESM2.CanRCM4': 'CCCma-CanESM2',
                      'CanESM2.RCA4': 'CCCma-CanESM2',
                      'EC-EARTH.HIRHAM5': 'ICHEC-EC-EARTH',
                      'EC-EARTH.RCA4': 'ICHEC-EC-EARTH',
                      'GFDL-ESM2M.WRF': 'GFDL-ESM2M',
                      'HadGEM2-ES.WRF': 'HadGEM2-ES',
                      'MPI-ESM-LR.RegCM4': 'MPI-ESM-LR',
                      'MPI-ESM-LR.WRF': 'MPI-ESM-LR'},
 'experiment': 'Historical run driven by MPI-ESM-LR',
 'experiment_id': 'historical',
 'frequency': 'yseas',
 'id': 'doi:10.5065/D6SJ1JCH',
 'institute_id': {'CanESM2.CanRCM4': 'CCCma',
                  'CanESM2.RCA4': 'SMHI',
                  'EC-EARTH.HIRHAM5': 'DMI',
                  'EC-EARTH.RCA4': 'SMHI',
                  'GFDL-ESM2M.WRF': 'NCAR',
                  'HadGEM2-ES.WRF': 'NCAR',
                  'MPI-ESM-LR.RegCM4': 'NCAR',
                  'MPI-ESM-LR.WRF': 'UA'},
 'institution': {'CanESM2.CanRCM4': 'CCCma (Canadian Centre for Climate Modelling and Analysis, Victoria, BC, Canada)',
                 'CanESM2.RCA4': 'Swedish Meteorological and Hydrological Institute, Rossby Centre',
                 'EC-EARTH.HIRHAM5': 'Danish Meteorological Institute',
                 'EC-EARTH.RCA4': 'Swedish Meteorological and Hydrological Institute, Rossby Centre',
                 'GFDL-ESM2M.WRF': 'National Center for Atmospheric Research',
                 'HadGEM2-ES.WRF': 'National Center for Atmospheric Research',
                 'MPI-ESM-LR.RegCM4': 'National Center for Atmospheric Research',
                 'MPI-ESM-LR.WRF': 'University of Arizona'},
 'model_id': {'CanESM2.CanRCM4': 'CCCma-CanRCM4',
              'CanESM2.RCA4': 'SMHI-RCA4',
              'EC-EARTH.HIRHAM5': 'DMI-HIRHAM5',
              'EC-EARTH.RCA4': 'SMHI-RCA4',
              'GFDL-ESM2M.WRF': 'NCAR-WRF',
              'HadGEM2-ES.WRF': 'NCAR-WRF',
              'MPI-ESM-LR.RegCM4': 'NCAR-RegCM4',
              'MPI-ESM-LR.WRF': 'UA-WRF'},
 'product': 'output',
 'project_id': 'CORDEX',
 'rcm_version_id': {'CanESM2.CanRCM4': 'r2',
                    'CanESM2.RCA4': 'v1',
                    'EC-EARTH.HIRHAM5': 'v1',
                    'EC-EARTH.RCA4': 'v1',
                    'GFDL-ESM2M.WRF': 'v3.5.1',
                    'HadGEM2-ES.WRF': 'v3.5.1',
                    'MPI-ESM-LR.RegCM4': 'v4.4-rc8',
                    'MPI-ESM-LR.WRF': 'v3.5.1'},
 'references': {'CanESM2.CanRCM4': 'http://www.cccma.ec.gc.ca/models',
                'CanESM2.RCA4': 'http://www.smhi.se/en/Research/Research-departments/climate-research-rossby-centre',
                'EC-EARTH.RCA4': 'http://www.smhi.se/en/Research/Research-departments/climate-research-rossby-centre',
                'GFDL-ESM2M.WRF': "Skamarock, et al., 2005. 'A description of the Advanced Research WRF version 2.' NCAR Tech. Note NCAR/TN-468+STR",
                'HadGEM2-ES.WRF': "Skamarock, et al., 2005. 'A description of the Advanced Research WRF version 2.' NCAR Tech. Note NCAR/TN-468+STR",
                'MPI-ESM-LR.RegCM4': 'Elguindi, et al. Regional climate model RegCM user manual version 4.4. The Abdus Salam International Centre '
                                     'for Theoretical Physics, Strada Costiera, Trieste, Italy. (2013).',
                'MPI-ESM-LR.WRF': "Skamarock, et al., 2005. 'A description of the Advanced Research WRF version 2.' NCAR Tech. Note NCAR/TN-468+STR"},
 'title': {'CanESM2.CanRCM4': 'NA-CORDEX Raw NAM-44i CanRCM4 CanESM2 Hist Seasonal Climatology of Daily Max Hourly Precip Rate',
           'CanESM2.RCA4': 'NA-CORDEX Raw NAM-44i RCA4 CanESM2 Hist Seasonal Climatology of Daily Max Hourly Precip Rate',
           'EC-EARTH.HIRHAM5': 'NA-CORDEX Raw NAM-44i HIRHAM5 EC-EARTH Hist Seasonal Climatology of Daily Max Hourly Precip Rate',
           'EC-EARTH.RCA4': 'NA-CORDEX Raw NAM-44i RCA4 EC-EARTH Hist Seasonal Climatology of Daily Max Hourly Precip Rate',
           'GFDL-ESM2M.WRF': 'NA-CORDEX Raw NAM-44i WRF GFDL-ESM2M Hist Seasonal Climatology of Daily Max Hourly Precip Rate',
           'HadGEM2-ES.WRF': 'NA-CORDEX Raw NAM-44i WRF HadGEM2-ES Hist Seasonal Climatology of Daily Max Hourly Precip Rate',
           'MPI-ESM-LR.RegCM4': 'NA-CORDEX Raw NAM-44i RegCM4 MPI-ESM-LR Hist Seasonal Climatology of Daily Max Hourly Precip Rate',
           'MPI-ESM-LR.WRF': 'NA-CORDEX Raw NAM-44i WRF MPI-ESM-LR Hist Seasonal Climatology of Daily Max Hourly Precip Rate'},
 'tracking_id': {'CanESM2.CanRCM4': '74d14a76-50de-4282-b149-4c3746c47dd5',
                 'CanESM2.RCA4': 'ffcf2bba-7800-49f1-9fa3-969946fa820f',
                 'EC-EARTH.HIRHAM5': 'a9db9d72-cc4e-4f8a-8f4d-68ab0c1502bd',
                 'EC-EARTH.RCA4': '7dd87486-e3d5-42b5-9ff2-1becc7ff17d3',
                 'GFDL-ESM2M.WRF': '55c063c6-5aeb-4e55-bde7-527e37d3447a',
                 'HadGEM2-ES.WRF': 'cf0fc152-261a-46d1-9dd7-db6840664fa0',
                 'MPI-ESM-LR.RegCM4': 'f42b066a-e221-49ab-845e-e68508caa19a',
                 'MPI-ESM-LR.WRF': '4ea91d96-2e1d-4097-868d-8d9122a92842'},
 'version': {'CanESM2.CanRCM4': '1.3',
             'CanESM2.RCA4': '1.0',
             'EC-EARTH.HIRHAM5': '1.0',
             'EC-EARTH.RCA4': '1.0',
             'GFDL-ESM2M.WRF': '1.3',
             'HadGEM2-ES.WRF': '1.3',
             'MPI-ESM-LR.RegCM4': '1.4',
             'MPI-ESM-LR.WRF': '2.3'}}
