{'CORDEX_domain': 'NAM-22',
 'contact': {'CanESM2.CRCM5-OUR': 'paquin.dominique@ouranos.ca',
             'CanESM2.CanRCM4': 'cccma_info@ec.gc.ca',
             'GFDL-ESM2M.CRCM5-OUR': 'biner.sebastien@ouranos.ca'},
 'creation_date': {'CanESM2.CRCM5-OUR': '2019-01-11 16:20', 'CanESM2.CanRCM4': '2012-12-03 19:35:57', 'GFDL-ESM2M.CRCM5-OUR': '2019-02-12 15:30'},
 'driving_experiment': {'CanESM2.CRCM5-OUR': 'CCCma-CanESM2,rcp45.r1i1p1',
                        'CanESM2.CanRCM4': 'CCCma-CanESM2, rcp45, r1i1p1',
                        'GFDL-ESM2M.CRCM5-OUR': 'GFDL-ESM2M,rcp45,r1i1p1'},
 'driving_experiment_name': 'r1i1p1',
 'driving_model_ensemble_member': {'CanESM2.CRCM5-OUR': 'r1i1p1', 'CanESM2.CanRCM4': 'r1i1p1', 'GFDL-ESM2M.CRCM5-OUR': 'r1i1p1'},
 'driving_model_id': {'CanESM2.CRCM5-OUR': 'CCCma-CanESM2', 'CanESM2.CanRCM4': 'CCCma-CanESM2', 'GFDL-ESM2M.CRCM5-OUR': 'GFDL-ESM2M'},
 'experiment': 'simulation rcp45 membre #1',
 'experiment_id': 'rcp45',
 'frequency': 'sem',
 'id': 'doi:10.5065/D6SJ1JCH',
 'institute_id': {'CanESM2.CRCM5-OUR': 'OURANOS', 'CanESM2.CanRCM4': 'CCCma', 'GFDL-ESM2M.CRCM5-OUR': 'OURANOS'},
 'institution': {'CanESM2.CRCM5-OUR': 'Ouranos',
                 'CanESM2.CanRCM4': 'CCCma (Canadian Centre for Climate Modelling and Analysis, Victoria, BC, Canada)',
                 'GFDL-ESM2M.CRCM5-OUR': 'Ouranos'},
 'model_id': {'CanESM2.CRCM5-OUR': 'OURANOS-CRCM5', 'CanESM2.CanRCM4': 'CCCma-CanRCM4', 'GFDL-ESM2M.CRCM5-OUR': 'OURANOS-CRCM5'},
 'product': 'output',
 'project_id': 'CORDEX',
 'rcm_version_id': {'CanESM2.CRCM5-OUR': 'v1', 'CanESM2.CanRCM4': 'r2', 'GFDL-ESM2M.CRCM5-OUR': 'v1'},
 'references': {'CanESM2.CRCM5-OUR': 'http://www.ouranos.ca',
                'CanESM2.CanRCM4': 'http://www.cccma.ec.gc.ca/models',
                'GFDL-ESM2M.CRCM5-OUR': 'http://www.ouranos.ca'},
 'title': {'CanESM2.CRCM5-OUR': 'NA-CORDEX Raw NAM-22 CRCM5-OUR CanESM2 RCP4.5 Seasonal Mean Surface Pressure',
           'CanESM2.CanRCM4': 'NA-CORDEX Raw NAM-22 CanRCM4 CanESM2 RCP4.5 Seasonal Mean Surface Pressure',
           'GFDL-ESM2M.CRCM5-OUR': 'NA-CORDEX Raw NAM-22 CRCM5-OUR GFDL-ESM2M RCP4.5 Seasonal Mean Surface Pressure'},
 'tracking_id': {'CanESM2.CRCM5-OUR': 'edb0a769-d87b-4ec3-ab87-34bdcc2da290',
                 'CanESM2.CanRCM4': '732bc27f-db9c-407c-80e1-ec208e63cb0c',
                 'GFDL-ESM2M.CRCM5-OUR': '47304a51-8e21-49d0-ba1b-df2ffbaac7d3'},
 'version': {'CanESM2.CRCM5-OUR': '1.0', 'CanESM2.CanRCM4': '1.2', 'GFDL-ESM2M.CRCM5-OUR': '1.0'}}
