{'CORDEX_domain': 'NAM-22',
 'contact': {'CanESM2.CRCM5-UQAM': 'Seth McGinnis, mcginnis@ucar.edu',
             'CanESM2.CanRCM4': 'Seth McGinnis, mcginnis@ucar.edu',
             'GEMatm-Can.CRCM5-UQAM': 'Seth McGinnis, mcginnis@ucar.edu',
             'GEMatm-MPI.CRCM5-UQAM': 'Seth McGinnis, mcginnis@ucar.edu',
             'GFDL-ESM2M.RegCM4': 'Daryl Herzmann, akrherz@iastate.edu',
             'GFDL-ESM2M.WRF': 'Seth McGinnis, mcginnis@ucar.edu',
             'HadGEM2-ES.RegCM4': 'Daryl Herzmann, akrherz@iastate.edu',
             'HadGEM2-ES.WRF': 'Seth McGinnis, mcginnis@ucar.edu',
             'MPI-ESM-LR.CRCM5-UQAM': 'Seth McGinnis, mcginnis@ucar.edu',
             'MPI-ESM-LR.RegCM4': 'Melissa Bukovsky, bukovsky@ucar.edu',
             'MPI-ESM-LR.WRF': 'Seth McGinnis, mcginnis@ucar.edu',
             'MPI-ESM-MR.CRCM5-UQAM': 'Seth McGinnis, mcginnis@ucar.edu'},
 'contact_note': {'GFDL-ESM2M.RegCM4': 'Simulations by Ray Arritt (deceased)', 'HadGEM2-ES.RegCM4': 'Simulations by Ray Arritt (deceased)'},
 'creation_date': {'CanESM2.CRCM5-UQAM': '2019-10-02',
                   'CanESM2.CanRCM4': '2019-10-02',
                   'GEMatm-Can.CRCM5-UQAM': '2019-10-02',
                   'GEMatm-MPI.CRCM5-UQAM': '2019-10-02',
                   'GFDL-ESM2M.RegCM4': '2020-02-20',
                   'GFDL-ESM2M.WRF': '2019-10-02',
                   'HadGEM2-ES.RegCM4': '2020-05-11',
                   'HadGEM2-ES.WRF': '2019-10-02',
                   'MPI-ESM-LR.CRCM5-UQAM': '2020-02-20',
                   'MPI-ESM-LR.RegCM4': '2020-02-20',
                   'MPI-ESM-LR.WRF': '2019-10-02',
                   'MPI-ESM-MR.CRCM5-UQAM': '2019-10-02'},
 'driving_experiment': {'CanESM2.CRCM5-UQAM': 'CCCma-CanESM2, historical, r1i1p1',
                        'CanESM2.CanRCM4': 'CCCma-CanESM2, historical, r1i1p1',
                        'GEMatm-Can.CRCM5-UQAM': 'UQAM-GEMatm-Can-ESMsea, historical, r1i1p1',
                        'GEMatm-MPI.CRCM5-UQAM': 'UQAM-GEMatm-MPI-ESMsea, historical, r1i1p1',
                        'GFDL-ESM2M.RegCM4': 'GFDL-ESM2M,historical,r1i1p1',
                        'GFDL-ESM2M.WRF': 'GFDL-ESM2M,historical,r1i1p1',
                        'HadGEM2-ES.RegCM4': 'HadGEM2-ES,historical,r1i1p1',
                        'HadGEM2-ES.WRF': 'HadGEM2-ES,rcp85,r1i1p1',
                        'MPI-ESM-LR.CRCM5-UQAM': 'MPI-M-MPI-ESM-LR, historical, r1i1p1',
                        'MPI-ESM-LR.RegCM4': 'MPI-ESM-LR,historical,r1i1p1',
                        'MPI-ESM-LR.WRF': 'MPI-ESM-LR,historical,r1i1p1',
                        'MPI-ESM-MR.CRCM5-UQAM': 'MPI-M-MPI-ESM-MR, historical, r1i1p1'},
 'driving_experiment_name': 'historical',
 'driving_model_ensemble_member': {'CanESM2.CRCM5-UQAM': 'r1i1p1',
                                   'CanESM2.CanRCM4': 'r1i1p1',
                                   'GEMatm-Can.CRCM5-UQAM': 'r1i1p1',
                                   'GEMatm-MPI.CRCM5-UQAM': 'r1i1p1',
                                   'GFDL-ESM2M.RegCM4': 'r1i1p1',
                                   'GFDL-ESM2M.WRF': 'r1i1p1',
                                   'HadGEM2-ES.RegCM4': 'r1i1p1',
                                   'HadGEM2-ES.WRF': 'r1i1p1',
                                   'MPI-ESM-LR.CRCM5-UQAM': 'r1i1p1',
                                   'MPI-ESM-LR.RegCM4': 'r1i1p1',
                                   'MPI-ESM-LR.WRF': 'r1i1p1',
                                   'MPI-ESM-MR.CRCM5-UQAM': 'r1i1p1'},
 'driving_model_id': {'CanESM2.CRCM5-UQAM': 'CCCma-CanESM2',
                      'CanESM2.CanRCM4': 'CCCma-CanESM2',
                      'GEMatm-Can.CRCM5-UQAM': 'UQAM-GEMatm-Can-ESMsea',
                      'GEMatm-MPI.CRCM5-UQAM': 'UQAM-GEMatm-MPI-ESMsea',
                      'GFDL-ESM2M.RegCM4': 'GFDL-ESM2M',
                      'GFDL-ESM2M.WRF': 'GFDL-ESM2M',
                      'HadGEM2-ES.RegCM4': 'HadGEM2-ES',
                      'HadGEM2-ES.WRF': 'HadGEM2-ES',
                      'MPI-ESM-LR.CRCM5-UQAM': 'MPI-M-MPI-ESM-LR',
                      'MPI-ESM-LR.RegCM4': 'MPI-ESM-LR',
                      'MPI-ESM-LR.WRF': 'MPI-ESM-LR',
                      'MPI-ESM-MR.CRCM5-UQAM': 'MPI-M-MPI-ESM-MR'},
 'experiment': 'historical',
 'experiment_id': 'historical',
 'frequency': 'ymon',
 'id': 'doi:10.5065/D6SJ1JCH',
 'institute_id': {'GFDL-ESM2M.RegCM4': 'ISU',
                  'GFDL-ESM2M.WRF': 'NCAR',
                  'HadGEM2-ES.RegCM4': 'ISU',
                  'HadGEM2-ES.WRF': 'NCAR',
                  'MPI-ESM-LR.RegCM4': 'NCAR',
                  'MPI-ESM-LR.WRF': 'UA'},
 'institution': {'CanESM2.CRCM5-UQAM': 'National Center for Atmospheric Research',
                 'CanESM2.CanRCM4': 'National Center for Atmospheric Research',
                 'GEMatm-Can.CRCM5-UQAM': 'National Center for Atmospheric Research',
                 'GEMatm-MPI.CRCM5-UQAM': 'National Center for Atmospheric Research',
                 'GFDL-ESM2M.RegCM4': 'Iowa State University',
                 'GFDL-ESM2M.WRF': 'National Center for Atmospheric Research',
                 'HadGEM2-ES.RegCM4': 'Iowa State University',
                 'HadGEM2-ES.WRF': 'National Center for Atmospheric Research',
                 'MPI-ESM-LR.CRCM5-UQAM': 'National Center for Atmospheric Research',
                 'MPI-ESM-LR.RegCM4': 'National Center for Atmospheric Research',
                 'MPI-ESM-LR.WRF': 'University of Arizona',
                 'MPI-ESM-MR.CRCM5-UQAM': 'National Center for Atmospheric Research'},
 'model_id': {'CanESM2.CRCM5-UQAM': 'UQAM-CRCM5',
              'CanESM2.CanRCM4': 'CCCma-CanRCM4',
              'GEMatm-Can.CRCM5-UQAM': 'UQAM-CRCM5',
              'GEMatm-MPI.CRCM5-UQAM': 'UQAM-CRCM5',
              'GFDL-ESM2M.RegCM4': 'ISU-RegCM4',
              'GFDL-ESM2M.WRF': 'NCAR-WRF',
              'HadGEM2-ES.RegCM4': 'ISU-RegCM4',
              'HadGEM2-ES.WRF': 'NCAR-WRF',
              'MPI-ESM-LR.CRCM5-UQAM': 'UQAM-CRCM5',
              'MPI-ESM-LR.RegCM4': 'NCAR-RegCM4',
              'MPI-ESM-LR.WRF': 'UA-WRF',
              'MPI-ESM-MR.CRCM5-UQAM': 'UQAM-CRCM5'},
 'product': 'bias-adjusted-output',
 'project_id': 'CORDEX-Adjust',
 'rcm_version_id': {'CanESM2.CRCM5-UQAM': 'v1',
                    'CanESM2.CanRCM4': 'r2',
                    'GEMatm-Can.CRCM5-UQAM': 'v1',
                    'GEMatm-MPI.CRCM5-UQAM': 'v1',
                    'GFDL-ESM2M.RegCM4': 'v4.4-rc8',
                    'GFDL-ESM2M.WRF': 'v3.5.1',
                    'HadGEM2-ES.RegCM4': 'v4.4-rc8',
                    'HadGEM2-ES.WRF': 'v3.5.1',
                    'MPI-ESM-LR.CRCM5-UQAM': 'v1',
                    'MPI-ESM-LR.RegCM4': 'v4.4-rc8',
                    'MPI-ESM-LR.WRF': 'v3.5.1',
                    'MPI-ESM-MR.CRCM5-UQAM': 'v1'},
 'references': {'CanESM2.CRCM5-UQAM': 'http://www.mrcc.uqam.ca',
                'CanESM2.CanRCM4': 'http://www.cccma.ec.gc.ca/models',
                'GEMatm-Can.CRCM5-UQAM': 'http://www.mrcc.uqam.ca',
                'GEMatm-MPI.CRCM5-UQAM': 'http://www.mrcc.uqam.ca',
                'GFDL-ESM2M.RegCM4': 'Elguindi, et al. Regional climate model RegCM user manual version 4.4. The Abdus Salam International Centre '
                                     'for Theoretical Physics, Strada Costiera, Trieste, Italy. (2013).',
                'GFDL-ESM2M.WRF': "Skamarock, et al., 2005. 'A description of the Advanced Research WRF version 2.' NCAR Tech. Note NCAR/TN-468+STR",
                'HadGEM2-ES.RegCM4': 'Elguindi, et al. Regional climate model RegCM user manual version 4.4. The Abdus Salam International Centre '
                                     'for Theoretical Physics, Strada Costiera, Trieste, Italy. (2013).',
                'HadGEM2-ES.WRF': "Skamarock, et al., 2005. 'A description of the Advanced Research WRF version 2.' NCAR Tech. Note NCAR/TN-468+STR",
                'MPI-ESM-LR.CRCM5-UQAM': 'http://www.mrcc.uqam.ca',
                'MPI-ESM-LR.RegCM4': 'Elguindi, et al. Regional climate model RegCM user manual version 4.4. The Abdus Salam International Centre '
                                     'for Theoretical Physics, Strada Costiera, Trieste, Italy. (2013).',
                'MPI-ESM-LR.WRF': "Skamarock, et al., 2005. 'A description of the Advanced Research WRF version 2.' NCAR Tech. Note NCAR/TN-468+STR",
                'MPI-ESM-MR.CRCM5-UQAM': 'http://www.mrcc.uqam.ca'},
 'title': {'CanESM2.CRCM5-UQAM': 'NA-CORDEX MBCn NAM-22i CRCM5-UQAM CanESM2 Hist Daily Mean Incoming Shortwave Radiation',
           'CanESM2.CanRCM4': 'NA-CORDEX MBCn NAM-22i CanRCM4 CanESM2 Hist Daily Mean Incoming Shortwave Radiation',
           'GEMatm-Can.CRCM5-UQAM': 'NA-CORDEX MBCn NAM-22i CRCM5-UQAM GEMatm-Can Hist Daily Mean Incoming Shortwave Radiation',
           'GEMatm-MPI.CRCM5-UQAM': 'NA-CORDEX MBCn NAM-22i CRCM5-UQAM GEMatm-MPI Hist Daily Mean Incoming Shortwave Radiation',
           'GFDL-ESM2M.RegCM4': 'NA-CORDEX MBCn NAM-22i RegCM4 GFDL-ESM2M Hist Daily Mean Incoming Shortwave Radiation',
           'GFDL-ESM2M.WRF': 'NA-CORDEX MBCn NAM-22i WRF GFDL-ESM2M Hist Daily Mean Incoming Shortwave Radiation',
           'HadGEM2-ES.RegCM4': 'NA-CORDEX MBCn NAM-22i RegCM4 HadGEM2-ES Hist Daily Mean Incoming Shortwave Radiation',
           'HadGEM2-ES.WRF': 'NA-CORDEX MBCn NAM-22i WRF HadGEM2-ES Hist Daily Mean Incoming Shortwave Radiation',
           'MPI-ESM-LR.CRCM5-UQAM': 'NA-CORDEX MBCn NAM-22i CRCM5-UQAM MPI-ESM-LR Hist Daily Mean Incoming Shortwave Radiation',
           'MPI-ESM-LR.RegCM4': 'NA-CORDEX MBCn NAM-22i RegCM4 MPI-ESM-LR Hist Daily Mean Incoming Shortwave Radiation',
           'MPI-ESM-LR.WRF': 'NA-CORDEX MBCn NAM-22i WRF MPI-ESM-LR Hist Daily Mean Incoming Shortwave Radiation',
           'MPI-ESM-MR.CRCM5-UQAM': 'NA-CORDEX MBCn NAM-22i CRCM5-UQAM MPI-ESM-MR Hist Daily Mean Incoming Shortwave Radiation'},
 'tracking_id': {'CanESM2.CRCM5-UQAM': '77906d19-cdcb-4c95-bc1f-76fe2c77a567',
                 'CanESM2.CanRCM4': '98e663e0-9a62-4610-b112-503c28d92115',
                 'GEMatm-Can.CRCM5-UQAM': '45fc36bf-278b-44c8-bc70-8ed93de59f96',
                 'GEMatm-MPI.CRCM5-UQAM': '757ba496-15ed-4c18-b2e0-15947ba962eb',
                 'GFDL-ESM2M.RegCM4': '0c45dbfc-a493-4138-b07b-499efffbea07',
                 'GFDL-ESM2M.WRF': 'b9b9a25e-e467-4acf-a494-96fde1fd5d21',
                 'HadGEM2-ES.RegCM4': 'f1372968-5148-491d-98e9-d9fe794f230f',
                 'HadGEM2-ES.WRF': '9719c86d-b3b2-4c98-ba96-955ee791103e',
                 'MPI-ESM-LR.CRCM5-UQAM': '15eade07-71f0-48cd-8986-401f344bafe7',
                 'MPI-ESM-LR.RegCM4': '581d6aa7-21a1-45c9-8e3d-72ce5629dc62',
                 'MPI-ESM-LR.WRF': '51ef7b96-798c-46df-8250-6cd0df89c1d0',
                 'MPI-ESM-MR.CRCM5-UQAM': 'ad029dbc-4874-4d91-ad9e-f6f8ea56bb4f'},
 'version': {'CanESM2.CRCM5-UQAM': '1.0',
             'CanESM2.CanRCM4': '1.2',
             'GEMatm-Can.CRCM5-UQAM': '1.0',
             'GEMatm-MPI.CRCM5-UQAM': '1.0',
             'GFDL-ESM2M.RegCM4': '2.0',
             'GFDL-ESM2M.WRF': '1.3',
             'HadGEM2-ES.RegCM4': '2.0',
             'HadGEM2-ES.WRF': '1.3',
             'MPI-ESM-LR.CRCM5-UQAM': '1.0',
             'MPI-ESM-LR.RegCM4': '1.3',
             'MPI-ESM-LR.WRF': '2.3',
             'MPI-ESM-MR.CRCM5-UQAM': '3.0'}}
