Warning: non-uniform metadata in attribute:  "experiment"
	First found: "rcp85" in rsds.rcp85.MPI-ESM-MR.CRCM5-UQAM.ann.NAM-44i.mbcn-gridMET.nc
	Then found: "Scenario experiment using HadGEM2-ES as driving model" in rsds.rcp85.HadGEM2-ES.RegCM4.ann.NAM-44i.mbcn-gridMET.nc
	Then found: "Scenario experiment using GFDL-ESM2M as driving model" in rsds.rcp85.GFDL-ESM2M.RegCM4.ann.NAM-44i.mbcn-gridMET.nc
	Then found: "Scenario experiment using MPI-ESM-LR as driving model" in rsds.rcp85.MPI-ESM-LR.RegCM4.ann.NAM-44i.mbcn-gridMET.nc
	Then found: "ICHEC-EC-EARTH,rcp85,r3i1p1" in rsds.rcp85.EC-EARTH.HIRHAM5.ann.NAM-44i.mbcn-gridMET.nc
	Then found: "RCP8.5" in rsds.rcp85.EC-EARTH.RCA4.ann.NAM-44i.mbcn-gridMET.nc
	Then found: "RCP8.5" in rsds.rcp85.CanESM2.RCA4.ann.NAM-44i.mbcn-gridMET.nc
	Then found: "RCP8.5 run driven by CCCma-CanESM2 " in rsds.rcp85.CanESM2.CanRCM4.ann.NAM-44i.mbcn-gridMET.nc
	Then found: "Scenario experiment using HadGEM2-ES as driving model" in rsds.rcp85.HadGEM2-ES.WRF.ann.NAM-44i.mbcn-gridMET.nc
	Then found: "Scenario experiment using GFDL-ESM2M as driving model" in rsds.rcp85.GFDL-ESM2M.WRF.ann.NAM-44i.mbcn-gridMET.nc
	Then found: "Scenario experiment using MPI-ESM-LR as driving model" in rsds.rcp85.MPI-ESM-LR.WRF.ann.NAM-44i.mbcn-gridMET.nc

Warning: non-uniform metadata in attribute:  "driving_experiment_name"
	First found: "rcp85" in rsds.rcp85.MPI-ESM-MR.CRCM5-UQAM.ann.NAM-44i.mbcn-gridMET.nc
	Then found: "HadGEM2-ES" in rsds.rcp85.HadGEM2-ES.RegCM4.ann.NAM-44i.mbcn-gridMET.nc
	Then found: "GFDL-ESM2M" in rsds.rcp85.GFDL-ESM2M.RegCM4.ann.NAM-44i.mbcn-gridMET.nc
	Then found: "MPI-ESM-LR" in rsds.rcp85.MPI-ESM-LR.RegCM4.ann.NAM-44i.mbcn-gridMET.nc

Warning: missing attribute:  "references"
	Missing from:  rsds.rcp85.EC-EARTH.HIRHAM5.ann.NAM-44i.mbcn-gridMET.nc

Warning: missing attribute:  "institute_id"
	Missing from:  rsds.rcp85.MPI-ESM-MR.CRCM5-UQAM.ann.NAM-44i.mbcn-gridMET.nc
	Missing from:  rsds.rcp85.GEMatm-Can.CRCM5-UQAM.ann.NAM-44i.mbcn-gridMET.nc
	Missing from:  rsds.rcp85.MPI-ESM-LR.CRCM5-UQAM.ann.NAM-44i.mbcn-gridMET.nc
	Missing from:  rsds.rcp85.CanESM2.CRCM5-UQAM.ann.NAM-44i.mbcn-gridMET.nc
	Missing from:  rsds.rcp85.GEMatm-MPI.CRCM5-UQAM.ann.NAM-44i.mbcn-gridMET.nc
	Missing from:  rsds.rcp85.EC-EARTH.HIRHAM5.ann.NAM-44i.mbcn-gridMET.nc
	Missing from:  rsds.rcp85.EC-EARTH.RCA4.ann.NAM-44i.mbcn-gridMET.nc
	Missing from:  rsds.rcp85.CanESM2.RCA4.ann.NAM-44i.mbcn-gridMET.nc
	Missing from:  rsds.rcp85.CanESM2.CanRCM4.ann.NAM-44i.mbcn-gridMET.nc

