{'CORDEX_domain': 'NAM-44',
 'contact': {'CanESM2.CRCM5-UQAM': 'Winger.Katja@uqam.ca',
             'CanESM2.CanRCM4': 'cccma_info@ec.gc.ca',
             'CanESM2.RCA4': 'rossby.cordex@smhi.se',
             'EC-EARTH.HIRHAM5': 'obc@dmi.dk',
             'EC-EARTH.RCA4': 'rossby.cordex@smhi.se',
             'MPI-ESM-LR.CRCM5-UQAM': 'Winger.Katja@uqam.ca'},
 'creation_date': {'CanESM2.CRCM5-UQAM': '2012-09-17',
                   'CanESM2.CanRCM4': '2014-12-24-T18:43:09Z',
                   'CanESM2.RCA4': '2014-02-07-T19:04:44Z',
                   'EC-EARTH.HIRHAM5': '2012-11-26 19:09:50',
                   'EC-EARTH.RCA4': '2014-02-07-T18:57:09Z',
                   'MPI-ESM-LR.CRCM5-UQAM': '2012-09-19'},
 'driving_experiment': {'CanESM2.CRCM5-UQAM': 'CCCma-CanESM2,rcp45,r1i1p1',
                        'CanESM2.CanRCM4': 'CCCma-CanESM2, rcp45, r1i1p1',
                        'CanESM2.RCA4': 'CCCma-CanESM2, rcp45, r1i1p1',
                        'EC-EARTH.HIRHAM5': 'ICHEC-EC-EARTH,rcp45,r3i1p1',
                        'EC-EARTH.RCA4': 'ICHEC-EC-EARTH, rcp45, r12i1p1',
                        'MPI-ESM-LR.CRCM5-UQAM': 'MPI-M-MPI-ESM-LR,rcp45,r1i1p1'},
 'driving_experiment_name': 'rcp45',
 'driving_model_ensemble_member': {'CanESM2.CRCM5-UQAM': 'r1i1p1',
                                   'CanESM2.CanRCM4': 'r1i1p1',
                                   'CanESM2.RCA4': 'r1i1p1',
                                   'EC-EARTH.HIRHAM5': 'r3i1p1',
                                   'EC-EARTH.RCA4': 'r12i1p1',
                                   'MPI-ESM-LR.CRCM5-UQAM': 'r1i1p1'},
 'driving_model_id': {'CanESM2.CRCM5-UQAM': 'CCCma-CanESM2',
                      'CanESM2.CanRCM4': 'CCCma-CanESM2',
                      'CanESM2.RCA4': 'CCCma-CanESM2',
                      'EC-EARTH.HIRHAM5': 'ICHEC-EC-EARTH',
                      'EC-EARTH.RCA4': 'ICHEC-EC-EARTH',
                      'MPI-ESM-LR.CRCM5-UQAM': 'MPI-M-MPI-ESM-LR'},
 'experiment': 'rcp45',
 'experiment_id': 'rcp45',
 'frequency': 'day',
 'id': 'doi:10.5065/D6SJ1JCH',
 'institute_id': {'CanESM2.CRCM5-UQAM': 'UQAM',
                  'CanESM2.CanRCM4': 'CCCma',
                  'CanESM2.RCA4': 'SMHI',
                  'EC-EARTH.HIRHAM5': 'DMI',
                  'EC-EARTH.RCA4': 'SMHI',
                  'MPI-ESM-LR.CRCM5-UQAM': 'UQAM'},
 'institution': {'CanESM2.CRCM5-UQAM': 'Universite du Quebec a Montreal',
                 'CanESM2.CanRCM4': 'CCCma (Canadian Centre for Climate Modelling and Analysis, Victoria, BC, Canada)',
                 'CanESM2.RCA4': 'Swedish Meteorological and Hydrological Institute, Rossby Centre',
                 'EC-EARTH.HIRHAM5': 'Danish Meteorological Institute',
                 'EC-EARTH.RCA4': 'Swedish Meteorological and Hydrological Institute, Rossby Centre',
                 'MPI-ESM-LR.CRCM5-UQAM': 'Universite du Quebec a Montreal'},
 'model_id': {'CanESM2.CRCM5-UQAM': 'UQAM-CRCM5',
              'CanESM2.CanRCM4': 'CCCma-CanRCM4',
              'CanESM2.RCA4': 'SMHI-RCA4',
              'EC-EARTH.HIRHAM5': 'DMI-HIRHAM5',
              'EC-EARTH.RCA4': 'SMHI-RCA4',
              'MPI-ESM-LR.CRCM5-UQAM': 'UQAM-CRCM5'},
 'product': 'output',
 'project_id': 'CORDEX',
 'rcm_version_id': {'CanESM2.CRCM5-UQAM': 'v1',
                    'CanESM2.CanRCM4': 'r2',
                    'CanESM2.RCA4': 'v1',
                    'EC-EARTH.HIRHAM5': 'v1',
                    'EC-EARTH.RCA4': 'v1',
                    'MPI-ESM-LR.CRCM5-UQAM': 'v1'},
 'references': {'CanESM2.CRCM5-UQAM': 'http://www.mrcc.uqam.ca',
                'CanESM2.CanRCM4': 'http://www.cccma.ec.gc.ca/models',
                'CanESM2.RCA4': 'http://www.smhi.se/en/Research/Research-departments/climate-research-rossby-centre',
                'EC-EARTH.RCA4': 'http://www.smhi.se/en/Research/Research-departments/climate-research-rossby-centre',
                'MPI-ESM-LR.CRCM5-UQAM': 'http://www.mrcc.uqam.ca'},
 'title': {'CanESM2.CRCM5-UQAM': 'NA-CORDEX Raw NAM-44i CRCM5-UQAM CanESM2 RCP4.5 Daily Mean 10m Wind Speed',
           'CanESM2.CanRCM4': 'NA-CORDEX Raw NAM-44i CanRCM4 CanESM2 RCP4.5 Daily Mean 10m Wind Speed',
           'CanESM2.RCA4': 'NA-CORDEX Raw NAM-44i RCA4 CanESM2 RCP4.5 Daily Mean 10m Wind Speed',
           'EC-EARTH.HIRHAM5': 'NA-CORDEX Raw NAM-44i HIRHAM5 EC-EARTH RCP4.5 Daily Mean 10m Wind Speed',
           'EC-EARTH.RCA4': 'NA-CORDEX Raw NAM-44i RCA4 EC-EARTH RCP4.5 Daily Mean 10m Wind Speed',
           'MPI-ESM-LR.CRCM5-UQAM': 'NA-CORDEX Raw NAM-44i CRCM5-UQAM MPI-ESM-LR RCP4.5 Daily Mean 10m Wind Speed'},
 'tracking_id': {'CanESM2.CRCM5-UQAM': '9654bb8f-e595-4b0f-851f-975ef88eab1a',
                 'CanESM2.CanRCM4': 'fa3b333b-bf9a-432e-9bc0-ce40fa8463f4',
                 'CanESM2.RCA4': 'db4efe16-525c-45f0-a13a-628b03db1465',
                 'EC-EARTH.HIRHAM5': '1b9f1e5d-10de-4cd5-8d9b-5bcfcd2c8785',
                 'EC-EARTH.RCA4': 'd741ec86-ed31-4ed9-aaa8-9fe96d4b2e02',
                 'MPI-ESM-LR.CRCM5-UQAM': '9761eb5d-535b-457d-9932-695d0d18ee18'},
 'version': {'CanESM2.CRCM5-UQAM': '2.4',
             'CanESM2.CanRCM4': '1.3',
             'CanESM2.RCA4': '1.0',
             'EC-EARTH.HIRHAM5': '1.0',
             'EC-EARTH.RCA4': '1.0',
             'MPI-ESM-LR.CRCM5-UQAM': '1.2'}}
