Warning: non-uniform metadata in attribute:  "experiment"
	First found: "historical" in sfcWind.hist.MPI-ESM-MR.CRCM5-UQAM.day.NAM-44i.mbcn-gridMET.nc
	Then found: "Historical run driven by HadGEM2-ES" in sfcWind.hist.HadGEM2-ES.RegCM4.day.NAM-44i.mbcn-gridMET.nc
	Then found: "Historical run driven by GFDL-ESM2M" in sfcWind.hist.GFDL-ESM2M.RegCM4.day.NAM-44i.mbcn-gridMET.nc
	Then found: "Historical run driven by MPI-ESM-LR" in sfcWind.hist.MPI-ESM-LR.RegCM4.day.NAM-44i.mbcn-gridMET.nc
	Then found: "Historical run using ECEARTH as driving model" in sfcWind.hist.EC-EARTH.HIRHAM5.day.NAM-44i.mbcn-gridMET.nc
	Then found: "Historical run driven by CCCma-CanESM2" in sfcWind.hist.CanESM2.CanRCM4.day.NAM-44i.mbcn-gridMET.nc
	Then found: "Historical run driven by HadGEM2-ES" in sfcWind.hist.HadGEM2-ES.WRF.day.NAM-44i.mbcn-gridMET.nc
	Then found: "Historical run driven by GFDL-ESM2M" in sfcWind.hist.GFDL-ESM2M.WRF.day.NAM-44i.mbcn-gridMET.nc
	Then found: "Historical run driven by MPI-ESM-LR" in sfcWind.hist.MPI-ESM-LR.WRF.day.NAM-44i.mbcn-gridMET.nc

Warning: non-uniform metadata in attribute:  "driving_experiment_name"
	First found: "historical" in sfcWind.hist.MPI-ESM-MR.CRCM5-UQAM.day.NAM-44i.mbcn-gridMET.nc
	Then found: "HadGEM2-ES" in sfcWind.hist.HadGEM2-ES.RegCM4.day.NAM-44i.mbcn-gridMET.nc
	Then found: "GFDL-ESM2M" in sfcWind.hist.GFDL-ESM2M.RegCM4.day.NAM-44i.mbcn-gridMET.nc
	Then found: "MPI-ESM-LR" in sfcWind.hist.MPI-ESM-LR.RegCM4.day.NAM-44i.mbcn-gridMET.nc

Warning: missing attribute:  "references"
	Missing from:  sfcWind.hist.EC-EARTH.HIRHAM5.day.NAM-44i.mbcn-gridMET.nc

Warning: missing attribute:  "institute_id"
	Missing from:  sfcWind.hist.MPI-ESM-MR.CRCM5-UQAM.day.NAM-44i.mbcn-gridMET.nc
	Missing from:  sfcWind.hist.GEMatm-Can.CRCM5-UQAM.day.NAM-44i.mbcn-gridMET.nc
	Missing from:  sfcWind.hist.MPI-ESM-LR.CRCM5-UQAM.day.NAM-44i.mbcn-gridMET.nc
	Missing from:  sfcWind.hist.CanESM2.CRCM5-UQAM.day.NAM-44i.mbcn-gridMET.nc
	Missing from:  sfcWind.hist.GEMatm-MPI.CRCM5-UQAM.day.NAM-44i.mbcn-gridMET.nc
	Missing from:  sfcWind.hist.EC-EARTH.HIRHAM5.day.NAM-44i.mbcn-gridMET.nc
	Missing from:  sfcWind.hist.EC-EARTH.RCA4.day.NAM-44i.mbcn-gridMET.nc
	Missing from:  sfcWind.hist.CanESM2.RCA4.day.NAM-44i.mbcn-gridMET.nc
	Missing from:  sfcWind.hist.CanESM2.CanRCM4.day.NAM-44i.mbcn-gridMET.nc

