Warning: non-uniform metadata in attribute:  "experiment"
	First found: "rcp85" in sfcWind.rcp85.MPI-ESM-MR.CRCM5-UQAM.yseas.NAM-22i.mbcn-gridMET.nc
	Then found: "Scenario experiment using HadGEM2-ES as driving model" in sfcWind.rcp85.HadGEM2-ES.RegCM4.yseas.NAM-22i.mbcn-gridMET.nc
	Then found: "Scenario experiment using GFDL-ESM2M as driving model" in sfcWind.rcp85.GFDL-ESM2M.RegCM4.yseas.NAM-22i.mbcn-gridMET.nc
	Then found: "Scenario experiment using MPI-ESM-LR as driving model" in sfcWind.rcp85.MPI-ESM-LR.RegCM4.yseas.NAM-22i.mbcn-gridMET.nc
	Then found: "RCP8.5 run driven by CCCma-CanESM2" in sfcWind.rcp85.CanESM2.CanRCM4.yseas.NAM-22i.mbcn-gridMET.nc
	Then found: "Scenario experiment using HadGEM2-ES as driving model" in sfcWind.rcp85.HadGEM2-ES.WRF.yseas.NAM-22i.mbcn-gridMET.nc
	Then found: "Scenario experiment using GFDL-ESM2M as driving model" in sfcWind.rcp85.GFDL-ESM2M.WRF.yseas.NAM-22i.mbcn-gridMET.nc
	Then found: "Scenario experiment using MPI-ESM-LR as driving model" in sfcWind.rcp85.MPI-ESM-LR.WRF.yseas.NAM-22i.mbcn-gridMET.nc

Warning: non-uniform metadata in attribute:  "driving_experiment_name"
	First found: "rcp85" in sfcWind.rcp85.MPI-ESM-MR.CRCM5-UQAM.yseas.NAM-22i.mbcn-gridMET.nc
	Then found: "HadGEM2-ES" in sfcWind.rcp85.HadGEM2-ES.RegCM4.yseas.NAM-22i.mbcn-gridMET.nc
	Then found: "GFDL-ESM2M" in sfcWind.rcp85.GFDL-ESM2M.RegCM4.yseas.NAM-22i.mbcn-gridMET.nc
	Then found: "MPI-ESM-LR" in sfcWind.rcp85.MPI-ESM-LR.RegCM4.yseas.NAM-22i.mbcn-gridMET.nc

Warning: missing attribute:  "institute_id"
	Missing from:  sfcWind.rcp85.MPI-ESM-MR.CRCM5-UQAM.yseas.NAM-22i.mbcn-gridMET.nc
	Missing from:  sfcWind.rcp85.GEMatm-Can.CRCM5-UQAM.yseas.NAM-22i.mbcn-gridMET.nc
	Missing from:  sfcWind.rcp85.MPI-ESM-LR.CRCM5-UQAM.yseas.NAM-22i.mbcn-gridMET.nc
	Missing from:  sfcWind.rcp85.CanESM2.CRCM5-UQAM.yseas.NAM-22i.mbcn-gridMET.nc
	Missing from:  sfcWind.rcp85.GEMatm-MPI.CRCM5-UQAM.yseas.NAM-22i.mbcn-gridMET.nc
	Missing from:  sfcWind.rcp85.CanESM2.CanRCM4.yseas.NAM-22i.mbcn-gridMET.nc

