experiment	"historical"	sfcWind.hist.MPI-ESM-MR.CRCM5-UQAM.day.NAM-22i.raw.nc
experiment	"historical"	sfcWind.hist.GEMatm-Can.CRCM5-UQAM.day.NAM-22i.raw.nc
experiment	"historical"	sfcWind.hist.MPI-ESM-LR.CRCM5-UQAM.day.NAM-22i.raw.nc
experiment	"historical"	sfcWind.hist.CanESM2.CRCM5-UQAM.day.NAM-22i.raw.nc
experiment	"historical"	sfcWind.hist.GEMatm-MPI.CRCM5-UQAM.day.NAM-22i.raw.nc
experiment	"Historical run driven by HadGEM2-ES"	sfcWind.hist.HadGEM2-ES.RegCM4.day.NAM-22i.raw.nc
experiment	"Historical run driven by GFDL-ESM2M"	sfcWind.hist.GFDL-ESM2M.RegCM4.day.NAM-22i.raw.nc
experiment	"Historical run driven by MPI-ESM-LR"	sfcWind.hist.MPI-ESM-LR.RegCM4.day.NAM-22i.raw.nc
experiment	"Historical run driven by CCCma-CanESM2"	sfcWind.hist.CanESM2.CanRCM4.day.NAM-22i.raw.nc
experiment	"Historical run driven by HadGEM2-ES"	sfcWind.hist.HadGEM2-ES.WRF.day.NAM-22i.raw.nc
experiment	"Historical run driven by GFDL-ESM2M"	sfcWind.hist.GFDL-ESM2M.WRF.day.NAM-22i.raw.nc
experiment	"Historical run driven by MPI-ESM-LR"	sfcWind.hist.MPI-ESM-LR.WRF.day.NAM-22i.raw.nc
driving_experiment_name	"historical"	sfcWind.hist.MPI-ESM-MR.CRCM5-UQAM.day.NAM-22i.raw.nc
driving_experiment_name	"historical"	sfcWind.hist.GEMatm-Can.CRCM5-UQAM.day.NAM-22i.raw.nc
driving_experiment_name	"historical"	sfcWind.hist.MPI-ESM-LR.CRCM5-UQAM.day.NAM-22i.raw.nc
driving_experiment_name	"historical"	sfcWind.hist.CanESM2.CRCM5-UQAM.day.NAM-22i.raw.nc
driving_experiment_name	"historical"	sfcWind.hist.GEMatm-MPI.CRCM5-UQAM.day.NAM-22i.raw.nc
driving_experiment_name	"HadGEM2-ES"	sfcWind.hist.HadGEM2-ES.RegCM4.day.NAM-22i.raw.nc
driving_experiment_name	"GFDL-ESM2M"	sfcWind.hist.GFDL-ESM2M.RegCM4.day.NAM-22i.raw.nc
driving_experiment_name	"MPI-ESM-LR"	sfcWind.hist.MPI-ESM-LR.RegCM4.day.NAM-22i.raw.nc
driving_experiment_name	"historical"	sfcWind.hist.CanESM2.CanRCM4.day.NAM-22i.raw.nc
driving_experiment_name	"historical"	sfcWind.hist.HadGEM2-ES.WRF.day.NAM-22i.raw.nc
driving_experiment_name	"historical"	sfcWind.hist.GFDL-ESM2M.WRF.day.NAM-22i.raw.nc
driving_experiment_name	"historical"	sfcWind.hist.MPI-ESM-LR.WRF.day.NAM-22i.raw.nc
