{'CORDEX_domain': 'NAM-22',
 'contact': {'CanESM2.CRCM5-OUR': 'paquin.dominique@ouranos.ca',
             'CanESM2.CanRCM4': 'cccma_info@ec.gc.ca',
             'GFDL-ESM2M.CRCM5-OUR': 'biner.sebastien@ouranos.ca'},
 'creation_date': {'CanESM2.CRCM5-OUR': '2019-01-11 16:10', 'CanESM2.CanRCM4': '2012-12-03 19:35:57', 'GFDL-ESM2M.CRCM5-OUR': '2019-02-12 15:21'},
 'driving_experiment': {'CanESM2.CRCM5-OUR': 'CCCma-CanESM2,rcp45.r1i1p1',
                        'CanESM2.CanRCM4': 'CCCma-CanESM2, rcp45, r1i1p1',
                        'GFDL-ESM2M.CRCM5-OUR': 'GFDL-ESM2M,rcp45,r1i1p1'},
 'driving_experiment_name': 'rcp45',
 'driving_model_ensemble_member': {'CanESM2.CRCM5-OUR': 'r1i1p1', 'CanESM2.CanRCM4': 'r1i1p1', 'GFDL-ESM2M.CRCM5-OUR': 'r1i1p1'},
 'driving_model_id': {'CanESM2.CRCM5-OUR': 'CCCma-CanESM2', 'CanESM2.CanRCM4': 'CCCma-CanESM2', 'GFDL-ESM2M.CRCM5-OUR': 'NOAA-GFDL-GFDL-ESM2M'},
 'experiment_id': 'rcp45',
 'frequency': 'day',
 'id': 'doi:10.5065/D6SJ1JCH',
 'institute_id': {'CanESM2.CRCM5-OUR': 'OURANOS', 'CanESM2.CanRCM4': 'CCCma', 'GFDL-ESM2M.CRCM5-OUR': 'OURANOS'},
 'institution': {'CanESM2.CRCM5-OUR': 'Ouranos',
                 'CanESM2.CanRCM4': 'CCCma (Canadian Centre for Climate Modelling and Analysis, Victoria, BC, Canada)',
                 'GFDL-ESM2M.CRCM5-OUR': 'Ouranos'},
 'model_id': {'CanESM2.CRCM5-OUR': 'OURANOS-CRCM5', 'CanESM2.CanRCM4': 'CCCma-CanRCM4', 'GFDL-ESM2M.CRCM5-OUR': 'OURANOS-CRCM5'},
 'product': 'output',
 'project_id': 'CORDEX',
 'rcm_version_id': {'CanESM2.CRCM5-OUR': 'v1', 'CanESM2.CanRCM4': 'r2', 'GFDL-ESM2M.CRCM5-OUR': 'v1'},
 'references': {'CanESM2.CRCM5-OUR': 'http://www.ouranos.ca',
                'CanESM2.CanRCM4': 'http://www.cccma.ec.gc.ca/models',
                'GFDL-ESM2M.CRCM5-OUR': 'http://www.ouranos.ca'},
 'title': {'CanESM2.CRCM5-OUR': 'NA-CORDEX Raw NAM-22i CRCM5-OUR CanESM2 RCP4.5 Daily Mean 2m Air Temperature',
           'CanESM2.CanRCM4': 'NA-CORDEX Raw NAM-22i CanRCM4 CanESM2 RCP4.5 Daily Mean 2m Air Temperature',
           'GFDL-ESM2M.CRCM5-OUR': 'NA-CORDEX Raw NAM-22i CRCM5-OUR GFDL-ESM2M RCP4.5 Daily Mean 2m Air Temperature'},
 'tracking_id': {'CanESM2.CRCM5-OUR': '9c3fac13-f99c-45c1-8002-6a4589f2bf76',
                 'CanESM2.CanRCM4': '3f4b36b6-23df-4b76-848a-c393cafd51d7',
                 'GFDL-ESM2M.CRCM5-OUR': '5b2c83c5-3f11-4c87-8459-cbc28a7b512a'},
 'version': {'CanESM2.CRCM5-OUR': '1.3', 'CanESM2.CanRCM4': '1.2', 'GFDL-ESM2M.CRCM5-OUR': '1.1'}}
var metadata:
{'cell_methods': 'time: mean',
 'long_name': 'Near-Surface Air Temperature',
 'remap': 'remapped via ESMF_regrid_with_weights: Higher-order Patch',
 'standard_name': 'air_temperature',
 'units': 'K'}
lon metadata:
{'long_name': 'longitude', 'standard_name': 'longitude', 'units': 'degrees_east'}
time metadata:
{'axis': 'T', 'bounds': 'time_bnds', 'calendar': 'gregorian', 'long_name': 'time', 'standard_name': 'time', 'units': 'days since 1949-12-01'}
lat metadata:
{'long_name': 'latitude', 'standard_name': 'latitude', 'units': 'degrees_north'}
