{'CORDEX_domain': 'NAM-44',
 'contact': {'GFDL-ESM2M.WRF': 'Hsin-I Chang, hchang@atmo.arizona.edu',
             'HadGEM2-ES.WRF': 'Hsin-I Chang, hchang@atmo.arizona.edu',
             'MPI-ESM-LR.RegCM4': 'Melissa Bukovsky, bukovsky@ucar.edu',
             'MPI-ESM-LR.WRF': 'Hsin-I Chang, hchang@atmo.arizona.edu'},
 'creation_date': {'GFDL-ESM2M.WRF': '2016-11-17T16:48:10Z',
                   'HadGEM2-ES.WRF': '2016-12-04T14:57:00Z',
                   'MPI-ESM-LR.RegCM4': '2015-09-13T08:11:17Z',
                   'MPI-ESM-LR.WRF': '2017-10-02T00:00:00Z'},
 'driving_experiment': {'GFDL-ESM2M.WRF': 'GFDL-ESM2M,historical,r1i1p1',
                        'HadGEM2-ES.WRF': 'HadGEM2-ES,rcp85,r1i1p1',
                        'MPI-ESM-LR.RegCM4': 'MPI-ESM-LR,historical,r1i1p1',
                        'MPI-ESM-LR.WRF': 'MPI-ESM-LR,historical,r1i1p1'},
 'driving_experiment_name': 'historical',
 'driving_model_ensemble_member': {'GFDL-ESM2M.WRF': 'r1i1p1', 'HadGEM2-ES.WRF': 'r1i1p1', 'MPI-ESM-LR.RegCM4': 'r1i1p1', 'MPI-ESM-LR.WRF': 'r1i1p1'},
 'driving_model_id': {'GFDL-ESM2M.WRF': 'GFDL-ESM2M',
                      'HadGEM2-ES.WRF': 'HadGEM2-ES',
                      'MPI-ESM-LR.RegCM4': 'MPI-ESM-LR',
                      'MPI-ESM-LR.WRF': 'MPI-ESM-LR'},
 'experiment': 'historical',
 'experiment_id': 'historical',
 'frequency': '1hr',
 'id': 'doi:10.5065/D6SJ1JCH',
 'institute_id': {'GFDL-ESM2M.WRF': 'UA', 'HadGEM2-ES.WRF': 'UA', 'MPI-ESM-LR.RegCM4': 'NCAR', 'MPI-ESM-LR.WRF': 'UA'},
 'institution': {'GFDL-ESM2M.WRF': 'University of Arizona',
                 'HadGEM2-ES.WRF': 'University of Arizona',
                 'MPI-ESM-LR.RegCM4': 'National Center for Atmospheric Research',
                 'MPI-ESM-LR.WRF': 'University of Arizona'},
 'model_id': {'GFDL-ESM2M.WRF': 'NCAR-WRF', 'HadGEM2-ES.WRF': 'NCAR-WRF', 'MPI-ESM-LR.RegCM4': 'NCAR-RegCM4', 'MPI-ESM-LR.WRF': 'NCAR-WRF'},
 'product': 'output',
 'project_id': 'CORDEX',
 'rcm_version_id': {'GFDL-ESM2M.WRF': 'v3.5.1', 'HadGEM2-ES.WRF': 'v3.5.1', 'MPI-ESM-LR.RegCM4': 'v4.4-rc8', 'MPI-ESM-LR.WRF': 'v3.5.1'},
 'references': {'GFDL-ESM2M.WRF': "Skamarock, et al., 2005. 'A description of the Advanced Research WRF version 2.' NCAR Tech. Note NCAR/TN-468+STR",
                'HadGEM2-ES.WRF': "Skamarock, et al., 2005. 'A description of the Advanced Research WRF version 2.' NCAR Tech. Note NCAR/TN-468+STR",
                'MPI-ESM-LR.RegCM4': ' ',
                'MPI-ESM-LR.WRF': "Skamarock, et al., 2005. 'A description of the Advanced Research WRF version 2.' NCAR Tech. Note NCAR/TN-468+STR"},
 'title': {'GFDL-ESM2M.WRF': 'NA-CORDEX Raw NAM-44 WRF GFDL-ESM2M Hist 1-Hourly Mean 2m Air Temperature',
           'HadGEM2-ES.WRF': 'NA-CORDEX Raw NAM-44 WRF HadGEM2-ES Hist 1-Hourly Mean 2m Air Temperature',
           'MPI-ESM-LR.RegCM4': 'NA-CORDEX Raw NAM-44 RegCM4 MPI-ESM-LR Hist 1-Hourly Mean 2m Air Temperature',
           'MPI-ESM-LR.WRF': 'NA-CORDEX Raw NAM-44 WRF MPI-ESM-LR Hist 1-Hourly Mean 2m Air Temperature'},
 'tracking_id': {'GFDL-ESM2M.WRF': '965008b7-d7d9-4625-ae35-2f783cfcc668',
                 'HadGEM2-ES.WRF': '32ddea09-95ab-48de-ae13-7804884da3eb',
                 'MPI-ESM-LR.RegCM4': '339c2eee-6a1e-4e2c-9eec-4e3328de3fc1',
                 'MPI-ESM-LR.WRF': '8368c6ab-a446-4302-a821-0edf9d75fcd1'},
 'version': {'GFDL-ESM2M.WRF': '1.2', 'HadGEM2-ES.WRF': '1.2', 'MPI-ESM-LR.RegCM4': '1.2', 'MPI-ESM-LR.WRF': '2.2'}}
