{'CORDEX_domain': 'NAM-22',
 'contact': {'GFDL-ESM2M.WRF': 'Hsin-I Chang, hchang@atmo.arizona.edu',
             'HadGEM2-ES.WRF': 'Hsin-I Chang, hchang@atmo.arizona.edu',
             'MPI-ESM-LR.RegCM4': 'Melissa Bukovsky, bukovsky@ucar.edu',
             'MPI-ESM-LR.WRF': 'Hsin-I Chang, hchang@atmo.arizona.edu'},
 'creation_date': {'GFDL-ESM2M.WRF': '2016-11-13T03:41:00Z',
                   'HadGEM2-ES.WRF': '2017-02-16T19:39:00Z',
                   'MPI-ESM-LR.RegCM4': '2015-09-21T16:28:24Z',
                   'MPI-ESM-LR.WRF': '2017-12-06T00:00:00Z'},
 'driving_experiment': {'GFDL-ESM2M.WRF': 'GFDL-ESM2M,rcp85,r1i1p1',
                        'HadGEM2-ES.WRF': 'HadGEM2-ES,rcp85,r1i1p1',
                        'MPI-ESM-LR.RegCM4': 'MPI-ESM-LR,rcp85,r1i1p1',
                        'MPI-ESM-LR.WRF': 'MPI-ESM-LR,rcp85,r1i1p1'},
 'driving_experiment_name': 'rcp85',
 'driving_model_ensemble_member': {'GFDL-ESM2M.WRF': 'r1i1p1', 'HadGEM2-ES.WRF': 'r1i1p1', 'MPI-ESM-LR.RegCM4': 'r1i1p1', 'MPI-ESM-LR.WRF': 'r1i1p1'},
 'driving_model_id': {'GFDL-ESM2M.WRF': 'GFDL-ESM2M',
                      'HadGEM2-ES.WRF': 'HadGEM2-ES',
                      'MPI-ESM-LR.RegCM4': 'MPI-ESM-LR',
                      'MPI-ESM-LR.WRF': 'MPI-ESM-LR'},
 'experiment': 'Scenario experiment using MPI-ESM-LR as driving model',
 'experiment_id': 'rcp85',
 'frequency': '1hr',
 'id': 'doi:10.5065/D6SJ1JCH',
 'institute_id': {'GFDL-ESM2M.WRF': 'UA', 'HadGEM2-ES.WRF': 'UA', 'MPI-ESM-LR.RegCM4': 'NCAR', 'MPI-ESM-LR.WRF': 'UA'},
 'institution': {'GFDL-ESM2M.WRF': 'University of Arizona',
                 'HadGEM2-ES.WRF': 'University of Arizona',
                 'MPI-ESM-LR.RegCM4': 'National Center for Atmospheric Research',
                 'MPI-ESM-LR.WRF': 'University of Arizona'},
 'model_id': {'GFDL-ESM2M.WRF': 'NCAR-WRF', 'HadGEM2-ES.WRF': 'NCAR-WRF', 'MPI-ESM-LR.RegCM4': 'NCAR-RegCM4', 'MPI-ESM-LR.WRF': 'NCAR-WRF'},
 'product': 'output',
 'project_id': 'CORDEX',
 'rcm_version_id': {'GFDL-ESM2M.WRF': 'v3.5.1', 'HadGEM2-ES.WRF': 'v3.5.1', 'MPI-ESM-LR.RegCM4': 'v4.4-rc8', 'MPI-ESM-LR.WRF': 'v3.5.1'},
 'references': {'GFDL-ESM2M.WRF': "Skamarock, et al., 2005. 'A description of the Advanced Research WRF version 2.' NCAR Tech. Note NCAR/TN-468+STR",
                'HadGEM2-ES.WRF': "Skamarock, et al., 2005. 'A description of the Advanced Research WRF version 2.' NCAR Tech. Note NCAR/TN-468+STR",
                'MPI-ESM-LR.RegCM4': ' ',
                'MPI-ESM-LR.WRF': "Skamarock, et al., 2005. 'A description of the Advanced Research WRF version 2.' NCAR Tech. Note NCAR/TN-468+STR"},
 'title': {'GFDL-ESM2M.WRF': 'NA-CORDEX Raw NAM-22 WRF GFDL-ESM2M RCP8.5 1-Hourly Mean 2m Air Temperature',
           'HadGEM2-ES.WRF': 'NA-CORDEX Raw NAM-22 WRF HadGEM2-ES RCP8.5 1-Hourly Mean 2m Air Temperature',
           'MPI-ESM-LR.RegCM4': 'NA-CORDEX Raw NAM-22 RegCM4 MPI-ESM-LR RCP8.5 3-Hourly Mean 2m Air Temperature',
           'MPI-ESM-LR.WRF': 'NA-CORDEX Raw NAM-22 WRF MPI-ESM-LR RCP8.5 1-Hourly Mean 2m Air Temperature'},
 'tracking_id': {'GFDL-ESM2M.WRF': 'e3fd8afb-16de-4012-8a6c-611c1a1f1be6',
                 'HadGEM2-ES.WRF': 'ff8a662b-b98e-42a8-ae56-e2db846ee089',
                 'MPI-ESM-LR.RegCM4': 'a62effe0-b888-462d-84cb-ed8f631b9949',
                 'MPI-ESM-LR.WRF': 'ef4d21cc-37a2-48db-8c34-90babe13fc2c'},
 'version': {'GFDL-ESM2M.WRF': '1.2', 'HadGEM2-ES.WRF': '1.2', 'MPI-ESM-LR.RegCM4': '1.4', 'MPI-ESM-LR.WRF': '2.2'}}
