{'CORDEX_domain': 'NAM-22',
 'contact': {'CanESM2.CRCM5-OUR': 'paquin.dominique@ouranos.ca',
             'CanESM2.CanRCM4': 'cccma_info@ec.gc.ca',
             'GFDL-ESM2M.CRCM5-OUR': 'biner.sebastien@ouranos.ca'},
 'creation_date': {'CanESM2.CRCM5-OUR': '2019-01-11 16:10', 'CanESM2.CanRCM4': '2012-12-03 19:35:57', 'GFDL-ESM2M.CRCM5-OUR': '2019-02-12 15:21'},
 'driving_experiment': {'CanESM2.CRCM5-OUR': 'CCCma-CanESM2,rcp45.r1i1p1',
                        'CanESM2.CanRCM4': 'CCCma-CanESM2, rcp45, r1i1p1',
                        'GFDL-ESM2M.CRCM5-OUR': 'GFDL-ESM2M,rcp45,r1i1p1'},
 'driving_experiment_name': 'r1i1p1',
 'driving_model_ensemble_member': {'CanESM2.CRCM5-OUR': 'r1i1p1', 'CanESM2.CanRCM4': 'r1i1p1', 'GFDL-ESM2M.CRCM5-OUR': 'r1i1p1'},
 'driving_model_id': {'CanESM2.CRCM5-OUR': 'CCCma-CanESM2', 'CanESM2.CanRCM4': 'CCCma-CanESM2', 'GFDL-ESM2M.CRCM5-OUR': 'GFDL-ESM2M'},
 'experiment': 'simulation rcp45 membre #1',
 'experiment_id': 'rcp45',
 'frequency': 'ann',
 'id': 'doi:10.5065/D6SJ1JCH',
 'institute_id': {'CanESM2.CRCM5-OUR': 'OURANOS', 'CanESM2.CanRCM4': 'CCCma', 'GFDL-ESM2M.CRCM5-OUR': 'OURANOS'},
 'institution': {'CanESM2.CRCM5-OUR': 'Ouranos',
                 'CanESM2.CanRCM4': 'CCCma (Canadian Centre for Climate Modelling and Analysis, Victoria, BC, Canada)',
                 'GFDL-ESM2M.CRCM5-OUR': 'Ouranos'},
 'model_id': {'CanESM2.CRCM5-OUR': 'OURANOS-CRCM5', 'CanESM2.CanRCM4': 'CCCma-CanRCM4', 'GFDL-ESM2M.CRCM5-OUR': 'OURANOS-CRCM5'},
 'product': 'output',
 'project_id': 'CORDEX',
 'rcm_version_id': {'CanESM2.CRCM5-OUR': 'v1', 'CanESM2.CanRCM4': 'r2', 'GFDL-ESM2M.CRCM5-OUR': 'v1'},
 'references': {'CanESM2.CRCM5-OUR': 'http://www.ouranos.ca',
                'CanESM2.CanRCM4': 'http://www.cccma.ec.gc.ca/models',
                'GFDL-ESM2M.CRCM5-OUR': 'http://www.ouranos.ca'},
 'title': {'CanESM2.CRCM5-OUR': 'NA-CORDEX Raw NAM-22 CRCM5-OUR CanESM2 RCP4.5 Annual Mean 2m Air Temperature',
           'CanESM2.CanRCM4': 'NA-CORDEX Raw NAM-22 CanRCM4 CanESM2 RCP4.5 Annual Mean 2m Air Temperature',
           'GFDL-ESM2M.CRCM5-OUR': 'NA-CORDEX Raw NAM-22 CRCM5-OUR GFDL-ESM2M RCP4.5 Annual Mean 2m Air Temperature'},
 'tracking_id': {'CanESM2.CRCM5-OUR': '520e3756-4c74-46c6-975e-856938479305',
                 'CanESM2.CanRCM4': '2d565b0e-c100-4da3-a8ce-1a8935186f7d',
                 'GFDL-ESM2M.CRCM5-OUR': 'f3cbf836-e308-46b7-b513-f8735685f0fb'},
 'version': {'CanESM2.CRCM5-OUR': '1.1', 'CanESM2.CanRCM4': '1.2', 'GFDL-ESM2M.CRCM5-OUR': '1.1'}}
