experiment	"historical"	tasmin.hist.MPI-ESM-MR.CRCM5-UQAM.day.NAM-44i.raw.nc
experiment	"historical"	tasmin.hist.GEMatm-Can.CRCM5-UQAM.day.NAM-44i.raw.nc
experiment	"historical"	tasmin.hist.MPI-ESM-LR.CRCM5-UQAM.day.NAM-44i.raw.nc
experiment	"historical"	tasmin.hist.CanESM2.CRCM5-UQAM.day.NAM-44i.raw.nc
experiment	"historical"	tasmin.hist.GEMatm-MPI.CRCM5-UQAM.day.NAM-44i.raw.nc
experiment	"Historical run driven by HadGEM2-ES"	tasmin.hist.HadGEM2-ES.RegCM4.day.NAM-44i.raw.nc
experiment	"Historical run driven by GFDL-ESM2M"	tasmin.hist.GFDL-ESM2M.RegCM4.day.NAM-44i.raw.nc
experiment	"Historical run driven by MPI-ESM-LR"	tasmin.hist.MPI-ESM-LR.RegCM4.day.NAM-44i.raw.nc
experiment	"Historical run using ECEARTH as driving model"	tasmin.hist.EC-EARTH.HIRHAM5.day.NAM-44i.raw.nc
experiment	"historical"	tasmin.hist.EC-EARTH.RCA4.day.NAM-44i.raw.nc
experiment	"historical"	tasmin.hist.CanESM2.RCA4.day.NAM-44i.raw.nc
experiment	"Historical run driven by CCCma-CanESM2"	tasmin.hist.CanESM2.CanRCM4.day.NAM-44i.raw.nc
experiment	"Historical run driven by HadGEM2-ES"	tasmin.hist.HadGEM2-ES.WRF.day.NAM-44i.raw.nc
experiment	"Historical run driven by GFDL-ESM2M"	tasmin.hist.GFDL-ESM2M.WRF.day.NAM-44i.raw.nc
experiment	"Historical run driven by MPI-ESM-LR"	tasmin.hist.MPI-ESM-LR.WRF.day.NAM-44i.raw.nc
driving_experiment_name	"historical"	tasmin.hist.MPI-ESM-MR.CRCM5-UQAM.day.NAM-44i.raw.nc
driving_experiment_name	"historical"	tasmin.hist.GEMatm-Can.CRCM5-UQAM.day.NAM-44i.raw.nc
driving_experiment_name	"historical"	tasmin.hist.MPI-ESM-LR.CRCM5-UQAM.day.NAM-44i.raw.nc
driving_experiment_name	"historical"	tasmin.hist.CanESM2.CRCM5-UQAM.day.NAM-44i.raw.nc
driving_experiment_name	"historical"	tasmin.hist.GEMatm-MPI.CRCM5-UQAM.day.NAM-44i.raw.nc
driving_experiment_name	"HadGEM2-ES"	tasmin.hist.HadGEM2-ES.RegCM4.day.NAM-44i.raw.nc
driving_experiment_name	"GFDL-ESM2M"	tasmin.hist.GFDL-ESM2M.RegCM4.day.NAM-44i.raw.nc
driving_experiment_name	"MPI-ESM-LR"	tasmin.hist.MPI-ESM-LR.RegCM4.day.NAM-44i.raw.nc
driving_experiment_name	"historical"	tasmin.hist.EC-EARTH.HIRHAM5.day.NAM-44i.raw.nc
driving_experiment_name	"historical"	tasmin.hist.EC-EARTH.RCA4.day.NAM-44i.raw.nc
driving_experiment_name	"historical"	tasmin.hist.CanESM2.RCA4.day.NAM-44i.raw.nc
driving_experiment_name	"historical"	tasmin.hist.CanESM2.CanRCM4.day.NAM-44i.raw.nc
driving_experiment_name	"historical"	tasmin.hist.HadGEM2-ES.WRF.day.NAM-44i.raw.nc
driving_experiment_name	"historical"	tasmin.hist.GFDL-ESM2M.WRF.day.NAM-44i.raw.nc
driving_experiment_name	"historical"	tasmin.hist.MPI-ESM-LR.WRF.day.NAM-44i.raw.nc
