{'CORDEX_domain': 'NAM-22',
 'contact': {'CNRM-CM5.CRCM5-OUR': 'paquin.dominique@ouranos.ca',
             'CanESM2.CRCM5-OUR': 'giguere.michel@ouranos.ca',
             'CanESM2.CRCM5-UQAM': 'Winger.Katja@uqam.ca',
             'CanESM2.CanRCM4': 'cccma_info@ec.gc.ca',
             'GEMatm-Can.CRCM5-UQAM': 'Winger.Katja@uqam.ca',
             'GEMatm-MPI.CRCM5-UQAM': 'Winger.Katja@uqam.ca',
             'GFDL-ESM2M.CRCM5-OUR': 'biner.sebastien@ouranos.ca',
             'GFDL-ESM2M.RegCM4': 'Daryl Herzmann, akrherz@iastate.edu',
             'GFDL-ESM2M.WRF': 'Melissa Bukovsky, bukovsky@ucar.edu',
             'HadGEM2-ES.RegCM4': 'Daryl Herzmann, akrherz@iastate.edu',
             'HadGEM2-ES.WRF': 'Melissa Bukovsky, bukovsky@ucar.edu',
             'MPI-ESM-LR.CRCM5-OUR': 'paquin.dominique@ouranos.ca',
             'MPI-ESM-LR.CRCM5-UQAM': 'Winger.Katja@uqam.ca',
             'MPI-ESM-LR.RegCM4': 'Melissa Bukovsky, bukovsky@ucar.edu',
             'MPI-ESM-LR.WRF': 'Melissa Bukovsky, bukovsky@ucar.edu',
             'MPI-ESM-MR.CRCM5-UQAM': 'Winger.Katja@uqam.ca'},
 'contact_note': {'GFDL-ESM2M.RegCM4': 'Simulations by Ray Arritt (deceased)',
                  'HadGEM2-ES.RegCM4': 'Simulations by Ray Arritt (deceased)',
                  'MPI-ESM-LR.WRF': 'Simulations by Hsin-I Chang, hchang@atmo.arizona.edu'},
 'creation_date': {'CNRM-CM5.CRCM5-OUR': '2018-11-21 13:51',
                   'CanESM2.CRCM5-OUR': '2018-01-30 15:56',
                   'CanESM2.CRCM5-UQAM': '2017-11-01T20:14:46Z',
                   'CanESM2.CanRCM4': '2012-12-03 21:23:37',
                   'GEMatm-Can.CRCM5-UQAM': '2017-11-09T17:44:37Z',
                   'GEMatm-MPI.CRCM5-UQAM': '2017-11-16T18:49:27Z',
                   'GFDL-ESM2M.CRCM5-OUR': '2018-06-26 11:56',
                   'GFDL-ESM2M.RegCM4': '2015-03-16T03:20:57Z',
                   'GFDL-ESM2M.WRF': '2016-11-13T03:41:00Z',
                   'HadGEM2-ES.RegCM4': '2017-01-01T00:00:00Z',
                   'HadGEM2-ES.WRF': '2017-02-16T19:39:00Z',
                   'MPI-ESM-LR.CRCM5-OUR': '2018-10-15 17:35',
                   'MPI-ESM-LR.CRCM5-UQAM': '2017-12-11T13:32:45Z',
                   'MPI-ESM-LR.RegCM4': '2017-12-06T00:00:00Z',
                   'MPI-ESM-LR.WRF': '2017-12-06T00:00:00Z',
                   'MPI-ESM-MR.CRCM5-UQAM': '2017-11-07T12:07:38Z'},
 'driving_experiment': {'CNRM-CM5.CRCM5-OUR': 'CNRM-CM5 r1i1p1 rcp85,r1i1p1,r1i1p1',
                        'CanESM2.CRCM5-OUR': 'CanESM2 r1i1p1 rcp85,r1i1p1,r1i1p1',
                        'CanESM2.CRCM5-UQAM': 'CCCma-CanESM2, rcp85, r1i1p1',
                        'CanESM2.CanRCM4': 'CCCma-CanESM2, rcp85, r1i1p1',
                        'GEMatm-Can.CRCM5-UQAM': 'UQAM-GEMatm-Can-ESMsea, rcp85, r1i1p1',
                        'GEMatm-MPI.CRCM5-UQAM': 'UQAM-GEMatm-MPI-ESMsea, rcp85, r1i1p1',
                        'GFDL-ESM2M.CRCM5-OUR': 'GFDL-ESM2M r1i1p1 rcp85,r1i1p1,r1i1p1',
                        'GFDL-ESM2M.RegCM4': 'GFDL-ESM2M,rcp85,r1i1p1',
                        'GFDL-ESM2M.WRF': 'GFDL-ESM2M,rcp85,r1i1p1',
                        'HadGEM2-ES.RegCM4': 'HadGEM2-ES,historical,r1i1p1',
                        'HadGEM2-ES.WRF': 'HadGEM2-ES,rcp85,r1i1p1',
                        'MPI-ESM-LR.CRCM5-OUR': 'MPI-ESM-LR T63/L47  r1i1p1 rcp85,r1i1p1,r1i1p1',
                        'MPI-ESM-LR.CRCM5-UQAM': 'MPI-M-MPI-ESM-LR, rcp85, r1i1p1',
                        'MPI-ESM-LR.RegCM4': 'MPI-ESM-LR,rcp85,r1i1p1',
                        'MPI-ESM-LR.WRF': 'MPI-ESM-LR,rcp85,r1i1p1',
                        'MPI-ESM-MR.CRCM5-UQAM': 'MPI-M-MPI-ESM-MR, rcp85, r1i1p1'},
 'driving_experiment_name': 'rcp85',
 'driving_model_ensemble_member': {'CNRM-CM5.CRCM5-OUR': 'r1i1p1',
                                   'CanESM2.CRCM5-OUR': 'r1i1p1',
                                   'CanESM2.CRCM5-UQAM': 'r1i1p1',
                                   'CanESM2.CanRCM4': 'r1i1p1',
                                   'GEMatm-Can.CRCM5-UQAM': 'r1i1p1',
                                   'GEMatm-MPI.CRCM5-UQAM': 'r1i1p1',
                                   'GFDL-ESM2M.CRCM5-OUR': 'r1i1p1',
                                   'GFDL-ESM2M.RegCM4': 'r1i1p1',
                                   'GFDL-ESM2M.WRF': 'r1i1p1',
                                   'HadGEM2-ES.RegCM4': 'r1i1p1',
                                   'HadGEM2-ES.WRF': 'r1i1p1',
                                   'MPI-ESM-LR.CRCM5-OUR': 'r1i1p1',
                                   'MPI-ESM-LR.CRCM5-UQAM': 'r1i1p1',
                                   'MPI-ESM-LR.RegCM4': 'r1i1p1',
                                   'MPI-ESM-LR.WRF': 'r1i1p1',
                                   'MPI-ESM-MR.CRCM5-UQAM': 'r1i1p1'},
 'driving_model_id': {'CNRM-CM5.CRCM5-OUR': 'CNRM-CM5',
                      'CanESM2.CRCM5-OUR': 'CCCma-CanESM2',
                      'CanESM2.CRCM5-UQAM': 'CCCma-CanESM2',
                      'CanESM2.CanRCM4': 'CCCma-CanESM2',
                      'GEMatm-Can.CRCM5-UQAM': 'UQAM-GEMatm-Can-ESMsea',
                      'GEMatm-MPI.CRCM5-UQAM': 'UQAM-GEMatm-MPI-ESMsea',
                      'GFDL-ESM2M.CRCM5-OUR': 'GFDL-ESM2M',
                      'GFDL-ESM2M.RegCM4': 'GFDL-ESM2M',
                      'GFDL-ESM2M.WRF': 'GFDL-ESM2M',
                      'HadGEM2-ES.RegCM4': 'HadGEM2-ES',
                      'HadGEM2-ES.WRF': 'HadGEM2-ES',
                      'MPI-ESM-LR.CRCM5-UQAM': 'MPI-M-MPI-ESM-LR',
                      'MPI-ESM-LR.RegCM4': 'MPI-ESM-LR',
                      'MPI-ESM-LR.WRF': 'MPI-ESM-LR',
                      'MPI-ESM-MR.CRCM5-UQAM': 'MPI-M-MPI-ESM-MR'},
 'experiment': 'rcp85',
 'experiment_id': 'rcp85',
 'frequency': 'yseas',
 'id': 'doi:10.5065/D6SJ1JCH',
 'institute_id': {'CNRM-CM5.CRCM5-OUR': 'OURANOS',
                  'CanESM2.CRCM5-OUR': 'OURANOS',
                  'CanESM2.CRCM5-UQAM': 'UQAM',
                  'CanESM2.CanRCM4': 'CCCma',
                  'GEMatm-Can.CRCM5-UQAM': 'UQAM',
                  'GEMatm-MPI.CRCM5-UQAM': 'UQAM',
                  'GFDL-ESM2M.CRCM5-OUR': 'OURANOS',
                  'GFDL-ESM2M.RegCM4': 'ISU',
                  'GFDL-ESM2M.WRF': 'NCAR',
                  'HadGEM2-ES.RegCM4': 'ISU',
                  'HadGEM2-ES.WRF': 'NCAR',
                  'MPI-ESM-LR.CRCM5-OUR': 'OURANOS',
                  'MPI-ESM-LR.CRCM5-UQAM': 'UQAM',
                  'MPI-ESM-LR.RegCM4': 'NCAR',
                  'MPI-ESM-LR.WRF': 'UA',
                  'MPI-ESM-MR.CRCM5-UQAM': 'UQAM'},
 'institution': {'CNRM-CM5.CRCM5-OUR': 'Ouranos',
                 'CanESM2.CRCM5-OUR': 'Ouranos',
                 'CanESM2.CRCM5-UQAM': 'Universite du Quebec a Montreal',
                 'CanESM2.CanRCM4': 'CCCma (Canadian Centre for Climate Modelling and Analysis, Victoria, BC, Canada)',
                 'GEMatm-Can.CRCM5-UQAM': 'Universite du Quebec a Montreal',
                 'GEMatm-MPI.CRCM5-UQAM': 'Universite du Quebec a Montreal',
                 'GFDL-ESM2M.CRCM5-OUR': 'Ouranos',
                 'GFDL-ESM2M.RegCM4': 'Iowa State University',
                 'GFDL-ESM2M.WRF': 'National Center for Atmospheric Research',
                 'HadGEM2-ES.RegCM4': 'Iowa State University',
                 'HadGEM2-ES.WRF': 'National Center for Atmospheric Research',
                 'MPI-ESM-LR.CRCM5-OUR': 'Ouranos',
                 'MPI-ESM-LR.CRCM5-UQAM': 'Universite du Quebec a Montreal',
                 'MPI-ESM-LR.RegCM4': 'National Center for Atmospheric Research',
                 'MPI-ESM-LR.WRF': 'University of Arizona',
                 'MPI-ESM-MR.CRCM5-UQAM': 'Universite du Quebec a Montreal'},
 'model_id': {'CNRM-CM5.CRCM5-OUR': 'OURANOS-CRCM5',
              'CanESM2.CRCM5-OUR': 'OURANOS-CRCM5',
              'CanESM2.CRCM5-UQAM': 'UQAM-CRCM5',
              'CanESM2.CanRCM4': 'CCCma-CanRCM4',
              'GEMatm-Can.CRCM5-UQAM': 'UQAM-CRCM5',
              'GEMatm-MPI.CRCM5-UQAM': 'UQAM-CRCM5',
              'GFDL-ESM2M.CRCM5-OUR': 'OURANOS-CRCM5',
              'GFDL-ESM2M.RegCM4': 'ISU-RegCM4',
              'GFDL-ESM2M.WRF': 'NCAR-WRF',
              'HadGEM2-ES.RegCM4': 'ISU-RegCM4',
              'HadGEM2-ES.WRF': 'NCAR-WRF',
              'MPI-ESM-LR.CRCM5-OUR': 'OURANOS-CRCM5',
              'MPI-ESM-LR.CRCM5-UQAM': 'UQAM-CRCM5',
              'MPI-ESM-LR.RegCM4': 'NCAR-RegCM4',
              'MPI-ESM-LR.WRF': 'UA-WRF',
              'MPI-ESM-MR.CRCM5-UQAM': 'UQAM-CRCM5'},
 'product': 'output',
 'project_id': 'CORDEX',
 'rcm_version_id': {'CNRM-CM5.CRCM5-OUR': 'v1',
                    'CanESM2.CRCM5-OUR': 'v1',
                    'CanESM2.CRCM5-UQAM': 'v1',
                    'CanESM2.CanRCM4': 'r2',
                    'GEMatm-Can.CRCM5-UQAM': 'v1',
                    'GEMatm-MPI.CRCM5-UQAM': 'v1',
                    'GFDL-ESM2M.CRCM5-OUR': 'v1',
                    'GFDL-ESM2M.RegCM4': 'v4.4-rc8',
                    'GFDL-ESM2M.WRF': 'v3.5.1',
                    'HadGEM2-ES.RegCM4': 'v4.4-rc8',
                    'HadGEM2-ES.WRF': 'v3.5.1',
                    'MPI-ESM-LR.CRCM5-OUR': 'v1',
                    'MPI-ESM-LR.CRCM5-UQAM': 'v1',
                    'MPI-ESM-LR.RegCM4': 'v4.4-rc8',
                    'MPI-ESM-LR.WRF': 'v3.5.1',
                    'MPI-ESM-MR.CRCM5-UQAM': 'v1'},
 'references': {'CNRM-CM5.CRCM5-OUR': 'http://www.ouranos.ca',
                'CanESM2.CRCM5-OUR': 'http://www.ouranos.ca',
                'CanESM2.CRCM5-UQAM': 'http://www.mrcc.uqam.ca',
                'CanESM2.CanRCM4': 'http://www.cccma.ec.gc.ca/models',
                'GEMatm-Can.CRCM5-UQAM': 'http://www.mrcc.uqam.ca',
                'GEMatm-MPI.CRCM5-UQAM': 'http://www.mrcc.uqam.ca',
                'GFDL-ESM2M.CRCM5-OUR': 'http://www.ouranos.ca',
                'GFDL-ESM2M.RegCM4': 'Elguindi, et al. Regional climate model RegCM user manual version 4.4. The Abdus Salam International Centre '
                                     'for Theoretical Physics, Strada Costiera, Trieste, Italy. (2013).',
                'GFDL-ESM2M.WRF': "Skamarock, et al., 2005. 'A description of the Advanced Research WRF version 2.' NCAR Tech. Note NCAR/TN-468+STR",
                'HadGEM2-ES.RegCM4': 'Elguindi, et al. Regional climate model RegCM user manual version 4.4. The Abdus Salam International Centre '
                                     'for Theoretical Physics, Strada Costiera, Trieste, Italy. (2013).',
                'HadGEM2-ES.WRF': "Skamarock, et al., 2005. 'A description of the Advanced Research WRF version 2.' NCAR Tech. Note NCAR/TN-468+STR",
                'MPI-ESM-LR.CRCM5-OUR': 'http://www.ouranos.ca',
                'MPI-ESM-LR.CRCM5-UQAM': 'http://www.mrcc.uqam.ca',
                'MPI-ESM-LR.RegCM4': 'Elguindi, et al. Regional climate model RegCM user manual version 4.4. The Abdus Salam International Centre '
                                     'for Theoretical Physics, Strada Costiera, Trieste, Italy. (2013).',
                'MPI-ESM-LR.WRF': "Skamarock, et al., 2005. 'A description of the Advanced Research WRF version 2.' NCAR Tech. Note NCAR/TN-468+STR",
                'MPI-ESM-MR.CRCM5-UQAM': 'http://www.mrcc.uqam.ca'},
 'title': {'CNRM-CM5.CRCM5-OUR': 'NA-CORDEX Raw NAM-22 CRCM5-OUR CNRM-CM5 RCP8.5 Seasonal Climatology of Daily Min 2m Temperature',
           'CanESM2.CRCM5-OUR': 'NA-CORDEX Raw NAM-22 CRCM5-OUR CanESM2 RCP8.5 Seasonal Climatology of Daily Min 2m Temperature',
           'CanESM2.CRCM5-UQAM': 'NA-CORDEX Raw NAM-22 CRCM5-UQAM CanESM2 RCP8.5 Seasonal Climatology of Daily Min 2m Temperature',
           'CanESM2.CanRCM4': 'NA-CORDEX Raw NAM-22 CanRCM4 CanESM2 RCP8.5 Seasonal Climatology of Daily Min 2m Temperature',
           'GEMatm-Can.CRCM5-UQAM': 'NA-CORDEX Raw NAM-22 CRCM5-UQAM GEMatm-Can RCP8.5 Seasonal Climatology of Daily Min 2m Temperature',
           'GEMatm-MPI.CRCM5-UQAM': 'NA-CORDEX Raw NAM-22 CRCM5-UQAM GEMatm-MPI RCP8.5 Seasonal Climatology of Daily Min 2m Temperature',
           'GFDL-ESM2M.CRCM5-OUR': 'NA-CORDEX Raw NAM-22 CRCM5-OUR GFDL-ESM2M RCP8.5 Seasonal Climatology of Daily Min 2m Temperature',
           'GFDL-ESM2M.RegCM4': 'NA-CORDEX Raw NAM-22 RegCM4 GFDL-ESM2M RCP8.5 Seasonal Climatology of Daily Min 2m Temperature',
           'GFDL-ESM2M.WRF': 'NA-CORDEX Raw NAM-22 WRF GFDL-ESM2M RCP8.5 Seasonal Climatology of Daily Min 2m Temperature',
           'HadGEM2-ES.RegCM4': 'NA-CORDEX Raw NAM-22 RegCM4 HadGEM2-ES RCP8.5 Seasonal Climatology of Daily Min 2m Temperature',
           'HadGEM2-ES.WRF': 'NA-CORDEX Raw NAM-22 WRF HadGEM2-ES RCP8.5 Seasonal Climatology of Daily Min 2m Temperature',
           'MPI-ESM-LR.CRCM5-OUR': 'NA-CORDEX Raw NAM-22 CRCM5-OUR MPI-ESM-LR RCP8.5 Seasonal Climatology of Daily Min 2m Temperature',
           'MPI-ESM-LR.CRCM5-UQAM': 'NA-CORDEX Raw NAM-22 CRCM5-UQAM MPI-ESM-LR RCP8.5 Seasonal Climatology of Daily Min 2m Temperature',
           'MPI-ESM-LR.RegCM4': 'NA-CORDEX Raw NAM-22 RegCM4 MPI-ESM-LR RCP8.5 Seasonal Climatology of Daily Min 2m Temperature',
           'MPI-ESM-LR.WRF': 'NA-CORDEX Raw NAM-22 WRF MPI-ESM-LR RCP8.5 Seasonal Climatology of Daily Min 2m Temperature',
           'MPI-ESM-MR.CRCM5-UQAM': 'NA-CORDEX Raw NAM-22 CRCM5-UQAM MPI-ESM-MR RCP8.5 Seasonal Climatology of Daily Min 2m Temperature'},
 'tracking_id': {'CNRM-CM5.CRCM5-OUR': 'acfab4fc-6671-4181-a9f6-a9ff8811b112',
                 'CanESM2.CRCM5-OUR': 'cf60a243-8b55-45f9-a78f-7648b3ff1db2',
                 'CanESM2.CRCM5-UQAM': '28047b92-423b-437a-9fb9-02350d81297a',
                 'CanESM2.CanRCM4': '2b7462bd-60e3-4887-9b97-1d261a8bb8d1',
                 'GEMatm-Can.CRCM5-UQAM': '094d43b8-5bac-4c9c-8fb6-26a6250fb273',
                 'GEMatm-MPI.CRCM5-UQAM': 'a8daa2b0-c120-464f-9db8-cb0ba606e79d',
                 'GFDL-ESM2M.CRCM5-OUR': '8b4dc371-4f71-4309-b09d-f3cf37299fde',
                 'GFDL-ESM2M.RegCM4': '95389e6e-b96c-4c50-97c2-e99b3c57dbf2',
                 'GFDL-ESM2M.WRF': '4bfabe84-99be-4f36-8a8b-7e4c2512a9f0',
                 'HadGEM2-ES.RegCM4': '577a3874-2112-43c3-bd3e-9808d5b8d19d',
                 'HadGEM2-ES.WRF': '757fdadf-3a1d-4511-a64d-ab7a5e2d2b27',
                 'MPI-ESM-LR.CRCM5-OUR': '8930530e-499b-4936-b21a-97d42d01db6d',
                 'MPI-ESM-LR.CRCM5-UQAM': 'd267f373-c403-496f-93fe-095526c320cb',
                 'MPI-ESM-LR.RegCM4': '6680a3ed-8a0e-43ae-a90d-fc05af978f79',
                 'MPI-ESM-LR.WRF': '9a74be0a-ab59-4cc3-9b14-c02bbaa0a994',
                 'MPI-ESM-MR.CRCM5-UQAM': '4fa6f92a-a75f-4240-8dfc-148b4cd3a0ea'},
 'version': {'CNRM-CM5.CRCM5-OUR': '1.2',
             'CanESM2.CRCM5-OUR': '1.2',
             'CanESM2.CRCM5-UQAM': '1.2',
             'CanESM2.CanRCM4': '1.2',
             'GEMatm-Can.CRCM5-UQAM': '1.2',
             'GEMatm-MPI.CRCM5-UQAM': '1.2',
             'GFDL-ESM2M.CRCM5-OUR': '1.2',
             'GFDL-ESM2M.RegCM4': '1.4',
             'GFDL-ESM2M.WRF': '1.3',
             'HadGEM2-ES.RegCM4': '1.4',
             'HadGEM2-ES.WRF': '1.3',
             'MPI-ESM-LR.CRCM5-OUR': '1.2',
             'MPI-ESM-LR.CRCM5-UQAM': '1.2',
             'MPI-ESM-LR.RegCM4': '1.4',
             'MPI-ESM-LR.WRF': '2.3',
             'MPI-ESM-MR.CRCM5-UQAM': '3.1'}}
