Warning: non-uniform metadata in attribute:  "experiment"
	First found: "historical" in tasmin.hist.MPI-ESM-MR.CRCM5-UQAM.mon.NAM-22.raw.nc
	Then found: "simulation historique membre #1" in tasmin.hist.CNRM-CM5.CRCM5-OUR.mon.NAM-22.raw.nc
	Then found: "simulation historique membre #1" in tasmin.hist.GFDL-ESM2M.CRCM5-OUR.mon.NAM-22.raw.nc
	Then found: "simulation historique membre 1" in tasmin.hist.MPI-ESM-LR.CRCM5-OUR.mon.NAM-22.raw.nc
	Then found: "simulation historique membre #1" in tasmin.hist.CanESM2.CRCM5-OUR.mon.NAM-22.raw.nc
	Then found: "Historical run driven by HadGEM2-ES" in tasmin.hist.HadGEM2-ES.RegCM4.mon.NAM-22.raw.nc
	Then found: "Historical run driven by GFDL-ESM2M" in tasmin.hist.GFDL-ESM2M.RegCM4.mon.NAM-22.raw.nc
	Then found: "Historical run driven by MPI-ESM-LR" in tasmin.hist.MPI-ESM-LR.RegCM4.mon.NAM-22.raw.nc
	Then found: "Historical run driven by CCCma-CanESM2" in tasmin.hist.CanESM2.CanRCM4.mon.NAM-22.raw.nc
	Then found: "Historical run driven by HadGEM2-ES" in tasmin.hist.HadGEM2-ES.WRF.mon.NAM-22.raw.nc
	Then found: "Historical run driven by GFDL-ESM2M" in tasmin.hist.GFDL-ESM2M.WRF.mon.NAM-22.raw.nc
	Then found: "Historical run driven by MPI-ESM-LR" in tasmin.hist.MPI-ESM-LR.WRF.mon.NAM-22.raw.nc

Warning: non-uniform metadata in attribute:  "driving_experiment_name"
	First found: "historical" in tasmin.hist.MPI-ESM-MR.CRCM5-UQAM.mon.NAM-22.raw.nc
	Then found: "r1i1p1" in tasmin.hist.CNRM-CM5.CRCM5-OUR.mon.NAM-22.raw.nc
	Then found: "r1i1p1" in tasmin.hist.GFDL-ESM2M.CRCM5-OUR.mon.NAM-22.raw.nc
	Then found: "r1i1p1" in tasmin.hist.MPI-ESM-LR.CRCM5-OUR.mon.NAM-22.raw.nc
	Then found: "r1i1p1" in tasmin.hist.CanESM2.CRCM5-OUR.mon.NAM-22.raw.nc
	Then found: "HadGEM2-ES" in tasmin.hist.HadGEM2-ES.RegCM4.mon.NAM-22.raw.nc
	Then found: "GFDL-ESM2M" in tasmin.hist.GFDL-ESM2M.RegCM4.mon.NAM-22.raw.nc
	Then found: "MPI-ESM-LR" in tasmin.hist.MPI-ESM-LR.RegCM4.mon.NAM-22.raw.nc

Warning: missing attribute:  "driving_model_id"
	Missing from:  tasmin.hist.MPI-ESM-LR.CRCM5-OUR.mon.NAM-22.raw.nc

