{'CORDEX_domain': 'NAM-44',
 'contact': {'CanESM2.CRCM5-UQAM': 'Winger.Katja@uqam.ca',
             'CanESM2.CanRCM4': 'cccma_info@ec.gc.ca',
             'CanESM2.RCA4': 'rossby.cordex@smhi.se',
             'EC-EARTH.HIRHAM5': 'obc@dmi.dk',
             'EC-EARTH.RCA4': 'rossby.cordex@smhi.se',
             'GEMatm-Can.CRCM5-UQAM': 'Winger.Katja@uqam.ca',
             'GEMatm-MPI.CRCM5-UQAM': 'Winger.Katja@uqam.ca',
             'GFDL-ESM2M.RegCM4': 'Daryl Herzmann, akrherz@iastate.edu',
             'GFDL-ESM2M.WRF': 'Melissa Bukovsky, bukovsky@ucar.edu',
             'HadGEM2-ES.RegCM4': 'Daryl Herzmann, akrherz@iastate.edu',
             'HadGEM2-ES.WRF': 'Melissa Bukovsky, bukovsky@ucar.edu',
             'MPI-ESM-LR.CRCM5-UQAM': 'Winger.Katja@uqam.ca',
             'MPI-ESM-LR.RegCM4': 'Melissa Bukovsky, bukovsky@ucar.edu',
             'MPI-ESM-LR.WRF': 'Melissa Bukovsky, bukovsky@ucar.edu',
             'MPI-ESM-MR.CRCM5-UQAM': 'Winger.Katja@uqam.ca'},
 'contact_note': {'GFDL-ESM2M.RegCM4': 'Simulations by Ray Arritt (deceased)',
                  'HadGEM2-ES.RegCM4': 'Simulations by Ray Arritt (deceased)',
                  'MPI-ESM-LR.WRF': 'Simulations by Hsin-I Chang, hchang@atmo.arizona.edu'},
 'creation_date': {'CanESM2.CRCM5-UQAM': '2016-06-22T17:28:54Z',
                   'CanESM2.CanRCM4': '2012-06-29 23:47:31',
                   'CanESM2.RCA4': '2014-02-07-T15:36:21Z',
                   'EC-EARTH.HIRHAM5': '2012-11-25 22:31:34',
                   'EC-EARTH.RCA4': '2014-02-07-T15:34:14Z',
                   'GEMatm-Can.CRCM5-UQAM': '2018-01-16T12:13:45Z',
                   'GEMatm-MPI.CRCM5-UQAM': '2018-01-16T11:53:29Z',
                   'GFDL-ESM2M.RegCM4': '2014-04-08T11:34:49Z',
                   'GFDL-ESM2M.WRF': '2016-11-17T16:48:10Z',
                   'HadGEM2-ES.RegCM4': '2016-07-17T11:56:45Z',
                   'HadGEM2-ES.WRF': '2017-02-22T02:27:00Z',
                   'MPI-ESM-LR.CRCM5-UQAM': '2018-01-16T12:09:05Z',
                   'MPI-ESM-LR.RegCM4': '2017-10-10T00:00:00Z',
                   'MPI-ESM-LR.WRF': '2017-10-10T00:00:00Z',
                   'MPI-ESM-MR.CRCM5-UQAM': '2018-01-11T16:41:39Z'},
 'driving_experiment': {'CanESM2.CRCM5-UQAM': 'CCCma-CanESM2, rcp85, r1i1p1',
                        'CanESM2.CanRCM4': 'CCCma-CanESM2, rcp85, r1i1p1',
                        'CanESM2.RCA4': 'CCCma-CanESM2, rcp85, r1i1p1',
                        'EC-EARTH.HIRHAM5': 'ICHEC-EC-EARTH,rcp85,r3i1p1',
                        'EC-EARTH.RCA4': 'ICHEC-EC-EARTH, rcp85, r12i1p1',
                        'GEMatm-Can.CRCM5-UQAM': 'UQAM-GEMatm-Can-ESMsea, rcp85, r1i1p1',
                        'GEMatm-MPI.CRCM5-UQAM': 'UQAM-GEMatm-MPI-ESMsea, rcp85, r1i1p1',
                        'GFDL-ESM2M.RegCM4': 'GFDL-ESM2M,rcp85,r1i1p1',
                        'GFDL-ESM2M.WRF': 'GFDL-ESM2M,rcp85,r1i1p1',
                        'HadGEM2-ES.RegCM4': 'HadGEM2-ES,rcp85,r1i1p1',
                        'HadGEM2-ES.WRF': 'HadGEM2-ES,rcp85,r1i1p1',
                        'MPI-ESM-LR.CRCM5-UQAM': 'MPI-M-MPI-ESM-LR, rcp85, r1i1p1',
                        'MPI-ESM-LR.RegCM4': 'MPI-ESM-LR,rcp85,r1i1p1',
                        'MPI-ESM-LR.WRF': 'MPI-ESM-LR,rcp85,r1i1p1',
                        'MPI-ESM-MR.CRCM5-UQAM': 'MPI-M-MPI-ESM-MR, rcp85, r1i1p1'},
 'driving_experiment_name': 'rcp85',
 'driving_model_ensemble_member': {'CanESM2.CRCM5-UQAM': 'r1i1p1',
                                   'CanESM2.CanRCM4': 'r1i1p1',
                                   'CanESM2.RCA4': 'r1i1p1',
                                   'EC-EARTH.HIRHAM5': 'r3i1p1',
                                   'EC-EARTH.RCA4': 'r12i1p1',
                                   'GEMatm-Can.CRCM5-UQAM': 'r1i1p1',
                                   'GEMatm-MPI.CRCM5-UQAM': 'r1i1p1',
                                   'GFDL-ESM2M.RegCM4': 'r1i1p1',
                                   'GFDL-ESM2M.WRF': 'r1i1p1',
                                   'HadGEM2-ES.RegCM4': 'r1i1p1',
                                   'HadGEM2-ES.WRF': 'r1i1p1',
                                   'MPI-ESM-LR.CRCM5-UQAM': 'r1i1p1',
                                   'MPI-ESM-LR.RegCM4': 'r1i1p1',
                                   'MPI-ESM-LR.WRF': 'r1i1p1',
                                   'MPI-ESM-MR.CRCM5-UQAM': 'r1i1p1'},
 'driving_model_id': {'CanESM2.CRCM5-UQAM': 'CCCma-CanESM2',
                      'CanESM2.CanRCM4': 'CCCma-CanESM2',
                      'CanESM2.RCA4': 'CCCma-CanESM2',
                      'EC-EARTH.HIRHAM5': 'ICHEC-EC-EARTH',
                      'EC-EARTH.RCA4': 'ICHEC-EC-EARTH',
                      'GEMatm-Can.CRCM5-UQAM': 'UQAM-GEMatm-Can-ESMsea',
                      'GEMatm-MPI.CRCM5-UQAM': 'UQAM-GEMatm-MPI-ESMsea',
                      'GFDL-ESM2M.RegCM4': 'GFDL-ESM2M',
                      'GFDL-ESM2M.WRF': 'GFDL-ESM2M',
                      'HadGEM2-ES.RegCM4': 'HadGEM2-ES',
                      'HadGEM2-ES.WRF': 'HadGEM2-ES',
                      'MPI-ESM-LR.CRCM5-UQAM': 'MPI-M-MPI-ESM-LR',
                      'MPI-ESM-LR.RegCM4': 'MPI-ESM-LR',
                      'MPI-ESM-LR.WRF': 'MPI-ESM-LR',
                      'MPI-ESM-MR.CRCM5-UQAM': 'MPI-M-MPI-ESM-MR'},
 'experiment': 'rcp85',
 'experiment_id': 'rcp85',
 'frequency': 'ymon',
 'id': 'doi:10.5065/D6SJ1JCH',
 'institute_id': {'CanESM2.CRCM5-UQAM': 'UQAM',
                  'CanESM2.CanRCM4': 'CCCma',
                  'CanESM2.RCA4': 'SMHI',
                  'EC-EARTH.HIRHAM5': 'DMI',
                  'EC-EARTH.RCA4': 'SMHI',
                  'GEMatm-Can.CRCM5-UQAM': 'UQAM',
                  'GEMatm-MPI.CRCM5-UQAM': 'UQAM',
                  'GFDL-ESM2M.RegCM4': 'ISU',
                  'GFDL-ESM2M.WRF': 'NCAR',
                  'HadGEM2-ES.RegCM4': 'ISU',
                  'HadGEM2-ES.WRF': 'NCAR',
                  'MPI-ESM-LR.CRCM5-UQAM': 'UQAM',
                  'MPI-ESM-LR.RegCM4': 'NCAR',
                  'MPI-ESM-LR.WRF': 'UA',
                  'MPI-ESM-MR.CRCM5-UQAM': 'UQAM'},
 'institution': {'CanESM2.CRCM5-UQAM': 'Universite du Quebec a Montreal',
                 'CanESM2.CanRCM4': 'CCCma (Canadian Centre for Climate Modelling and Analysis, Victoria, BC, Canada)',
                 'CanESM2.RCA4': 'Swedish Meteorological and Hydrological Institute, Rossby Centre',
                 'EC-EARTH.HIRHAM5': 'Danish Meteorological Institute',
                 'EC-EARTH.RCA4': 'Swedish Meteorological and Hydrological Institute, Rossby Centre',
                 'GEMatm-Can.CRCM5-UQAM': 'Universite du Quebec a Montreal',
                 'GEMatm-MPI.CRCM5-UQAM': 'Universite du Quebec a Montreal',
                 'GFDL-ESM2M.RegCM4': 'Iowa State University',
                 'GFDL-ESM2M.WRF': 'National Center for Atmospheric Research',
                 'HadGEM2-ES.RegCM4': 'Iowa State University',
                 'HadGEM2-ES.WRF': 'National Center for Atmospheric Research',
                 'MPI-ESM-LR.CRCM5-UQAM': 'Universite du Quebec a Montreal',
                 'MPI-ESM-LR.RegCM4': 'National Center for Atmospheric Research',
                 'MPI-ESM-LR.WRF': 'University of Arizona',
                 'MPI-ESM-MR.CRCM5-UQAM': 'Universite du Quebec a Montreal'},
 'model_id': {'CanESM2.CRCM5-UQAM': 'UQAM-CRCM5',
              'CanESM2.CanRCM4': 'CCCma-CanRCM4',
              'CanESM2.RCA4': 'SMHI-RCA4',
              'EC-EARTH.HIRHAM5': 'DMI-HIRHAM5',
              'EC-EARTH.RCA4': 'SMHI-RCA4',
              'GEMatm-Can.CRCM5-UQAM': 'UQAM-CRCM5',
              'GEMatm-MPI.CRCM5-UQAM': 'UQAM-CRCM5',
              'GFDL-ESM2M.RegCM4': 'ISU-RegCM4',
              'GFDL-ESM2M.WRF': 'NCAR-WRF',
              'HadGEM2-ES.RegCM4': 'ISU-RegCM4',
              'HadGEM2-ES.WRF': 'NCAR-WRF',
              'MPI-ESM-LR.CRCM5-UQAM': 'UQAM-CRCM5',
              'MPI-ESM-LR.RegCM4': 'NCAR-RegCM4',
              'MPI-ESM-LR.WRF': 'UA-WRF',
              'MPI-ESM-MR.CRCM5-UQAM': 'UQAM-CRCM5'},
 'product': 'output',
 'project_id': 'CORDEX',
 'rcm_version_id': {'CanESM2.CRCM5-UQAM': 'v1',
                    'CanESM2.CanRCM4': 'r2',
                    'CanESM2.RCA4': 'v1',
                    'EC-EARTH.HIRHAM5': 'v1',
                    'EC-EARTH.RCA4': 'v1',
                    'GEMatm-Can.CRCM5-UQAM': 'v1',
                    'GEMatm-MPI.CRCM5-UQAM': 'v1',
                    'GFDL-ESM2M.RegCM4': 'v4.4-rc8',
                    'GFDL-ESM2M.WRF': 'v3.5.1',
                    'HadGEM2-ES.RegCM4': 'v4.4-rc8',
                    'HadGEM2-ES.WRF': 'v3.5.1',
                    'MPI-ESM-LR.CRCM5-UQAM': 'v1',
                    'MPI-ESM-LR.RegCM4': 'v4.4-rc8',
                    'MPI-ESM-LR.WRF': 'v3.5.1',
                    'MPI-ESM-MR.CRCM5-UQAM': 'v1'},
 'references': {'CanESM2.CRCM5-UQAM': 'http://www.mrcc.uqam.ca',
                'CanESM2.CanRCM4': 'http://www.cccma.ec.gc.ca/models',
                'CanESM2.RCA4': 'http://www.smhi.se/en/Research/Research-departments/climate-research-rossby-centre',
                'EC-EARTH.RCA4': 'http://www.smhi.se/en/Research/Research-departments/climate-research-rossby-centre',
                'GEMatm-Can.CRCM5-UQAM': 'http://www.mrcc.uqam.ca',
                'GEMatm-MPI.CRCM5-UQAM': 'http://www.mrcc.uqam.ca',
                'GFDL-ESM2M.RegCM4': 'Elguindi, et al. Regional climate model RegCM user manual version 4.4. The Abdus Salam International Centre '
                                     'for Theoretical Physics, Strada Costiera, Trieste, Italy. (2013).',
                'GFDL-ESM2M.WRF': "Skamarock, et al., 2005. 'A description of the Advanced Research WRF version 2.' NCAR Tech. Note NCAR/TN-468+STR",
                'HadGEM2-ES.RegCM4': 'Elguindi, et al. Regional climate model RegCM user manual version 4.4. The Abdus Salam International Centre '
                                     'for Theoretical Physics, Strada Costiera, Trieste, Italy. (2013).',
                'HadGEM2-ES.WRF': "Skamarock, et al., 2005. 'A description of the Advanced Research WRF version 2.' NCAR Tech. Note NCAR/TN-468+STR",
                'MPI-ESM-LR.CRCM5-UQAM': 'http://www.mrcc.uqam.ca',
                'MPI-ESM-LR.RegCM4': 'Elguindi, et al. Regional climate model RegCM user manual version 4.4. The Abdus Salam International Centre '
                                     'for Theoretical Physics, Strada Costiera, Trieste, Italy. (2013).',
                'MPI-ESM-LR.WRF': "Skamarock, et al., 2005. 'A description of the Advanced Research WRF version 2.' NCAR Tech. Note NCAR/TN-468+STR",
                'MPI-ESM-MR.CRCM5-UQAM': 'http://www.mrcc.uqam.ca'},
 'title': {'CanESM2.CRCM5-UQAM': 'NA-CORDEX Raw NAM-44i CRCM5-UQAM CanESM2 RCP8.5 Monthly Climatology of Daily Min 2m Temperature',
           'CanESM2.CanRCM4': 'NA-CORDEX Raw NAM-44i CanRCM4 CanESM2 RCP8.5 Monthly Climatology of Daily Min 2m Temperature',
           'CanESM2.RCA4': 'NA-CORDEX Raw NAM-44i RCA4 CanESM2 RCP8.5 Monthly Climatology of Daily Min 2m Temperature',
           'EC-EARTH.HIRHAM5': 'NA-CORDEX Raw NAM-44i HIRHAM5 EC-EARTH RCP8.5 Monthly Climatology of Daily Min 2m Temperature',
           'EC-EARTH.RCA4': 'NA-CORDEX Raw NAM-44i RCA4 EC-EARTH RCP8.5 Monthly Climatology of Daily Min 2m Temperature',
           'GEMatm-Can.CRCM5-UQAM': 'NA-CORDEX Raw NAM-44i CRCM5-UQAM GEMatm-Can RCP8.5 Monthly Climatology of Daily Min 2m Temperature',
           'GEMatm-MPI.CRCM5-UQAM': 'NA-CORDEX Raw NAM-44i CRCM5-UQAM GEMatm-MPI RCP8.5 Monthly Climatology of Daily Min 2m Temperature',
           'GFDL-ESM2M.RegCM4': 'NA-CORDEX Raw NAM-44i RegCM4 GFDL-ESM2M RCP8.5 Monthly Climatology of Daily Min 2m Temperature',
           'GFDL-ESM2M.WRF': 'NA-CORDEX Raw NAM-44i WRF GFDL-ESM2M RCP8.5 Monthly Climatology of Daily Min 2m Temperature',
           'HadGEM2-ES.RegCM4': 'NA-CORDEX Raw NAM-44i RegCM4 HadGEM2-ES RCP8.5 Monthly Climatology of Daily Min 2m Temperature',
           'HadGEM2-ES.WRF': 'NA-CORDEX Raw NAM-44i WRF HadGEM2-ES RCP8.5 Monthly Climatology of Daily Min 2m Temperature',
           'MPI-ESM-LR.CRCM5-UQAM': 'NA-CORDEX Raw NAM-44i CRCM5-UQAM MPI-ESM-LR RCP8.5 Monthly Climatology of Daily Min 2m Temperature',
           'MPI-ESM-LR.RegCM4': 'NA-CORDEX Raw NAM-44i RegCM4 MPI-ESM-LR RCP8.5 Monthly Climatology of Daily Min 2m Temperature',
           'MPI-ESM-LR.WRF': 'NA-CORDEX Raw NAM-44i WRF MPI-ESM-LR RCP8.5 Monthly Climatology of Daily Min 2m Temperature',
           'MPI-ESM-MR.CRCM5-UQAM': 'NA-CORDEX Raw NAM-44i CRCM5-UQAM MPI-ESM-MR RCP8.5 Monthly Climatology of Daily Min 2m Temperature'},
 'tracking_id': {'CanESM2.CRCM5-UQAM': '87f7a8df-cfd7-4dc2-9d09-c4c91c238319',
                 'CanESM2.CanRCM4': '63a3ffc3-7409-4264-9b85-66ce27cef6e7',
                 'CanESM2.RCA4': '0d4a4873-0b3f-4d5a-b0fe-56b7901bb286',
                 'EC-EARTH.HIRHAM5': '1443064e-5a0d-4b29-8207-d1e0b1fb06fa',
                 'EC-EARTH.RCA4': '56984c10-0ee1-4170-aa6e-2043eecbc3d3',
                 'GEMatm-Can.CRCM5-UQAM': 'ee2937ea-7179-46f2-886f-be6576449438',
                 'GEMatm-MPI.CRCM5-UQAM': 'c52bb27f-8da9-4746-9cb7-d35af9677bb7',
                 'GFDL-ESM2M.RegCM4': 'a8db4a1f-1d3c-4c3a-ba56-aa21225b5265',
                 'GFDL-ESM2M.WRF': 'a81ca5f9-2906-40a7-8392-1cf9333bfc31',
                 'HadGEM2-ES.RegCM4': '3399173c-2a47-4f23-bd66-99433072ecc8',
                 'HadGEM2-ES.WRF': '2f7005f4-cd8f-481d-ad3c-05b83cbfdeb5',
                 'MPI-ESM-LR.CRCM5-UQAM': 'f5e85077-8586-4607-bfa7-61d9deb9283f',
                 'MPI-ESM-LR.RegCM4': '12b2a337-271f-4dc3-9ccf-ef045e94661e',
                 'MPI-ESM-LR.WRF': '38018f90-2c0e-4f40-bcef-96c9f2fdc71b',
                 'MPI-ESM-MR.CRCM5-UQAM': 'da18dbec-2df0-4cee-adf9-da7b23c2801e'},
 'version': {'CanESM2.CRCM5-UQAM': '1.2',
             'CanESM2.CanRCM4': '1.2',
             'CanESM2.RCA4': '1.1',
             'EC-EARTH.HIRHAM5': '1.1',
             'EC-EARTH.RCA4': '1.1',
             'GEMatm-Can.CRCM5-UQAM': '1.2',
             'GEMatm-MPI.CRCM5-UQAM': '1.2',
             'GFDL-ESM2M.RegCM4': '1.3',
             'GFDL-ESM2M.WRF': '1.3',
             'HadGEM2-ES.RegCM4': '1.3',
             'HadGEM2-ES.WRF': '1.3',
             'MPI-ESM-LR.CRCM5-UQAM': '1.2',
             'MPI-ESM-LR.RegCM4': '1.3',
             'MPI-ESM-LR.WRF': '2.3',
             'MPI-ESM-MR.CRCM5-UQAM': '3.1'}}
