Warning: non-uniform metadata in attribute:  "experiment"
	First found: "historical" in temp.hist.MPI-ESM-MR.CRCM5-UQAM.seas.NAM-22i.raw.nc
	Then found: "simulation historique membre #1" in temp.hist.CNRM-CM5.CRCM5-OUR.seas.NAM-22i.raw.nc
	Then found: "simulation historique membre #1" in temp.hist.GFDL-ESM2M.CRCM5-OUR.seas.NAM-22i.raw.nc
	Then found: "simulation historique membre 1" in temp.hist.MPI-ESM-LR.CRCM5-OUR.seas.NAM-22i.raw.nc
	Then found: "simulation historique membre #1" in temp.hist.CanESM2.CRCM5-OUR.seas.NAM-22i.raw.nc
	Then found: "Historical run driven by HadGEM2-ES" in temp.hist.HadGEM2-ES.RegCM4.seas.NAM-22i.raw.nc
	Then found: "Historical run driven by GFDL-ESM2M" in temp.hist.GFDL-ESM2M.RegCM4.seas.NAM-22i.raw.nc
	Then found: "Historical run driven by MPI-ESM-LR" in temp.hist.MPI-ESM-LR.RegCM4.seas.NAM-22i.raw.nc
	Then found: "Historical run driven by CCCma-CanESM2" in temp.hist.CanESM2.CanRCM4.seas.NAM-22i.raw.nc
	Then found: "Historical run driven by HadGEM2-ES" in temp.hist.HadGEM2-ES.WRF.seas.NAM-22i.raw.nc
	Then found: "Historical run driven by GFDL-ESM2M" in temp.hist.GFDL-ESM2M.WRF.seas.NAM-22i.raw.nc
	Then found: "Historical run driven by MPI-ESM-LR" in temp.hist.MPI-ESM-LR.WRF.seas.NAM-22i.raw.nc

Warning: non-uniform metadata in attribute:  "driving_experiment_name"
	First found: "historical" in temp.hist.MPI-ESM-MR.CRCM5-UQAM.seas.NAM-22i.raw.nc
	Then found: "r1i1p1" in temp.hist.CNRM-CM5.CRCM5-OUR.seas.NAM-22i.raw.nc
	Then found: "r1i1p1" in temp.hist.GFDL-ESM2M.CRCM5-OUR.seas.NAM-22i.raw.nc
	Then found: "r1i1p1" in temp.hist.MPI-ESM-LR.CRCM5-OUR.seas.NAM-22i.raw.nc
	Then found: "r1i1p1" in temp.hist.CanESM2.CRCM5-OUR.seas.NAM-22i.raw.nc
	Then found: "HadGEM2-ES" in temp.hist.HadGEM2-ES.RegCM4.seas.NAM-22i.raw.nc
	Then found: "GFDL-ESM2M" in temp.hist.GFDL-ESM2M.RegCM4.seas.NAM-22i.raw.nc
	Then found: "MPI-ESM-LR" in temp.hist.MPI-ESM-LR.RegCM4.seas.NAM-22i.raw.nc

Warning: missing attribute:  "driving_model_id"
	Missing from:  temp.hist.MPI-ESM-LR.CRCM5-OUR.seas.NAM-22i.raw.nc

