driving_experiment_name	"historical"	tmax.hist.MPI-ESM-MR.CRCM5-UQAM.day.NAM-22i.mbcn-Daymet.nc
driving_experiment_name	"historical"	tmax.hist.GEMatm-Can.CRCM5-UQAM.day.NAM-22i.mbcn-Daymet.nc
driving_experiment_name	"historical"	tmax.hist.MPI-ESM-LR.CRCM5-UQAM.day.NAM-22i.mbcn-Daymet.nc
driving_experiment_name	"historical"	tmax.hist.CanESM2.CRCM5-UQAM.day.NAM-22i.mbcn-Daymet.nc
driving_experiment_name	"historical"	tmax.hist.GEMatm-MPI.CRCM5-UQAM.day.NAM-22i.mbcn-Daymet.nc
driving_experiment_name	"HadGEM2-ES"	tmax.hist.HadGEM2-ES.RegCM4.day.NAM-22i.mbcn-Daymet.nc
driving_experiment_name	"GFDL-ESM2M"	tmax.hist.GFDL-ESM2M.RegCM4.day.NAM-22i.mbcn-Daymet.nc
driving_experiment_name	"MPI-ESM-LR"	tmax.hist.MPI-ESM-LR.RegCM4.day.NAM-22i.mbcn-Daymet.nc
driving_experiment_name	"historical"	tmax.hist.CanESM2.CanRCM4.day.NAM-22i.mbcn-Daymet.nc
driving_experiment_name	"historical"	tmax.hist.HadGEM2-ES.WRF.day.NAM-22i.mbcn-Daymet.nc
driving_experiment_name	"historical"	tmax.hist.GFDL-ESM2M.WRF.day.NAM-22i.mbcn-Daymet.nc
driving_experiment_name	"historical"	tmax.hist.MPI-ESM-LR.WRF.day.NAM-22i.mbcn-Daymet.nc
cell_methods	"time: maximum"	tmax.hist.MPI-ESM-MR.CRCM5-UQAM.day.NAM-22i.mbcn-Daymet.nc
cell_methods	"time: maximum"	tmax.hist.GEMatm-Can.CRCM5-UQAM.day.NAM-22i.mbcn-Daymet.nc
cell_methods	"time: maximum"	tmax.hist.MPI-ESM-LR.CRCM5-UQAM.day.NAM-22i.mbcn-Daymet.nc
cell_methods	"time: maximum"	tmax.hist.CanESM2.CRCM5-UQAM.day.NAM-22i.mbcn-Daymet.nc
cell_methods	"time: maximum"	tmax.hist.GEMatm-MPI.CRCM5-UQAM.day.NAM-22i.mbcn-Daymet.nc
cell_methods	"time: maximum"	tmax.hist.HadGEM2-ES.RegCM4.day.NAM-22i.mbcn-Daymet.nc
cell_methods	"time: maximum"	tmax.hist.GFDL-ESM2M.RegCM4.day.NAM-22i.mbcn-Daymet.nc
cell_methods	"time: maximum"	tmax.hist.MPI-ESM-LR.RegCM4.day.NAM-22i.mbcn-Daymet.nc
cell_methods	"time:maximum"	tmax.hist.CanESM2.CanRCM4.day.NAM-22i.mbcn-Daymet.nc
cell_methods	"time: maximum"	tmax.hist.HadGEM2-ES.WRF.day.NAM-22i.mbcn-Daymet.nc
cell_methods	"time: maximum"	tmax.hist.GFDL-ESM2M.WRF.day.NAM-22i.mbcn-Daymet.nc
cell_methods	"time: maximum"	tmax.hist.MPI-ESM-LR.WRF.day.NAM-22i.mbcn-Daymet.nc
bias_correction	"MBCN using Daymet obs"	tmax.hist.MPI-ESM-MR.CRCM5-UQAM.day.NAM-22i.mbcn-Daymet.nc
bias_correction	"MBCN using Daymet obs"	tmax.hist.GEMatm-Can.CRCM5-UQAM.day.NAM-22i.mbcn-Daymet.nc
bias_correction	"MBCN using Daymet obs"	tmax.hist.MPI-ESM-LR.CRCM5-UQAM.day.NAM-22i.mbcn-Daymet.nc
bias_correction	"MBCN using Daymet obs"	tmax.hist.CanESM2.CRCM5-UQAM.day.NAM-22i.mbcn-Daymet.nc
bias_correction	"MBCN using Daymet obs"	tmax.hist.GEMatm-MPI.CRCM5-UQAM.day.NAM-22i.mbcn-Daymet.nc
bias_correction	"MBCn using Daymet obs"	tmax.hist.HadGEM2-ES.RegCM4.day.NAM-22i.mbcn-Daymet.nc
bias_correction	"MBCN using Daymet obs"	tmax.hist.GFDL-ESM2M.RegCM4.day.NAM-22i.mbcn-Daymet.nc
bias_correction	"MBCN using Daymet obs"	tmax.hist.MPI-ESM-LR.RegCM4.day.NAM-22i.mbcn-Daymet.nc
bias_correction	"MBCN using Daymet obs"	tmax.hist.CanESM2.CanRCM4.day.NAM-22i.mbcn-Daymet.nc
bias_correction	"MBCN using Daymet obs"	tmax.hist.HadGEM2-ES.WRF.day.NAM-22i.mbcn-Daymet.nc
bias_correction	"MBCN using Daymet obs"	tmax.hist.GFDL-ESM2M.WRF.day.NAM-22i.mbcn-Daymet.nc
bias_correction	"MBCN using Daymet obs"	tmax.hist.MPI-ESM-LR.WRF.day.NAM-22i.mbcn-Daymet.nc
