Warning: non-uniform metadata in attribute:  "experiment"
	First found: "rcp85" in tmax.rcp85.MPI-ESM-MR.CRCM5-UQAM.ymon.NAM-44i.mbcn-Daymet.nc
	Then found: "Scenario experiment using HadGEM2-ES as driving model" in tmax.rcp85.HadGEM2-ES.RegCM4.ymon.NAM-44i.mbcn-Daymet.nc
	Then found: "Scenario experiment using GFDL-ESM2M as driving model" in tmax.rcp85.GFDL-ESM2M.RegCM4.ymon.NAM-44i.mbcn-Daymet.nc
	Then found: "Scenario experiment using MPI-ESM-LR as driving model" in tmax.rcp85.MPI-ESM-LR.RegCM4.ymon.NAM-44i.mbcn-Daymet.nc
	Then found: "ICHEC-EC-EARTH,rcp85,r3i1p1" in tmax.rcp85.EC-EARTH.HIRHAM5.ymon.NAM-44i.mbcn-Daymet.nc
	Then found: "RCP8.5" in tmax.rcp85.EC-EARTH.RCA4.ymon.NAM-44i.mbcn-Daymet.nc
	Then found: "RCP8.5" in tmax.rcp85.CanESM2.RCA4.ymon.NAM-44i.mbcn-Daymet.nc
	Then found: "RCP8.5 run driven by CCCma-CanESM2 " in tmax.rcp85.CanESM2.CanRCM4.ymon.NAM-44i.mbcn-Daymet.nc
	Then found: "Scenario experiment using HadGEM2-ES as driving model" in tmax.rcp85.HadGEM2-ES.WRF.ymon.NAM-44i.mbcn-Daymet.nc
	Then found: "Scenario experiment using GFDL-ESM2M as driving model" in tmax.rcp85.GFDL-ESM2M.WRF.ymon.NAM-44i.mbcn-Daymet.nc
	Then found: "Scenario experiment using MPI-ESM-LR as driving model" in tmax.rcp85.MPI-ESM-LR.WRF.ymon.NAM-44i.mbcn-Daymet.nc

Warning: non-uniform metadata in attribute:  "driving_experiment_name"
	First found: "rcp85" in tmax.rcp85.MPI-ESM-MR.CRCM5-UQAM.ymon.NAM-44i.mbcn-Daymet.nc
	Then found: "HadGEM2-ES" in tmax.rcp85.HadGEM2-ES.RegCM4.ymon.NAM-44i.mbcn-Daymet.nc
	Then found: "GFDL-ESM2M" in tmax.rcp85.GFDL-ESM2M.RegCM4.ymon.NAM-44i.mbcn-Daymet.nc
	Then found: "MPI-ESM-LR" in tmax.rcp85.MPI-ESM-LR.RegCM4.ymon.NAM-44i.mbcn-Daymet.nc

Warning: missing attribute:  "references"
	Missing from:  tmax.rcp85.EC-EARTH.HIRHAM5.ymon.NAM-44i.mbcn-Daymet.nc

Warning: missing attribute:  "institute_id"
	Missing from:  tmax.rcp85.MPI-ESM-MR.CRCM5-UQAM.ymon.NAM-44i.mbcn-Daymet.nc
	Missing from:  tmax.rcp85.GEMatm-Can.CRCM5-UQAM.ymon.NAM-44i.mbcn-Daymet.nc
	Missing from:  tmax.rcp85.MPI-ESM-LR.CRCM5-UQAM.ymon.NAM-44i.mbcn-Daymet.nc
	Missing from:  tmax.rcp85.CanESM2.CRCM5-UQAM.ymon.NAM-44i.mbcn-Daymet.nc
	Missing from:  tmax.rcp85.GEMatm-MPI.CRCM5-UQAM.ymon.NAM-44i.mbcn-Daymet.nc
	Missing from:  tmax.rcp85.EC-EARTH.HIRHAM5.ymon.NAM-44i.mbcn-Daymet.nc
	Missing from:  tmax.rcp85.EC-EARTH.RCA4.ymon.NAM-44i.mbcn-Daymet.nc
	Missing from:  tmax.rcp85.CanESM2.RCA4.ymon.NAM-44i.mbcn-Daymet.nc
	Missing from:  tmax.rcp85.CanESM2.CanRCM4.ymon.NAM-44i.mbcn-Daymet.nc

