Warning: non-uniform metadata in attribute:  "experiment"
	First found: "historical" in tmax.hist.MPI-ESM-MR.CRCM5-UQAM.yseas.NAM-22i.mbcn-gridMET.nc
	Then found: "Historical run driven by HadGEM2-ES" in tmax.hist.HadGEM2-ES.RegCM4.yseas.NAM-22i.mbcn-gridMET.nc
	Then found: "Historical run driven by GFDL-ESM2M" in tmax.hist.GFDL-ESM2M.RegCM4.yseas.NAM-22i.mbcn-gridMET.nc
	Then found: "Historical run driven by MPI-ESM-LR" in tmax.hist.MPI-ESM-LR.RegCM4.yseas.NAM-22i.mbcn-gridMET.nc
	Then found: "Historical run driven by CCCma-CanESM2" in tmax.hist.CanESM2.CanRCM4.yseas.NAM-22i.mbcn-gridMET.nc
	Then found: "Historical run driven by HadGEM2-ES" in tmax.hist.HadGEM2-ES.WRF.yseas.NAM-22i.mbcn-gridMET.nc
	Then found: "Historical run driven by GFDL-ESM2M" in tmax.hist.GFDL-ESM2M.WRF.yseas.NAM-22i.mbcn-gridMET.nc
	Then found: "Historical run driven by MPI-ESM-LR" in tmax.hist.MPI-ESM-LR.WRF.yseas.NAM-22i.mbcn-gridMET.nc

Warning: non-uniform metadata in attribute:  "driving_experiment_name"
	First found: "historical" in tmax.hist.MPI-ESM-MR.CRCM5-UQAM.yseas.NAM-22i.mbcn-gridMET.nc
	Then found: "HadGEM2-ES" in tmax.hist.HadGEM2-ES.RegCM4.yseas.NAM-22i.mbcn-gridMET.nc
	Then found: "GFDL-ESM2M" in tmax.hist.GFDL-ESM2M.RegCM4.yseas.NAM-22i.mbcn-gridMET.nc
	Then found: "MPI-ESM-LR" in tmax.hist.MPI-ESM-LR.RegCM4.yseas.NAM-22i.mbcn-gridMET.nc

Warning: missing attribute:  "institute_id"
	Missing from:  tmax.hist.MPI-ESM-MR.CRCM5-UQAM.yseas.NAM-22i.mbcn-gridMET.nc
	Missing from:  tmax.hist.GEMatm-Can.CRCM5-UQAM.yseas.NAM-22i.mbcn-gridMET.nc
	Missing from:  tmax.hist.MPI-ESM-LR.CRCM5-UQAM.yseas.NAM-22i.mbcn-gridMET.nc
	Missing from:  tmax.hist.CanESM2.CRCM5-UQAM.yseas.NAM-22i.mbcn-gridMET.nc
	Missing from:  tmax.hist.GEMatm-MPI.CRCM5-UQAM.yseas.NAM-22i.mbcn-gridMET.nc
	Missing from:  tmax.hist.CanESM2.CanRCM4.yseas.NAM-22i.mbcn-gridMET.nc

