{'CORDEX_domain': 'NAM-22',
 'contact': {'CanESM2.CanRCM4': 'Seth McGinnis, mcginnis@ucar.edu'},
 'creation_date': {'CanESM2.CanRCM4': '2020-02-20'},
 'driving_experiment': {'CanESM2.CanRCM4': 'CCCma-CanESM2, rcp45, r1i1p1'},
 'driving_experiment_name': 'rcp45',
 'driving_model_ensemble_member': {'CanESM2.CanRCM4': 'r1i1p1'},
 'driving_model_id': {'CanESM2.CanRCM4': 'CCCma-CanESM2'},
 'experiment_id': 'rcp45',
 'frequency': 'day',
 'id': 'doi:10.5065/D6SJ1JCH',
 'institute_id': {},
 'institution': {'CanESM2.CanRCM4': 'National Center for Atmospheric Research'},
 'model_id': {'CanESM2.CanRCM4': 'CCCma-CanRCM4'},
 'original_calendar': {'CanESM2.CanRCM4': '365_day'},
 'product': 'bias-adjusted-output',
 'project_id': 'CORDEX-Adjust',
 'rcm_version_id': {'CanESM2.CanRCM4': 'r2'},
 'references': {'CanESM2.CanRCM4': 'http://www.cccma.ec.gc.ca/models'},
 'title': {'CanESM2.CanRCM4': 'NA-CORDEX MBCn NAM-22i CanRCM4 CanESM2 RCP4.5 Daily Mean Daily Max 2m Temperature'},
 'tracking_id': {'CanESM2.CanRCM4': '1ad7eb0d-1446-4a67-a68c-fd7397f063c6'},
 'version': {'CanESM2.CanRCM4': '1.2'}}
var metadata:
{'bias_correction': 'MBCn using gridMET obs',
 'cell_methods': 'time:maximum',
 'long_name': 'Daily Maximum Near-Surface Air Temperature (Bias-Adjusted)',
 'remap': 'remapped via ESMF_regrid_with_weights: Higher-order Patch',
 'standard_name': 'air_temperature',
 'units': 'degC'}
lon metadata:
{'long_name': 'longitude', 'standard_name': 'longitude', 'units': 'degrees_east'}
lat metadata:
{'long_name': 'latitude', 'standard_name': 'latitude', 'units': 'degrees_north'}
time metadata:
{'axis': 'T', 'bounds': 'time_bnds', 'calendar': 'gregorian', 'long_name': 'time', 'standard_name': 'time', 'units': 'days since 1949-12-01'}
