{'CORDEX_domain': 'NAM-44',
 'contact': {'CanESM2.CRCM5-UQAM': 'Seth McGinnis, mcginnis@ucar.edu',
             'CanESM2.CanRCM4': 'Seth McGinnis, mcginnis@ucar.edu',
             'CanESM2.RCA4': 'Seth McGinnis, mcginnis@ucar.edu',
             'EC-EARTH.HIRHAM5': 'Seth McGinnis, mcginnis@ucar.edu',
             'EC-EARTH.RCA4': 'Seth McGinnis, mcginnis@ucar.edu',
             'GEMatm-Can.CRCM5-UQAM': 'Seth McGinnis, mcginnis@ucar.edu',
             'GEMatm-MPI.CRCM5-UQAM': 'Seth McGinnis, mcginnis@ucar.edu',
             'GFDL-ESM2M.RegCM4': 'Daryl Herzmann, akrherz@iastate.edu',
             'GFDL-ESM2M.WRF': 'Seth McGinnis, mcginnis@ucar.edu',
             'HadGEM2-ES.RegCM4': 'Daryl Herzmann, akrherz@iastate.edu',
             'HadGEM2-ES.WRF': 'Seth McGinnis, mcginnis@ucar.edu',
             'MPI-ESM-LR.CRCM5-UQAM': 'Seth McGinnis, mcginnis@ucar.edu',
             'MPI-ESM-LR.RegCM4': 'Melissa Bukovsky, bukovsky@ucar.edu',
             'MPI-ESM-LR.WRF': 'Seth McGinnis, mcginnis@ucar.edu',
             'MPI-ESM-MR.CRCM5-UQAM': 'Seth McGinnis, mcginnis@ucar.edu'},
 'contact_note': {'GFDL-ESM2M.RegCM4': 'Simulations by Ray Arritt (deceased)', 'HadGEM2-ES.RegCM4': 'Simulations by Ray Arritt (deceased)'},
 'creation_date': {'CanESM2.CRCM5-UQAM': '2019-10-02',
                   'CanESM2.CanRCM4': '2019-10-02',
                   'CanESM2.RCA4': '2019-10-02',
                   'EC-EARTH.HIRHAM5': '2019-10-02',
                   'EC-EARTH.RCA4': '2019-10-02',
                   'GEMatm-Can.CRCM5-UQAM': '2019-10-02',
                   'GEMatm-MPI.CRCM5-UQAM': '2019-10-02',
                   'GFDL-ESM2M.RegCM4': '2019-10-02',
                   'GFDL-ESM2M.WRF': '2019-10-02',
                   'HadGEM2-ES.RegCM4': '2019-10-02',
                   'HadGEM2-ES.WRF': '2019-10-02',
                   'MPI-ESM-LR.CRCM5-UQAM': '2019-10-02',
                   'MPI-ESM-LR.RegCM4': '2020-02-20',
                   'MPI-ESM-LR.WRF': '2019-10-02',
                   'MPI-ESM-MR.CRCM5-UQAM': '2019-10-02'},
 'driving_experiment': {'CanESM2.CRCM5-UQAM': 'CCCma-CanESM2,historical,r1i1p1',
                        'CanESM2.CanRCM4': 'CCCma-CanESM2, historical, r1i1p1',
                        'CanESM2.RCA4': 'CCCma-CanESM2, historical, r1i1p1',
                        'EC-EARTH.HIRHAM5': 'ICHEC-EC-EARTH,historical,r3i1p1',
                        'EC-EARTH.RCA4': 'ICHEC-EC-EARTH, historical, r12i1p1',
                        'GEMatm-Can.CRCM5-UQAM': 'UQAM-GEMatm-Can-ESMsea, historical, r1i1p1',
                        'GEMatm-MPI.CRCM5-UQAM': 'UQAM-GEMatm-MPI-ESMsea, historical, r1i1p1',
                        'GFDL-ESM2M.RegCM4': 'MPI-ESM-LR,rcp85,r1i1p1',
                        'GFDL-ESM2M.WRF': 'GFDL-ESM2M,historical,r1i1p1',
                        'HadGEM2-ES.RegCM4': 'HadGEM2-ES,historical,r1i1p1',
                        'HadGEM2-ES.WRF': 'HadGEM2-ES,rcp85,r1i1p1',
                        'MPI-ESM-LR.CRCM5-UQAM': 'MPI-M-MPI-ESM-LR,historical,r1i1p1',
                        'MPI-ESM-LR.RegCM4': 'MPI-ESM-LR,historical,r1i1p1',
                        'MPI-ESM-LR.WRF': 'MPI-ESM-LR,historical,r1i1p1',
                        'MPI-ESM-MR.CRCM5-UQAM': 'MPI-M-MPI-ESM-MR, historical, r1i1p1'},
 'driving_experiment_name': 'historical',
 'driving_model_ensemble_member': {'CanESM2.CRCM5-UQAM': 'r1i1p1',
                                   'CanESM2.CanRCM4': 'r1i1p1',
                                   'CanESM2.RCA4': 'r1i1p1',
                                   'EC-EARTH.HIRHAM5': 'r3i1p1',
                                   'EC-EARTH.RCA4': 'r12i1p1',
                                   'GEMatm-Can.CRCM5-UQAM': 'r1i1p1',
                                   'GEMatm-MPI.CRCM5-UQAM': 'r1i1p1',
                                   'GFDL-ESM2M.RegCM4': 'r1i1p1',
                                   'GFDL-ESM2M.WRF': 'r1i1p1',
                                   'HadGEM2-ES.RegCM4': 'r1i1p1',
                                   'HadGEM2-ES.WRF': 'r1i1p1',
                                   'MPI-ESM-LR.CRCM5-UQAM': 'r1i1p1',
                                   'MPI-ESM-LR.RegCM4': 'r1i1p1',
                                   'MPI-ESM-LR.WRF': 'r1i1p1',
                                   'MPI-ESM-MR.CRCM5-UQAM': 'r1i1p1'},
 'driving_model_id': {'CanESM2.CRCM5-UQAM': 'CCCma-CanESM2',
                      'CanESM2.CanRCM4': 'CCCma-CanESM2',
                      'CanESM2.RCA4': 'CCCma-CanESM2',
                      'EC-EARTH.HIRHAM5': 'ICHEC-EC-EARTH',
                      'EC-EARTH.RCA4': 'ICHEC-EC-EARTH',
                      'GEMatm-Can.CRCM5-UQAM': 'UQAM-GEMatm-Can-ESMsea',
                      'GEMatm-MPI.CRCM5-UQAM': 'UQAM-GEMatm-MPI-ESMsea',
                      'GFDL-ESM2M.RegCM4': 'GFDL-ESM2M',
                      'GFDL-ESM2M.WRF': 'GFDL-ESM2M',
                      'HadGEM2-ES.RegCM4': 'HadGEM2-ES',
                      'HadGEM2-ES.WRF': 'HadGEM2-ES',
                      'MPI-ESM-LR.CRCM5-UQAM': 'MPI-M-MPI-ESM-LR',
                      'MPI-ESM-LR.RegCM4': 'MPI-ESM-LR',
                      'MPI-ESM-LR.WRF': 'MPI-ESM-LR',
                      'MPI-ESM-MR.CRCM5-UQAM': 'MPI-M-MPI-ESM-MR'},
 'experiment': 'historical',
 'experiment_id': 'historical',
 'frequency': 'mon',
 'id': 'doi:10.5065/D6SJ1JCH',
 'institute_id': {'GFDL-ESM2M.RegCM4': 'ISU',
                  'GFDL-ESM2M.WRF': 'NCAR',
                  'HadGEM2-ES.RegCM4': 'ISU',
                  'HadGEM2-ES.WRF': 'NCAR',
                  'MPI-ESM-LR.RegCM4': 'NCAR',
                  'MPI-ESM-LR.WRF': 'UA'},
 'institution': {'CanESM2.CRCM5-UQAM': 'National Center for Atmospheric Research',
                 'CanESM2.CanRCM4': 'National Center for Atmospheric Research',
                 'CanESM2.RCA4': 'National Center for Atmospheric Research',
                 'EC-EARTH.HIRHAM5': 'National Center for Atmospheric Research',
                 'EC-EARTH.RCA4': 'National Center for Atmospheric Research',
                 'GEMatm-Can.CRCM5-UQAM': 'National Center for Atmospheric Research',
                 'GEMatm-MPI.CRCM5-UQAM': 'National Center for Atmospheric Research',
                 'GFDL-ESM2M.RegCM4': 'Iowa State University',
                 'GFDL-ESM2M.WRF': 'National Center for Atmospheric Research',
                 'HadGEM2-ES.RegCM4': 'Iowa State University',
                 'HadGEM2-ES.WRF': 'National Center for Atmospheric Research',
                 'MPI-ESM-LR.CRCM5-UQAM': 'National Center for Atmospheric Research',
                 'MPI-ESM-LR.RegCM4': 'National Center for Atmospheric Research',
                 'MPI-ESM-LR.WRF': 'University of Arizona',
                 'MPI-ESM-MR.CRCM5-UQAM': 'National Center for Atmospheric Research'},
 'model_id': {'CanESM2.CRCM5-UQAM': 'UQAM-CRCM5',
              'CanESM2.CanRCM4': 'CCCma-CanRCM4',
              'CanESM2.RCA4': 'SMHI-RCA4',
              'EC-EARTH.HIRHAM5': 'DMI-HIRHAM5',
              'EC-EARTH.RCA4': 'SMHI-RCA4',
              'GEMatm-Can.CRCM5-UQAM': 'UQAM-CRCM5',
              'GEMatm-MPI.CRCM5-UQAM': 'UQAM-CRCM5',
              'GFDL-ESM2M.RegCM4': 'ISU-RegCM4',
              'GFDL-ESM2M.WRF': 'NCAR-WRF',
              'HadGEM2-ES.RegCM4': 'ISU-RegCM4',
              'HadGEM2-ES.WRF': 'NCAR-WRF',
              'MPI-ESM-LR.CRCM5-UQAM': 'UQAM-CRCM5',
              'MPI-ESM-LR.RegCM4': 'NCAR-RegCM4',
              'MPI-ESM-LR.WRF': 'UA-WRF',
              'MPI-ESM-MR.CRCM5-UQAM': 'UQAM-CRCM5'},
 'product': 'bias-adjusted-output',
 'project_id': 'CORDEX-Adjust',
 'rcm_version_id': {'CanESM2.CRCM5-UQAM': 'v1',
                    'CanESM2.CanRCM4': 'r2',
                    'CanESM2.RCA4': 'v1',
                    'EC-EARTH.HIRHAM5': 'v1',
                    'EC-EARTH.RCA4': 'v1',
                    'GEMatm-Can.CRCM5-UQAM': 'v1',
                    'GEMatm-MPI.CRCM5-UQAM': 'v1',
                    'GFDL-ESM2M.RegCM4': 'v4.4-rc8',
                    'GFDL-ESM2M.WRF': 'v3.5.1',
                    'HadGEM2-ES.RegCM4': 'v4.4-rc8',
                    'HadGEM2-ES.WRF': 'v3.5.1',
                    'MPI-ESM-LR.CRCM5-UQAM': 'v1',
                    'MPI-ESM-LR.RegCM4': 'v4.4-rc8',
                    'MPI-ESM-LR.WRF': 'v3.5.1',
                    'MPI-ESM-MR.CRCM5-UQAM': 'v1'},
 'references': {'CanESM2.CRCM5-UQAM': 'http://www.mrcc.uqam.ca',
                'CanESM2.CanRCM4': 'http://www.cccma.ec.gc.ca/models',
                'CanESM2.RCA4': 'http://www.smhi.se/en/Research/Research-departments/climate-research-rossby-centre',
                'EC-EARTH.RCA4': 'http://www.smhi.se/en/Research/Research-departments/climate-research-rossby-centre',
                'GEMatm-Can.CRCM5-UQAM': 'http://www.mrcc.uqam.ca',
                'GEMatm-MPI.CRCM5-UQAM': 'http://www.mrcc.uqam.ca',
                'GFDL-ESM2M.RegCM4': 'Elguindi, et al. Regional climate model RegCM user manual version 4.4. The Abdus Salam International Centre '
                                     'for Theoretical Physics, Strada Costiera, Trieste, Italy. (2013).',
                'GFDL-ESM2M.WRF': "Skamarock, et al., 2005. 'A description of the Advanced Research WRF version 2.' NCAR Tech. Note NCAR/TN-468+STR",
                'HadGEM2-ES.RegCM4': 'Elguindi, et al. Regional climate model RegCM user manual version 4.4. The Abdus Salam International Centre '
                                     'for Theoretical Physics, Strada Costiera, Trieste, Italy. (2013).',
                'HadGEM2-ES.WRF': "Skamarock, et al., 2005. 'A description of the Advanced Research WRF version 2.' NCAR Tech. Note NCAR/TN-468+STR",
                'MPI-ESM-LR.CRCM5-UQAM': 'http://www.mrcc.uqam.ca',
                'MPI-ESM-LR.RegCM4': 'Elguindi, et al. Regional climate model RegCM user manual version 4.4. The Abdus Salam International Centre '
                                     'for Theoretical Physics, Strada Costiera, Trieste, Italy. (2013).',
                'MPI-ESM-LR.WRF': "Skamarock, et al., 2005. 'A description of the Advanced Research WRF version 2.' NCAR Tech. Note NCAR/TN-468+STR",
                'MPI-ESM-MR.CRCM5-UQAM': 'http://www.mrcc.uqam.ca'},
 'title': {'CanESM2.CRCM5-UQAM': 'NA-CORDEX MBCn NAM-44i CRCM5-UQAM CanESM2 Hist Daily Mean Daily Min 2m Temperature',
           'CanESM2.CanRCM4': 'NA-CORDEX MBCn NAM-44i CanRCM4 CanESM2 Hist Daily Mean Daily Min 2m Temperature',
           'CanESM2.RCA4': 'NA-CORDEX MBCn NAM-44i RCA4 CanESM2 Hist Daily Mean Daily Min 2m Temperature',
           'EC-EARTH.HIRHAM5': 'NA-CORDEX MBCn NAM-44i HIRHAM5 EC-EARTH Hist Daily Mean Daily Min 2m Temperature',
           'EC-EARTH.RCA4': 'NA-CORDEX MBCn NAM-44i RCA4 EC-EARTH Hist Daily Mean Daily Min 2m Temperature',
           'GEMatm-Can.CRCM5-UQAM': 'NA-CORDEX MBCn NAM-44i CRCM5-UQAM GEMatm-Can Hist Daily Mean Daily Min 2m Temperature',
           'GEMatm-MPI.CRCM5-UQAM': 'NA-CORDEX MBCn NAM-44i CRCM5-UQAM GEMatm-MPI Hist Daily Mean Daily Min 2m Temperature',
           'GFDL-ESM2M.RegCM4': 'NA-CORDEX MBCn NAM-44i RegCM4 GFDL-ESM2M Hist Daily Mean Daily Min 2m Temperature',
           'GFDL-ESM2M.WRF': 'NA-CORDEX MBCn NAM-44i WRF GFDL-ESM2M Hist Daily Mean Daily Min 2m Temperature',
           'HadGEM2-ES.RegCM4': 'NA-CORDEX MBCn NAM-44i RegCM4 HadGEM2-ES Hist Daily Mean Daily Min 2m Temperature',
           'HadGEM2-ES.WRF': 'NA-CORDEX MBCn NAM-44i WRF HadGEM2-ES Hist Daily Mean Daily Min 2m Temperature',
           'MPI-ESM-LR.CRCM5-UQAM': 'NA-CORDEX MBCn NAM-44i CRCM5-UQAM MPI-ESM-LR Hist Daily Mean Daily Min 2m Temperature',
           'MPI-ESM-LR.RegCM4': 'NA-CORDEX MBCn NAM-44i RegCM4 MPI-ESM-LR Hist Daily Mean Daily Min 2m Temperature',
           'MPI-ESM-LR.WRF': 'NA-CORDEX MBCn NAM-44i WRF MPI-ESM-LR Hist Daily Mean Daily Min 2m Temperature',
           'MPI-ESM-MR.CRCM5-UQAM': 'NA-CORDEX MBCn NAM-44i CRCM5-UQAM MPI-ESM-MR Hist Daily Mean Daily Min 2m Temperature'},
 'tracking_id': {'CanESM2.CRCM5-UQAM': '8fb70bfa-3049-41b9-b94c-3067fd15f213',
                 'CanESM2.CanRCM4': '7879f955-fc67-43d5-8119-cbfb83049186',
                 'CanESM2.RCA4': '1b012a1d-02b1-462f-a6c6-3ee1e4767a83',
                 'EC-EARTH.HIRHAM5': '96ebe7b3-8a59-4489-a988-0fe8e8be33fd',
                 'EC-EARTH.RCA4': 'e2b5eefd-25ca-4a5c-9071-537d247aef33',
                 'GEMatm-Can.CRCM5-UQAM': 'df10d6de-d67c-4563-811e-67ec213c00d4',
                 'GEMatm-MPI.CRCM5-UQAM': '79a4a4cd-5ff6-455f-9d1e-554b4887bd56',
                 'GFDL-ESM2M.RegCM4': '06c5d50b-d775-4040-819a-a9e0f6b45b4f',
                 'GFDL-ESM2M.WRF': '50a543b1-782f-40e3-becd-6d42a00c6915',
                 'HadGEM2-ES.RegCM4': '47971655-64d3-432a-9596-54c2a1ac3fda',
                 'HadGEM2-ES.WRF': '954d9e84-79af-4893-a9ff-1cf36f06fff2',
                 'MPI-ESM-LR.CRCM5-UQAM': '0f798796-3ad1-456d-914b-4640567e75b9',
                 'MPI-ESM-LR.RegCM4': '11b0ab32-a39d-4f82-a6d4-9f58ce92b4f3',
                 'MPI-ESM-LR.WRF': 'dd866dd8-bd92-4184-b35e-141ff37ba292',
                 'MPI-ESM-MR.CRCM5-UQAM': '5ec8959e-bd55-4f64-9c3b-966435c5d23d'},
 'version': {'CanESM2.CRCM5-UQAM': '1.1',
             'CanESM2.CanRCM4': '1.2',
             'CanESM2.RCA4': '1.1',
             'EC-EARTH.HIRHAM5': '1.1',
             'EC-EARTH.RCA4': '1.1',
             'GEMatm-Can.CRCM5-UQAM': '1.1',
             'GEMatm-MPI.CRCM5-UQAM': '1.1',
             'GFDL-ESM2M.RegCM4': '1.2',
             'GFDL-ESM2M.WRF': '1.3',
             'HadGEM2-ES.RegCM4': '1.2',
             'HadGEM2-ES.WRF': '1.3',
             'MPI-ESM-LR.CRCM5-UQAM': '1.1',
             'MPI-ESM-LR.RegCM4': '1.3',
             'MPI-ESM-LR.WRF': '2.3',
             'MPI-ESM-MR.CRCM5-UQAM': '3.0'}}
