{'CORDEX_domain': 'NAM-22',
 'contact': {'CanESM2.CanRCM4': 'Seth McGinnis, mcginnis@ucar.edu'},
 'creation_date': {'CanESM2.CanRCM4': '2020-02-20'},
 'driving_experiment': {'CanESM2.CanRCM4': 'CCCma-CanESM2, rcp45, r1i1p1'},
 'driving_experiment_name': 'rcp45',
 'driving_model_ensemble_member': {'CanESM2.CanRCM4': 'r1i1p1'},
 'driving_model_id': {'CanESM2.CanRCM4': 'CCCma-CanESM2'},
 'experiment': 'RCP4.5 run driven by CCCma-CanESM2 ',
 'experiment_id': 'rcp45',
 'frequency': 'ymon',
 'id': 'doi:10.5065/D6SJ1JCH',
 'institution': {'CanESM2.CanRCM4': 'National Center for Atmospheric Research'},
 'model_id': {'CanESM2.CanRCM4': 'CCCma-CanRCM4'},
 'product': 'bias-adjusted-output',
 'project_id': 'CORDEX-Adjust',
 'rcm_version_id': {'CanESM2.CanRCM4': 'r2'},
 'references': {'CanESM2.CanRCM4': 'http://www.cccma.ec.gc.ca/models'},
 'title': {'CanESM2.CanRCM4': 'NA-CORDEX MBCn NAM-22i CanRCM4 CanESM2 RCP4.5 Daily Mean Daily Min 2m Temperature'},
 'tracking_id': {'CanESM2.CanRCM4': '171b07f1-7140-4d43-a727-df2b9f7759f1'},
 'version': {'CanESM2.CanRCM4': '1.2'}}
