{'CORDEX_domain': 'NAM-44',
 'contact': {'CanESM2.CRCM5-UQAM': 'Seth McGinnis, mcginnis@ucar.edu',
             'CanESM2.CanRCM4': 'Seth McGinnis, mcginnis@ucar.edu',
             'CanESM2.RCA4': 'Seth McGinnis, mcginnis@ucar.edu',
             'EC-EARTH.HIRHAM5': 'Seth McGinnis, mcginnis@ucar.edu',
             'EC-EARTH.RCA4': 'Seth McGinnis, mcginnis@ucar.edu',
             'GEMatm-Can.CRCM5-UQAM': 'Seth McGinnis, mcginnis@ucar.edu',
             'GEMatm-MPI.CRCM5-UQAM': 'Seth McGinnis, mcginnis@ucar.edu',
             'GFDL-ESM2M.RegCM4': 'Daryl Herzmann, akrherz@iastate.edu',
             'GFDL-ESM2M.WRF': 'Seth McGinnis, mcginnis@ucar.edu',
             'HadGEM2-ES.RegCM4': 'Daryl Herzmann, akrherz@iastate.edu',
             'HadGEM2-ES.WRF': 'Seth McGinnis, mcginnis@ucar.edu',
             'MPI-ESM-LR.CRCM5-UQAM': 'Seth McGinnis, mcginnis@ucar.edu',
             'MPI-ESM-LR.RegCM4': 'Melissa Bukovsky, bukovsky@ucar.edu',
             'MPI-ESM-LR.WRF': 'Seth McGinnis, mcginnis@ucar.edu',
             'MPI-ESM-MR.CRCM5-UQAM': 'Seth McGinnis, mcginnis@ucar.edu'},
 'contact_note': {'GFDL-ESM2M.RegCM4': 'Simulations by Ray Arritt (deceased)', 'HadGEM2-ES.RegCM4': 'Simulations by Ray Arritt (deceased)'},
 'creation_date': {'CanESM2.CRCM5-UQAM': '2019-10-02',
                   'CanESM2.CanRCM4': '2019-10-02',
                   'CanESM2.RCA4': '2019-10-02',
                   'EC-EARTH.HIRHAM5': '2019-10-02',
                   'EC-EARTH.RCA4': '2019-10-02',
                   'GEMatm-Can.CRCM5-UQAM': '2019-10-02',
                   'GEMatm-MPI.CRCM5-UQAM': '2019-10-02',
                   'GFDL-ESM2M.RegCM4': '2019-10-02',
                   'GFDL-ESM2M.WRF': '2019-10-02',
                   'HadGEM2-ES.RegCM4': '2019-10-02',
                   'HadGEM2-ES.WRF': '2019-10-02',
                   'MPI-ESM-LR.CRCM5-UQAM': '2019-10-02',
                   'MPI-ESM-LR.RegCM4': '2020-02-20',
                   'MPI-ESM-LR.WRF': '2019-10-02',
                   'MPI-ESM-MR.CRCM5-UQAM': '2019-10-02'},
 'driving_experiment': {'CanESM2.CRCM5-UQAM': 'CCCma-CanESM2, rcp85, r1i1p1',
                        'CanESM2.CanRCM4': 'CCCma-CanESM2, rcp85, r1i1p1',
                        'CanESM2.RCA4': 'CCCma-CanESM2, rcp85, r1i1p1',
                        'EC-EARTH.HIRHAM5': 'ICHEC-EC-EARTH,rcp85,r3i1p1',
                        'EC-EARTH.RCA4': 'ICHEC-EC-EARTH, rcp85, r12i1p1',
                        'GEMatm-Can.CRCM5-UQAM': 'UQAM-GEMatm-Can-ESMsea, rcp85, r1i1p1',
                        'GEMatm-MPI.CRCM5-UQAM': 'UQAM-GEMatm-MPI-ESMsea, rcp85, r1i1p1',
                        'GFDL-ESM2M.RegCM4': 'GFDL-ESM2M,rcp85,r1i1p1',
                        'GFDL-ESM2M.WRF': 'GFDL-ESM2M,rcp85,r1i1p1',
                        'HadGEM2-ES.RegCM4': 'HadGEM2-ES,rcp85,r1i1p1',
                        'HadGEM2-ES.WRF': 'HadGEM2-ES,rcp85,r1i1p1',
                        'MPI-ESM-LR.CRCM5-UQAM': 'MPI-M-MPI-ESM-LR, rcp85, r1i1p1',
                        'MPI-ESM-LR.RegCM4': 'MPI-ESM-LR,rcp85,r1i1p1',
                        'MPI-ESM-LR.WRF': 'MPI-ESM-LR,rcp85,r1i1p1',
                        'MPI-ESM-MR.CRCM5-UQAM': 'MPI-M-MPI-ESM-MR, rcp85, r1i1p1'},
 'driving_experiment_name': 'rcp85',
 'driving_model_ensemble_member': {'CanESM2.CRCM5-UQAM': 'r1i1p1',
                                   'CanESM2.CanRCM4': 'r1i1p1',
                                   'CanESM2.RCA4': 'r1i1p1',
                                   'EC-EARTH.HIRHAM5': 'r3i1p1',
                                   'EC-EARTH.RCA4': 'r12i1p1',
                                   'GEMatm-Can.CRCM5-UQAM': 'r1i1p1',
                                   'GEMatm-MPI.CRCM5-UQAM': 'r1i1p1',
                                   'GFDL-ESM2M.RegCM4': 'r1i1p1',
                                   'GFDL-ESM2M.WRF': 'r1i1p1',
                                   'HadGEM2-ES.RegCM4': 'r1i1p1',
                                   'HadGEM2-ES.WRF': 'r1i1p1',
                                   'MPI-ESM-LR.CRCM5-UQAM': 'r1i1p1',
                                   'MPI-ESM-LR.RegCM4': 'r1i1p1',
                                   'MPI-ESM-LR.WRF': 'r1i1p1',
                                   'MPI-ESM-MR.CRCM5-UQAM': 'r1i1p1'},
 'driving_model_id': {'CanESM2.CRCM5-UQAM': 'CCCma-CanESM2',
                      'CanESM2.CanRCM4': 'CCCma-CanESM2',
                      'CanESM2.RCA4': 'CCCma-CanESM2',
                      'EC-EARTH.HIRHAM5': 'ICHEC-EC-EARTH',
                      'EC-EARTH.RCA4': 'ICHEC-EC-EARTH',
                      'GEMatm-Can.CRCM5-UQAM': 'UQAM-GEMatm-Can-ESMsea',
                      'GEMatm-MPI.CRCM5-UQAM': 'UQAM-GEMatm-MPI-ESMsea',
                      'GFDL-ESM2M.RegCM4': 'GFDL-ESM2M',
                      'GFDL-ESM2M.WRF': 'GFDL-ESM2M',
                      'HadGEM2-ES.RegCM4': 'HadGEM2-ES',
                      'HadGEM2-ES.WRF': 'HadGEM2-ES',
                      'MPI-ESM-LR.CRCM5-UQAM': 'MPI-M-MPI-ESM-LR',
                      'MPI-ESM-LR.RegCM4': 'MPI-ESM-LR',
                      'MPI-ESM-LR.WRF': 'MPI-ESM-LR',
                      'MPI-ESM-MR.CRCM5-UQAM': 'MPI-M-MPI-ESM-MR'},
 'experiment': 'rcp85',
 'experiment_id': 'rcp85',
 'frequency': 'sem',
 'id': 'doi:10.5065/D6SJ1JCH',
 'institute_id': {'GFDL-ESM2M.RegCM4': 'ISU',
                  'GFDL-ESM2M.WRF': 'NCAR',
                  'HadGEM2-ES.RegCM4': 'ISU',
                  'HadGEM2-ES.WRF': 'NCAR',
                  'MPI-ESM-LR.RegCM4': 'NCAR',
                  'MPI-ESM-LR.WRF': 'UA'},
 'institution': {'CanESM2.CRCM5-UQAM': 'National Center for Atmospheric Research',
                 'CanESM2.CanRCM4': 'National Center for Atmospheric Research',
                 'CanESM2.RCA4': 'National Center for Atmospheric Research',
                 'EC-EARTH.HIRHAM5': 'National Center for Atmospheric Research',
                 'EC-EARTH.RCA4': 'National Center for Atmospheric Research',
                 'GEMatm-Can.CRCM5-UQAM': 'National Center for Atmospheric Research',
                 'GEMatm-MPI.CRCM5-UQAM': 'National Center for Atmospheric Research',
                 'GFDL-ESM2M.RegCM4': 'Iowa State University',
                 'GFDL-ESM2M.WRF': 'National Center for Atmospheric Research',
                 'HadGEM2-ES.RegCM4': 'Iowa State University',
                 'HadGEM2-ES.WRF': 'National Center for Atmospheric Research',
                 'MPI-ESM-LR.CRCM5-UQAM': 'National Center for Atmospheric Research',
                 'MPI-ESM-LR.RegCM4': 'National Center for Atmospheric Research',
                 'MPI-ESM-LR.WRF': 'University of Arizona',
                 'MPI-ESM-MR.CRCM5-UQAM': 'National Center for Atmospheric Research'},
 'model_id': {'CanESM2.CRCM5-UQAM': 'UQAM-CRCM5',
              'CanESM2.CanRCM4': 'CCCma-CanRCM4',
              'CanESM2.RCA4': 'SMHI-RCA4',
              'EC-EARTH.HIRHAM5': 'DMI-HIRHAM5',
              'EC-EARTH.RCA4': 'SMHI-RCA4',
              'GEMatm-Can.CRCM5-UQAM': 'UQAM-CRCM5',
              'GEMatm-MPI.CRCM5-UQAM': 'UQAM-CRCM5',
              'GFDL-ESM2M.RegCM4': 'ISU-RegCM4',
              'GFDL-ESM2M.WRF': 'NCAR-WRF',
              'HadGEM2-ES.RegCM4': 'ISU-RegCM4',
              'HadGEM2-ES.WRF': 'NCAR-WRF',
              'MPI-ESM-LR.CRCM5-UQAM': 'UQAM-CRCM5',
              'MPI-ESM-LR.RegCM4': 'NCAR-RegCM4',
              'MPI-ESM-LR.WRF': 'UA-WRF',
              'MPI-ESM-MR.CRCM5-UQAM': 'UQAM-CRCM5'},
 'product': 'bias-adjusted-output',
 'project_id': 'CORDEX-Adjust',
 'rcm_version_id': {'CanESM2.CRCM5-UQAM': 'v1',
                    'CanESM2.CanRCM4': 'r2',
                    'CanESM2.RCA4': 'v1',
                    'EC-EARTH.HIRHAM5': 'v1',
                    'EC-EARTH.RCA4': 'v1',
                    'GEMatm-Can.CRCM5-UQAM': 'v1',
                    'GEMatm-MPI.CRCM5-UQAM': 'v1',
                    'GFDL-ESM2M.RegCM4': 'v4.4-rc8',
                    'GFDL-ESM2M.WRF': 'v3.5.1',
                    'HadGEM2-ES.RegCM4': 'v4.4-rc8',
                    'HadGEM2-ES.WRF': 'v3.5.1',
                    'MPI-ESM-LR.CRCM5-UQAM': 'v1',
                    'MPI-ESM-LR.RegCM4': 'v4.4-rc8',
                    'MPI-ESM-LR.WRF': 'v3.5.1',
                    'MPI-ESM-MR.CRCM5-UQAM': 'v1'},
 'references': {'CanESM2.CRCM5-UQAM': 'http://www.mrcc.uqam.ca',
                'CanESM2.CanRCM4': 'http://www.cccma.ec.gc.ca/models',
                'CanESM2.RCA4': 'http://www.smhi.se/en/Research/Research-departments/climate-research-rossby-centre',
                'EC-EARTH.RCA4': 'http://www.smhi.se/en/Research/Research-departments/climate-research-rossby-centre',
                'GEMatm-Can.CRCM5-UQAM': 'http://www.mrcc.uqam.ca',
                'GEMatm-MPI.CRCM5-UQAM': 'http://www.mrcc.uqam.ca',
                'GFDL-ESM2M.RegCM4': 'Elguindi, et al. Regional climate model RegCM user manual version 4.4. The Abdus Salam International Centre '
                                     'for Theoretical Physics, Strada Costiera, Trieste, Italy. (2013).',
                'GFDL-ESM2M.WRF': "Skamarock, et al., 2005. 'A description of the Advanced Research WRF version 2.' NCAR Tech. Note NCAR/TN-468+STR",
                'HadGEM2-ES.RegCM4': 'Elguindi, et al. Regional climate model RegCM user manual version 4.4. The Abdus Salam International Centre '
                                     'for Theoretical Physics, Strada Costiera, Trieste, Italy. (2013).',
                'HadGEM2-ES.WRF': "Skamarock, et al., 2005. 'A description of the Advanced Research WRF version 2.' NCAR Tech. Note NCAR/TN-468+STR",
                'MPI-ESM-LR.CRCM5-UQAM': 'http://www.mrcc.uqam.ca',
                'MPI-ESM-LR.RegCM4': 'Elguindi, et al. Regional climate model RegCM user manual version 4.4. The Abdus Salam International Centre '
                                     'for Theoretical Physics, Strada Costiera, Trieste, Italy. (2013).',
                'MPI-ESM-LR.WRF': "Skamarock, et al., 2005. 'A description of the Advanced Research WRF version 2.' NCAR Tech. Note NCAR/TN-468+STR",
                'MPI-ESM-MR.CRCM5-UQAM': 'http://www.mrcc.uqam.ca'},
 'title': {'CanESM2.CRCM5-UQAM': 'NA-CORDEX MBCn NAM-44i CRCM5-UQAM CanESM2 RCP8.5 Daily Mean Daily Min 2m Temperature',
           'CanESM2.CanRCM4': 'NA-CORDEX MBCn NAM-44i CanRCM4 CanESM2 RCP8.5 Daily Mean Daily Min 2m Temperature',
           'CanESM2.RCA4': 'NA-CORDEX MBCn NAM-44i RCA4 CanESM2 RCP8.5 Daily Mean Daily Min 2m Temperature',
           'EC-EARTH.HIRHAM5': 'NA-CORDEX MBCn NAM-44i HIRHAM5 EC-EARTH RCP8.5 Daily Mean Daily Min 2m Temperature',
           'EC-EARTH.RCA4': 'NA-CORDEX MBCn NAM-44i RCA4 EC-EARTH RCP8.5 Daily Mean Daily Min 2m Temperature',
           'GEMatm-Can.CRCM5-UQAM': 'NA-CORDEX MBCn NAM-44i CRCM5-UQAM GEMatm-Can RCP8.5 Daily Mean Daily Min 2m Temperature',
           'GEMatm-MPI.CRCM5-UQAM': 'NA-CORDEX MBCn NAM-44i CRCM5-UQAM GEMatm-MPI RCP8.5 Daily Mean Daily Min 2m Temperature',
           'GFDL-ESM2M.RegCM4': 'NA-CORDEX MBCn NAM-44i RegCM4 GFDL-ESM2M RCP8.5 Daily Mean Daily Min 2m Temperature',
           'GFDL-ESM2M.WRF': 'NA-CORDEX MBCn NAM-44i WRF GFDL-ESM2M RCP8.5 Daily Mean Daily Min 2m Temperature',
           'HadGEM2-ES.RegCM4': 'NA-CORDEX MBCn NAM-44i RegCM4 HadGEM2-ES RCP8.5 Daily Mean Daily Min 2m Temperature',
           'HadGEM2-ES.WRF': 'NA-CORDEX MBCn NAM-44i WRF HadGEM2-ES RCP8.5 Daily Mean Daily Min 2m Temperature',
           'MPI-ESM-LR.CRCM5-UQAM': 'NA-CORDEX MBCn NAM-44i CRCM5-UQAM MPI-ESM-LR RCP8.5 Daily Mean Daily Min 2m Temperature',
           'MPI-ESM-LR.RegCM4': 'NA-CORDEX MBCn NAM-44i RegCM4 MPI-ESM-LR RCP8.5 Daily Mean Daily Min 2m Temperature',
           'MPI-ESM-LR.WRF': 'NA-CORDEX MBCn NAM-44i WRF MPI-ESM-LR RCP8.5 Daily Mean Daily Min 2m Temperature',
           'MPI-ESM-MR.CRCM5-UQAM': 'NA-CORDEX MBCn NAM-44i CRCM5-UQAM MPI-ESM-MR RCP8.5 Daily Mean Daily Min 2m Temperature'},
 'tracking_id': {'CanESM2.CRCM5-UQAM': 'bdebbd5f-9ed8-443d-8534-957a0289ef4d',
                 'CanESM2.CanRCM4': '9072eedb-badd-454c-aeeb-0d24ab543277',
                 'CanESM2.RCA4': '4a0c71f3-08ab-4e20-8b5a-774260ad4b3c',
                 'EC-EARTH.HIRHAM5': 'd3740082-2741-413c-ab41-1067e18d0bd1',
                 'EC-EARTH.RCA4': '6f57d3d6-ab71-4753-acc7-55e31d649d46',
                 'GEMatm-Can.CRCM5-UQAM': '20d5739a-71fc-4dac-96a8-3daf36470850',
                 'GEMatm-MPI.CRCM5-UQAM': 'cd73edbf-d7be-45bd-bcc4-213fd6dd1dbc',
                 'GFDL-ESM2M.RegCM4': '10fc4c6c-e09d-41ec-adc4-e2d0f870cc77',
                 'GFDL-ESM2M.WRF': 'e21e03c8-487a-40f2-82a8-77e07ca8b1ae',
                 'HadGEM2-ES.RegCM4': '3df2119b-f576-4b0f-bd40-80cf08dbbfaf',
                 'HadGEM2-ES.WRF': '9df44a68-6e21-4b2e-b757-f9cf1abab5f7',
                 'MPI-ESM-LR.CRCM5-UQAM': 'bcd92d57-32b3-47e8-a335-c87ca375711d',
                 'MPI-ESM-LR.RegCM4': '72ed0d42-3d49-478b-82af-28000de7052c',
                 'MPI-ESM-LR.WRF': 'faa29e7d-59ee-4e4e-903e-69a54297a777',
                 'MPI-ESM-MR.CRCM5-UQAM': 'bfd1c140-6da2-4922-8d5d-362ce1db1e63'},
 'version': {'CanESM2.CRCM5-UQAM': '1.1',
             'CanESM2.CanRCM4': '1.2',
             'CanESM2.RCA4': '1.1',
             'EC-EARTH.HIRHAM5': '1.1',
             'EC-EARTH.RCA4': '1.1',
             'GEMatm-Can.CRCM5-UQAM': '1.1',
             'GEMatm-MPI.CRCM5-UQAM': '1.1',
             'GFDL-ESM2M.RegCM4': '1.2',
             'GFDL-ESM2M.WRF': '1.3',
             'HadGEM2-ES.RegCM4': '1.2',
             'HadGEM2-ES.WRF': '1.3',
             'MPI-ESM-LR.CRCM5-UQAM': '1.1',
             'MPI-ESM-LR.RegCM4': '1.3',
             'MPI-ESM-LR.WRF': '2.3',
             'MPI-ESM-MR.CRCM5-UQAM': '3.0'}}
