Warning: non-uniform metadata in attribute:  "experiment"
	First found: "historical" in tmin.hist.MPI-ESM-MR.CRCM5-UQAM.ymon.NAM-44i.mbcn-Daymet.nc
	Then found: "Historical run driven by HadGEM2-ES" in tmin.hist.HadGEM2-ES.RegCM4.ymon.NAM-44i.mbcn-Daymet.nc
	Then found: "Historical run driven by GFDL-ESM2M" in tmin.hist.GFDL-ESM2M.RegCM4.ymon.NAM-44i.mbcn-Daymet.nc
	Then found: "Historical run driven by MPI-ESM-LR" in tmin.hist.MPI-ESM-LR.RegCM4.ymon.NAM-44i.mbcn-Daymet.nc
	Then found: "Historical run using ECEARTH as driving model" in tmin.hist.EC-EARTH.HIRHAM5.ymon.NAM-44i.mbcn-Daymet.nc
	Then found: "Historical run driven by CCCma-CanESM2" in tmin.hist.CanESM2.CanRCM4.ymon.NAM-44i.mbcn-Daymet.nc
	Then found: "Historical run driven by HadGEM2-ES" in tmin.hist.HadGEM2-ES.WRF.ymon.NAM-44i.mbcn-Daymet.nc
	Then found: "Historical run driven by GFDL-ESM2M" in tmin.hist.GFDL-ESM2M.WRF.ymon.NAM-44i.mbcn-Daymet.nc
	Then found: "Historical run driven by MPI-ESM-LR" in tmin.hist.MPI-ESM-LR.WRF.ymon.NAM-44i.mbcn-Daymet.nc

Warning: non-uniform metadata in attribute:  "driving_experiment_name"
	First found: "historical" in tmin.hist.MPI-ESM-MR.CRCM5-UQAM.ymon.NAM-44i.mbcn-Daymet.nc
	Then found: "HadGEM2-ES" in tmin.hist.HadGEM2-ES.RegCM4.ymon.NAM-44i.mbcn-Daymet.nc
	Then found: "GFDL-ESM2M" in tmin.hist.GFDL-ESM2M.RegCM4.ymon.NAM-44i.mbcn-Daymet.nc
	Then found: "MPI-ESM-LR" in tmin.hist.MPI-ESM-LR.RegCM4.ymon.NAM-44i.mbcn-Daymet.nc

Warning: missing attribute:  "references"
	Missing from:  tmin.hist.EC-EARTH.HIRHAM5.ymon.NAM-44i.mbcn-Daymet.nc

Warning: missing attribute:  "institute_id"
	Missing from:  tmin.hist.MPI-ESM-MR.CRCM5-UQAM.ymon.NAM-44i.mbcn-Daymet.nc
	Missing from:  tmin.hist.GEMatm-Can.CRCM5-UQAM.ymon.NAM-44i.mbcn-Daymet.nc
	Missing from:  tmin.hist.MPI-ESM-LR.CRCM5-UQAM.ymon.NAM-44i.mbcn-Daymet.nc
	Missing from:  tmin.hist.CanESM2.CRCM5-UQAM.ymon.NAM-44i.mbcn-Daymet.nc
	Missing from:  tmin.hist.GEMatm-MPI.CRCM5-UQAM.ymon.NAM-44i.mbcn-Daymet.nc
	Missing from:  tmin.hist.EC-EARTH.HIRHAM5.ymon.NAM-44i.mbcn-Daymet.nc
	Missing from:  tmin.hist.EC-EARTH.RCA4.ymon.NAM-44i.mbcn-Daymet.nc
	Missing from:  tmin.hist.CanESM2.RCA4.ymon.NAM-44i.mbcn-Daymet.nc
	Missing from:  tmin.hist.CanESM2.CanRCM4.ymon.NAM-44i.mbcn-Daymet.nc

