{'CORDEX_domain': 'NAM-22',
 'contact': {'CanESM2.CanRCM4': 'cccma_info@ec.gc.ca',
             'GFDL-ESM2M.RegCM4': 'Daryl Herzmann, akrherz@iastate.edu',
             'GFDL-ESM2M.WRF': 'Melissa Bukovsky, bukovsky@ucar.edu',
             'HadGEM2-ES.RegCM4': 'Daryl Herzmann, akrherz@iastate.edu',
             'HadGEM2-ES.WRF': 'Melissa Bukovsky, bukovsky@ucar.edu',
             'MPI-ESM-LR.RegCM4': 'Melissa Bukovsky, bukovsky@ucar.edu',
             'MPI-ESM-LR.WRF': 'Melissa Bukovsky, bukovsky@ucar.edu'},
 'contact_note': {'GFDL-ESM2M.RegCM4': 'Simulations by Ray Arritt (deceased)',
                  'HadGEM2-ES.RegCM4': 'Simulations by Ray Arritt (deceased)',
                  'MPI-ESM-LR.WRF': 'Simulations by Hsin-I Chang, hchang@atmo.arizona.edu'},
 'creation_date': {'CanESM2.CanRCM4': '2012-12-03 21:23:37',
                   'GFDL-ESM2M.RegCM4': '2015-03-16T03:20:57Z',
                   'GFDL-ESM2M.WRF': '2016-11-13T03:41:00Z',
                   'HadGEM2-ES.RegCM4': '2017-01-01T00:00:00Z',
                   'HadGEM2-ES.WRF': '2017-02-16T19:39:00Z',
                   'MPI-ESM-LR.RegCM4': '2017-12-06T00:00:00Z',
                   'MPI-ESM-LR.WRF': '2017-12-06T00:00:00Z'},
 'driving_experiment': {'CanESM2.CanRCM4': 'CCCma-CanESM2, rcp85, r1i1p1',
                        'GFDL-ESM2M.RegCM4': 'GFDL-ESM2M,rcp85,r1i1p1',
                        'GFDL-ESM2M.WRF': 'GFDL-ESM2M,rcp85,r1i1p1',
                        'HadGEM2-ES.RegCM4': 'HadGEM2-ES,historical,r1i1p1',
                        'HadGEM2-ES.WRF': 'HadGEM2-ES,rcp85,r1i1p1',
                        'MPI-ESM-LR.RegCM4': 'MPI-ESM-LR,rcp85,r1i1p1',
                        'MPI-ESM-LR.WRF': 'MPI-ESM-LR,rcp85,r1i1p1'},
 'driving_experiment_name': 'HadGEM2-ES',
 'driving_model_ensemble_member': {'CanESM2.CanRCM4': 'r1i1p1',
                                   'GFDL-ESM2M.RegCM4': 'r1i1p1',
                                   'GFDL-ESM2M.WRF': 'r1i1p1',
                                   'HadGEM2-ES.RegCM4': 'r1i1p1',
                                   'HadGEM2-ES.WRF': 'r1i1p1',
                                   'MPI-ESM-LR.RegCM4': 'r1i1p1',
                                   'MPI-ESM-LR.WRF': 'r1i1p1'},
 'driving_model_id': {'CanESM2.CanRCM4': 'CCCma-CanESM2',
                      'GFDL-ESM2M.RegCM4': 'GFDL-ESM2M',
                      'GFDL-ESM2M.WRF': 'GFDL-ESM2M',
                      'HadGEM2-ES.RegCM4': 'HadGEM2-ES',
                      'HadGEM2-ES.WRF': 'HadGEM2-ES',
                      'MPI-ESM-LR.RegCM4': 'MPI-ESM-LR',
                      'MPI-ESM-LR.WRF': 'MPI-ESM-LR'},
 'experiment': 'Scenario experiment using HadGEM2-ES as driving model',
 'experiment_id': 'rcp85',
 'frequency': 'yseas',
 'id': 'doi:10.5065/D6SJ1JCH',
 'institute_id': {'CanESM2.CanRCM4': 'CCCma',
                  'GFDL-ESM2M.RegCM4': 'ISU',
                  'GFDL-ESM2M.WRF': 'NCAR',
                  'HadGEM2-ES.RegCM4': 'ISU',
                  'HadGEM2-ES.WRF': 'NCAR',
                  'MPI-ESM-LR.RegCM4': 'NCAR',
                  'MPI-ESM-LR.WRF': 'UA'},
 'institution': {'CanESM2.CanRCM4': 'CCCma (Canadian Centre for Climate Modelling and Analysis, Victoria, BC, Canada)',
                 'GFDL-ESM2M.RegCM4': 'Iowa State University',
                 'GFDL-ESM2M.WRF': 'National Center for Atmospheric Research',
                 'HadGEM2-ES.RegCM4': 'Iowa State University',
                 'HadGEM2-ES.WRF': 'National Center for Atmospheric Research',
                 'MPI-ESM-LR.RegCM4': 'National Center for Atmospheric Research',
                 'MPI-ESM-LR.WRF': 'University of Arizona'},
 'model_id': {'CanESM2.CanRCM4': 'CCCma-CanRCM4',
              'GFDL-ESM2M.RegCM4': 'ISU-RegCM4',
              'GFDL-ESM2M.WRF': 'NCAR-WRF',
              'HadGEM2-ES.RegCM4': 'ISU-RegCM4',
              'HadGEM2-ES.WRF': 'NCAR-WRF',
              'MPI-ESM-LR.RegCM4': 'NCAR-RegCM4',
              'MPI-ESM-LR.WRF': 'UA-WRF'},
 'product': 'output',
 'project_id': 'CORDEX',
 'rcm_version_id': {'CanESM2.CanRCM4': 'r2',
                    'GFDL-ESM2M.RegCM4': 'v4.4-rc8',
                    'GFDL-ESM2M.WRF': 'v3.5.1',
                    'HadGEM2-ES.RegCM4': 'v4.4-rc8',
                    'HadGEM2-ES.WRF': 'v3.5.1',
                    'MPI-ESM-LR.RegCM4': 'v4.4-rc8',
                    'MPI-ESM-LR.WRF': 'v3.5.1'},
 'references': {'CanESM2.CanRCM4': 'http://www.cccma.ec.gc.ca/models',
                'GFDL-ESM2M.RegCM4': 'Elguindi, et al. Regional climate model RegCM user manual version 4.4. The Abdus Salam International Centre '
                                     'for Theoretical Physics, Strada Costiera, Trieste, Italy. (2013).',
                'GFDL-ESM2M.WRF': "Skamarock, et al., 2005. 'A description of the Advanced Research WRF version 2.' NCAR Tech. Note NCAR/TN-468+STR",
                'HadGEM2-ES.RegCM4': 'Elguindi, et al. Regional climate model RegCM user manual version 4.4. The Abdus Salam International Centre '
                                     'for Theoretical Physics, Strada Costiera, Trieste, Italy. (2013).',
                'HadGEM2-ES.WRF': "Skamarock, et al., 2005. 'A description of the Advanced Research WRF version 2.' NCAR Tech. Note NCAR/TN-468+STR",
                'MPI-ESM-LR.RegCM4': 'Elguindi, et al. Regional climate model RegCM user manual version 4.4. The Abdus Salam International Centre '
                                     'for Theoretical Physics, Strada Costiera, Trieste, Italy. (2013).',
                'MPI-ESM-LR.WRF': "Skamarock, et al., 2005. 'A description of the Advanced Research WRF version 2.' NCAR Tech. Note NCAR/TN-468+STR"},
 'title': {'CanESM2.CanRCM4': 'NA-CORDEX Raw NAM-22 CanRCM4 CanESM2 RCP8.5 Seasonal Climatology of Daily Min 2m Temperature',
           'GFDL-ESM2M.RegCM4': 'NA-CORDEX Raw NAM-22 RegCM4 GFDL-ESM2M RCP8.5 Seasonal Climatology of Daily Min 2m Temperature',
           'GFDL-ESM2M.WRF': 'NA-CORDEX Raw NAM-22 WRF GFDL-ESM2M RCP8.5 Seasonal Climatology of Daily Min 2m Temperature',
           'HadGEM2-ES.RegCM4': 'NA-CORDEX Raw NAM-22 RegCM4 HadGEM2-ES RCP8.5 Seasonal Climatology of Daily Min 2m Temperature',
           'HadGEM2-ES.WRF': 'NA-CORDEX Raw NAM-22 WRF HadGEM2-ES RCP8.5 Seasonal Climatology of Daily Min 2m Temperature',
           'MPI-ESM-LR.RegCM4': 'NA-CORDEX Raw NAM-22 RegCM4 MPI-ESM-LR RCP8.5 Seasonal Climatology of Daily Min 2m Temperature',
           'MPI-ESM-LR.WRF': 'NA-CORDEX Raw NAM-22 WRF MPI-ESM-LR RCP8.5 Seasonal Climatology of Daily Min 2m Temperature'},
 'tracking_id': {'CanESM2.CanRCM4': '7b2dc4e4-39e5-4f17-92d7-db67f78b0e13',
                 'GFDL-ESM2M.RegCM4': '82c34001-28ab-47d5-9bb0-1cc75ea9c551',
                 'GFDL-ESM2M.WRF': '3464af8e-2f8e-4847-998f-146182faf1ad',
                 'HadGEM2-ES.RegCM4': '8809aba0-cc51-480f-a3ae-70319f5495aa',
                 'HadGEM2-ES.WRF': 'e16c2ef5-8a48-45ff-a4dd-4cd5ce785ef1',
                 'MPI-ESM-LR.RegCM4': 'e711be0a-7f7a-4ce9-8080-877882d42f37',
                 'MPI-ESM-LR.WRF': '64c0c947-e9b3-4ffc-9a9d-cd04db201d65'},
 'version': {'CanESM2.CanRCM4': '1.2',
             'GFDL-ESM2M.RegCM4': '1.4',
             'GFDL-ESM2M.WRF': '1.3',
             'HadGEM2-ES.RegCM4': '1.4',
             'HadGEM2-ES.WRF': '1.3',
             'MPI-ESM-LR.RegCM4': '1.4',
             'MPI-ESM-LR.WRF': '2.3'}}
