driving_experiment_name	"rcp85"	tmin.rcp85.MPI-ESM-MR.CRCM5-UQAM.day.NAM-22i.mbcn-Daymet.nc
driving_experiment_name	"rcp85"	tmin.rcp85.GEMatm-Can.CRCM5-UQAM.day.NAM-22i.mbcn-Daymet.nc
driving_experiment_name	"rcp85"	tmin.rcp85.MPI-ESM-LR.CRCM5-UQAM.day.NAM-22i.mbcn-Daymet.nc
driving_experiment_name	"rcp85"	tmin.rcp85.CanESM2.CRCM5-UQAM.day.NAM-22i.mbcn-Daymet.nc
driving_experiment_name	"rcp85"	tmin.rcp85.GEMatm-MPI.CRCM5-UQAM.day.NAM-22i.mbcn-Daymet.nc
driving_experiment_name	"HadGEM2-ES"	tmin.rcp85.HadGEM2-ES.RegCM4.day.NAM-22i.mbcn-Daymet.nc
driving_experiment_name	"GFDL-ESM2M"	tmin.rcp85.GFDL-ESM2M.RegCM4.day.NAM-22i.mbcn-Daymet.nc
driving_experiment_name	"MPI-ESM-LR"	tmin.rcp85.MPI-ESM-LR.RegCM4.day.NAM-22i.mbcn-Daymet.nc
driving_experiment_name	"rcp85"	tmin.rcp85.CanESM2.CanRCM4.day.NAM-22i.mbcn-Daymet.nc
driving_experiment_name	"rcp85"	tmin.rcp85.HadGEM2-ES.WRF.day.NAM-22i.mbcn-Daymet.nc
driving_experiment_name	"rcp85"	tmin.rcp85.GFDL-ESM2M.WRF.day.NAM-22i.mbcn-Daymet.nc
driving_experiment_name	"rcp85"	tmin.rcp85.MPI-ESM-LR.WRF.day.NAM-22i.mbcn-Daymet.nc
cell_methods	"time: minimum"	tmin.rcp85.MPI-ESM-MR.CRCM5-UQAM.day.NAM-22i.mbcn-Daymet.nc
cell_methods	"time: minimum"	tmin.rcp85.GEMatm-Can.CRCM5-UQAM.day.NAM-22i.mbcn-Daymet.nc
cell_methods	"time: minimum"	tmin.rcp85.MPI-ESM-LR.CRCM5-UQAM.day.NAM-22i.mbcn-Daymet.nc
cell_methods	"time: minimum"	tmin.rcp85.CanESM2.CRCM5-UQAM.day.NAM-22i.mbcn-Daymet.nc
cell_methods	"time: minimum"	tmin.rcp85.GEMatm-MPI.CRCM5-UQAM.day.NAM-22i.mbcn-Daymet.nc
cell_methods	"time: minimum"	tmin.rcp85.HadGEM2-ES.RegCM4.day.NAM-22i.mbcn-Daymet.nc
cell_methods	"time: minimum"	tmin.rcp85.GFDL-ESM2M.RegCM4.day.NAM-22i.mbcn-Daymet.nc
cell_methods	"time: minimum"	tmin.rcp85.MPI-ESM-LR.RegCM4.day.NAM-22i.mbcn-Daymet.nc
cell_methods	"time:minimum"	tmin.rcp85.CanESM2.CanRCM4.day.NAM-22i.mbcn-Daymet.nc
cell_methods	"time: minimum"	tmin.rcp85.HadGEM2-ES.WRF.day.NAM-22i.mbcn-Daymet.nc
cell_methods	"time: minimum"	tmin.rcp85.GFDL-ESM2M.WRF.day.NAM-22i.mbcn-Daymet.nc
cell_methods	"time: minimum"	tmin.rcp85.MPI-ESM-LR.WRF.day.NAM-22i.mbcn-Daymet.nc
bias_correction	"MBCN using Daymet obs"	tmin.rcp85.MPI-ESM-MR.CRCM5-UQAM.day.NAM-22i.mbcn-Daymet.nc
bias_correction	"MBCN using Daymet obs"	tmin.rcp85.GEMatm-Can.CRCM5-UQAM.day.NAM-22i.mbcn-Daymet.nc
bias_correction	"MBCN using Daymet obs"	tmin.rcp85.MPI-ESM-LR.CRCM5-UQAM.day.NAM-22i.mbcn-Daymet.nc
bias_correction	"MBCN using Daymet obs"	tmin.rcp85.CanESM2.CRCM5-UQAM.day.NAM-22i.mbcn-Daymet.nc
bias_correction	"MBCN using Daymet obs"	tmin.rcp85.GEMatm-MPI.CRCM5-UQAM.day.NAM-22i.mbcn-Daymet.nc
bias_correction	"MBCn using Daymet obs"	tmin.rcp85.HadGEM2-ES.RegCM4.day.NAM-22i.mbcn-Daymet.nc
bias_correction	"MBCN using Daymet obs"	tmin.rcp85.GFDL-ESM2M.RegCM4.day.NAM-22i.mbcn-Daymet.nc
bias_correction	"MBCN using Daymet obs"	tmin.rcp85.MPI-ESM-LR.RegCM4.day.NAM-22i.mbcn-Daymet.nc
bias_correction	"MBCN using Daymet obs"	tmin.rcp85.CanESM2.CanRCM4.day.NAM-22i.mbcn-Daymet.nc
bias_correction	"MBCN using Daymet obs"	tmin.rcp85.HadGEM2-ES.WRF.day.NAM-22i.mbcn-Daymet.nc
bias_correction	"MBCN using Daymet obs"	tmin.rcp85.GFDL-ESM2M.WRF.day.NAM-22i.mbcn-Daymet.nc
bias_correction	"MBCN using Daymet obs"	tmin.rcp85.MPI-ESM-LR.WRF.day.NAM-22i.mbcn-Daymet.nc
