{'CORDEX_domain': 'NAM-44',
 'contact': {'CanESM2.CRCM5-UQAM': 'Winger.Katja@uqam.ca',
             'CanESM2.CanRCM4': 'cccma_info@ec.gc.ca',
             'CanESM2.RCA4': 'rossby.cordex@smhi.se',
             'EC-EARTH.HIRHAM5': 'obc@dmi.dk',
             'EC-EARTH.RCA4': 'rossby.cordex@smhi.se',
             'GFDL-ESM2M.RegCM4': 'Daryl Herzmann, akrherz@iastate.edu',
             'GFDL-ESM2M.WRF': 'Melissa Bukovsky, bukovsky@ucar.edu',
             'HadGEM2-ES.RegCM4': 'Daryl Herzmann, akrherz@iastate.edu',
             'HadGEM2-ES.WRF': 'Melissa Bukovsky, bukovsky@ucar.edu',
             'MPI-ESM-LR.RegCM4': 'Melissa Bukovsky, bukovsky@ucar.edu',
             'MPI-ESM-LR.WRF': 'Melissa Bukovsky, bukovsky@ucar.edu'},
 'contact_note': {'GFDL-ESM2M.RegCM4': 'Simulations by Ray Arritt (deceased)',
                  'HadGEM2-ES.RegCM4': 'Simulations by Ray Arritt (deceased)',
                  'MPI-ESM-LR.WRF': 'Simulations by Hsin-I Chang, hchang@atmo.arizona.edu'},
 'creation_date': {'CanESM2.CRCM5-UQAM': '2016-06-22T17:28:54Z',
                   'CanESM2.CanRCM4': '2012-06-29 23:47:31',
                   'CanESM2.RCA4': '2014-02-07-T15:36:21Z',
                   'EC-EARTH.HIRHAM5': '2012-11-25 22:31:34',
                   'EC-EARTH.RCA4': '2014-02-07-T15:34:14Z',
                   'GFDL-ESM2M.RegCM4': '2014-04-08T11:34:49Z',
                   'GFDL-ESM2M.WRF': '2016-11-17T16:48:10Z',
                   'HadGEM2-ES.RegCM4': '2016-07-17T11:56:45Z',
                   'HadGEM2-ES.WRF': '2017-02-22T02:27:00Z',
                   'MPI-ESM-LR.RegCM4': '2017-10-10T00:00:00Z',
                   'MPI-ESM-LR.WRF': '2017-10-10T00:00:00Z'},
 'driving_experiment': {'CanESM2.CRCM5-UQAM': 'CCCma-CanESM2, rcp85, r1i1p1',
                        'CanESM2.CanRCM4': 'CCCma-CanESM2, rcp85, r1i1p1',
                        'CanESM2.RCA4': 'CCCma-CanESM2, rcp85, r1i1p1',
                        'EC-EARTH.HIRHAM5': 'ICHEC-EC-EARTH,rcp85,r3i1p1',
                        'EC-EARTH.RCA4': 'ICHEC-EC-EARTH, rcp85, r12i1p1',
                        'GFDL-ESM2M.RegCM4': 'GFDL-ESM2M,rcp85,r1i1p1',
                        'GFDL-ESM2M.WRF': 'GFDL-ESM2M,rcp85,r1i1p1',
                        'HadGEM2-ES.RegCM4': 'HadGEM2-ES,rcp85,r1i1p1',
                        'HadGEM2-ES.WRF': 'HadGEM2-ES,rcp85,r1i1p1',
                        'MPI-ESM-LR.RegCM4': 'MPI-ESM-LR,rcp85,r1i1p1',
                        'MPI-ESM-LR.WRF': 'MPI-ESM-LR,rcp85,r1i1p1'},
 'driving_experiment_name': 'rcp85',
 'driving_model_ensemble_member': {'CanESM2.CRCM5-UQAM': 'r1i1p1',
                                   'CanESM2.CanRCM4': 'r1i1p1',
                                   'CanESM2.RCA4': 'r1i1p1',
                                   'EC-EARTH.HIRHAM5': 'r3i1p1',
                                   'EC-EARTH.RCA4': 'r12i1p1',
                                   'GFDL-ESM2M.RegCM4': 'r1i1p1',
                                   'GFDL-ESM2M.WRF': 'r1i1p1',
                                   'HadGEM2-ES.RegCM4': 'r1i1p1',
                                   'HadGEM2-ES.WRF': 'r1i1p1',
                                   'MPI-ESM-LR.RegCM4': 'r1i1p1',
                                   'MPI-ESM-LR.WRF': 'r1i1p1'},
 'driving_model_id': {'CanESM2.CRCM5-UQAM': 'CCCma-CanESM2',
                      'CanESM2.CanRCM4': 'CCCma-CanESM2',
                      'CanESM2.RCA4': 'CCCma-CanESM2',
                      'EC-EARTH.HIRHAM5': 'ICHEC-EC-EARTH',
                      'EC-EARTH.RCA4': 'ICHEC-EC-EARTH',
                      'GFDL-ESM2M.RegCM4': 'GFDL-ESM2M',
                      'GFDL-ESM2M.WRF': 'GFDL-ESM2M',
                      'HadGEM2-ES.RegCM4': 'HadGEM2-ES',
                      'HadGEM2-ES.WRF': 'HadGEM2-ES',
                      'MPI-ESM-LR.RegCM4': 'MPI-ESM-LR',
                      'MPI-ESM-LR.WRF': 'MPI-ESM-LR'},
 'experiment': 'rcp85',
 'experiment_id': 'rcp85',
 'frequency': 'yseas',
 'id': 'doi:10.5065/D6SJ1JCH',
 'institute_id': {'CanESM2.CRCM5-UQAM': 'UQAM',
                  'CanESM2.CanRCM4': 'CCCma',
                  'CanESM2.RCA4': 'SMHI',
                  'EC-EARTH.HIRHAM5': 'DMI',
                  'EC-EARTH.RCA4': 'SMHI',
                  'GFDL-ESM2M.RegCM4': 'ISU',
                  'GFDL-ESM2M.WRF': 'NCAR',
                  'HadGEM2-ES.RegCM4': 'ISU',
                  'HadGEM2-ES.WRF': 'NCAR',
                  'MPI-ESM-LR.RegCM4': 'NCAR',
                  'MPI-ESM-LR.WRF': 'UA'},
 'institution': {'CanESM2.CRCM5-UQAM': 'Universite du Quebec a Montreal',
                 'CanESM2.CanRCM4': 'CCCma (Canadian Centre for Climate Modelling and Analysis, Victoria, BC, Canada)',
                 'CanESM2.RCA4': 'Swedish Meteorological and Hydrological Institute, Rossby Centre',
                 'EC-EARTH.HIRHAM5': 'Danish Meteorological Institute',
                 'EC-EARTH.RCA4': 'Swedish Meteorological and Hydrological Institute, Rossby Centre',
                 'GFDL-ESM2M.RegCM4': 'Iowa State University',
                 'GFDL-ESM2M.WRF': 'National Center for Atmospheric Research',
                 'HadGEM2-ES.RegCM4': 'Iowa State University',
                 'HadGEM2-ES.WRF': 'National Center for Atmospheric Research',
                 'MPI-ESM-LR.RegCM4': 'National Center for Atmospheric Research',
                 'MPI-ESM-LR.WRF': 'University of Arizona'},
 'model_id': {'CanESM2.CRCM5-UQAM': 'UQAM-CRCM5',
              'CanESM2.CanRCM4': 'CCCma-CanRCM4',
              'CanESM2.RCA4': 'SMHI-RCA4',
              'EC-EARTH.HIRHAM5': 'DMI-HIRHAM5',
              'EC-EARTH.RCA4': 'SMHI-RCA4',
              'GFDL-ESM2M.RegCM4': 'ISU-RegCM4',
              'GFDL-ESM2M.WRF': 'NCAR-WRF',
              'HadGEM2-ES.RegCM4': 'ISU-RegCM4',
              'HadGEM2-ES.WRF': 'NCAR-WRF',
              'MPI-ESM-LR.RegCM4': 'NCAR-RegCM4',
              'MPI-ESM-LR.WRF': 'UA-WRF'},
 'product': 'output',
 'project_id': 'CORDEX',
 'rcm_version_id': {'CanESM2.CRCM5-UQAM': 'v1',
                    'CanESM2.CanRCM4': 'r2',
                    'CanESM2.RCA4': 'v1',
                    'EC-EARTH.HIRHAM5': 'v1',
                    'EC-EARTH.RCA4': 'v1',
                    'GFDL-ESM2M.RegCM4': 'v4.4-rc8',
                    'GFDL-ESM2M.WRF': 'v3.5.1',
                    'HadGEM2-ES.RegCM4': 'v4.4-rc8',
                    'HadGEM2-ES.WRF': 'v3.5.1',
                    'MPI-ESM-LR.RegCM4': 'v4.4-rc8',
                    'MPI-ESM-LR.WRF': 'v3.5.1'},
 'references': {'CanESM2.CRCM5-UQAM': 'http://www.mrcc.uqam.ca',
                'CanESM2.CanRCM4': 'http://www.cccma.ec.gc.ca/models',
                'CanESM2.RCA4': 'http://www.smhi.se/en/Research/Research-departments/climate-research-rossby-centre',
                'EC-EARTH.RCA4': 'http://www.smhi.se/en/Research/Research-departments/climate-research-rossby-centre',
                'GFDL-ESM2M.RegCM4': 'Elguindi, et al. Regional climate model RegCM user manual version 4.4. The Abdus Salam International Centre '
                                     'for Theoretical Physics, Strada Costiera, Trieste, Italy. (2013).',
                'GFDL-ESM2M.WRF': "Skamarock, et al., 2005. 'A description of the Advanced Research WRF version 2.' NCAR Tech. Note NCAR/TN-468+STR",
                'HadGEM2-ES.RegCM4': 'Elguindi, et al. Regional climate model RegCM user manual version 4.4. The Abdus Salam International Centre '
                                     'for Theoretical Physics, Strada Costiera, Trieste, Italy. (2013).',
                'HadGEM2-ES.WRF': "Skamarock, et al., 2005. 'A description of the Advanced Research WRF version 2.' NCAR Tech. Note NCAR/TN-468+STR",
                'MPI-ESM-LR.RegCM4': 'Elguindi, et al. Regional climate model RegCM user manual version 4.4. The Abdus Salam International Centre '
                                     'for Theoretical Physics, Strada Costiera, Trieste, Italy. (2013).',
                'MPI-ESM-LR.WRF': "Skamarock, et al., 2005. 'A description of the Advanced Research WRF version 2.' NCAR Tech. Note NCAR/TN-468+STR"},
 'title': {'CanESM2.CRCM5-UQAM': 'NA-CORDEX Raw NAM-44 CRCM5-UQAM CanESM2 RCP8.5 Seasonal Climatology of Daily Min 2m Temperature',
           'CanESM2.CanRCM4': 'NA-CORDEX Raw NAM-44 CanRCM4 CanESM2 RCP8.5 Seasonal Climatology of Daily Min 2m Temperature',
           'CanESM2.RCA4': 'NA-CORDEX Raw NAM-44 RCA4 CanESM2 RCP8.5 Seasonal Climatology of Daily Min 2m Temperature',
           'EC-EARTH.HIRHAM5': 'NA-CORDEX Raw NAM-44 HIRHAM5 EC-EARTH RCP8.5 Seasonal Climatology of Daily Min 2m Temperature',
           'EC-EARTH.RCA4': 'NA-CORDEX Raw NAM-44 RCA4 EC-EARTH RCP8.5 Seasonal Climatology of Daily Min 2m Temperature',
           'GFDL-ESM2M.RegCM4': 'NA-CORDEX Raw NAM-44 RegCM4 GFDL-ESM2M RCP8.5 Seasonal Climatology of Daily Min 2m Temperature',
           'GFDL-ESM2M.WRF': 'NA-CORDEX Raw NAM-44 WRF GFDL-ESM2M RCP8.5 Seasonal Climatology of Daily Min 2m Temperature',
           'HadGEM2-ES.RegCM4': 'NA-CORDEX Raw NAM-44 RegCM4 HadGEM2-ES RCP8.5 Seasonal Climatology of Daily Min 2m Temperature',
           'HadGEM2-ES.WRF': 'NA-CORDEX Raw NAM-44 WRF HadGEM2-ES RCP8.5 Seasonal Climatology of Daily Min 2m Temperature',
           'MPI-ESM-LR.RegCM4': 'NA-CORDEX Raw NAM-44 RegCM4 MPI-ESM-LR RCP8.5 Seasonal Climatology of Daily Min 2m Temperature',
           'MPI-ESM-LR.WRF': 'NA-CORDEX Raw NAM-44 WRF MPI-ESM-LR RCP8.5 Seasonal Climatology of Daily Min 2m Temperature'},
 'tracking_id': {'CanESM2.CRCM5-UQAM': '24663722-06cd-4896-991e-1a11a5aa9879',
                 'CanESM2.CanRCM4': '5d90fced-51f6-493e-a249-e414fe97abe7',
                 'CanESM2.RCA4': '36bd62c2-edad-43ef-98af-a788e8df72df',
                 'EC-EARTH.HIRHAM5': 'a430af93-0401-4329-8856-111e1b9439bf',
                 'EC-EARTH.RCA4': '741dacc9-ff3c-4ac9-b343-a8ae66f33346',
                 'GFDL-ESM2M.RegCM4': '4f786986-3639-4337-9127-57a2e11c0350',
                 'GFDL-ESM2M.WRF': '667efec3-fdd4-45ba-bb16-ac5aff6e89a3',
                 'HadGEM2-ES.RegCM4': '75f55b4e-bcd6-423a-859b-77019d272d6f',
                 'HadGEM2-ES.WRF': '37c07244-5c4b-45b1-850f-9058624dd84c',
                 'MPI-ESM-LR.RegCM4': 'f325abff-6893-4ff9-a668-d9c47f22a2bd',
                 'MPI-ESM-LR.WRF': 'f817e005-6f90-4286-aac1-4c61a1b865c0'},
 'version': {'CanESM2.CRCM5-UQAM': '1.2',
             'CanESM2.CanRCM4': '1.2',
             'CanESM2.RCA4': '1.1',
             'EC-EARTH.HIRHAM5': '1.1',
             'EC-EARTH.RCA4': '1.1',
             'GFDL-ESM2M.RegCM4': '1.3',
             'GFDL-ESM2M.WRF': '1.3',
             'HadGEM2-ES.RegCM4': '1.3',
             'HadGEM2-ES.WRF': '1.3',
             'MPI-ESM-LR.RegCM4': '1.3',
             'MPI-ESM-LR.WRF': '2.3'}}
