Warning: non-uniform metadata in attribute:  "experiment"
	First found: "rcp85" in tmin.rcp85.MPI-ESM-MR.CRCM5-UQAM.ann.NAM-22i.mbcn-Daymet.nc
	Then found: "Scenario experiment using HadGEM2-ES as driving model" in tmin.rcp85.HadGEM2-ES.RegCM4.ann.NAM-22i.mbcn-Daymet.nc
	Then found: "Scenario experiment using GFDL-ESM2M as driving model" in tmin.rcp85.GFDL-ESM2M.RegCM4.ann.NAM-22i.mbcn-Daymet.nc
	Then found: "Scenario experiment using MPI-ESM-LR as driving model" in tmin.rcp85.MPI-ESM-LR.RegCM4.ann.NAM-22i.mbcn-Daymet.nc
	Then found: "RCP8.5 run driven by CCCma-CanESM2 " in tmin.rcp85.CanESM2.CanRCM4.ann.NAM-22i.mbcn-Daymet.nc
	Then found: "Scenario experiment using HadGEM2-ES as driving model" in tmin.rcp85.HadGEM2-ES.WRF.ann.NAM-22i.mbcn-Daymet.nc
	Then found: "Scenario experiment using GFDL-ESM2M as driving model" in tmin.rcp85.GFDL-ESM2M.WRF.ann.NAM-22i.mbcn-Daymet.nc
	Then found: "Scenario experiment using MPI-ESM-LR as driving model" in tmin.rcp85.MPI-ESM-LR.WRF.ann.NAM-22i.mbcn-Daymet.nc

Warning: non-uniform metadata in attribute:  "driving_experiment_name"
	First found: "rcp85" in tmin.rcp85.MPI-ESM-MR.CRCM5-UQAM.ann.NAM-22i.mbcn-Daymet.nc
	Then found: "HadGEM2-ES" in tmin.rcp85.HadGEM2-ES.RegCM4.ann.NAM-22i.mbcn-Daymet.nc
	Then found: "GFDL-ESM2M" in tmin.rcp85.GFDL-ESM2M.RegCM4.ann.NAM-22i.mbcn-Daymet.nc
	Then found: "MPI-ESM-LR" in tmin.rcp85.MPI-ESM-LR.RegCM4.ann.NAM-22i.mbcn-Daymet.nc

Warning: missing attribute:  "institute_id"
	Missing from:  tmin.rcp85.MPI-ESM-MR.CRCM5-UQAM.ann.NAM-22i.mbcn-Daymet.nc
	Missing from:  tmin.rcp85.GEMatm-Can.CRCM5-UQAM.ann.NAM-22i.mbcn-Daymet.nc
	Missing from:  tmin.rcp85.MPI-ESM-LR.CRCM5-UQAM.ann.NAM-22i.mbcn-Daymet.nc
	Missing from:  tmin.rcp85.CanESM2.CRCM5-UQAM.ann.NAM-22i.mbcn-Daymet.nc
	Missing from:  tmin.rcp85.GEMatm-MPI.CRCM5-UQAM.ann.NAM-22i.mbcn-Daymet.nc
	Missing from:  tmin.rcp85.CanESM2.CanRCM4.ann.NAM-22i.mbcn-Daymet.nc

