driving_experiment_name	"historical"	uas.hist.MPI-ESM-MR.CRCM5-UQAM.day.NAM-44i.mbcn-gridMET.nc
driving_experiment_name	"historical"	uas.hist.GEMatm-Can.CRCM5-UQAM.day.NAM-44i.mbcn-gridMET.nc
driving_experiment_name	"historical"	uas.hist.MPI-ESM-LR.CRCM5-UQAM.day.NAM-44i.mbcn-gridMET.nc
driving_experiment_name	"historical"	uas.hist.CanESM2.CRCM5-UQAM.day.NAM-44i.mbcn-gridMET.nc
driving_experiment_name	"historical"	uas.hist.GEMatm-MPI.CRCM5-UQAM.day.NAM-44i.mbcn-gridMET.nc
driving_experiment_name	"HadGEM2-ES"	uas.hist.HadGEM2-ES.RegCM4.day.NAM-44i.mbcn-gridMET.nc
driving_experiment_name	"GFDL-ESM2M"	uas.hist.GFDL-ESM2M.RegCM4.day.NAM-44i.mbcn-gridMET.nc
driving_experiment_name	"MPI-ESM-LR"	uas.hist.MPI-ESM-LR.RegCM4.day.NAM-44i.mbcn-gridMET.nc
driving_experiment_name	"historical"	uas.hist.EC-EARTH.HIRHAM5.day.NAM-44i.mbcn-gridMET.nc
driving_experiment_name	"historical"	uas.hist.EC-EARTH.RCA4.day.NAM-44i.mbcn-gridMET.nc
driving_experiment_name	"historical"	uas.hist.CanESM2.RCA4.day.NAM-44i.mbcn-gridMET.nc
driving_experiment_name	"historical"	uas.hist.CanESM2.CanRCM4.day.NAM-44i.mbcn-gridMET.nc
driving_experiment_name	"historical"	uas.hist.HadGEM2-ES.WRF.day.NAM-44i.mbcn-gridMET.nc
driving_experiment_name	"historical"	uas.hist.GFDL-ESM2M.WRF.day.NAM-44i.mbcn-gridMET.nc
driving_experiment_name	"historical"	uas.hist.MPI-ESM-LR.WRF.day.NAM-44i.mbcn-gridMET.nc
cell_methods	"time: mean"	uas.hist.MPI-ESM-MR.CRCM5-UQAM.day.NAM-44i.mbcn-gridMET.nc
cell_methods	"time: mean"	uas.hist.GEMatm-Can.CRCM5-UQAM.day.NAM-44i.mbcn-gridMET.nc
cell_methods	"time: mean"	uas.hist.MPI-ESM-LR.CRCM5-UQAM.day.NAM-44i.mbcn-gridMET.nc
cell_methods	"time: mean"	uas.hist.CanESM2.CRCM5-UQAM.day.NAM-44i.mbcn-gridMET.nc
cell_methods	"time: mean"	uas.hist.GEMatm-MPI.CRCM5-UQAM.day.NAM-44i.mbcn-gridMET.nc
cell_methods	"time: point m10: mean time: mean"	uas.hist.HadGEM2-ES.RegCM4.day.NAM-44i.mbcn-gridMET.nc
cell_methods	"time: point m10: mean time: mean"	uas.hist.GFDL-ESM2M.RegCM4.day.NAM-44i.mbcn-gridMET.nc
cell_methods	"time: point m10: mean time: mean"	uas.hist.MPI-ESM-LR.RegCM4.day.NAM-44i.mbcn-gridMET.nc
cell_methods	"time: mean"	uas.hist.EC-EARTH.HIRHAM5.day.NAM-44i.mbcn-gridMET.nc
cell_methods	"time: mean"	uas.hist.EC-EARTH.RCA4.day.NAM-44i.mbcn-gridMET.nc
cell_methods	"time: mean"	uas.hist.CanESM2.RCA4.day.NAM-44i.mbcn-gridMET.nc
cell_methods	"time:mean (interval:1200 seconds)"	uas.hist.CanESM2.CanRCM4.day.NAM-44i.mbcn-gridMET.nc
cell_methods	"time: mean"	uas.hist.HadGEM2-ES.WRF.day.NAM-44i.mbcn-gridMET.nc
cell_methods	"time: mean"	uas.hist.GFDL-ESM2M.WRF.day.NAM-44i.mbcn-gridMET.nc
cell_methods	"time: mean"	uas.hist.MPI-ESM-LR.WRF.day.NAM-44i.mbcn-gridMET.nc
