Warning: non-uniform metadata in attribute:  "experiment"
	First found: "historical" in uas.hist.MPI-ESM-MR.CRCM5-UQAM.ymon.NAM-22i.mbcn-gridMET.nc
	Then found: "Historical run driven by HadGEM2-ES" in uas.hist.HadGEM2-ES.RegCM4.ymon.NAM-22i.mbcn-gridMET.nc
	Then found: "Historical run driven by GFDL-ESM2M" in uas.hist.GFDL-ESM2M.RegCM4.ymon.NAM-22i.mbcn-gridMET.nc
	Then found: "Historical run driven by MPI-ESM-LR" in uas.hist.MPI-ESM-LR.RegCM4.ymon.NAM-22i.mbcn-gridMET.nc
	Then found: "Historical run driven by CCCma-CanESM2" in uas.hist.CanESM2.CanRCM4.ymon.NAM-22i.mbcn-gridMET.nc
	Then found: "Historical run driven by HadGEM2-ES" in uas.hist.HadGEM2-ES.WRF.ymon.NAM-22i.mbcn-gridMET.nc
	Then found: "Historical run driven by GFDL-ESM2M" in uas.hist.GFDL-ESM2M.WRF.ymon.NAM-22i.mbcn-gridMET.nc
	Then found: "Historical run driven by MPI-ESM-LR" in uas.hist.MPI-ESM-LR.WRF.ymon.NAM-22i.mbcn-gridMET.nc

Warning: non-uniform metadata in attribute:  "driving_experiment_name"
	First found: "historical" in uas.hist.MPI-ESM-MR.CRCM5-UQAM.ymon.NAM-22i.mbcn-gridMET.nc
	Then found: "HadGEM2-ES" in uas.hist.HadGEM2-ES.RegCM4.ymon.NAM-22i.mbcn-gridMET.nc
	Then found: "GFDL-ESM2M" in uas.hist.GFDL-ESM2M.RegCM4.ymon.NAM-22i.mbcn-gridMET.nc
	Then found: "MPI-ESM-LR" in uas.hist.MPI-ESM-LR.RegCM4.ymon.NAM-22i.mbcn-gridMET.nc

Warning: missing attribute:  "institute_id"
	Missing from:  uas.hist.MPI-ESM-MR.CRCM5-UQAM.ymon.NAM-22i.mbcn-gridMET.nc
	Missing from:  uas.hist.GEMatm-Can.CRCM5-UQAM.ymon.NAM-22i.mbcn-gridMET.nc
	Missing from:  uas.hist.MPI-ESM-LR.CRCM5-UQAM.ymon.NAM-22i.mbcn-gridMET.nc
	Missing from:  uas.hist.CanESM2.CRCM5-UQAM.ymon.NAM-22i.mbcn-gridMET.nc
	Missing from:  uas.hist.GEMatm-MPI.CRCM5-UQAM.ymon.NAM-22i.mbcn-gridMET.nc
	Missing from:  uas.hist.CanESM2.CanRCM4.ymon.NAM-22i.mbcn-gridMET.nc

