{'CORDEX_domain': 'NAM-22',
 'contact': {'CanESM2.CRCM5-UQAM': 'Seth McGinnis, mcginnis@ucar.edu',
             'CanESM2.CanRCM4': 'Seth McGinnis, mcginnis@ucar.edu',
             'GEMatm-Can.CRCM5-UQAM': 'Seth McGinnis, mcginnis@ucar.edu',
             'GEMatm-MPI.CRCM5-UQAM': 'Seth McGinnis, mcginnis@ucar.edu',
             'GFDL-ESM2M.RegCM4': 'Daryl Herzmann, akrherz@iastate.edu',
             'GFDL-ESM2M.WRF': 'Seth McGinnis, mcginnis@ucar.edu',
             'HadGEM2-ES.RegCM4': 'Daryl Herzmann, akrherz@iastate.edu',
             'HadGEM2-ES.WRF': 'Seth McGinnis, mcginnis@ucar.edu',
             'MPI-ESM-LR.CRCM5-UQAM': 'Seth McGinnis, mcginnis@ucar.edu',
             'MPI-ESM-LR.RegCM4': 'Melissa Bukovsky, bukovsky@ucar.edu',
             'MPI-ESM-LR.WRF': 'Seth McGinnis, mcginnis@ucar.edu',
             'MPI-ESM-MR.CRCM5-UQAM': 'Seth McGinnis, mcginnis@ucar.edu'},
 'contact_note': {'GFDL-ESM2M.RegCM4': 'Simulations by Ray Arritt (deceased)', 'HadGEM2-ES.RegCM4': 'Simulations by Ray Arritt (deceased)'},
 'creation_date': {'CanESM2.CRCM5-UQAM': '2019-10-02',
                   'CanESM2.CanRCM4': '2019-10-02',
                   'GEMatm-Can.CRCM5-UQAM': '2019-10-02',
                   'GEMatm-MPI.CRCM5-UQAM': '2019-10-02',
                   'GFDL-ESM2M.RegCM4': '2020-02-20',
                   'GFDL-ESM2M.WRF': '2019-10-02',
                   'HadGEM2-ES.RegCM4': '2020-05-11',
                   'HadGEM2-ES.WRF': '2019-10-02',
                   'MPI-ESM-LR.CRCM5-UQAM': '2020-02-20',
                   'MPI-ESM-LR.RegCM4': '2020-02-20',
                   'MPI-ESM-LR.WRF': '2019-10-02',
                   'MPI-ESM-MR.CRCM5-UQAM': '2019-10-02'},
 'driving_experiment': {'CanESM2.CRCM5-UQAM': 'CCCma-CanESM2, historical, r1i1p1',
                        'CanESM2.CanRCM4': 'CCCma-CanESM2, historical, r1i1p1',
                        'GEMatm-Can.CRCM5-UQAM': 'UQAM-GEMatm-Can-ESMsea, historical, r1i1p1',
                        'GEMatm-MPI.CRCM5-UQAM': 'UQAM-GEMatm-MPI-ESMsea, historical, r1i1p1',
                        'GFDL-ESM2M.RegCM4': 'GFDL-ESM2M,historical,r1i1p1',
                        'GFDL-ESM2M.WRF': 'GFDL-ESM2M,historical,r1i1p1',
                        'HadGEM2-ES.RegCM4': 'HadGEM2-ES,historical,r1i1p1',
                        'HadGEM2-ES.WRF': 'HadGEM2-ES,rcp85,r1i1p1',
                        'MPI-ESM-LR.CRCM5-UQAM': 'MPI-M-MPI-ESM-LR, historical, r1i1p1',
                        'MPI-ESM-LR.RegCM4': 'MPI-ESM-LR,historical,r1i1p1',
                        'MPI-ESM-LR.WRF': 'MPI-ESM-LR,historical,r1i1p1',
                        'MPI-ESM-MR.CRCM5-UQAM': 'MPI-M-MPI-ESM-MR, historical, r1i1p1'},
 'driving_experiment_name': 'historical',
 'driving_model_ensemble_member': {'CanESM2.CRCM5-UQAM': 'r1i1p1',
                                   'CanESM2.CanRCM4': 'r1i1p1',
                                   'GEMatm-Can.CRCM5-UQAM': 'r1i1p1',
                                   'GEMatm-MPI.CRCM5-UQAM': 'r1i1p1',
                                   'GFDL-ESM2M.RegCM4': 'r1i1p1',
                                   'GFDL-ESM2M.WRF': 'r1i1p1',
                                   'HadGEM2-ES.RegCM4': 'r1i1p1',
                                   'HadGEM2-ES.WRF': 'r1i1p1',
                                   'MPI-ESM-LR.CRCM5-UQAM': 'r1i1p1',
                                   'MPI-ESM-LR.RegCM4': 'r1i1p1',
                                   'MPI-ESM-LR.WRF': 'r1i1p1',
                                   'MPI-ESM-MR.CRCM5-UQAM': 'r1i1p1'},
 'driving_model_id': {'CanESM2.CRCM5-UQAM': 'CCCma-CanESM2',
                      'CanESM2.CanRCM4': 'CCCma-CanESM2',
                      'GEMatm-Can.CRCM5-UQAM': 'UQAM-GEMatm-Can-ESMsea',
                      'GEMatm-MPI.CRCM5-UQAM': 'UQAM-GEMatm-MPI-ESMsea',
                      'GFDL-ESM2M.RegCM4': 'GFDL-ESM2M',
                      'GFDL-ESM2M.WRF': 'GFDL-ESM2M',
                      'HadGEM2-ES.RegCM4': 'HadGEM2-ES',
                      'HadGEM2-ES.WRF': 'HadGEM2-ES',
                      'MPI-ESM-LR.CRCM5-UQAM': 'MPI-M-MPI-ESM-LR',
                      'MPI-ESM-LR.RegCM4': 'MPI-ESM-LR',
                      'MPI-ESM-LR.WRF': 'MPI-ESM-LR',
                      'MPI-ESM-MR.CRCM5-UQAM': 'MPI-M-MPI-ESM-MR'},
 'experiment': 'historical',
 'experiment_id': 'historical',
 'frequency': 'ann',
 'id': 'doi:10.5065/D6SJ1JCH',
 'institute_id': {'GFDL-ESM2M.RegCM4': 'ISU',
                  'GFDL-ESM2M.WRF': 'NCAR',
                  'HadGEM2-ES.RegCM4': 'ISU',
                  'HadGEM2-ES.WRF': 'NCAR',
                  'MPI-ESM-LR.RegCM4': 'NCAR',
                  'MPI-ESM-LR.WRF': 'UA'},
 'institution': {'CanESM2.CRCM5-UQAM': 'National Center for Atmospheric Research',
                 'CanESM2.CanRCM4': 'National Center for Atmospheric Research',
                 'GEMatm-Can.CRCM5-UQAM': 'National Center for Atmospheric Research',
                 'GEMatm-MPI.CRCM5-UQAM': 'National Center for Atmospheric Research',
                 'GFDL-ESM2M.RegCM4': 'Iowa State University',
                 'GFDL-ESM2M.WRF': 'National Center for Atmospheric Research',
                 'HadGEM2-ES.RegCM4': 'Iowa State University',
                 'HadGEM2-ES.WRF': 'National Center for Atmospheric Research',
                 'MPI-ESM-LR.CRCM5-UQAM': 'National Center for Atmospheric Research',
                 'MPI-ESM-LR.RegCM4': 'National Center for Atmospheric Research',
                 'MPI-ESM-LR.WRF': 'University of Arizona',
                 'MPI-ESM-MR.CRCM5-UQAM': 'National Center for Atmospheric Research'},
 'model_id': {'CanESM2.CRCM5-UQAM': 'UQAM-CRCM5',
              'CanESM2.CanRCM4': 'CCCma-CanRCM4',
              'GEMatm-Can.CRCM5-UQAM': 'UQAM-CRCM5',
              'GEMatm-MPI.CRCM5-UQAM': 'UQAM-CRCM5',
              'GFDL-ESM2M.RegCM4': 'ISU-RegCM4',
              'GFDL-ESM2M.WRF': 'NCAR-WRF',
              'HadGEM2-ES.RegCM4': 'ISU-RegCM4',
              'HadGEM2-ES.WRF': 'NCAR-WRF',
              'MPI-ESM-LR.CRCM5-UQAM': 'UQAM-CRCM5',
              'MPI-ESM-LR.RegCM4': 'NCAR-RegCM4',
              'MPI-ESM-LR.WRF': 'UA-WRF',
              'MPI-ESM-MR.CRCM5-UQAM': 'UQAM-CRCM5'},
 'product': 'bias-adjusted-output',
 'project_id': 'CORDEX-Adjust',
 'rcm_version_id': {'CanESM2.CRCM5-UQAM': 'v1',
                    'CanESM2.CanRCM4': 'r2',
                    'GEMatm-Can.CRCM5-UQAM': 'v1',
                    'GEMatm-MPI.CRCM5-UQAM': 'v1',
                    'GFDL-ESM2M.RegCM4': 'v4.4-rc8',
                    'GFDL-ESM2M.WRF': 'v3.5.1',
                    'HadGEM2-ES.RegCM4': 'v4.4-rc8',
                    'HadGEM2-ES.WRF': 'v3.5.1',
                    'MPI-ESM-LR.CRCM5-UQAM': 'v1',
                    'MPI-ESM-LR.RegCM4': 'v4.4-rc8',
                    'MPI-ESM-LR.WRF': 'v3.5.1',
                    'MPI-ESM-MR.CRCM5-UQAM': 'v1'},
 'references': {'CanESM2.CRCM5-UQAM': 'http://www.mrcc.uqam.ca',
                'CanESM2.CanRCM4': 'http://www.cccma.ec.gc.ca/models',
                'GEMatm-Can.CRCM5-UQAM': 'http://www.mrcc.uqam.ca',
                'GEMatm-MPI.CRCM5-UQAM': 'http://www.mrcc.uqam.ca',
                'GFDL-ESM2M.RegCM4': 'Elguindi, et al. Regional climate model RegCM user manual version 4.4. The Abdus Salam International Centre '
                                     'for Theoretical Physics, Strada Costiera, Trieste, Italy. (2013).',
                'GFDL-ESM2M.WRF': "Skamarock, et al., 2005. 'A description of the Advanced Research WRF version 2.' NCAR Tech. Note NCAR/TN-468+STR",
                'HadGEM2-ES.RegCM4': 'Elguindi, et al. Regional climate model RegCM user manual version 4.4. The Abdus Salam International Centre '
                                     'for Theoretical Physics, Strada Costiera, Trieste, Italy. (2013).',
                'HadGEM2-ES.WRF': "Skamarock, et al., 2005. 'A description of the Advanced Research WRF version 2.' NCAR Tech. Note NCAR/TN-468+STR",
                'MPI-ESM-LR.CRCM5-UQAM': 'http://www.mrcc.uqam.ca',
                'MPI-ESM-LR.RegCM4': 'Elguindi, et al. Regional climate model RegCM user manual version 4.4. The Abdus Salam International Centre '
                                     'for Theoretical Physics, Strada Costiera, Trieste, Italy. (2013).',
                'MPI-ESM-LR.WRF': "Skamarock, et al., 2005. 'A description of the Advanced Research WRF version 2.' NCAR Tech. Note NCAR/TN-468+STR",
                'MPI-ESM-MR.CRCM5-UQAM': 'http://www.mrcc.uqam.ca'},
 'title': {'CanESM2.CRCM5-UQAM': 'NA-CORDEX MBCn NAM-22i CRCM5-UQAM CanESM2 Hist Daily Mean 10m Eastward Wind Velocity',
           'CanESM2.CanRCM4': 'NA-CORDEX MBCn NAM-22i CanRCM4 CanESM2 Hist Daily Mean 10m Eastward Wind Velocity',
           'GEMatm-Can.CRCM5-UQAM': 'NA-CORDEX MBCn NAM-22i CRCM5-UQAM GEMatm-Can Hist Daily Mean 10m Eastward Wind Velocity',
           'GEMatm-MPI.CRCM5-UQAM': 'NA-CORDEX MBCn NAM-22i CRCM5-UQAM GEMatm-MPI Hist Daily Mean 10m Eastward Wind Velocity',
           'GFDL-ESM2M.RegCM4': 'NA-CORDEX MBCn NAM-22i RegCM4 GFDL-ESM2M Hist Daily Mean 10m Eastward Wind Velocity',
           'GFDL-ESM2M.WRF': 'NA-CORDEX MBCn NAM-22i WRF GFDL-ESM2M Hist Daily Mean 10m Eastward Wind Velocity',
           'HadGEM2-ES.RegCM4': 'NA-CORDEX MBCn NAM-22i RegCM4 HadGEM2-ES Hist Daily Mean 10m Eastward Wind Velocity',
           'HadGEM2-ES.WRF': 'NA-CORDEX MBCn NAM-22i WRF HadGEM2-ES Hist Daily Mean 10m Eastward Wind Velocity',
           'MPI-ESM-LR.CRCM5-UQAM': 'NA-CORDEX MBCn NAM-22i CRCM5-UQAM MPI-ESM-LR Hist Daily Mean 10m Eastward Wind Velocity',
           'MPI-ESM-LR.RegCM4': 'NA-CORDEX MBCn NAM-22i RegCM4 MPI-ESM-LR Hist Daily Mean 10m Eastward Wind Velocity',
           'MPI-ESM-LR.WRF': 'NA-CORDEX MBCn NAM-22i WRF MPI-ESM-LR Hist Daily Mean 10m Eastward Wind Velocity',
           'MPI-ESM-MR.CRCM5-UQAM': 'NA-CORDEX MBCn NAM-22i CRCM5-UQAM MPI-ESM-MR Hist Daily Mean 10m Eastward Wind Velocity'},
 'tracking_id': {'CanESM2.CRCM5-UQAM': 'e8ed5070-61b5-4b70-9467-1a75fe777eec',
                 'CanESM2.CanRCM4': '4c43cece-3138-4e74-a5d8-119cf90fccdf',
                 'GEMatm-Can.CRCM5-UQAM': '2d7e0b07-913a-45d0-9451-7a538a919a14',
                 'GEMatm-MPI.CRCM5-UQAM': '3a9eac09-0dde-4801-959b-1edf9e91c967',
                 'GFDL-ESM2M.RegCM4': 'a525ad0a-ae9d-4924-9e81-9fdd6bf750ec',
                 'GFDL-ESM2M.WRF': 'e6df9b54-f638-4489-afb7-5361d4da9949',
                 'HadGEM2-ES.RegCM4': '080d3b1e-ba8f-4f43-9311-d4ac6c192989',
                 'HadGEM2-ES.WRF': 'dea08852-b520-4f77-8a71-11bbd5cc54a6',
                 'MPI-ESM-LR.CRCM5-UQAM': 'fb80d17a-ad5f-4c78-854c-0ecfb4e554ac',
                 'MPI-ESM-LR.RegCM4': '2be6c343-c55f-4721-8e02-2441ff67b376',
                 'MPI-ESM-LR.WRF': 'b9362eaa-6bce-4e3d-8382-ca4bc8585fbb',
                 'MPI-ESM-MR.CRCM5-UQAM': 'c3d5e8db-c104-4a8d-91e8-d3d31f1ec103'},
 'version': {'CanESM2.CRCM5-UQAM': '1.0',
             'CanESM2.CanRCM4': '1.2',
             'GEMatm-Can.CRCM5-UQAM': '1.0',
             'GEMatm-MPI.CRCM5-UQAM': '1.0',
             'GFDL-ESM2M.RegCM4': '2.0',
             'GFDL-ESM2M.WRF': '1.2',
             'HadGEM2-ES.RegCM4': '2.0',
             'HadGEM2-ES.WRF': '1.2',
             'MPI-ESM-LR.CRCM5-UQAM': '1.0',
             'MPI-ESM-LR.RegCM4': '1.3',
             'MPI-ESM-LR.WRF': '2.2',
             'MPI-ESM-MR.CRCM5-UQAM': '3.0'}}
