{'CORDEX_domain': 'NAM-44',
 'contact': {'CanESM2.CRCM5-UQAM': 'Winger.Katja@uqam.ca',
             'CanESM2.CanRCM4': 'cccma_info@ec.gc.ca',
             'CanESM2.RCA4': 'rossby.cordex@smhi.se',
             'EC-EARTH.HIRHAM5': 'obc@dmi.dk',
             'EC-EARTH.RCA4': 'rossby.cordex@smhi.se',
             'GEMatm-Can.CRCM5-UQAM': 'Winger.Katja@uqam.ca',
             'GEMatm-MPI.CRCM5-UQAM': 'Winger.Katja@uqam.ca',
             'GFDL-ESM2M.RegCM4': 'Daryl Herzmann, akrherz@iastate.edu',
             'GFDL-ESM2M.WRF': 'Melissa Bukovsky, bukovsky@ucar.edu',
             'HadGEM2-ES.RegCM4': 'Daryl Herzmann, akrherz@iastate.edu',
             'HadGEM2-ES.WRF': 'Melissa Bukovsky, bukovsky@ucar.edu',
             'MPI-ESM-LR.CRCM5-UQAM': 'Winger.Katja@uqam.ca',
             'MPI-ESM-LR.RegCM4': 'Melissa Bukovsky, bukovsky@ucar.edu',
             'MPI-ESM-LR.WRF': 'Melissa Bukovsky, bukovsky@ucar.edu',
             'MPI-ESM-MR.CRCM5-UQAM': 'Winger.Katja@uqam.ca'},
 'contact_note': {'GFDL-ESM2M.RegCM4': 'Simulations by Ray Arritt (deceased)',
                  'HadGEM2-ES.RegCM4': 'Simulations by Ray Arritt (deceased)',
                  'MPI-ESM-LR.WRF': 'Simulations by Hsin-I Chang, hchang@atmo.arizona.edu'},
 'creation_date': {'CanESM2.CRCM5-UQAM': '2016-06-23T04:37:48Z',
                   'CanESM2.CanRCM4': '2015-01-05-T18:00:59Z',
                   'CanESM2.RCA4': '2014-02-08-T13:23:08Z',
                   'EC-EARTH.HIRHAM5': '2012-11-25 22:45:48',
                   'EC-EARTH.RCA4': '2014-02-08-T13:12:35Z',
                   'GEMatm-Can.CRCM5-UQAM': '2018-01-16T23:43:57Z',
                   'GEMatm-MPI.CRCM5-UQAM': '2018-01-16T22:03:52Z',
                   'GFDL-ESM2M.RegCM4': '2014-04-08T11:34:49Z',
                   'GFDL-ESM2M.WRF': '2016-11-17T16:48:10Z',
                   'HadGEM2-ES.RegCM4': '2016-07-17T11:56:45Z',
                   'HadGEM2-ES.WRF': '2017-02-22T02:27:00Z',
                   'MPI-ESM-LR.CRCM5-UQAM': '2018-01-16T23:19:13Z',
                   'MPI-ESM-LR.RegCM4': '2017-10-10T00:00:00Z',
                   'MPI-ESM-LR.WRF': '2017-10-10T00:00:00Z',
                   'MPI-ESM-MR.CRCM5-UQAM': '2018-01-12T00:42:03Z'},
 'driving_experiment': {'CanESM2.CRCM5-UQAM': 'CCCma-CanESM2, rcp85, r1i1p1',
                        'CanESM2.CanRCM4': 'CCCma-CanESM2, rcp85, r1i1p1',
                        'CanESM2.RCA4': 'CCCma-CanESM2, rcp85, r1i1p1',
                        'EC-EARTH.HIRHAM5': 'ICHEC-EC-EARTH,rcp85,r3i1p1',
                        'EC-EARTH.RCA4': 'ICHEC-EC-EARTH, rcp85, r12i1p1',
                        'GEMatm-Can.CRCM5-UQAM': 'UQAM-GEMatm-Can-ESMsea, rcp85, r1i1p1',
                        'GEMatm-MPI.CRCM5-UQAM': 'UQAM-GEMatm-MPI-ESMsea, rcp85, r1i1p1',
                        'GFDL-ESM2M.RegCM4': 'GFDL-ESM2M,rcp85,r1i1p1',
                        'GFDL-ESM2M.WRF': 'GFDL-ESM2M,rcp85,r1i1p1',
                        'HadGEM2-ES.RegCM4': 'HadGEM2-ES,rcp85,r1i1p1',
                        'HadGEM2-ES.WRF': 'HadGEM2-ES,rcp85,r1i1p1',
                        'MPI-ESM-LR.CRCM5-UQAM': 'MPI-M-MPI-ESM-LR, rcp85, r1i1p1',
                        'MPI-ESM-LR.RegCM4': 'MPI-ESM-LR,rcp85,r1i1p1',
                        'MPI-ESM-LR.WRF': 'MPI-ESM-LR,rcp85,r1i1p1',
                        'MPI-ESM-MR.CRCM5-UQAM': 'MPI-M-MPI-ESM-MR, rcp85, r1i1p1'},
 'driving_experiment_name': 'rcp85',
 'driving_model_ensemble_member': {'CanESM2.CRCM5-UQAM': 'r1i1p1',
                                   'CanESM2.CanRCM4': 'r1i1p1',
                                   'CanESM2.RCA4': 'r1i1p1',
                                   'EC-EARTH.HIRHAM5': 'r3i1p1',
                                   'EC-EARTH.RCA4': 'r12i1p1',
                                   'GEMatm-Can.CRCM5-UQAM': 'r1i1p1',
                                   'GEMatm-MPI.CRCM5-UQAM': 'r1i1p1',
                                   'GFDL-ESM2M.RegCM4': 'r1i1p1',
                                   'GFDL-ESM2M.WRF': 'r1i1p1',
                                   'HadGEM2-ES.RegCM4': 'r1i1p1',
                                   'HadGEM2-ES.WRF': 'r1i1p1',
                                   'MPI-ESM-LR.CRCM5-UQAM': 'r1i1p1',
                                   'MPI-ESM-LR.RegCM4': 'r1i1p1',
                                   'MPI-ESM-LR.WRF': 'r1i1p1',
                                   'MPI-ESM-MR.CRCM5-UQAM': 'r1i1p1'},
 'driving_model_id': {'CanESM2.CRCM5-UQAM': 'CCCma-CanESM2',
                      'CanESM2.CanRCM4': 'CCCma-CanESM2',
                      'CanESM2.RCA4': 'CCCma-CanESM2',
                      'EC-EARTH.HIRHAM5': 'ICHEC-EC-EARTH',
                      'EC-EARTH.RCA4': 'ICHEC-EC-EARTH',
                      'GEMatm-Can.CRCM5-UQAM': 'UQAM-GEMatm-Can-ESMsea',
                      'GEMatm-MPI.CRCM5-UQAM': 'UQAM-GEMatm-MPI-ESMsea',
                      'GFDL-ESM2M.RegCM4': 'GFDL-ESM2M',
                      'GFDL-ESM2M.WRF': 'GFDL-ESM2M',
                      'HadGEM2-ES.RegCM4': 'HadGEM2-ES',
                      'HadGEM2-ES.WRF': 'HadGEM2-ES',
                      'MPI-ESM-LR.CRCM5-UQAM': 'MPI-M-MPI-ESM-LR',
                      'MPI-ESM-LR.RegCM4': 'MPI-ESM-LR',
                      'MPI-ESM-LR.WRF': 'MPI-ESM-LR',
                      'MPI-ESM-MR.CRCM5-UQAM': 'MPI-M-MPI-ESM-MR'},
 'experiment': 'rcp85',
 'experiment_id': 'rcp85',
 'frequency': 'yseas',
 'id': 'doi:10.5065/D6SJ1JCH',
 'institute_id': {'CanESM2.CRCM5-UQAM': 'UQAM',
                  'CanESM2.CanRCM4': 'CCCma',
                  'CanESM2.RCA4': 'SMHI',
                  'EC-EARTH.HIRHAM5': 'DMI',
                  'EC-EARTH.RCA4': 'SMHI',
                  'GEMatm-Can.CRCM5-UQAM': 'UQAM',
                  'GEMatm-MPI.CRCM5-UQAM': 'UQAM',
                  'GFDL-ESM2M.RegCM4': 'ISU',
                  'GFDL-ESM2M.WRF': 'NCAR',
                  'HadGEM2-ES.RegCM4': 'ISU',
                  'HadGEM2-ES.WRF': 'NCAR',
                  'MPI-ESM-LR.CRCM5-UQAM': 'UQAM',
                  'MPI-ESM-LR.RegCM4': 'NCAR',
                  'MPI-ESM-LR.WRF': 'UA',
                  'MPI-ESM-MR.CRCM5-UQAM': 'UQAM'},
 'institution': {'CanESM2.CRCM5-UQAM': 'Universite du Quebec a Montreal',
                 'CanESM2.CanRCM4': 'CCCma (Canadian Centre for Climate Modelling and Analysis, Victoria, BC, Canada)',
                 'CanESM2.RCA4': 'Swedish Meteorological and Hydrological Institute, Rossby Centre',
                 'EC-EARTH.HIRHAM5': 'Danish Meteorological Institute',
                 'EC-EARTH.RCA4': 'Swedish Meteorological and Hydrological Institute, Rossby Centre',
                 'GEMatm-Can.CRCM5-UQAM': 'Universite du Quebec a Montreal',
                 'GEMatm-MPI.CRCM5-UQAM': 'Universite du Quebec a Montreal',
                 'GFDL-ESM2M.RegCM4': 'Iowa State University',
                 'GFDL-ESM2M.WRF': 'National Center for Atmospheric Research',
                 'HadGEM2-ES.RegCM4': 'Iowa State University',
                 'HadGEM2-ES.WRF': 'National Center for Atmospheric Research',
                 'MPI-ESM-LR.CRCM5-UQAM': 'Universite du Quebec a Montreal',
                 'MPI-ESM-LR.RegCM4': 'National Center for Atmospheric Research',
                 'MPI-ESM-LR.WRF': 'University of Arizona',
                 'MPI-ESM-MR.CRCM5-UQAM': 'Universite du Quebec a Montreal'},
 'model_id': {'CanESM2.CRCM5-UQAM': 'UQAM-CRCM5',
              'CanESM2.CanRCM4': 'CCCma-CanRCM4',
              'CanESM2.RCA4': 'SMHI-RCA4',
              'EC-EARTH.HIRHAM5': 'DMI-HIRHAM5',
              'EC-EARTH.RCA4': 'SMHI-RCA4',
              'GEMatm-Can.CRCM5-UQAM': 'UQAM-CRCM5',
              'GEMatm-MPI.CRCM5-UQAM': 'UQAM-CRCM5',
              'GFDL-ESM2M.RegCM4': 'ISU-RegCM4',
              'GFDL-ESM2M.WRF': 'NCAR-WRF',
              'HadGEM2-ES.RegCM4': 'ISU-RegCM4',
              'HadGEM2-ES.WRF': 'NCAR-WRF',
              'MPI-ESM-LR.CRCM5-UQAM': 'UQAM-CRCM5',
              'MPI-ESM-LR.RegCM4': 'NCAR-RegCM4',
              'MPI-ESM-LR.WRF': 'UA-WRF',
              'MPI-ESM-MR.CRCM5-UQAM': 'UQAM-CRCM5'},
 'product': 'output',
 'project_id': 'CORDEX',
 'rcm_version_id': {'CanESM2.CRCM5-UQAM': 'v1',
                    'CanESM2.CanRCM4': 'r2',
                    'CanESM2.RCA4': 'v1',
                    'EC-EARTH.HIRHAM5': 'v1',
                    'EC-EARTH.RCA4': 'v1',
                    'GEMatm-Can.CRCM5-UQAM': 'v1',
                    'GEMatm-MPI.CRCM5-UQAM': 'v1',
                    'GFDL-ESM2M.RegCM4': 'v4.4-rc8',
                    'GFDL-ESM2M.WRF': 'v3.5.1',
                    'HadGEM2-ES.RegCM4': 'v4.4-rc8',
                    'HadGEM2-ES.WRF': 'v3.5.1',
                    'MPI-ESM-LR.CRCM5-UQAM': 'v1',
                    'MPI-ESM-LR.RegCM4': 'v4.4-rc8',
                    'MPI-ESM-LR.WRF': 'v3.5.1',
                    'MPI-ESM-MR.CRCM5-UQAM': 'v1'},
 'references': {'CanESM2.CRCM5-UQAM': 'http://www.mrcc.uqam.ca',
                'CanESM2.CanRCM4': 'http://www.cccma.ec.gc.ca/models',
                'CanESM2.RCA4': 'http://www.smhi.se/en/Research/Research-departments/climate-research-rossby-centre',
                'EC-EARTH.RCA4': 'http://www.smhi.se/en/Research/Research-departments/climate-research-rossby-centre',
                'GEMatm-Can.CRCM5-UQAM': 'http://www.mrcc.uqam.ca',
                'GEMatm-MPI.CRCM5-UQAM': 'http://www.mrcc.uqam.ca',
                'GFDL-ESM2M.RegCM4': 'Elguindi, et al. Regional climate model RegCM user manual version 4.4. The Abdus Salam International Centre '
                                     'for Theoretical Physics, Strada Costiera, Trieste, Italy. (2013).',
                'GFDL-ESM2M.WRF': "Skamarock, et al., 2005. 'A description of the Advanced Research WRF version 2.' NCAR Tech. Note NCAR/TN-468+STR",
                'HadGEM2-ES.RegCM4': 'Elguindi, et al. Regional climate model RegCM user manual version 4.4. The Abdus Salam International Centre '
                                     'for Theoretical Physics, Strada Costiera, Trieste, Italy. (2013).',
                'HadGEM2-ES.WRF': "Skamarock, et al., 2005. 'A description of the Advanced Research WRF version 2.' NCAR Tech. Note NCAR/TN-468+STR",
                'MPI-ESM-LR.CRCM5-UQAM': 'http://www.mrcc.uqam.ca',
                'MPI-ESM-LR.RegCM4': 'Elguindi, et al. Regional climate model RegCM user manual version 4.4. The Abdus Salam International Centre '
                                     'for Theoretical Physics, Strada Costiera, Trieste, Italy. (2013).',
                'MPI-ESM-LR.WRF': "Skamarock, et al., 2005. 'A description of the Advanced Research WRF version 2.' NCAR Tech. Note NCAR/TN-468+STR",
                'MPI-ESM-MR.CRCM5-UQAM': 'http://www.mrcc.uqam.ca'},
 'title': {'CanESM2.CRCM5-UQAM': 'NA-CORDEX Raw NAM-44i CRCM5-UQAM CanESM2 RCP8.5 Seasonal Climatology of 10m Eastward Wind Velocity',
           'CanESM2.CanRCM4': 'NA-CORDEX Raw NAM-44i CanRCM4 CanESM2 RCP8.5 Seasonal Climatology of 10m Eastward Wind Velocity',
           'CanESM2.RCA4': 'NA-CORDEX Raw NAM-44i RCA4 CanESM2 RCP8.5 Seasonal Climatology of 10m Eastward Wind Velocity',
           'EC-EARTH.HIRHAM5': 'NA-CORDEX Raw NAM-44i HIRHAM5 EC-EARTH RCP8.5 Seasonal Climatology of 10m Eastward Wind Velocity',
           'EC-EARTH.RCA4': 'NA-CORDEX Raw NAM-44i RCA4 EC-EARTH RCP8.5 Seasonal Climatology of 10m Eastward Wind Velocity',
           'GEMatm-Can.CRCM5-UQAM': 'NA-CORDEX Raw NAM-44i CRCM5-UQAM GEMatm-Can RCP8.5 Seasonal Climatology of 10m Eastward Wind Velocity',
           'GEMatm-MPI.CRCM5-UQAM': 'NA-CORDEX Raw NAM-44i CRCM5-UQAM GEMatm-MPI RCP8.5 Seasonal Climatology of 10m Eastward Wind Velocity',
           'GFDL-ESM2M.RegCM4': 'NA-CORDEX Raw NAM-44i RegCM4 GFDL-ESM2M RCP8.5 Seasonal Climatology of 10m Eastward Wind Velocity',
           'GFDL-ESM2M.WRF': 'NA-CORDEX Raw NAM-44i WRF GFDL-ESM2M RCP8.5 Seasonal Climatology of 10m Eastward Wind Velocity',
           'HadGEM2-ES.RegCM4': 'NA-CORDEX Raw NAM-44i RegCM4 HadGEM2-ES RCP8.5 Seasonal Climatology of 10m Eastward Wind Velocity',
           'HadGEM2-ES.WRF': 'NA-CORDEX Raw NAM-44i WRF HadGEM2-ES RCP8.5 Seasonal Climatology of 10m Eastward Wind Velocity',
           'MPI-ESM-LR.CRCM5-UQAM': 'NA-CORDEX Raw NAM-44i CRCM5-UQAM MPI-ESM-LR RCP8.5 Seasonal Climatology of 10m Eastward Wind Velocity',
           'MPI-ESM-LR.RegCM4': 'NA-CORDEX Raw NAM-44i RegCM4 MPI-ESM-LR RCP8.5 Seasonal Climatology of 10m Eastward Wind Velocity',
           'MPI-ESM-LR.WRF': 'NA-CORDEX Raw NAM-44i WRF MPI-ESM-LR RCP8.5 Seasonal Climatology of 10m Eastward Wind Velocity',
           'MPI-ESM-MR.CRCM5-UQAM': 'NA-CORDEX Raw NAM-44i CRCM5-UQAM MPI-ESM-MR RCP8.5 Seasonal Climatology of 10m Eastward Wind Velocity'},
 'tracking_id': {'CanESM2.CRCM5-UQAM': '11981c02-ddb7-4bc5-ba28-a4918fe1f44a',
                 'CanESM2.CanRCM4': '78b2904a-4886-4d28-bfe4-53901d8e7f51',
                 'CanESM2.RCA4': '9b1b35e8-71a7-4eb3-8e74-42862e6f3e39',
                 'EC-EARTH.HIRHAM5': '2d4559b1-3f31-464c-ae9b-6e9c36a4aabb',
                 'EC-EARTH.RCA4': '2e77d6d4-7d3b-4049-b0c0-5c2c269927ed',
                 'GEMatm-Can.CRCM5-UQAM': 'd0c294d0-2100-4d6a-869c-a5db95850965',
                 'GEMatm-MPI.CRCM5-UQAM': '1a164ca2-f8f1-43eb-a338-125c20cbe8ea',
                 'GFDL-ESM2M.RegCM4': '0c5113b0-e65d-4a01-a634-8b3f2a42b05b',
                 'GFDL-ESM2M.WRF': 'f891d899-0ec7-4b79-a59f-5eea72cd70f9',
                 'HadGEM2-ES.RegCM4': '949587ac-d9a1-4fac-90fe-5a794d02cb54',
                 'HadGEM2-ES.WRF': '19ed257f-e13e-4297-839a-6a07756fe4b4',
                 'MPI-ESM-LR.CRCM5-UQAM': 'aaa35ef3-9162-4fcd-8c72-6ad0ba8897f7',
                 'MPI-ESM-LR.RegCM4': '53ee2f81-0950-41a4-9c9c-2bfa0f756142',
                 'MPI-ESM-LR.WRF': '3b6c730e-9f18-492e-8c72-88935c8702e4',
                 'MPI-ESM-MR.CRCM5-UQAM': '9846d1ed-3cf8-4289-be3b-98b60e70975b'},
 'version': {'CanESM2.CRCM5-UQAM': '1.1',
             'CanESM2.CanRCM4': '1.2',
             'CanESM2.RCA4': '1.0',
             'EC-EARTH.HIRHAM5': '1.0',
             'EC-EARTH.RCA4': '1.0',
             'GEMatm-Can.CRCM5-UQAM': '1.1',
             'GEMatm-MPI.CRCM5-UQAM': '1.1',
             'GFDL-ESM2M.RegCM4': '1.3',
             'GFDL-ESM2M.WRF': '1.2',
             'HadGEM2-ES.RegCM4': '1.3',
             'HadGEM2-ES.WRF': '1.2',
             'MPI-ESM-LR.CRCM5-UQAM': '1.1',
             'MPI-ESM-LR.RegCM4': '1.3',
             'MPI-ESM-LR.WRF': '2.2',
             'MPI-ESM-MR.CRCM5-UQAM': '3.1'}}
