{'CORDEX_domain': 'NAM-22',
 'contact': {'CanESM2.CanRCM4': 'cccma_info@ec.gc.ca'},
 'creation_date': {'CanESM2.CanRCM4': '2015-02-06-T22:25:36Z'},
 'driving_experiment': {'CanESM2.CanRCM4': 'CCCma-CanESM2, rcp45, r1i1p1'},
 'driving_experiment_name': 'rcp45',
 'driving_model_ensemble_member': {'CanESM2.CanRCM4': 'r1i1p1'},
 'driving_model_id': {'CanESM2.CanRCM4': 'CCCma-CanESM2'},
 'experiment_id': 'rcp45',
 'frequency': 'day',
 'id': 'doi:10.5065/D6SJ1JCH',
 'institute_id': {'CanESM2.CanRCM4': 'CCCma'},
 'institution': {'CanESM2.CanRCM4': 'CCCma (Canadian Centre for Climate Modelling and Analysis, Victoria, BC, Canada)'},
 'model_id': {'CanESM2.CanRCM4': 'CCCma-CanRCM4'},
 'product': 'output',
 'project_id': 'CORDEX',
 'rcm_version_id': {'CanESM2.CanRCM4': 'r2'},
 'references': {'CanESM2.CanRCM4': 'http://www.cccma.ec.gc.ca/models'},
 'title': {'CanESM2.CanRCM4': 'NA-CORDEX Raw NAM-22i CanRCM4 CanESM2 RCP4.5 Daily Mean 10m Northward Wind Velocity'},
 'tracking_id': {'CanESM2.CanRCM4': '74a4c722-2cfb-40ca-b4b8-e69c2e0c8214'},
 'version': {'CanESM2.CanRCM4': '1.2'}}
