Warning: non-uniform metadata in attribute:  "experiment"
	First found: "historical" in vas.hist.MPI-ESM-MR.CRCM5-UQAM.ymon.NAM-44i.mbcn-gridMET.nc
	Then found: "Historical run driven by HadGEM2-ES" in vas.hist.HadGEM2-ES.RegCM4.ymon.NAM-44i.mbcn-gridMET.nc
	Then found: "Historical run driven by GFDL-ESM2M" in vas.hist.GFDL-ESM2M.RegCM4.ymon.NAM-44i.mbcn-gridMET.nc
	Then found: "Historical run driven by MPI-ESM-LR" in vas.hist.MPI-ESM-LR.RegCM4.ymon.NAM-44i.mbcn-gridMET.nc
	Then found: "Historical run using ECEARTH as driving model" in vas.hist.EC-EARTH.HIRHAM5.ymon.NAM-44i.mbcn-gridMET.nc
	Then found: "Historical run driven by CCCma-CanESM2" in vas.hist.CanESM2.CanRCM4.ymon.NAM-44i.mbcn-gridMET.nc
	Then found: "Historical run driven by HadGEM2-ES" in vas.hist.HadGEM2-ES.WRF.ymon.NAM-44i.mbcn-gridMET.nc
	Then found: "Historical run driven by GFDL-ESM2M" in vas.hist.GFDL-ESM2M.WRF.ymon.NAM-44i.mbcn-gridMET.nc
	Then found: "Historical run driven by MPI-ESM-LR" in vas.hist.MPI-ESM-LR.WRF.ymon.NAM-44i.mbcn-gridMET.nc

Warning: non-uniform metadata in attribute:  "driving_experiment_name"
	First found: "historical" in vas.hist.MPI-ESM-MR.CRCM5-UQAM.ymon.NAM-44i.mbcn-gridMET.nc
	Then found: "HadGEM2-ES" in vas.hist.HadGEM2-ES.RegCM4.ymon.NAM-44i.mbcn-gridMET.nc
	Then found: "GFDL-ESM2M" in vas.hist.GFDL-ESM2M.RegCM4.ymon.NAM-44i.mbcn-gridMET.nc
	Then found: "MPI-ESM-LR" in vas.hist.MPI-ESM-LR.RegCM4.ymon.NAM-44i.mbcn-gridMET.nc

Warning: missing attribute:  "references"
	Missing from:  vas.hist.EC-EARTH.HIRHAM5.ymon.NAM-44i.mbcn-gridMET.nc

Warning: missing attribute:  "institute_id"
	Missing from:  vas.hist.MPI-ESM-MR.CRCM5-UQAM.ymon.NAM-44i.mbcn-gridMET.nc
	Missing from:  vas.hist.GEMatm-Can.CRCM5-UQAM.ymon.NAM-44i.mbcn-gridMET.nc
	Missing from:  vas.hist.MPI-ESM-LR.CRCM5-UQAM.ymon.NAM-44i.mbcn-gridMET.nc
	Missing from:  vas.hist.CanESM2.CRCM5-UQAM.ymon.NAM-44i.mbcn-gridMET.nc
	Missing from:  vas.hist.GEMatm-MPI.CRCM5-UQAM.ymon.NAM-44i.mbcn-gridMET.nc
	Missing from:  vas.hist.EC-EARTH.HIRHAM5.ymon.NAM-44i.mbcn-gridMET.nc
	Missing from:  vas.hist.EC-EARTH.RCA4.ymon.NAM-44i.mbcn-gridMET.nc
	Missing from:  vas.hist.CanESM2.RCA4.ymon.NAM-44i.mbcn-gridMET.nc
	Missing from:  vas.hist.CanESM2.CanRCM4.ymon.NAM-44i.mbcn-gridMET.nc

